#-------------------------------------------------
#DMC run: timestep 0.045
#-------------------------------------------------


init { 
   label dmc
}
block { 
   label dmc
   totweight 45056
   nautocorr 0
   total_energy { -15.90381237322732   } 
   total_energyvar { 0.3886265207379695   } 
   weight { 1.007177075271305   } 
   weightvar { 0.02024199405712953   } 
   kinetic_energy { 15.00413453364277   } 
   kinetic_energyvar { 204.2846832041005   } 
   potential_energy { -30.90648954453879   } 
   potential_energyvar { 372.7723343031028   } 
   nonlocal_energy { -0.001457362331299731   } 
   nonlocal_energyvar { 125.9768671118764   } 
   autocorr_energy { } 
} 

block { 
   label dmc
   totweight 45056
   nautocorr 0
   total_energy { -15.90691174962042   } 
   total_energyvar { 0.3754887415635101   } 
   weight { 1.007868691714018   } 
   weightvar { 0.06075281615477417   } 
   kinetic_energy { 15.44449254647713   } 
   kinetic_energyvar { 208.7628235620791   } 
   potential_energy { -31.18492238602283   } 
   potential_energyvar { 345.6489311052658   } 
   nonlocal_energy { -0.1664819100747199   } 
   nonlocal_energyvar { 101.2790729809343   } 
   autocorr_energy { } 
} 

block { 
   label dmc
   totweight 45056
   nautocorr 0
   total_energy { -15.91179294245627   } 
   total_energyvar { 0.360646450050609   } 
   weight { 1.001861468813677   } 
   weightvar { 0.08406072779683699   } 
   kinetic_energy { 15.54102120493001   } 
   kinetic_energyvar { 210.2120304814498   } 
   potential_energy { -31.24096578429788   } 
   potential_energyvar { 335.0539808481947   } 
   nonlocal_energy { -0.2118483630884029   } 
   nonlocal_energyvar { 95.61731629967196   } 
   autocorr_energy { } 
} 

block { 
   label dmc
   totweight 45056
   nautocorr 0
   total_energy { -15.90341076523085   } 
   total_energyvar { 0.330513977118297   } 
   weight { 0.999130234645966   } 
   weightvar { 0.09260395748808962   } 
   kinetic_energy { 15.38853641487557   } 
   kinetic_energyvar { 204.8866734799603   } 
   potential_energy { -30.97432489148293   } 
   potential_energyvar { 309.0822261877211   } 
   nonlocal_energy { -0.3176222886234859   } 
   nonlocal_energyvar { 81.62720444205439   } 
   autocorr_energy { } 
} 

block { 
   label dmc
   totweight 45056
   nautocorr 0
   total_energy { -15.91476358941515   } 
   total_energyvar { 0.5152932712352269   } 
   weight { 0.9968279027416727   } 
   weightvar { 0.09809731598697524   } 
   kinetic_energy { 15.38804978685469   } 
   kinetic_energyvar { 204.9782989250322   } 
   potential_energy { -31.10233806201073   } 
   potential_energyvar { 456.4487121389514   } 
   nonlocal_energy { -0.2004753142591023   } 
   nonlocal_energyvar { 214.8446304389917   } 
   autocorr_energy { } 
} 

block { 
   label dmc
   totweight 45056
   nautocorr 0
   total_energy { -15.90980597603318   } 
   total_energyvar { 0.3725336630978392   } 
   weight { 0.9988666521490571   } 
   weightvar { 0.1028604033549824   } 
   kinetic_energy { 15.07852610181394   } 
   kinetic_energyvar { 201.700441356217   } 
   potential_energy { -30.81002099955968   } 
   potential_energyvar { 328.0639666210546   } 
   nonlocal_energy { -0.1783110782874389   } 
   nonlocal_energyvar { 95.90887797982629   } 
   autocorr_energy { } 
} 

block { 
   label dmc
   totweight 45056
   nautocorr 0
   total_energy { -15.90216387636627   } 
   total_energyvar { 0.4629950693949411   } 
   weight { 0.9932205569009279   } 
   weightvar { 0.1087581073260311   } 
   kinetic_energy { 15.59437705109065   } 
   kinetic_energyvar { 212.1113855794863   } 
   potential_energy { -31.52295231088821   } 
   potential_energyvar { 552.7436603609101   } 
   nonlocal_energy { 0.02641138343128267   } 
   nonlocal_energyvar { 292.3111094780774   } 
   autocorr_energy { } 
} 

block { 
   label dmc
   totweight 45056
   nautocorr 0
   total_energy { -15.90503388092782   } 
   total_energyvar { 0.2937387075225975   } 
   weight { 0.9911996885672875   } 
   weightvar { 0.1110552899986229   } 
   kinetic_energy { 15.29401567183673   } 
   kinetic_energyvar { 206.4446209274224   } 
   potential_energy { -30.8965058110747   } 
   potential_energyvar { 336.8668534675764   } 
   nonlocal_energy { -0.302543741689851   } 
   nonlocal_energyvar { 106.2976987570497   } 
   autocorr_energy { } 
} 

block { 
   label dmc
   totweight 45056
   nautocorr 0
   total_energy { -15.91453165095562   } 
   total_energyvar { 0.3393798290887879   } 
   weight { 0.9985332778547172   } 
   weightvar { 0.1100814188064998   } 
   kinetic_energy { 15.60857905072731   } 
   kinetic_energyvar { 208.0505786336744   } 
   potential_energy { -31.23157925085745   } 
   potential_energyvar { 303.8687870766263   } 
   nonlocal_energy { -0.2915314508254811   } 
   nonlocal_energyvar { 72.82392869344207   } 
   autocorr_energy { } 
} 

block { 
   label dmc
   totweight 45056
   nautocorr 0
   total_energy { -15.91062838054098   } 
   total_energyvar { 0.341247213173744   } 
   weight { 0.9985180687415229   } 
   weightvar { 0.1079637843106688   } 
   kinetic_energy { 15.4743238489192   } 
   kinetic_energyvar { 204.7106529449417   } 
   potential_energy { -30.98782519076534   } 
   potential_energyvar { 295.2358453534509   } 
   nonlocal_energy { -0.3971270386948506   } 
   nonlocal_energyvar { 74.50329458575176   } 
   autocorr_energy { } 
} 

block { 
   label dmc
   totweight 45056
   nautocorr 0
   total_energy { -15.90198863933621   } 
   total_energyvar { 0.3300255609158321   } 
   weight { 0.9938127827754237   } 
   weightvar { 0.1052282689060081   } 
   kinetic_energy { 15.39160807369378   } 
   kinetic_energyvar { 203.196390456087   } 
   potential_energy { -31.07718045648517   } 
   potential_energyvar { 333.9282054694435   } 
   nonlocal_energy { -0.2164162565448205   } 
   nonlocal_energyvar { 102.4950286126114   } 
   autocorr_energy { } 
} 

block { 
   label dmc
   totweight 45056
   nautocorr 0
   total_energy { -15.90232997294969   } 
   total_energyvar { 0.3373677139825189   } 
   weight { 0.9912214286405324   } 
   weightvar { 0.1079636538235118   } 
   kinetic_energy { 15.40858928620005   } 
   kinetic_energyvar { 206.4949850645669   } 
   potential_energy { -31.09675946283748   } 
   potential_energyvar { 318.7820372270465   } 
   nonlocal_energy { -0.214159796312258   } 
   nonlocal_energyvar { 81.70172047360835   } 
   autocorr_energy { } 
} 

block { 
   label dmc
   totweight 45056
   nautocorr 0
   total_energy { -15.90314020962489   } 
   total_energyvar { 0.3184022407402321   } 
   weight { 0.99310933215931   } 
   weightvar { 0.1058775155555615   } 
   kinetic_energy { 15.35890261824951   } 
   kinetic_energyvar { 206.908406471728   } 
   potential_energy { -30.95168571083578   } 
   potential_energyvar { 300.4305275561438   } 
   nonlocal_energy { -0.3103571170386194   } 
   nonlocal_energyvar { 68.5085404158761   } 
   autocorr_energy { } 
} 

block { 
   label dmc
   totweight 45056
   nautocorr 0
   total_energy { -15.90191428997666   } 
   total_energyvar { 0.3150157227265645   } 
   weight { 0.9943479013948093   } 
   weightvar { 0.1047268944085137   } 
   kinetic_energy { 15.5956853317348   } 
   kinetic_energyvar { 209.4959374481915   } 
   potential_energy { -31.22405001802868   } 
   potential_energyvar { 311.0442570257446   } 
   nonlocal_energy { -0.273549603682787   } 
   nonlocal_energyvar { 75.11861692477652   } 
   autocorr_energy { } 
} 

block { 
   label dmc
   totweight 45056
   nautocorr 0
   total_energy { -15.90780026939157   } 
   total_energyvar { 0.3475267154773025   } 
   weight { 0.9937919311219203   } 
   weightvar { 0.1006549936232581   } 
   kinetic_energy { 15.32422748103071   } 
   kinetic_energyvar { 203.7242950946857   } 
   potential_energy { -31.07989934728516   } 
   potential_energyvar { 353.3259912933602   } 
   nonlocal_energy { -0.1521284031371105   } 
   nonlocal_energyvar { 116.3261194557311   } 
   autocorr_energy { } 
} 

block { 
   label dmc
   totweight 45056
   nautocorr 0
   total_energy { -15.90853809780367   } 
   total_energyvar { 0.3290887421343954   } 
   weight { 0.9968085652570328   } 
   weightvar { 0.1045541615004894   } 
   kinetic_energy { 15.2571213714913   } 
   kinetic_energyvar { 205.3996256925392   } 
   potential_energy { -30.90940039775649   } 
   potential_energyvar { 316.7626074782117   } 
   nonlocal_energy { -0.256259071538476   } 
   nonlocal_energyvar { 81.8654468614658   } 
   autocorr_energy { } 
} 

block { 
   label dmc
   totweight 45056
   nautocorr 0
   total_energy { -15.91145921129997   } 
   total_energyvar { 0.3227958232682168   } 
   weight { 0.9982881944203631   } 
   weightvar { 0.1042162481683355   } 
   kinetic_energy { 15.5044865434795   } 
   kinetic_energyvar { 205.7068980056035   } 
   potential_energy { -31.10162869559872   } 
   potential_energyvar { 311.7546913595962   } 
   nonlocal_energy { -0.3143170591807446   } 
   nonlocal_energyvar { 81.9972011087838   } 
   autocorr_energy { } 
} 

block { 
   label dmc
   totweight 45056
   nautocorr 0
   total_energy { -15.90968321384393   } 
   total_energyvar { 0.3187095712579804   } 
   weight { 1.000498281452109   } 
   weightvar { 0.1030954993858874   } 
   kinetic_energy { 15.43400795863875   } 
   kinetic_energyvar { 204.3853901116607   } 
   potential_energy { -31.03965805664351   } 
   potential_energyvar { 302.6720833936461   } 
   nonlocal_energy { -0.304033115839169   } 
   nonlocal_energyvar { 78.42517263374617   } 
   autocorr_energy { } 
} 

block { 
   label dmc
   totweight 45056
   nautocorr 0
   total_energy { -15.91201660842631   } 
   total_energyvar { 0.2844004017108837   } 
   weight { 1.00154623546762   } 
   weightvar { 0.1062822212488781   } 
   kinetic_energy { 15.04755578135059   } 
   kinetic_energyvar { 200.0309012454761   } 
   potential_energy { -30.58002791248705   } 
   potential_energyvar { 263.2200525130759   } 
   nonlocal_energy { -0.3795444772898501   } 
   nonlocal_energyvar { 49.00965799142397   } 
   autocorr_energy { } 
} 

block { 
   label dmc
   totweight 45056
   nautocorr 0
   total_energy { -15.90264825848809   } 
   total_energyvar { 0.3552184447773146   } 
   weight { 0.9987421994945668   } 
   weightvar { 0.1082854915631842   } 
   kinetic_energy { 15.2442872250924   } 
   kinetic_energyvar { 207.9779975998781   } 
   potential_energy { -31.11722118959111   } 
   potential_energyvar { 405.9694401804446   } 
   nonlocal_energy { -0.02971429398937867   } 
   nonlocal_energyvar { 154.2297470478792   } 
   autocorr_energy { } 
} 

block { 
   label dmc
   totweight 45056
   nautocorr 0
   total_energy { -15.9038005214293   } 
   total_energyvar { 0.3552862956737642   } 
   weight { 0.9941091189896848   } 
   weightvar { 0.1045541475435865   } 
   kinetic_energy { 15.40851216092557   } 
   kinetic_energyvar { 206.7588889326231   } 
   potential_energy { -31.23897394063229   } 
   potential_energyvar { 339.2315466748894   } 
   nonlocal_energy { -0.0733387417225759   } 
   nonlocal_energyvar { 93.42952896195179   } 
   autocorr_energy { } 
} 

block { 
   label dmc
   totweight 45056
   nautocorr 0
   total_energy { -15.90532693536674   } 
   total_energyvar { 0.3361200490252395   } 
   weight { 0.991583074579237   } 
   weightvar { 0.1088894265897939   } 
   kinetic_energy { 15.34657359183037   } 
   kinetic_energyvar { 206.0528452493347   } 
   potential_energy { -31.08067201307785   } 
   potential_energyvar { 345.2104545439058   } 
   nonlocal_energy { -0.1712285141192558   } 
   nonlocal_energyvar { 104.4927831145519   } 
   autocorr_energy { } 
} 

block { 
   label dmc
   totweight 45056
   nautocorr 0
   total_energy { -15.90561597671213   } 
   total_energyvar { 0.4006452485107708   } 
   weight { 0.9922993391818321   } 
   weightvar { 0.106170399472466   } 
   kinetic_energy { 15.59751942282278   } 
   kinetic_energyvar { 211.1061846025137   } 
   potential_energy { -31.4272583566266   } 
   potential_energyvar { 396.5311389654875   } 
   nonlocal_energy { -0.07587704290831429   } 
   nonlocal_energyvar { 140.9503888169944   } 
   autocorr_energy { } 
} 

block { 
   label dmc
   totweight 45056
   nautocorr 0
   total_energy { -15.90923400136525   } 
   total_energyvar { 0.3200842666038696   } 
   weight { 0.9948736849375016   } 
   weightvar { 0.1049131886652713   } 
   kinetic_energy { 15.34743958003744   } 
   kinetic_energyvar { 204.7981971707391   } 
   potential_energy { -30.90781463836812   } 
   potential_energyvar { 286.8286552831652   } 
   nonlocal_energy { -0.3488589430345727   } 
   nonlocal_energyvar { 62.70239521821541   } 
   autocorr_energy { } 
} 

block { 
   label dmc
   totweight 45056
   nautocorr 0
   total_energy { -15.9099426813417   } 
   total_energyvar { 0.3702270417123001   } 
   weight { 0.9970641763924342   } 
   weightvar { 0.1052054237566694   } 
   kinetic_energy { 15.41492869915498   } 
   kinetic_energyvar { 207.6686273181915   } 
   potential_energy { -31.20428620270335   } 
   potential_energyvar { 345.6586032875376   } 
   nonlocal_energy { -0.1205851777933186   } 
   nonlocal_energyvar { 103.3886033901521   } 
   autocorr_energy { } 
} 

block { 
   label dmc
   totweight 45056
   nautocorr 0
   total_energy { -15.905790115098   } 
   total_energyvar { 0.3486577511990678   } 
   weight { 0.994686123341589   } 
   weightvar { 0.1052961424665319   } 
   kinetic_energy { 15.47035467743854   } 
   kinetic_energyvar { 209.1562469613352   } 
   potential_energy { -31.14925511485373   } 
   potential_energyvar { 339.098844273706   } 
   nonlocal_energy { -0.2268896776828001   } 
   nonlocal_energyvar { 98.44245983493364   } 
   autocorr_energy { } 
} 

block { 
   label dmc
   totweight 45056
   nautocorr 0
   total_energy { -15.90628002469886   } 
   total_energyvar { 0.3478055442895693   } 
   weight { 0.9950137130099258   } 
   weightvar { 0.1060241617185922   } 
   kinetic_energy { 15.49635308823459   } 
   kinetic_energyvar { 207.50378936608   } 
   potential_energy { -31.27319761928336   } 
   potential_energyvar { 411.4228379943179   } 
   nonlocal_energy { -0.1294354936500856   } 
   nonlocal_energyvar { 166.6146910537975   } 
   autocorr_energy { } 
} 

block { 
   label dmc
   totweight 45056
   nautocorr 0
   total_energy { -15.90043997518763   } 
   total_energyvar { 0.3125210896873342   } 
   weight { 0.9922295951187711   } 
   weightvar { 0.1078561550305186   } 
   kinetic_energy { 15.35189244472716   } 
   kinetic_energyvar { 208.1872302932433   } 
   potential_energy { -30.96655057839633   } 
   potential_energyvar { 315.4955237342265   } 
   nonlocal_energy { -0.2857818415184536   } 
   nonlocal_energyvar { 81.44939038224328   } 
   autocorr_energy { } 
} 

block { 
   label dmc
   totweight 45056
   nautocorr 0
   total_energy { -15.90328236760569   } 
   total_energyvar { 0.3152149874649448   } 
   weight { 0.9924024255102776   } 
   weightvar { 0.1127194114207704   } 
   kinetic_energy { 15.68809118381282   } 
   kinetic_energyvar { 210.9691938797061   } 
   potential_energy { -31.38460490518602   } 
   potential_energyvar { 327.5788289359468   } 
   nonlocal_energy { -0.2067686462324971   } 
   nonlocal_energyvar { 84.73233468319941   } 
   autocorr_energy { } 
} 

block { 
   label dmc
   totweight 45056
   nautocorr 0
   total_energy { -15.90762578776214   } 
   total_energyvar { 0.2979431187177682   } 
   weight { 0.9953643574777917   } 
   weightvar { 0.1132754648375563   } 
   kinetic_energy { 15.43814586968089   } 
   kinetic_energyvar { 207.7301128724895   } 
   potential_energy { -31.09848211155374   } 
   potential_energyvar { 296.5992594202254   } 
   nonlocal_energy { -0.2472895458892974   } 
   nonlocal_energyvar { 64.00668419499046   } 
   autocorr_energy { } 
} 

block { 
   label dmc
   totweight 45056
   nautocorr 0
   total_energy { -15.90151000650066   } 
   total_energyvar { 0.2874674918952705   } 
   weight { 0.9966070863624538   } 
   weightvar { 0.1057330089733017   } 
   kinetic_energy { 15.50230643276143   } 
   kinetic_energyvar { 208.4289643954858   } 
   potential_energy { -30.97493389749091   } 
   potential_energyvar { 280.5117510794374   } 
   nonlocal_energy { -0.4288825417711808   } 
   nonlocal_energyvar { 55.92234237707597   } 
   autocorr_energy { } 
} 

block { 
   label dmc
   totweight 45056
   nautocorr 0
   total_energy { -15.90756817602816   } 
   total_energyvar { 0.3419481144291398   } 
   weight { 0.995553635683502   } 
   weightvar { 0.1074501492583087   } 
   kinetic_energy { 15.22816132038184   } 
   kinetic_energyvar { 203.3438162106768   } 
   potential_energy { -30.89572147849758   } 
   potential_energyvar { 318.8523194610425   } 
   nonlocal_energy { -0.2400080179124141   } 
   nonlocal_energyvar { 86.78278124433712   } 
   autocorr_energy { } 
} 

block { 
   label dmc
   totweight 45056
   nautocorr 0
   total_energy { -15.90672247414946   } 
   total_energyvar { 0.3584846143935927   } 
   weight { 0.9955609251954006   } 
   weightvar { 0.1084966795292894   } 
   kinetic_energy { 15.57536514677811   } 
   kinetic_energyvar { 208.4414744899936   } 
   potential_energy { -31.26604765793464   } 
   potential_energyvar { 328.3513413182577   } 
   nonlocal_energy { -0.2160399629929246   } 
   nonlocal_energyvar { 87.09847363425763   } 
   autocorr_energy { } 
} 

block { 
   label dmc
   totweight 45056
   nautocorr 0
   total_energy { -15.91579049933231   } 
   total_energyvar { 0.3394560713332864   } 
   weight { 0.9990998995554642   } 
   weightvar { 0.10915992662343   } 
   kinetic_energy { 15.43576738959388   } 
   kinetic_energyvar { 201.5396116301025   } 
   potential_energy { -31.08937463472463   } 
   potential_energyvar { 308.1682001999698   } 
   nonlocal_energy { -0.2621832542015675   } 
   nonlocal_energyvar { 82.60672602183402   } 
   autocorr_energy { } 
} 

block { 
   label dmc
   totweight 45056
   nautocorr 0
   total_energy { -15.89924260640762   } 
   total_energyvar { 0.3268428443926878   } 
   weight { 0.9965050725191534   } 
   weightvar { 0.1094136657786954   } 
   kinetic_energy { 15.15985659067508   } 
   kinetic_energyvar { 204.1406692916705   } 
   potential_energy { -30.82696052441981   } 
   potential_energyvar { 328.3309878070556   } 
   nonlocal_energy { -0.2321386726629031   } 
   nonlocal_energyvar { 95.30920279030244   } 
   autocorr_energy { } 
} 

block { 
   label dmc
   totweight 45056
   nautocorr 0
   total_energy { -15.90126335179891   } 
   total_energyvar { 0.3277086742116324   } 
   weight { 0.9919264537454372   } 
   weightvar { 0.1075399445845363   } 
   kinetic_energy { 15.3164635563612   } 
   kinetic_energyvar { 207.1777002840286   } 
   potential_energy { -31.06417608691331   } 
   potential_energyvar { 327.8834834588141   } 
   nonlocal_energy { -0.153550821246795   } 
   nonlocal_energyvar { 87.35996099335027   } 
   autocorr_energy { } 
} 

block { 
   label dmc
   totweight 45056
   nautocorr 0
   total_energy { -15.90676602841667   } 
   total_energyvar { 0.3139776804928967   } 
   weight { 0.9949030660373236   } 
   weightvar { 0.1081603422518573   } 
   kinetic_energy { 15.28631750197675   } 
   kinetic_energyvar { 205.2270421448046   } 
   potential_energy { -30.97970812605869   } 
   potential_energyvar { 354.3085076211545   } 
   nonlocal_energy { -0.2133754043347283   } 
   nonlocal_energyvar { 120.324277348155   } 
   autocorr_energy { } 
} 

block { 
   label dmc
   totweight 45056
   nautocorr 0
   total_energy { -15.90284734395573   } 
   total_energyvar { 0.2896900245334904   } 
   weight { 0.9961000151218424   } 
   weightvar { 0.1076250313309577   } 
   kinetic_energy { 15.28115329875967   } 
   kinetic_energyvar { 205.4358974127261   } 
   potential_energy { -30.87158213074119   } 
   potential_energyvar { 286.5906489847285   } 
   nonlocal_energy { -0.3124185119742219   } 
   nonlocal_energyvar { 59.72287740470406   } 
   autocorr_energy { } 
} 

block { 
   label dmc
   totweight 45056
   nautocorr 0
   total_energy { -15.90726626410271   } 
   total_energyvar { 0.3626067144220185   } 
   weight { 0.994944228803465   } 
   weightvar { 0.112196857253929   } 
   kinetic_energy { 15.207724997248   } 
   kinetic_energyvar { 208.0104676997595   } 
   potential_energy { -30.92279210824967   } 
   potential_energyvar { 418.5250489053552   } 
   nonlocal_energy { -0.1921991531010325   } 
   nonlocal_energyvar { 171.0208859006323   } 
   autocorr_energy { } 
} 

block { 
   label dmc
   totweight 45056
   nautocorr 0
   total_energy { -15.90560190304915   } 
   total_energyvar { 0.3343314855221008   } 
   weight { 0.9966603899809005   } 
   weightvar { 0.10972637707271   } 
   kinetic_energy { 15.2726340340657   } 
   kinetic_energyvar { 207.0543683920942   } 
   potential_energy { -30.98355715405906   } 
   potential_energyvar { 318.7854337006383   } 
   nonlocal_energy { -0.1946787830557983   } 
   nonlocal_energyvar { 81.82856495921244   } 
   autocorr_energy { } 
} 

block { 
   label dmc
   totweight 45056
   nautocorr 0
   total_energy { -15.90802691939131   } 
   total_energyvar { 0.2986110972318284   } 
   weight { 0.9985640708369107   } 
   weightvar { 0.10940539785696   } 
   kinetic_energy { 15.40811449215   } 
   kinetic_energyvar { 215.4863576396023   } 
   potential_energy { -31.14818221434593   } 
   potential_energyvar { 310.7101090028152   } 
   nonlocal_energy { -0.1679591971953824   } 
   nonlocal_energyvar { 64.99821991198478   } 
   autocorr_energy { } 
} 

block { 
   label dmc
   totweight 45056
   nautocorr 0
   total_energy { -15.91581958787443   } 
   total_energyvar { 0.2827893957817168   } 
   weight { 1.002670204400478   } 
   weightvar { 0.1067182258085202   } 
   kinetic_energy { 15.11706633394795   } 
   kinetic_energyvar { 201.474187857393   } 
   potential_energy { -30.70011883004285   } 
   potential_energyvar { 276.6297380225197   } 
   nonlocal_energy { -0.3327670917795353   } 
   nonlocal_energyvar { 55.45083692611688   } 
   autocorr_energy { } 
} 

block { 
   label dmc
   totweight 45056
   nautocorr 0
   total_energy { -15.90204932101207   } 
   total_energyvar { 0.3535453812568048   } 
   weight { 0.9988644330479697   } 
   weightvar { 0.1049881511238877   } 
   kinetic_energy { 15.20466543206984   } 
   kinetic_energyvar { 204.9600887855966   } 
   potential_energy { -30.88317773355952   } 
   potential_energyvar { 335.5580707720363   } 
   nonlocal_energy { -0.2235370195223933   } 
   nonlocal_energyvar { 101.0645047396498   } 
   autocorr_energy { } 
} 

block { 
   label dmc
   totweight 45056
   nautocorr 0
   total_energy { -15.90690087843024   } 
   total_energyvar { 0.4627966836048325   } 
   weight { 0.9953333522993872   } 
   weightvar { 0.108423358318807   } 
   kinetic_energy { 15.24702968715046   } 
   kinetic_energyvar { 207.4021227058948   } 
   potential_energy { -30.96378864638647   } 
   potential_energyvar { 436.6287182976151   } 
   nonlocal_energy { -0.1901419191942406   } 
   nonlocal_energyvar { 194.2927729816758   } 
   autocorr_energy { } 
} 

block { 
   label dmc
   totweight 45056
   nautocorr 0
   total_energy { -15.90611795801723   } 
   total_energyvar { 0.3274373574179015   } 
   weight { 0.995814042309545   } 
   weightvar { 0.1083667862411856   } 
   kinetic_energy { 15.67299153558757   } 
   kinetic_energyvar { 209.4773549553437   } 
   potential_energy { -31.28366643393774   } 
   potential_energyvar { 337.4986430625518   } 
   nonlocal_energy { -0.2954430596670605   } 
   nonlocal_energyvar { 100.7325756917281   } 
   autocorr_energy { } 
} 

block { 
   label dmc
   totweight 45056
   nautocorr 0
   total_energy { -15.9052093641393   } 
   total_energyvar { 0.3180271217576977   } 
   weight { 0.9954354607614033   } 
   weightvar { 0.1082015068984293   } 
   kinetic_energy { 15.27306067269426   } 
   kinetic_energyvar { 206.8605109706439   } 
   potential_energy { -30.94553929920054   } 
   potential_energyvar { 302.2419548269431   } 
   nonlocal_energy { -0.2327307376330124   } 
   nonlocal_energyvar { 68.29743758191488   } 
   autocorr_energy { } 
} 

block { 
   label dmc
   totweight 45056
   nautocorr 0
   total_energy { -15.90173677175566   } 
   total_energyvar { 0.3403949525284135   } 
   weight { 0.9945397870874008   } 
   weightvar { 0.1077688841099241   } 
   kinetic_energy { 15.52884016236851   } 
   kinetic_energyvar { 208.6345323662603   } 
   potential_energy { -31.27629114779304   } 
   potential_energyvar { 346.283911116206   } 
   nonlocal_energy { -0.1542857863311346   } 
   nonlocal_energyvar { 102.1326455086135   } 
   autocorr_energy { } 
} 

block { 
   label dmc
   totweight 45056
   nautocorr 0
   total_energy { -15.90228824117063   } 
   total_energyvar { 0.3240179004596256   } 
   weight { 0.993152068379921   } 
   weightvar { 0.1116315226813657   } 
   kinetic_energy { 15.12614473542485   } 
   kinetic_energyvar { 200.0962112676408   } 
   potential_energy { -30.6684846661389   } 
   potential_energyvar { 309.7379790247036   } 
   nonlocal_energy { -0.3599483104565779   } 
   nonlocal_energyvar { 87.34766757453191   } 
   autocorr_energy { } 
} 

block { 
   label dmc
   totweight 45056
   nautocorr 0
   total_energy { -15.90815042917381   } 
   total_energyvar { 0.3363311818917931   } 
   weight { 0.994938094791054   } 
   weightvar { 0.111493959296802   } 
   kinetic_energy { 15.19554655644192   } 
   kinetic_energyvar { 206.4209281066747   } 
   potential_energy { -30.85541473769357   } 
   potential_energyvar { 312.822996517347   } 
   nonlocal_energy { -0.2482822479221622   } 
   nonlocal_energyvar { 80.94206733106712   } 
   autocorr_energy { } 
} 

block { 
   label dmc
   totweight 45056
   nautocorr 0
   total_energy { -15.89986411227167   } 
   total_energyvar { 0.3053927630202382   } 
   weight { 0.9944468358360332   } 
   weightvar { 0.1099649691334535   } 
   kinetic_energy { 15.39749754984475   } 
   kinetic_energyvar { 207.2192981644308   } 
   potential_energy { -30.94660206020412   } 
   potential_energyvar { 290.9890166439728   } 
   nonlocal_energy { -0.3507596019123022   } 
   nonlocal_energyvar { 62.78468007264699   } 
   autocorr_energy { } 
} 

block { 
   label dmc
   totweight 45056
   nautocorr 0
   total_energy { -15.89382109878938   } 
   total_energyvar { 0.3668207262565439   } 
   weight { 0.990065760742143   } 
   weightvar { 0.106415705451435   } 
   kinetic_energy { 15.46309584077773   } 
   kinetic_energyvar { 207.9083195011565   } 
   potential_energy { -30.98870514730632   } 
   potential_energyvar { 344.4261218097349   } 
   nonlocal_energy { -0.3682117922607928   } 
   nonlocal_energyvar { 112.8075839194042   } 
   autocorr_energy { } 
} 

block { 
   label dmc
   totweight 45056
   nautocorr 0
   total_energy { -15.90202993413601   } 
   total_energyvar { 0.2913991893871827   } 
   weight { 0.9899444843416578   } 
   weightvar { 0.1074675910231548   } 
   kinetic_energy { 15.19258025734998   } 
   kinetic_energyvar { 201.3731925446899   } 
   potential_energy { -30.70764261028273   } 
   potential_energyvar { 269.0817694770116   } 
   nonlocal_energy { -0.386967581203258   } 
   nonlocal_energyvar { 50.03908312786438   } 
   autocorr_energy { } 
} 

block { 
   label dmc
   totweight 45056
   nautocorr 0
   total_energy { -15.90791911217437   } 
   total_energyvar { 0.3055477406711151   } 
   weight { 0.9942035310517731   } 
   weightvar { 0.1110493405664063   } 
   kinetic_energy { 15.25475480279033   } 
   kinetic_energyvar { 205.7730412750369   } 
   potential_energy { -30.85044776698176   } 
   potential_energyvar { 292.7377590907662   } 
   nonlocal_energy { -0.3122261479829369   } 
   nonlocal_energyvar { 62.63042246633147   } 
   autocorr_energy { } 
} 

block { 
   label dmc
   totweight 45056
   nautocorr 0
   total_energy { -15.90478804893877   } 
   total_energyvar { 0.3469230647813688   } 
   weight { 0.9979596278296747   } 
   weightvar { 0.1081751444545393   } 
   kinetic_energy { 15.2986943479621   } 
   kinetic_energyvar { 205.9934548305863   } 
   potential_energy { -31.00935648563664   } 
   potential_energyvar { 353.0933481826142   } 
   nonlocal_energy { -0.1941259112642255   } 
   nonlocal_energyvar { 114.060437891335   } 
   autocorr_energy { } 
} 

block { 
   label dmc
   totweight 45056
   nautocorr 0
   total_energy { -15.90944215239299   } 
   total_energyvar { 0.3040405907530384   } 
   weight { 0.9989183762924473   } 
   weightvar { 0.1062155647117018   } 
   kinetic_energy { 15.55296272020135   } 
   kinetic_energyvar { 207.4573236023162   } 
   potential_energy { -31.11651007272648   } 
   potential_energyvar { 296.6085041637907   } 
   nonlocal_energy { -0.3458947998678684   } 
   nonlocal_energyvar { 67.72416306414091   } 
   autocorr_energy { } 
} 

block { 
   label dmc
   totweight 45056
   nautocorr 0
   total_energy { -15.91186429995815   } 
   total_energyvar { 0.3212877709774321   } 
   weight { 0.9988576190026063   } 
   weightvar { 0.1082619463761048   } 
   kinetic_energy { 15.3801502104678   } 
   kinetic_energyvar { 206.2919660444202   } 
   potential_energy { -31.09806472067902   } 
   potential_energyvar { 314.7937734713428   } 
   nonlocal_energy { -0.1939497897469327   } 
   nonlocal_energyvar { 82.17138561036523   } 
   autocorr_energy { } 
} 

block { 
   label dmc
   totweight 45056
   nautocorr 0
   total_energy { -15.91150556292377   } 
   total_energyvar { 0.3729888623699307   } 
   weight { 0.9999909961062357   } 
   weightvar { 0.106174156377428   } 
   kinetic_energy { 15.19526445785666   } 
   kinetic_energyvar { 202.6072836633321   } 
   potential_energy { -30.90004391513225   } 
   potential_energyvar { 334.6308299017705   } 
   nonlocal_energy { -0.2067261056481766   } 
   nonlocal_energyvar { 106.706763930569   } 
   autocorr_energy { } 
} 

block { 
   label dmc
   totweight 45056
   nautocorr 0
   total_energy { -15.90067837405396   } 
   total_energyvar { 0.2818290587886588   } 
   weight { 0.9971949399857316   } 
   weightvar { 0.1011088556364762   } 
   kinetic_energy { 15.20804684694323   } 
   kinetic_energyvar { 204.9068970145001   } 
   potential_energy { -30.71269777131528   } 
   potential_energyvar { 267.7184293794119   } 
   nonlocal_energy { -0.3960274496819188   } 
   nonlocal_energyvar { 46.64432556263394   } 
   autocorr_energy { } 
} 

block { 
   label dmc
   totweight 45056
   nautocorr 0
   total_energy { -15.90754359771272   } 
   total_energyvar { 0.3621322811037849   } 
   weight { 0.9952676703226758   } 
   weightvar { 0.1017104989603694   } 
   kinetic_energy { 15.5634810459228   } 
   kinetic_energyvar { 206.5385100415298   } 
   potential_energy { -31.29950843275993   } 
   potential_energyvar { 379.5879159763965   } 
   nonlocal_energy { -0.1715162108755918   } 
   nonlocal_energyvar { 139.1628854550285   } 
   autocorr_energy { } 
} 

block { 
   label dmc
   totweight 45056
   nautocorr 0
   total_energy { -15.90662837081495   } 
   total_energyvar { 0.3248836704004624   } 
   weight { 0.9981211788111687   } 
   weightvar { 0.1039763135988686   } 
   kinetic_energy { 15.20854335011238   } 
   kinetic_energyvar { 205.2536940096108   } 
   potential_energy { -30.94795252565304   } 
   potential_energyvar { 320.31244220129   } 
   nonlocal_energy { -0.1672191952742868   } 
   nonlocal_energyvar { 84.19525125085693   } 
   autocorr_energy { } 
} 

block { 
   label dmc
   totweight 45056
   nautocorr 0
   total_energy { -15.89974369560382   } 
   total_energyvar { 0.3085432254244483   } 
   weight { 0.9948091329984833   } 
   weightvar { 0.1042330393716318   } 
   kinetic_energy { 15.61024167042613   } 
   kinetic_energyvar { 210.8578531602969   } 
   potential_energy { -31.2164442197374   } 
   potential_energyvar { 296.5736258736175   } 
   nonlocal_energy { -0.2935411462925522   } 
   nonlocal_energyvar { 63.43451304898453   } 
   autocorr_energy { } 
} 

block { 
   label dmc
   totweight 45056
   nautocorr 0
   total_energy { -15.90467186654254   } 
   total_energyvar { 0.3153377483639527   } 
   weight { 0.9930647304632836   } 
   weightvar { 0.1082681015659408   } 
   kinetic_energy { 15.19923816160981   } 
   kinetic_energyvar { 199.3115291243843   } 
   potential_energy { -30.80831847894473   } 
   potential_energyvar { 295.4921794915667   } 
   nonlocal_energy { -0.2955915492076127   } 
   nonlocal_energyvar { 71.72216287254625   } 
   autocorr_energy { } 
} 

block { 
   label dmc
   totweight 45056
   nautocorr 0
   total_energy { -15.90301468455733   } 
   total_energyvar { 0.3344544103380654   } 
   weight { 0.9975604696193446   } 
   weightvar { 0.1066646585672685   } 
   kinetic_energy { 15.4599784494898   } 
   kinetic_energyvar { 205.300313128999   } 
   potential_energy { -30.98607954470066   } 
   potential_energyvar { 307.7829238514526   } 
   nonlocal_energy { -0.3769135893464592   } 
   nonlocal_energyvar { 81.09916366709429   } 
   autocorr_energy { } 
} 

block { 
   label dmc
   totweight 45056
   nautocorr 0
   total_energy { -15.90541899429887   } 
   total_energyvar { 0.3585964852764735   } 
   weight { 0.9948903787536397   } 
   weightvar { 0.1036567753260803   } 
   kinetic_energy { 15.39819463992081   } 
   kinetic_energyvar { 205.2766067363296   } 
   potential_energy { -31.12593487575676   } 
   potential_energyvar { 330.8285731753017   } 
   nonlocal_energy { -0.1776787584629168   } 
   nonlocal_energyvar { 92.78239278052379   } 
   autocorr_energy { } 
} 

block { 
   label dmc
   totweight 45056
   nautocorr 0
   total_energy { -15.9135989033739   } 
   total_energyvar { 0.4044337970916888   } 
   weight { 0.9949035808666757   } 
   weightvar { 0.1053506217699368   } 
   kinetic_energy { 15.36908324261281   } 
   kinetic_energyvar { 205.8847233638224   } 
   potential_energy { -31.21528529415658   } 
   potential_energyvar { 370.6921454279974   } 
   nonlocal_energy { -0.06739685183013119   } 
   nonlocal_energyvar { 126.7253202865312   } 
   autocorr_energy { } 
} 

block { 
   label dmc
   totweight 45056
   nautocorr 0
   total_energy { -15.9107307821265   } 
   total_energyvar { 0.3247628891133545   } 
   weight { 0.9995379691367146   } 
   weightvar { 0.1059764086372047   } 
   kinetic_energy { 15.22750256493547   } 
   kinetic_energyvar { 209.0340752956492   } 
   potential_energy { -31.01064795664334   } 
   potential_energyvar { 340.1513952524024   } 
   nonlocal_energy { -0.1275853904186189   } 
   nonlocal_energyvar { 97.4017001206531   } 
   autocorr_energy { } 
} 

block { 
   label dmc
   totweight 45056
   nautocorr 0
   total_energy { -15.90912055565236   } 
   total_energyvar { 0.3028090351054996   } 
   weight { 1.000758066686945   } 
   weightvar { 0.1068844902567577   } 
   kinetic_energy { 15.32996731186291   } 
   kinetic_energyvar { 203.76441543503   } 
   potential_energy { -30.85041930013844   } 
   potential_energyvar { 277.5404484320331   } 
   nonlocal_energy { -0.3886685673768299   } 
   nonlocal_energyvar { 56.19250572445535   } 
   autocorr_energy { } 
} 

block { 
   label dmc
   totweight 45056
   nautocorr 0
   total_energy { -15.90804130512779   } 
   total_energyvar { 0.3593158943070565   } 
   weight { 0.9972543148599301   } 
   weightvar { 0.106549269022025   } 
   kinetic_energy { 15.39560906136133   } 
   kinetic_energyvar { 207.4344373767904   } 
   potential_energy { -31.20363559736541   } 
   potential_energyvar { 348.4189965976747   } 
   nonlocal_energy { -0.1000147691237135   } 
   nonlocal_energyvar { 104.4965385571882   } 
   autocorr_energy { } 
} 

block { 
   label dmc
   totweight 45056
   nautocorr 0
   total_energy { -15.92151569440163   } 
   total_energyvar { 0.3374009771416516   } 
   weight { 1.003471757568516   } 
   weightvar { 0.111206596972583   } 
   kinetic_energy { 15.40131147569471   } 
   kinetic_energyvar { 204.4993482376651   } 
   potential_energy { -31.00573318241268   } 
   potential_energyvar { 308.3370881782068   } 
   nonlocal_energy { -0.3170939876836635   } 
   nonlocal_energyvar { 82.13241056288572   } 
   autocorr_energy { } 
} 

block { 
   label dmc
   totweight 45056
   nautocorr 0
   total_energy { -15.91692244762695   } 
   total_energyvar { 0.3332035203401187   } 
   weight { 1.006366567582087   } 
   weightvar { 0.1075941701148415   } 
   kinetic_energy { 15.18217742006753   } 
   kinetic_energyvar { 205.8857522923696   } 
   potential_energy { -30.84337922890503   } 
   potential_energyvar { 304.5571905380144   } 
   nonlocal_energy { -0.255720638789445   } 
   nonlocal_energyvar { 75.9300663451787   } 
   autocorr_energy { } 
} 

block { 
   label dmc
   totweight 45056
   nautocorr 0
   total_energy { -15.90860307852386   } 
   total_energyvar { 0.3163106778754662   } 
   weight { 1.005451033638934   } 
   weightvar { 0.1051883676620681   } 
   kinetic_energy { 15.11644799470251   } 
   kinetic_energyvar { 206.1040546829307   } 
   potential_energy { -30.74160141071588   } 
   potential_energyvar { 350.2998984134338   } 
   nonlocal_energy { -0.2834496625104854   } 
   nonlocal_energyvar { 115.5188641935573   } 
   autocorr_energy { } 
} 

block { 
   label dmc
   totweight 45056
   nautocorr 0
   total_energy { -15.91246586500087   } 
   total_energyvar { 0.3579814425006812   } 
   weight { 1.000084059124968   } 
   weightvar { 0.1046727602162554   } 
   kinetic_energy { 15.45899796882514   } 
   kinetic_energyvar { 205.7933057126697   } 
   potential_energy { -31.26496324529118   } 
   potential_energyvar { 352.4755850084968   } 
   nonlocal_energy { -0.1065005885348289   } 
   nonlocal_energyvar { 109.515433165851   } 
   autocorr_energy { } 
} 

block { 
   label dmc
   totweight 45056
   nautocorr 0
   total_energy { -15.90603252794801   } 
   total_energyvar { 0.3155720532477206   } 
   weight { 0.9993132700830379   } 
   weightvar { 0.1059457171357959   } 
   kinetic_energy { 15.64696649258807   } 
   kinetic_energyvar { 208.1619993179297   } 
   potential_energy { -31.30997983455824   } 
   potential_energyvar { 307.4379096051849   } 
   nonlocal_energy { -0.24301918597783   } 
   nonlocal_energyvar { 71.65140648151989   } 
   autocorr_energy { } 
} 

block { 
   label dmc
   totweight 45056
   nautocorr 0
   total_energy { -15.91113197190071   } 
   total_energyvar { 0.3332279404193554   } 
   weight { 0.9993888591808912   } 
   weightvar { 0.1046911521962385   } 
   kinetic_energy { 15.14390342996045   } 
   kinetic_energyvar { 206.5215441080113   } 
   potential_energy { -30.79628327467336   } 
   potential_energyvar { 307.4971646470955   } 
   nonlocal_energy { -0.2587521271877958   } 
   nonlocal_energyvar { 78.43888657318797   } 
   autocorr_energy { } 
} 

block { 
   label dmc
   totweight 45056
   nautocorr 0
   total_energy { -15.90463825172372   } 
   total_energyvar { 0.322769346174442   } 
   weight { 0.9961950984445839   } 
   weightvar { 0.1040100336498743   } 
   kinetic_energy { 15.12240105608018   } 
   kinetic_energyvar { 201.5685814517152   } 
   potential_energy { -30.75599481048399   } 
   potential_energyvar { 319.7026876328291   } 
   nonlocal_energy { -0.2710444973199139   } 
   nonlocal_energyvar { 93.7394808270595   } 
   autocorr_energy { } 
} 

block { 
   label dmc
   totweight 45056
   nautocorr 0
   total_energy { -15.90629493102397   } 
   total_energyvar { 0.3301380225837389   } 
   weight { 0.9986955955913287   } 
   weightvar { 0.1037952766168786   } 
   kinetic_energy { 15.37374474167965   } 
   kinetic_energyvar { 206.5513962653128   } 
   potential_energy { -30.94290394344587   } 
   potential_energyvar { 328.2349457609893   } 
   nonlocal_energy { -0.3371357292577478   } 
   nonlocal_energyvar { 99.15190111684029   } 
   autocorr_energy { } 
} 

block { 
   label dmc
   totweight 45056
   nautocorr 0
   total_energy { -15.90620591962723   } 
   total_energyvar { 0.3677823420566832   } 
   weight { 0.9946341136532501   } 
   weightvar { 0.1050472664837777   } 
   kinetic_energy { 15.41112237614376   } 
   kinetic_energyvar { 205.7933838890841   } 
   potential_energy { -31.12852210202005   } 
   potential_energyvar { 328.8584674653731   } 
   nonlocal_energy { -0.1888061937509429   } 
   nonlocal_energyvar { 94.12173344489636   } 
   autocorr_energy { } 
} 

block { 
   label dmc
   totweight 45056
   nautocorr 0
   total_energy { -15.90809171411128   } 
   total_energyvar { 0.3155045645729658   } 
   weight { 0.9965735429629373   } 
   weightvar { 0.1052588766028113   } 
   kinetic_energy { 15.18431365154689   } 
   kinetic_energyvar { 200.6983100448957   } 
   potential_energy { -30.79323380456796   } 
   potential_energyvar { 297.0755173154213   } 
   nonlocal_energy { -0.2991715610902055   } 
   nonlocal_energyvar { 73.25386521732693   } 
   autocorr_energy { } 
} 

block { 
   label dmc
   totweight 45056
   nautocorr 0
   total_energy { -15.90472953392354   } 
   total_energyvar { 0.3117432114793921   } 
   weight { 0.9969698316130547   } 
   weightvar { 0.1084312285878149   } 
   kinetic_energy { 15.07128314567375   } 
   kinetic_energyvar { 202.7854606235741   } 
   potential_energy { -30.89289731145242   } 
   potential_energyvar { 446.6935552745362   } 
   nonlocal_energy { -0.08311536814487608   } 
   nonlocal_energyvar { 208.4594225237129   } 
   autocorr_energy { } 
} 

block { 
   label dmc
   totweight 45056
   nautocorr 0
   total_energy { -15.89949623806532   } 
   total_energyvar { 1.119325775652422   } 
   weight { 0.9930681076140899   } 
   weightvar { 0.1058283505651773   } 
   kinetic_energy { 15.08537587420148   } 
   kinetic_energyvar { 204.111141037564   } 
   potential_energy { -30.64892067122777   } 
   potential_energyvar { 667.0691044554503   } 
   nonlocal_energy { -0.3359514410390271   } 
   nonlocal_energyvar { 433.5401652715006   } 
   autocorr_energy { } 
} 

block { 
   label dmc
   totweight 45056
   nautocorr 0
   total_energy { -15.91263997675143   } 
   total_energyvar { 0.3439754515972892   } 
   weight { 0.9944414380049227   } 
   weightvar { 0.1063767254770929   } 
   kinetic_energy { 15.28350238702074   } 
   kinetic_energyvar { 202.3900279491671   } 
   potential_energy { -30.93321346967454   } 
   potential_energyvar { 311.2097299333503   } 
   nonlocal_energy { -0.262928894097634   } 
   nonlocal_energyvar { 81.38787635647664   } 
   autocorr_energy { } 
} 

block { 
   label dmc
   totweight 45056
   nautocorr 0
   total_energy { -15.91131468052132   } 
   total_energyvar { 0.2871064239697327   } 
   weight { 0.9994536066778139   } 
   weightvar { 0.1077934657662226   } 
   kinetic_energy { 15.23635193275307   } 
   kinetic_energyvar { 207.0370295662439   } 
   potential_energy { -30.8806866183744   } 
   potential_energyvar { 300.7275679351678   } 
   nonlocal_energy { -0.2669799949000032   } 
   nonlocal_energyvar { 66.66759814623843   } 
   autocorr_energy { } 
} 

block { 
   label dmc
   totweight 45056
   nautocorr 0
   total_energy { -15.90368007414217   } 
   total_energyvar { 0.3099406923408209   } 
   weight { 0.9981449319275544   } 
   weightvar { 0.1078397235105026   } 
   kinetic_energy { 15.28407526013251   } 
   kinetic_energyvar { 203.256104427373   } 
   potential_energy { -30.85770037414228   } 
   potential_energyvar { 309.0270892999148   } 
   nonlocal_energy { -0.3300549601323945   } 
   nonlocal_energyvar { 83.5003114920618   } 
   autocorr_energy { } 
} 

block { 
   label dmc
   totweight 45056
   nautocorr 0
   total_energy { -15.91139721916867   } 
   total_energyvar { 0.3336350528220391   } 
   weight { 0.9967468141234387   } 
   weightvar { 0.1076197136793964   } 
   kinetic_energy { 15.47710046429268   } 
   kinetic_energyvar { 202.3420779597939   } 
   potential_energy { -31.03988958162509   } 
   potential_energyvar { 300.6416871817046   } 
   nonlocal_energy { -0.348608101836257   } 
   nonlocal_energyvar { 77.86592347883902   } 
   autocorr_energy { } 
} 

block { 
   label dmc
   totweight 45056
   nautocorr 0
   total_energy { -15.91058105098748   } 
   total_energyvar { 0.3226692785060929   } 
   weight { 1.000099319301893   } 
   weightvar { 0.1051511102774028   } 
   kinetic_energy { 15.14010042083468   } 
   kinetic_energyvar { 201.6140767634234   } 
   potential_energy { -30.74813860287691   } 
   potential_energyvar { 291.1276588240709   } 
   nonlocal_energy { -0.3025428689452483   } 
   nonlocal_energyvar { 68.3186730573446   } 
   autocorr_energy { } 
} 

block { 
   label dmc
   totweight 45056
   nautocorr 0
   total_energy { -15.91199259828177   } 
   total_energyvar { 0.3232462704002642   } 
   weight { 1.000125227489276   } 
   weightvar { 0.1044825745497044   } 
   kinetic_energy { 15.17531158431183   } 
   kinetic_energyvar { 205.6693219618915   } 
   potential_energy { -30.86969179293041   } 
   potential_energyvar { 307.3340753763246   } 
   nonlocal_energy { -0.2176123896631892   } 
   nonlocal_energyvar { 73.48151605753934   } 
   autocorr_energy { } 
} 

block { 
   label dmc
   totweight 45056
   nautocorr 0
   total_energy { -15.91508935597795   } 
   total_energyvar { 0.3446985814874083   } 
   weight { 1.003491841328959   } 
   weightvar { 0.1085956214081115   } 
   kinetic_energy { 15.15580099719531   } 
   kinetic_energyvar { 202.7240940213724   } 
   potential_energy { -30.80946545319893   } 
   potential_energyvar { 319.0101362578359   } 
   nonlocal_energy { -0.2614248999743328   } 
   nonlocal_energyvar { 90.64849997279065   } 
   autocorr_energy { } 
} 

block { 
   label dmc
   totweight 45056
   nautocorr 0
   total_energy { -15.90672336708977   } 
   total_energyvar { 0.293221999576568   } 
   weight { 1.001766527958058   } 
   weightvar { 0.1056194139188057   } 
   kinetic_energy { 15.13841327126529   } 
   kinetic_energyvar { 199.5637570063222   } 
   potential_energy { -30.65294948463364   } 
   potential_energyvar { 269.7669298091822   } 
   nonlocal_energy { -0.3921871537214134   } 
   nonlocal_energyvar { 53.72345849082582   } 
   autocorr_energy { } 
} 

block { 
   label dmc
   totweight 45056
   nautocorr 0
   total_energy { -15.91260154092933   } 
   total_energyvar { 0.2967389706897501   } 
   weight { 1.000224541521422   } 
   weightvar { 0.1035253874221105   } 
   kinetic_energy { 15.41037965517761   } 
   kinetic_energyvar { 203.9907112994626   } 
   potential_energy { -31.01308045168769   } 
   potential_energyvar { 306.6934598969987   } 
   nonlocal_energy { -0.3099007444192415   } 
   nonlocal_energyvar { 82.07286110245691   } 
   autocorr_energy { } 
} 

block { 
   label dmc
   totweight 45056
   nautocorr 0
   total_energy { -15.90580492906245   } 
   total_energyvar { 0.3883561562573916   } 
   weight { 0.9992337447594231   } 
   weightvar { 0.1033477121089485   } 
   kinetic_energy { 15.33711768882575   } 
   kinetic_energyvar { 209.7823756412227   } 
   potential_energy { -31.17318385166837   } 
   potential_energyvar { 356.970952749918   } 
   nonlocal_energy { -0.06973876621983269   } 
   nonlocal_energyvar { 107.1639287648666   } 
   autocorr_energy { } 
} 

block { 
   label dmc
   totweight 45056
   nautocorr 0
   total_energy { -15.90558657092671   } 
   total_energyvar { 0.3807945482692831   } 
   weight { 0.9927729545270058   } 
   weightvar { 0.1045107253749253   } 
   kinetic_energy { 15.5404152203283   } 
   kinetic_energyvar { 212.6532669449797   } 
   potential_energy { -31.34659275487354   } 
   potential_energyvar { 368.7208617384439   } 
   nonlocal_energy { -0.09940903638146642   } 
   nonlocal_energyvar { 115.5220601189289   } 
   autocorr_energy { } 
} 

block { 
   label dmc
   totweight 45056
   nautocorr 0
   total_energy { -15.89435393463082   } 
   total_energyvar { 0.3336035979796916   } 
   weight { 0.9905231660434685   } 
   weightvar { 0.1040431489831477   } 
   kinetic_energy { 15.21859919715191   } 
   kinetic_energyvar { 203.694674141673   } 
   potential_energy { -30.81672768835734   } 
   potential_energyvar { 313.1545552495762   } 
   nonlocal_energy { -0.2962254434253858   } 
   nonlocal_energyvar { 82.24082670140611   } 
   autocorr_energy { } 
} 

block { 
   label dmc
   totweight 45056
   nautocorr 0
   total_energy { -15.90538249471413   } 
   total_energyvar { 0.3133816081698778   } 
   weight { 0.9912572410964728   } 
   weightvar { 0.1037502170320308   } 
   kinetic_energy { 15.30580396628458   } 
   kinetic_energyvar { 209.3584755147443   } 
   potential_energy { -30.91161939651061   } 
   potential_energyvar { 296.0994515338244   } 
   nonlocal_energy { -0.2995670644881062   } 
   nonlocal_energyvar { 63.67148730755075   } 
   autocorr_energy { } 
} 

block { 
   label dmc
   totweight 45056
   nautocorr 0
   total_energy { -15.90392967848795   } 
   total_energyvar { 0.3351621838955314   } 
   weight { 0.9918090462847023   } 
   weightvar { 0.1062521223553798   } 
   kinetic_energy { 15.16510292620994   } 
   kinetic_energyvar { 200.9019838745517   } 
   potential_energy { -30.76486827529889   } 
   potential_energyvar { 301.849391826808   } 
   nonlocal_energy { -0.3041643293989986   } 
   nonlocal_energyvar { 77.35709605399484   } 
   autocorr_energy { } 
} 

block { 
   label dmc
   totweight 45056
   nautocorr 0
   total_energy { -15.90696944749251   } 
   total_energyvar { 0.3769833067507021   } 
   weight { 0.9948051683944716   } 
   weightvar { 0.1060231854484216   } 
   kinetic_energy { 15.41393744813324   } 
   kinetic_energyvar { 210.0163697977124   } 
   potential_energy { -31.02911150510604   } 
   potential_energyvar { 334.3395512211601   } 
   nonlocal_energy { -0.2917953905197142   } 
   nonlocal_energyvar { 94.29657472367631   } 
   autocorr_energy { } 
} 

block { 
   label dmc
   totweight 45056
   nautocorr 0
   total_energy { -15.90083624246161   } 
   total_energyvar { 0.376974049987045   } 
   weight { 0.9925669012553552   } 
   weightvar { 0.1059990696852997   } 
   kinetic_energy { 15.21201681355258   } 
   kinetic_energyvar { 204.1937964243381   } 
   potential_energy { -30.86945270478726   } 
   potential_energyvar { 379.6063307139311   } 
   nonlocal_energy { -0.2434003512269284   } 
   nonlocal_energyvar { 144.6938708823681   } 
   autocorr_energy { } 
} 

block { 
   label dmc
   totweight 45056
   nautocorr 0
   total_energy { -15.9039909597844   } 
   total_energyvar { 0.3186208555951641   } 
   weight { 0.9943687964836262   } 
   weightvar { 0.1064394740820741   } 
   kinetic_energy { 15.28641186462123   } 
   kinetic_energyvar { 205.942783739728   } 
   potential_energy { -30.89356024981749   } 
   potential_energyvar { 301.6445162236726   } 
   nonlocal_energy { -0.2968425745881387   } 
   nonlocal_energyvar { 67.93823597378412   } 
   autocorr_energy { } 
} 

block { 
   label dmc
   totweight 45056
   nautocorr 0
   total_energy { -15.91009365745281   } 
   total_energyvar { 0.355082788836211   } 
   weight { 0.9943392070620678   } 
   weightvar { 0.1025913189587131   } 
   kinetic_energy { 15.17861007879421   } 
   kinetic_energyvar { 201.3266415414614   } 
   potential_energy { -30.87116849906472   } 
   potential_energyvar { 337.8761827915827   } 
   nonlocal_energy { -0.2175352371823003   } 
   nonlocal_energyvar { 103.6388055853992   } 
   autocorr_energy { } 
} 

block { 
   label dmc
   totweight 45056
   nautocorr 0
   total_energy { -15.91013492896276   } 
   total_energyvar { 0.3180822907579681   } 
   weight { 1.000109888386147   } 
   weightvar { 0.1060130896973496   } 
   kinetic_energy { 15.53529657921507   } 
   kinetic_energyvar { 206.6492180063314   } 
   potential_energy { -31.14011429529785   } 
   potential_energyvar { 297.8594349643967   } 
   nonlocal_energy { -0.3053172128799828   } 
   nonlocal_energyvar { 68.13337097286757   } 
   autocorr_energy { } 
} 

block { 
   label dmc
   totweight 45056
   nautocorr 0
   total_energy { -15.91834631274405   } 
   total_energyvar { 0.3409175319149805   } 
   weight { 1.000941639137915   } 
   weightvar { 0.1042141101389999   } 
   kinetic_energy { 15.35172023460283   } 
   kinetic_energyvar { 209.169539820237   } 
   potential_energy { -31.06864268063977   } 
   potential_energyvar { 358.8436164544767   } 
   nonlocal_energy { -0.2014238667071091   } 
   nonlocal_energyvar { 115.5679203184399   } 
   autocorr_energy { } 
} 

