#-------------------------------------------------
#DMC run: timestep 0.07
#-------------------------------------------------


init { 
   label dmc
}
block { 
   label dmc
   totweight 28672
   nautocorr 0
   total_energy { -15.92491352701918   } 
   total_energyvar { 0.3549122849132402   } 
   weight { 1.011200760466012   } 
   weightvar { 0.03788621166557005   } 
   kinetic_energy { 14.82863247673668   } 
   kinetic_energyvar { 197.0823166945457   } 
   potential_energy { -30.92126855019431   } 
   potential_energyvar { 324.3233439935887   } 
   nonlocal_energy { 0.1677225464384456   } 
   nonlocal_energyvar { 97.81425351891328   } 
   autocorr_energy { } 
} 

block { 
   label dmc
   totweight 28672
   nautocorr 0
   total_energy { -15.93900537616069   } 
   total_energyvar { 0.3711525064344698   } 
   weight { 1.007109765347209   } 
   weightvar { 0.09843489708005104   } 
   kinetic_energy { 15.31617965621469   } 
   kinetic_energyvar { 207.9598870195689   } 
   potential_energy { -31.71956237373397   } 
   potential_energyvar { 339.133532336924   } 
   nonlocal_energy { 0.4643773413585926   } 
   nonlocal_energyvar { 99.73168486387365   } 
   autocorr_energy { } 
} 

block { 
   label dmc
   totweight 28672
   nautocorr 0
   total_energy { -15.91097260208943   } 
   total_energyvar { 0.3321667413801777   } 
   weight { 0.991806632730953   } 
   weightvar { 0.09801434973994783   } 
   kinetic_energy { 15.36892971927247   } 
   kinetic_energyvar { 206.5968784527938   } 
   potential_energy { -31.04748213930961   } 
   potential_energyvar { 309.3318587291608   } 
   nonlocal_energy { -0.2324201820522952   } 
   nonlocal_energyvar { 77.44872556390251   } 
   autocorr_energy { } 
} 

block { 
   label dmc
   totweight 28672
   nautocorr 0
   total_energy { -15.90925479216384   } 
   total_energyvar { 0.3008327730687199   } 
   weight { 0.9857721934620051   } 
   weightvar { 0.09963053167556812   } 
   kinetic_energy { 15.51385150415927   } 
   kinetic_energyvar { 214.0834119700188   } 
   potential_energy { -31.08261248508634   } 
   potential_energyvar { 291.2419914013831   } 
   nonlocal_energy { -0.3404938112367618   } 
   nonlocal_energyvar { 59.70137849144906   } 
   autocorr_energy { } 
} 

block { 
   label dmc
   totweight 28672
   nautocorr 0
   total_energy { -15.91297868735783   } 
   total_energyvar { 0.3550545004000867   } 
   weight { 0.9834790271424795   } 
   weightvar { 0.1051925143255821   } 
   kinetic_energy { 15.51686050830955   } 
   kinetic_energyvar { 208.5335059841508   } 
   potential_energy { -31.47580474328082   } 
   potential_energyvar { 349.9190369215917   } 
   nonlocal_energy { 0.04596554761343275   } 
   nonlocal_energyvar { 104.6443654010941   } 
   autocorr_energy { } 
} 

block { 
   label dmc
   totweight 28672
   nautocorr 0
   total_energy { -15.90089905525435   } 
   total_energyvar { 0.3512064024592689   } 
   weight { 0.9836789144185023   } 
   weightvar { 0.1084542612246888   } 
   kinetic_energy { 15.29469228910312   } 
   kinetic_energyvar { 204.0102352349328   } 
   potential_energy { -30.95088031748916   } 
   potential_energyvar { 334.4493371233315   } 
   nonlocal_energy { -0.2447110268683124   } 
   nonlocal_energyvar { 96.80555294113449   } 
   autocorr_energy { } 
} 

block { 
   label dmc
   totweight 28672
   nautocorr 0
   total_energy { -15.90553410433361   } 
   total_energyvar { 0.3021389682977826   } 
   weight { 0.9836998597920924   } 
   weightvar { 0.1155413444214576   } 
   kinetic_energy { 15.45349930099811   } 
   kinetic_energyvar { 206.5076229396192   } 
   potential_energy { -30.9330511101314   } 
   potential_energyvar { 280.6339321436234   } 
   nonlocal_energy { -0.4259822952003209   } 
   nonlocal_energyvar { 60.5202072187326   } 
   autocorr_energy { } 
} 

block { 
   label dmc
   totweight 28672
   nautocorr 0
   total_energy { -15.90063200925971   } 
   total_energyvar { 0.3360702303777998   } 
   weight { 0.9841956835886781   } 
   weightvar { 0.1188206091093029   } 
   kinetic_energy { 15.39643063795988   } 
   kinetic_energyvar { 212.615887443917   } 
   potential_energy { -31.1086787235895   } 
   potential_energyvar { 329.8432864622833   } 
   nonlocal_energy { -0.1883839236300914   } 
   nonlocal_energyvar { 77.68448348908304   } 
   autocorr_energy { } 
} 

block { 
   label dmc
   totweight 28672
   nautocorr 0
   total_energy { -15.91501985577899   } 
   total_energyvar { 0.3216564404625331   } 
   weight { 0.9932838249354949   } 
   weightvar { 0.1194968427770834   } 
   kinetic_energy { 15.54530379279814   } 
   kinetic_energyvar { 211.1057614217463   } 
   potential_energy { -31.41240022598456   } 
   potential_energyvar { 354.8045809988081   } 
   nonlocal_energy { -0.04792342259256546   } 
   nonlocal_energyvar { 106.6003967092202   } 
   autocorr_energy { } 
} 

block { 
   label dmc
   totweight 28672
   nautocorr 0
   total_energy { -15.92077168563507   } 
   total_energyvar { 0.3220187287854799   } 
   weight { 1.003325633319415   } 
   weightvar { 0.1143382474723271   } 
   kinetic_energy { 15.19678070904151   } 
   kinetic_energyvar { 200.8388134121239   } 
   potential_energy { -30.71922707438564   } 
   potential_energyvar { 283.2748903500068   } 
   nonlocal_energy { -0.3983253202909373   } 
   nonlocal_energyvar { 66.15438840199181   } 
   autocorr_energy { } 
} 

block { 
   label dmc
   totweight 28672
   nautocorr 0
   total_energy { -15.91856929291861   } 
   total_energyvar { 0.384656276139367   } 
   weight { 1.001969582418549   } 
   weightvar { 0.1094576991647411   } 
   kinetic_energy { 15.13920756140096   } 
   kinetic_energyvar { 202.6725036183625   } 
   potential_energy { -30.92821766694455   } 
   potential_energyvar { 366.9831608666059   } 
   nonlocal_energy { -0.1295591873750244   } 
   nonlocal_energyvar { 131.0122643995   } 
   autocorr_energy { } 
} 

block { 
   label dmc
   totweight 28672
   nautocorr 0
   total_energy { -15.90859808550746   } 
   total_energyvar { 0.3014855612764222   } 
   weight { 1.002345620178586   } 
   weightvar { 0.1123049394274833   } 
   kinetic_energy { 15.3239417785044   } 
   kinetic_energyvar { 208.6481805211499   } 
   potential_energy { -30.8949671234986   } 
   potential_energyvar { 292.4468056758238   } 
   nonlocal_energy { -0.3375727405132654   } 
   nonlocal_energyvar { 62.19929528457099   } 
   autocorr_energy { } 
} 

block { 
   label dmc
   totweight 28672
   nautocorr 0
   total_energy { -15.90119097544242   } 
   total_energyvar { 0.2985421670786081   } 
   weight { 0.9953502617602938   } 
   weightvar { 0.1135379170888607   } 
   kinetic_energy { 15.54564446897615   } 
   kinetic_energyvar { 209.9008295774499   } 
   potential_energy { -31.09120741374542   } 
   potential_energyvar { 291.2892256617125   } 
   nonlocal_energy { -0.3556280306731442   } 
   nonlocal_energyvar { 58.97724328054596   } 
   autocorr_energy { } 
} 

block { 
   label dmc
   totweight 28672
   nautocorr 0
   total_energy { -15.91383042785177   } 
   total_energyvar { 0.3214207667849962   } 
   weight { 0.9955186723598637   } 
   weightvar { 0.1210775454657994   } 
   kinetic_energy { 15.40682967514885   } 
   kinetic_energyvar { 209.7577775797007   } 
   potential_energy { -31.00263157892622   } 
   potential_energyvar { 303.4707276780914   } 
   nonlocal_energy { -0.3180285240743937   } 
   nonlocal_energyvar { 72.97169396575835   } 
   autocorr_energy { } 
} 

block { 
   label dmc
   totweight 28672
   nautocorr 0
   total_energy { -15.90483117615295   } 
   total_energyvar { 0.3213593304164135   } 
   weight { 0.995667915185358   } 
   weightvar { 0.1155155123387815   } 
   kinetic_energy { 15.01477800103408   } 
   kinetic_energyvar { 201.0774406434587   } 
   potential_energy { -30.54605966289924   } 
   potential_energyvar { 293.7797388412162   } 
   nonlocal_energy { -0.3735495142877896   } 
   nonlocal_energyvar { 71.70583286234991   } 
   autocorr_energy { } 
} 

block { 
   label dmc
   totweight 28672
   nautocorr 0
   total_energy { -15.91109372212338   } 
   total_energyvar { 0.2791798466067235   } 
   weight { 0.9963570566819554   } 
   weightvar { 0.1133322368001605   } 
   kinetic_energy { 15.20967223854673   } 
   kinetic_energyvar { 198.7778936567555   } 
   potential_energy { -30.68951580094749   } 
   potential_energyvar { 263.7205687184708   } 
   nonlocal_energy { -0.4312501597226265   } 
   nonlocal_energyvar { 47.6470954276107   } 
   autocorr_energy { } 
} 

block { 
   label dmc
   totweight 28672
   nautocorr 0
   total_energy { -15.91884255471665   } 
   total_energyvar { 0.3915642023072223   } 
   weight { 1.001800604336091   } 
   weightvar { 0.1105719758583799   } 
   kinetic_energy { 15.52916540218365   } 
   kinetic_energyvar { 208.4830153303246   } 
   potential_energy { -31.45401253373304   } 
   potential_energyvar { 378.6330064051436   } 
   nonlocal_energy { 0.006004576832740072   } 
   nonlocal_energyvar { 129.1304442522679   } 
   autocorr_energy { } 
} 

block { 
   label dmc
   totweight 28672
   nautocorr 0
   total_energy { -15.91602968098893   } 
   total_energyvar { 0.3895996933833032   } 
   weight { 1.002754659665352   } 
   weightvar { 0.1123898051859755   } 
   kinetic_energy { 15.16972923884574   } 
   kinetic_energyvar { 206.2095218076239   } 
   potential_energy { -30.94903676074218   } 
   potential_energyvar { 366.1233736228594   } 
   nonlocal_energy { -0.1367221590924866   } 
   nonlocal_energyvar { 120.9124884260601   } 
   autocorr_energy { } 
} 

block { 
   label dmc
   totweight 28672
   nautocorr 0
   total_energy { -15.90902950175411   } 
   total_energyvar { 0.3056895124674952   } 
   weight { 0.998466825877823   } 
   weightvar { 0.112366044080389   } 
   kinetic_energy { 15.74216567760894   } 
   kinetic_energyvar { 214.18760249127   } 
   potential_energy { -31.36911248303809   } 
   potential_energyvar { 312.1205794267944   } 
   nonlocal_energy { -0.2820826963249599   } 
   nonlocal_energyvar { 69.40838943346388   } 
   autocorr_energy { } 
} 

block { 
   label dmc
   totweight 28672
   nautocorr 0
   total_energy { -15.90858684129046   } 
   total_energyvar { 0.3578666792662375   } 
   weight { 0.9961687909286928   } 
   weightvar { 0.1156747565953095   } 
   kinetic_energy { 15.58468661570643   } 
   kinetic_energyvar { 212.660221338554   } 
   potential_energy { -31.35151724636939   } 
   potential_energyvar { 362.2730072112474   } 
   nonlocal_energy { -0.1417562106274997   } 
   nonlocal_energyvar { 111.9431648117985   } 
   autocorr_energy { } 
} 

block { 
   label dmc
   totweight 28672
   nautocorr 0
   total_energy { -15.91087514298213   } 
   total_energyvar { 0.3403215519346361   } 
   weight { 0.9943767988243487   } 
   weightvar { 0.1180071951913069   } 
   kinetic_energy { 15.43138672267436   } 
   kinetic_energyvar { 208.3179043786909   } 
   potential_energy { -31.08435661885958   } 
   potential_energyvar { 323.6369929611907   } 
   nonlocal_energy { -0.257905246796911   } 
   nonlocal_energyvar { 84.66290509498944   } 
   autocorr_energy { } 
} 

block { 
   label dmc
   totweight 28672
   nautocorr 0
   total_energy { -15.9178547115803   } 
   total_energyvar { 0.3031372654312463   } 
   weight { 0.9968570355511172   } 
   weightvar { 0.1177001900346364   } 
   kinetic_energy { 15.4310672445244   } 
   kinetic_energyvar { 202.2167657396471   } 
   potential_energy { -30.88240272759979   } 
   potential_energyvar { 270.4925236021145   } 
   nonlocal_energy { -0.4665192285049176   } 
   nonlocal_energyvar { 56.71817024080781   } 
   autocorr_energy { } 
} 

block { 
   label dmc
   totweight 28672
   nautocorr 0
   total_energy { -15.9228275547011   } 
   total_energyvar { 0.286213177828273   } 
   weight { 1.00664060538593   } 
   weightvar { 0.1183794232065318   } 
   kinetic_energy { 15.5461180210614   } 
   kinetic_energyvar { 204.8301205888118   } 
   potential_energy { -31.24872658363568   } 
   potential_energyvar { 316.0583946599944   } 
   nonlocal_energy { -0.2202189921268265   } 
   nonlocal_energyvar { 91.22909741802229   } 
   autocorr_energy { } 
} 

block { 
   label dmc
   totweight 28672
   nautocorr 0
   total_energy { -15.93688636849679   } 
   total_energyvar { 0.3187743834205037   } 
   weight { 1.015991274094787   } 
   weightvar { 0.1454033737094216   } 
   kinetic_energy { 15.44812275453586   } 
   kinetic_energyvar { 201.9538252858741   } 
   potential_energy { -31.91110145995727   } 
   potential_energyvar { 329.2373202117851   } 
   nonlocal_energy { 0.5260923369246139   } 
   nonlocal_energyvar { 94.40188425723544   } 
   autocorr_energy { } 
} 

block { 
   label dmc
   totweight 28672
   nautocorr 0
   total_energy { -15.9154250178794   } 
   total_energyvar { 0.3399009362190668   } 
   weight { 1.006168634412198   } 
   weightvar { 0.122795453073069   } 
   kinetic_energy { 15.09973135668928   } 
   kinetic_energyvar { 202.0311849732869   } 
   potential_energy { -30.96684806256018   } 
   potential_energyvar { 371.1875760964959   } 
   nonlocal_energy { -0.04830831200849907   } 
   nonlocal_energyvar { 137.0251092446323   } 
   autocorr_energy { } 
} 

block { 
   label dmc
   totweight 28672
   nautocorr 0
   total_energy { -15.93014673267543   } 
   total_energyvar { 0.3289112769844849   } 
   weight { 1.005080826640822   } 
   weightvar { 0.1200880062978369   } 
   kinetic_energy { 15.44022207202877   } 
   kinetic_energyvar { 207.8376017875275   } 
   potential_energy { -31.82125972459716   } 
   potential_energyvar { 411.5886198571155   } 
   nonlocal_energy { 0.4508909198929518   } 
   nonlocal_energyvar { 158.0816706592832   } 
   autocorr_energy { } 
} 

block { 
   label dmc
   totweight 28672
   nautocorr 0
   total_energy { -15.95785720496116   } 
   total_energyvar { 0.3429234091296109   } 
   weight { 1.00964437329877   } 
   weightvar { 0.1620334512918387   } 
   kinetic_energy { 15.67207655806167   } 
   kinetic_energyvar { 210.1187091479273   } 
   potential_energy { -32.7472855703251   } 
   potential_energyvar { 360.9514961317805   } 
   nonlocal_energy { 1.117351807302275   } 
   nonlocal_energyvar { 114.3405929344341   } 
   autocorr_energy { } 
} 

block { 
   label dmc
   totweight 28672
   nautocorr 0
   total_energy { -15.95092992944631   } 
   total_energyvar { 0.3409902626406733   } 
   weight { 1.009352725659117   } 
   weightvar { 0.1611397540826085   } 
   kinetic_energy { 15.63859579628066   } 
   kinetic_energyvar { 204.6785318895945   } 
   potential_energy { -32.57034251493184   } 
   potential_energyvar { 343.7351527160564   } 
   nonlocal_energy { 0.9808167892048717   } 
   nonlocal_energyvar { 102.6436919113422   } 
   autocorr_energy { } 
} 

block { 
   label dmc
   totweight 28672
   nautocorr 0
   total_energy { -15.91379184590131   } 
   total_energyvar { 0.3018248262550571   } 
   weight { 1.001693781741593   } 
   weightvar { 0.1296969041779037   } 
   kinetic_energy { 14.98544066230045   } 
   kinetic_energyvar { 199.4046371283598   } 
   potential_energy { -30.66277357907168   } 
   potential_energyvar { 280.3602602219715   } 
   nonlocal_energy { -0.2364589291300829   } 
   nonlocal_energyvar { 64.55149640026769   } 
   autocorr_energy { } 
} 

block { 
   label dmc
   totweight 28672
   nautocorr 0
   total_energy { -15.90592979420198   } 
   total_energyvar { 0.3588181088141766   } 
   weight { 0.9910371906049351   } 
   weightvar { 0.1111609141513379   } 
   kinetic_energy { 15.00259468630706   } 
   kinetic_energyvar { 202.1247266810101   } 
   potential_energy { -30.70986948194782   } 
   potential_energyvar { 342.2630604059123   } 
   nonlocal_energy { -0.1986549985612133   } 
   nonlocal_energyvar { 108.6371843191323   } 
   autocorr_energy { } 
} 

block { 
   label dmc
   totweight 28672
   nautocorr 0
   total_energy { -15.90696754692816   } 
   total_energyvar { 0.3914440830091053   } 
   weight { 0.9880992452567874   } 
   weightvar { 0.1104046197071319   } 
   kinetic_energy { 15.27483648600636   } 
   kinetic_energyvar { 203.7875366406753   } 
   potential_energy { -31.12033707777669   } 
   potential_energyvar { 372.6564609113209   } 
   nonlocal_energy { -0.06146695515783607   } 
   nonlocal_energyvar { 124.1229904743787   } 
   autocorr_energy { } 
} 

block { 
   label dmc
   totweight 28672
   nautocorr 0
   total_energy { -15.91535700425552   } 
   total_energyvar { 0.4087268726520108   } 
   weight { 0.9830408316427324   } 
   weightvar { 0.1120047857115392   } 
   kinetic_energy { 15.1006099762   } 
   kinetic_energyvar { 203.4084387146131   } 
   potential_energy { -30.84916713576283   } 
   potential_energyvar { 348.1221290334745   } 
   nonlocal_energy { -0.1667998446926912   } 
   nonlocal_energyvar { 111.3033952124894   } 
   autocorr_energy { } 
} 

block { 
   label dmc
   totweight 28672
   nautocorr 0
   total_energy { -15.90905335884084   } 
   total_energyvar { 0.3477701771194859   } 
   weight { 0.9878252015035345   } 
   weightvar { 0.1144269502790506   } 
   kinetic_energy { 15.32614617210343   } 
   kinetic_energyvar { 207.6031652171439   } 
   potential_energy { -30.97842936822616   } 
   potential_energyvar { 305.9268821135332   } 
   nonlocal_energy { -0.2567701627181115   } 
   nonlocal_energyvar { 78.22260923493063   } 
   autocorr_energy { } 
} 

block { 
   label dmc
   totweight 28672
   nautocorr 0
   total_energy { -15.91298584719395   } 
   total_energyvar { 0.3641226261383395   } 
   weight { 0.9867318308401084   } 
   weightvar { 0.11241330583234   } 
   kinetic_energy { 15.46355798720533   } 
   kinetic_energyvar { 207.6112802550757   } 
   potential_energy { -31.12569613450147   } 
   potential_energyvar { 320.8488852664638   } 
   nonlocal_energy { -0.2508476998978189   } 
   nonlocal_energyvar { 85.73429940310989   } 
   autocorr_energy { } 
} 

block { 
   label dmc
   totweight 28672
   nautocorr 0
   total_energy { -15.91579945909336   } 
   total_energyvar { 0.3285426446616668   } 
   weight { 0.9897187928890904   } 
   weightvar { 0.1124562660493622   } 
   kinetic_energy { 15.72065779800329   } 
   kinetic_energyvar { 205.951065108435   } 
   potential_energy { -31.33247397103576   } 
   potential_energyvar { 304.1550368639774   } 
   nonlocal_energy { -0.3039832860608971   } 
   nonlocal_energyvar { 73.33794150570297   } 
   autocorr_energy { } 
} 

block { 
   label dmc
   totweight 28672
   nautocorr 0
   total_energy { -15.91302968629432   } 
   total_energyvar { 0.2996353731529666   } 
   weight { 0.9930465603079625   } 
   weightvar { 0.1145640206064266   } 
   kinetic_energy { 15.07240511995301   } 
   kinetic_energyvar { 199.3558190537862   } 
   potential_energy { -30.56138807774567   } 
   potential_energyvar { 264.0994299141166   } 
   nonlocal_energy { -0.4240467285016647   } 
   nonlocal_energyvar { 52.96375654520233   } 
   autocorr_energy { } 
} 

block { 
   label dmc
   totweight 28672
   nautocorr 0
   total_energy { -15.91311351220597   } 
   total_energyvar { 0.2783466390625051   } 
   weight { 0.9953749556875228   } 
   weightvar { 0.1135477467543132   } 
   kinetic_energy { 15.25566780502675   } 
   kinetic_energyvar { 201.8876084498755   } 
   potential_energy { -30.73794576290957   } 
   potential_energyvar { 250.7572308253062   } 
   nonlocal_energy { -0.4308355543231542   } 
   nonlocal_energyvar { 39.18563376868175   } 
   autocorr_energy { } 
} 

block { 
   label dmc
   totweight 28672
   nautocorr 0
   total_energy { -15.93161115486678   } 
   total_energyvar { 0.3711981939022166   } 
   weight { 0.996780730939216   } 
   weightvar { 0.1242596225200682   } 
   kinetic_energy { 15.49534132856747   } 
   kinetic_energyvar { 205.6231036220463   } 
   potential_energy { -32.98252404936489   } 
   potential_energyvar { 630.2793750783773   } 
   nonlocal_energy { 1.555571565930638   } 
   nonlocal_energyvar { 358.8756626004236   } 
   autocorr_energy { } 
} 

block { 
   label dmc
   totweight 28672
   nautocorr 0
   total_energy { -15.9330160238498   } 
   total_energyvar { 0.3128197014872853   } 
   weight { 1.003938608208186   } 
   weightvar { 0.147756917015369   } 
   kinetic_energy { 15.68522222861141   } 
   kinetic_energyvar { 211.2720060296684   } 
   potential_energy { -33.56320883762668   } 
   potential_energyvar { 555.7134022674596   } 
   nonlocal_energy { 1.944970585165467   } 
   nonlocal_energyvar { 294.7426629541246   } 
   autocorr_energy { } 
} 

block { 
   label dmc
   totweight 28672
   nautocorr 0
   total_energy { -15.92543524919953   } 
   total_energyvar { 0.3306418141949337   } 
   weight { 1.001146465567092   } 
   weightvar { 0.1227469390927052   } 
   kinetic_energy { 15.46523116093794   } 
   kinetic_energyvar { 205.9246260029252   } 
   potential_energy { -31.44009531104211   } 
   potential_energyvar { 323.1529160676266   } 
   nonlocal_energy { 0.04942890090464155   } 
   nonlocal_energyvar { 86.82297298254605   } 
   autocorr_energy { } 
} 

block { 
   label dmc
   totweight 28672
   nautocorr 0
   total_energy { -15.92732559376655   } 
   total_energyvar { 0.3150394377322812   } 
   weight { 1.003604705177799   } 
   weightvar { 0.1427561084464806   } 
   kinetic_energy { 15.38222701452285   } 
   kinetic_energyvar { 205.7554753349663   } 
   potential_energy { -31.548449532112   } 
   potential_energyvar { 312.0357356902887   } 
   nonlocal_energy { 0.2388969238226034   } 
   nonlocal_energyvar { 77.807803748596   } 
   autocorr_energy { } 
} 

block { 
   label dmc
   totweight 28672
   nautocorr 0
   total_energy { -15.91978690976058   } 
   total_energyvar { 0.3650963208829126   } 
   weight { 0.9991907291900201   } 
   weightvar { 0.1162902032992356   } 
   kinetic_energy { 15.08596309188997   } 
   kinetic_energyvar { 203.3443545894795   } 
   potential_energy { -30.8299346156394   } 
   potential_energyvar { 385.2116978238018   } 
   nonlocal_energy { -0.1758153860111412   } 
   nonlocal_energyvar { 146.5746463504707   } 
   autocorr_energy { } 
} 

block { 
   label dmc
   totweight 28672
   nautocorr 0
   total_energy { -15.91497343273534   } 
   total_energyvar { 0.3608303356684246   } 
   weight { 0.9963563405580016   } 
   weightvar { 0.1089191716501764   } 
   kinetic_energy { 15.31269653526375   } 
   kinetic_energyvar { 209.6024556727638   } 
   potential_energy { -31.03162979111643   } 
   potential_energyvar { 339.6108179446255   } 
   nonlocal_energy { -0.1960401768826639   } 
   nonlocal_energyvar { 94.20392030522525   } 
   autocorr_energy { } 
} 

block { 
   label dmc
   totweight 28672
   nautocorr 0
   total_energy { -15.90544471224872   } 
   total_energyvar { 0.3406587201556874   } 
   weight { 0.9894489561446635   } 
   weightvar { 0.1115928404863156   } 
   kinetic_energy { 15.53028498904444   } 
   kinetic_energyvar { 213.8828042386307   } 
   potential_energy { -31.41239014320525   } 
   potential_energyvar { 343.5604523467306   } 
   nonlocal_energy { -0.02333955808789989   } 
   nonlocal_energyvar { 85.43055438271325   } 
   autocorr_energy { } 
} 

block { 
   label dmc
   totweight 28672
   nautocorr 0
   total_energy { -15.91520042554464   } 
   total_energyvar { 0.2972533320755417   } 
   weight { 0.9913137128574991   } 
   weightvar { 0.1096787859960007   } 
   kinetic_energy { 15.26385242325282   } 
   kinetic_energyvar { 207.0509460147358   } 
   potential_energy { -30.77798813756315   } 
   potential_energyvar { 277.1716381539219   } 
   nonlocal_energy { -0.4010647112343227   } 
   nonlocal_energyvar { 52.44922182337915   } 
   autocorr_energy { } 
} 

block { 
   label dmc
   totweight 28672
   nautocorr 0
   total_energy { -15.90874092298618   } 
   total_energyvar { 0.3228452347500479   } 
   weight { 0.9884136046598803   } 
   weightvar { 0.1080479307500209   } 
   kinetic_energy { 15.46867905228287   } 
   kinetic_energyvar { 210.9464660990438   } 
   potential_energy { -31.18737134178106   } 
   potential_energyvar { 316.7783436408478   } 
   nonlocal_energy { -0.1900486334879859   } 
   nonlocal_energyvar { 75.43706782482897   } 
   autocorr_energy { } 
} 

block { 
   label dmc
   totweight 28672
   nautocorr 0
   total_energy { -15.92797653074736   } 
   total_energyvar { 0.3535982002880189   } 
   weight { 0.9948154376681521   } 
   weightvar { 0.1115006058579122   } 
   kinetic_energy { 15.3329914038553   } 
   kinetic_energyvar { 201.6408006407134   } 
   potential_energy { -31.11354952962744   } 
   potential_energyvar { 318.4827085860057   } 
   nonlocal_energy { -0.1474184049752264   } 
   nonlocal_energyvar { 87.30899937072087   } 
   autocorr_energy { } 
} 

block { 
   label dmc
   totweight 28672
   nautocorr 0
   total_energy { -15.90374877274989   } 
   total_energyvar { 0.3252357947713165   } 
   weight { 0.9914605926545086   } 
   weightvar { 0.1126851959267511   } 
   kinetic_energy { 15.20711249758977   } 
   kinetic_energyvar { 207.3546107085903   } 
   potential_energy { -30.92931478374561   } 
   potential_energyvar { 402.7900391994232   } 
   nonlocal_energy { -0.1815464865940613   } 
   nonlocal_energyvar { 156.9268396208636   } 
   autocorr_energy { } 
} 

block { 
   label dmc
   totweight 28672
   nautocorr 0
   total_energy { -15.9121033602126   } 
   total_energyvar { 0.3648270681528345   } 
   weight { 0.9892188250589334   } 
   weightvar { 0.1130447379243126   } 
   kinetic_energy { 15.31632013135307   } 
   kinetic_energyvar { 204.2511359337512   } 
   potential_energy { -31.00295770184045   } 
   potential_energyvar { 333.2207337293477   } 
   nonlocal_energy { -0.2254657897252217   } 
   nonlocal_energyvar { 99.67761750177984   } 
   autocorr_energy { } 
} 

block { 
   label dmc
   totweight 28672
   nautocorr 0
   total_energy { -15.90879726477654   } 
   total_energyvar { 0.2885020328857593   } 
   weight { 0.9888245794868714   } 
   weightvar { 0.1141110558111604   } 
   kinetic_energy { 14.94847565692016   } 
   kinetic_energyvar { 198.6304072281433   } 
   potential_energy { -30.47981307107003   } 
   potential_energyvar { 275.0625102928572   } 
   nonlocal_energy { -0.3774598506266692   } 
   nonlocal_energyvar { 58.43371455000031   } 
   autocorr_energy { } 
} 

block { 
   label dmc
   totweight 28672
   nautocorr 0
   total_energy { -15.9025335396915   } 
   total_energyvar { 0.2826665490769074   } 
   weight { 0.9897523880916823   } 
   weightvar { 0.118065112341992   } 
   kinetic_energy { 15.35267872868566   } 
   kinetic_energyvar { 206.0895739095245   } 
   potential_energy { -30.93956279910615   } 
   potential_energyvar { 279.8502716275689   } 
   nonlocal_energy { -0.3156494692710122   } 
   nonlocal_energyvar { 55.61946494560993   } 
   autocorr_energy { } 
} 

block { 
   label dmc
   totweight 28672
   nautocorr 0
   total_energy { -15.91524895158402   } 
   total_energyvar { 0.316507036136926   } 
   weight { 0.9913268355473203   } 
   weightvar { 0.1179913279095978   } 
   kinetic_energy { 15.42356887833591   } 
   kinetic_energyvar { 206.3141422142217   } 
   potential_energy { -30.95723971845146   } 
   potential_energyvar { 285.9004961700067   } 
   nonlocal_energy { -0.3815781114684641   } 
   nonlocal_energyvar { 58.41444330232579   } 
   autocorr_energy { } 
} 

block { 
   label dmc
   totweight 28672
   nautocorr 0
   total_energy { -15.91652262237766   } 
   total_energyvar { 0.3438680202499427   } 
   weight { 0.9952974255878259   } 
   weightvar { 0.1134286097720203   } 
   kinetic_energy { 15.37524064604058   } 
   kinetic_energyvar { 206.1808380904143   } 
   potential_energy { -31.02985024511879   } 
   potential_energyvar { 317.667969358061   } 
   nonlocal_energy { -0.2619130232994538   } 
   nonlocal_energyvar { 88.95475239666135   } 
   autocorr_energy { } 
} 

block { 
   label dmc
   totweight 28672
   nautocorr 0
   total_energy { -15.91195264899237   } 
   total_energyvar { 0.3276745101741199   } 
   weight { 0.992708407478001   } 
   weightvar { 0.1128349813120187   } 
   kinetic_energy { 15.07589523944533   } 
   kinetic_energyvar { 201.36131025788   } 
   potential_energy { -30.73741400503732   } 
   potential_energyvar { 342.7295440241791   } 
   nonlocal_energy { -0.2504338834003879   } 
   nonlocal_energyvar { 112.2433892641713   } 
   autocorr_energy { } 
} 

block { 
   label dmc
   totweight 28672
   nautocorr 0
   total_energy { -15.91259351519455   } 
   total_energyvar { 0.3313897721284036   } 
   weight { 0.9928159811920185   } 
   weightvar { 0.1093940171905053   } 
   kinetic_energy { 15.28758275863323   } 
   kinetic_energyvar { 206.7012294222654   } 
   potential_energy { -30.81431917145084   } 
   potential_energyvar { 306.3115732201215   } 
   nonlocal_energy { -0.3858571023769373   } 
   nonlocal_energyvar { 75.6027743881484   } 
   autocorr_energy { } 
} 

block { 
   label dmc
   totweight 28672
   nautocorr 0
   total_energy { -15.92251574885466   } 
   total_energyvar { 0.3300270253724022   } 
   weight { 0.9949516022797761   } 
   weightvar { 0.1137005258160547   } 
   kinetic_energy { 15.18433363233912   } 
   kinetic_energyvar { 202.5476677749714   } 
   potential_energy { -31.24268867555749   } 
   potential_energyvar { 423.0392875624689   } 
   nonlocal_energy { 0.1358392943637111   } 
   nonlocal_energyvar { 178.898633350803   } 
   autocorr_energy { } 
} 

block { 
   label dmc
   totweight 28672
   nautocorr 0
   total_energy { -15.92153543302512   } 
   total_energyvar { 0.3212602439230636   } 
   weight { 1.000824358904447   } 
   weightvar { 0.1169216640478878   } 
   kinetic_energy { 15.22401169411737   } 
   kinetic_energyvar { 203.2643778310902   } 
   potential_energy { -30.90199872719553   } 
   potential_energyvar { 337.755613401848   } 
   nonlocal_energy { -0.2435483999469513   } 
   nonlocal_energyvar { 110.4131613695319   } 
   autocorr_energy { } 
} 

block { 
   label dmc
   totweight 28672
   nautocorr 0
   total_energy { -15.91215887558041   } 
   total_energyvar { 0.3356568210539308   } 
   weight { 0.9966425266274976   } 
   weightvar { 0.1157019447424013   } 
   kinetic_energy { 15.36776926647435   } 
   kinetic_energyvar { 209.3869779983849   } 
   potential_energy { -31.1422982432681   } 
   potential_energyvar { 320.9461694955617   } 
   nonlocal_energy { -0.1376298987866587   } 
   nonlocal_energyvar { 80.8244573227834   } 
   autocorr_energy { } 
} 

block { 
   label dmc
   totweight 28672
   nautocorr 0
   total_energy { -15.91561070228589   } 
   total_energyvar { 0.298910979396851   } 
   weight { 0.995757364815377   } 
   weightvar { 0.1167206681964533   } 
   kinetic_energy { 15.32697427547258   } 
   kinetic_energyvar { 203.2102048569133   } 
   potential_energy { -30.80294269597646   } 
   potential_energyvar { 271.0123728805621   } 
   nonlocal_energy { -0.4396422817820044   } 
   nonlocal_energyvar { 52.86050716972792   } 
   autocorr_energy { } 
} 

block { 
   label dmc
   totweight 28672
   nautocorr 0
   total_energy { -15.90417439318924   } 
   total_energyvar { 0.3058827597551499   } 
   weight { 0.9934538441440036   } 
   weightvar { 0.1112759112262194   } 
   kinetic_energy { 15.19324234864216   } 
   kinetic_energyvar { 203.2459655698105   } 
   potential_energy { -30.71066351213619   } 
   potential_energyvar { 283.9618481257847   } 
   nonlocal_energy { -0.3867532296952148   } 
   nonlocal_energyvar { 60.32935837191448   } 
   autocorr_energy { } 
} 

block { 
   label dmc
   totweight 28672
   nautocorr 0
   total_energy { -15.91156883604654   } 
   total_energyvar { 0.3719329357074912   } 
   weight { 0.991155538785539   } 
   weightvar { 0.1098969233394232   } 
   kinetic_energy { 15.14467826819275   } 
   kinetic_energyvar { 206.5925041653367   } 
   potential_energy { -30.86678678820282   } 
   potential_energyvar { 349.4244313269709   } 
   nonlocal_energy { -0.1894603160364643   } 
   nonlocal_energyvar { 107.1427347235148   } 
   autocorr_energy { } 
} 

block { 
   label dmc
   totweight 28672
   nautocorr 0
   total_energy { -15.90360498590574   } 
   total_energyvar { 0.3056177323842917   } 
   weight { 0.987503387065211   } 
   weightvar { 0.1171053444295848   } 
   kinetic_energy { 15.71247489399721   } 
   kinetic_energyvar { 212.9189897951607   } 
   potential_energy { -31.50893156948111   } 
   potential_energyvar { 331.2050889268819   } 
   nonlocal_energy { -0.1071483104218396   } 
   nonlocal_energyvar { 83.13712593325843   } 
   autocorr_energy { } 
} 

block { 
   label dmc
   totweight 28672
   nautocorr 0
   total_energy { -15.90687938776913   } 
   total_energyvar { 0.2893240308698637   } 
   weight { 0.9887954251108846   } 
   weightvar { 0.1158039444191481   } 
   kinetic_energy { 15.35042774365658   } 
   kinetic_energyvar { 211.433452645278   } 
   potential_energy { -30.98385708932973   } 
   potential_energyvar { 300.0962848584919   } 
   nonlocal_energy { -0.2734500420959801   } 
   nonlocal_energyvar { 60.83059491327968   } 
   autocorr_energy { } 
} 

block { 
   label dmc
   totweight 28672
   nautocorr 0
   total_energy { -15.91685860706232   } 
   total_energyvar { 0.3107474633706886   } 
   weight { 0.9938636098715261   } 
   weightvar { 0.1146920724015534   } 
   kinetic_energy { 15.31260329022477   } 
   kinetic_energyvar { 203.9844877693055   } 
   potential_energy { -30.84721644483728   } 
   potential_energyvar { 282.3934682009061   } 
   nonlocal_energy { -0.3822454524498133   } 
   nonlocal_energyvar { 63.62928121257346   } 
   autocorr_energy { } 
} 

block { 
   label dmc
   totweight 28672
   nautocorr 0
   total_energy { -15.91931810725264   } 
   total_energyvar { 0.3219100965191615   } 
   weight { 0.9951599377056027   } 
   weightvar { 0.1166817843186314   } 
   kinetic_energy { 15.65191724478064   } 
   kinetic_energyvar { 213.10140079923   } 
   potential_energy { -31.46751625768257   } 
   potential_energyvar { 347.9211966646553   } 
   nonlocal_energy { -0.1037190943507149   } 
   nonlocal_energyvar { 100.8994548903092   } 
   autocorr_energy { } 
} 

block { 
   label dmc
   totweight 28672
   nautocorr 0
   total_energy { -15.9264468078676   } 
   total_energyvar { 0.3300396272198327   } 
   weight { 0.9988040954659899   } 
   weightvar { 0.1145009414238437   } 
   kinetic_energy { 15.4126668476632   } 
   kinetic_energyvar { 207.9031143642211   } 
   potential_energy { -31.4091273361235   } 
   potential_energyvar { 329.221896825189   } 
   nonlocal_energy { 0.07001368059269945   } 
   nonlocal_energyvar { 90.46558756631644   } 
   autocorr_energy { } 
} 

block { 
   label dmc
   totweight 28672
   nautocorr 0
   total_energy { -15.92484248288067   } 
   total_energyvar { 0.3368780545106631   } 
   weight { 1.001422308183454   } 
   weightvar { 0.1134371281608229   } 
   kinetic_energy { 15.80463196615077   } 
   kinetic_energyvar { 210.4732293889443   } 
   potential_energy { -31.58491120523522   } 
   potential_energyvar { 346.5326452484576   } 
   nonlocal_energy { -0.1445632437962152   } 
   nonlocal_energyvar { 96.47939858325752   } 
   autocorr_energy { } 
} 

block { 
   label dmc
   totweight 28672
   nautocorr 0
   total_energy { -15.92680728048037   } 
   total_energyvar { 0.4540652867270012   } 
   weight { 1.001102797740138   } 
   weightvar { 0.1127246252689682   } 
   kinetic_energy { 15.4649956478457   } 
   kinetic_energyvar { 209.1704128375296   } 
   potential_energy { -31.5042217332526   } 
   potential_energyvar { 459.8681341985762   } 
   nonlocal_energy { 0.1124188049265283   } 
   nonlocal_energyvar { 188.6030606275071   } 
   autocorr_energy { } 
} 

block { 
   label dmc
   totweight 28672
   nautocorr 0
   total_energy { -15.93420243572839   } 
   total_energyvar { 0.3100160739246292   } 
   weight { 1.006520051678248   } 
   weightvar { 0.1408360349815581   } 
   kinetic_energy { 15.5857956269652   } 
   kinetic_energyvar { 206.458531285579   } 
   potential_energy { -32.1244020187934   } 
   potential_energyvar { 400.1512593973347   } 
   nonlocal_energy { 0.6044039560998024   } 
   nonlocal_energyvar { 152.2151564001241   } 
   autocorr_energy { } 
} 

block { 
   label dmc
   totweight 28672
   nautocorr 0
   total_energy { -15.91970028368938   } 
   total_energyvar { 0.3506488205307505   } 
   weight { 1.001833163209287   } 
   weightvar { 0.109407628949683   } 
   kinetic_energy { 15.67706846614398   } 
   kinetic_energyvar { 212.7061826627782   } 
   potential_energy { -31.66880932110014   } 
   potential_energyvar { 411.8172037170206   } 
   nonlocal_energy { 0.07204057126678801   } 
   nonlocal_energyvar { 153.9151634621219   } 
   autocorr_energy { } 
} 

block { 
   label dmc
   totweight 28672
   nautocorr 0
   total_energy { -15.91459422264704   } 
   total_energyvar { 0.6589548604338802   } 
   weight { 0.9961398809491794   } 
   weightvar { 0.1091984997034713   } 
   kinetic_energy { 15.68213436463612   } 
   kinetic_energyvar { 209.9699595663177   } 
   potential_energy { -31.47805101900851   } 
   potential_energyvar { 540.7153175849061   } 
   nonlocal_energy { -0.1186775682746515   } 
   nonlocal_energyvar { 290.6400256003429   } 
   autocorr_energy { } 
} 

block { 
   label dmc
   totweight 28672
   nautocorr 0
   total_energy { -15.9106794096835   } 
   total_energyvar { 0.2817853531769288   } 
   weight { 0.996268023317099   } 
   weightvar { 0.120803454423555   } 
   kinetic_energy { 15.34468799728429   } 
   kinetic_energyvar { 205.3954090647528   } 
   potential_energy { -31.06834511003926   } 
   potential_energyvar { 283.7586127950769   } 
   nonlocal_energy { -0.1870222969285298   } 
   nonlocal_energyvar { 56.94280190927272   } 
   autocorr_energy { } 
} 

block { 
   label dmc
   totweight 28672
   nautocorr 0
   total_energy { -15.91138348967614   } 
   total_energyvar { 0.3175132581992557   } 
   weight { 0.9946238558685102   } 
   weightvar { 0.1152495479840145   } 
   kinetic_energy { 15.54427662650858   } 
   kinetic_energyvar { 207.9659996468513   } 
   potential_energy { -31.24210933696355   } 
   potential_energyvar { 326.0100705387571   } 
   nonlocal_energy { -0.2135507792211667   } 
   nonlocal_energyvar { 86.86260799912095   } 
   autocorr_energy { } 
} 

block { 
   label dmc
   totweight 28672
   nautocorr 0
   total_energy { -15.90933608510409   } 
   total_energyvar { 0.3127891801178748   } 
   weight { 0.9897866644621163   } 
   weightvar { 0.1159323220522847   } 
   kinetic_energy { 15.4087600103479   } 
   kinetic_energyvar { 206.3586642098967   } 
   potential_energy { -30.98946049741803   } 
   potential_energyvar { 309.6104998018329   } 
   nonlocal_energy { -0.3286355980339549   } 
   nonlocal_energyvar { 81.93533571534304   } 
   autocorr_energy { } 
} 

block { 
   label dmc
   totweight 28672
   nautocorr 0
   total_energy { -15.92068807948191   } 
   total_energyvar { 0.3707187351244841   } 
   weight { 0.9929338733634318   } 
   weightvar { 0.1173553010615231   } 
   kinetic_energy { 15.4968996273686   } 
   kinetic_energyvar { 207.6873682049814   } 
   potential_energy { -31.25382982114674   } 
   potential_energyvar { 339.6824364864414   } 
   nonlocal_energy { -0.1637578857037624   } 
   nonlocal_energyvar { 100.2235800775674   } 
   autocorr_energy { } 
} 

block { 
   label dmc
   totweight 28672
   nautocorr 0
   total_energy { -15.91741472962337   } 
   total_energyvar { 0.3604607996769005   } 
   weight { 0.9946823833097421   } 
   weightvar { 0.1172595795973607   } 
   kinetic_energy { 15.26707835779498   } 
   kinetic_energyvar { 203.4223570060908   } 
   potential_energy { -31.06228533885828   } 
   potential_energyvar { 340.4464981990279   } 
   nonlocal_energy { -0.1222077485600682   } 
   nonlocal_energyvar { 103.2632519513275   } 
   autocorr_energy { } 
} 

block { 
   label dmc
   totweight 28672
   nautocorr 0
   total_energy { -15.92697607279491   } 
   total_energyvar { 0.3117053560092131   } 
   weight { 0.9998244643751034   } 
   weightvar { 0.1293249240883244   } 
   kinetic_energy { 15.33483341721791   } 
   kinetic_energyvar { 200.4090139172831   } 
   potential_energy { -31.21265563285485   } 
   potential_energyvar { 312.0445625969123   } 
   nonlocal_energy { -0.04915385715796702   } 
   nonlocal_energyvar { 83.53426757739854   } 
   autocorr_energy { } 
} 

block { 
   label dmc
   totweight 28672
   nautocorr 0
   total_energy { -15.91106075023815   } 
   total_energyvar { 0.312308832797811   } 
   weight { 0.9996703134941642   } 
   weightvar { 0.1182273093586724   } 
   kinetic_energy { 15.25715269808342   } 
   kinetic_energyvar { 203.1129793318071   } 
   potential_energy { -31.0146651560944   } 
   potential_energyvar { 336.7046181489782   } 
   nonlocal_energy { -0.1535482922271849   } 
   nonlocal_energyvar { 99.85673980888689   } 
   autocorr_energy { } 
} 

block { 
   label dmc
   totweight 28672
   nautocorr 0
   total_energy { -15.91187535477885   } 
   total_energyvar { 0.3047467248355815   } 
   weight { 0.9947625617456656   } 
   weightvar { 0.1172178947702628   } 
   kinetic_energy { 15.36875018118919   } 
   kinetic_energyvar { 205.0969931917266   } 
   potential_energy { -30.81867008692106   } 
   potential_energyvar { 285.7742876641444   } 
   nonlocal_energy { -0.4619554490469773   } 
   nonlocal_energyvar { 67.32016096311922   } 
   autocorr_energy { } 
} 

block { 
   label dmc
   totweight 28672
   nautocorr 0
   total_energy { -15.91848939070775   } 
   total_energyvar { 0.3432039210085236   } 
   weight { 0.9947236434408392   } 
   weightvar { 0.1146409622365132   } 
   kinetic_energy { 15.16167455373285   } 
   kinetic_energyvar { 203.0213379620522   } 
   potential_energy { -30.87329084188453   } 
   potential_energyvar { 308.86705591103   } 
   nonlocal_energy { -0.2068731025560711   } 
   nonlocal_energyvar { 79.23007868882671   } 
   autocorr_energy { } 
} 

block { 
   label dmc
   totweight 28672
   nautocorr 0
   total_energy { -15.90197560930438   } 
   total_energyvar { 0.3434461696801918   } 
   weight { 0.9869681110716453   } 
   weightvar { 0.1107464014943923   } 
   kinetic_energy { 15.10023206565113   } 
   kinetic_energyvar { 202.3693475800892   } 
   potential_energy { -30.66610888042245   } 
   potential_energyvar { 302.5784821135624   } 
   nonlocal_energy { -0.3360987945330652   } 
   nonlocal_energyvar { 77.71966495163876   } 
   autocorr_energy { } 
} 

block { 
   label dmc
   totweight 28672
   nautocorr 0
   total_energy { -15.91379239719224   } 
   total_energyvar { 0.3215937875902739   } 
   weight { 0.9875178872964524   } 
   weightvar { 0.1140377351140306   } 
   kinetic_energy { 15.41043360947253   } 
   kinetic_energyvar { 204.7005088461022   } 
   potential_energy { -30.9704779097105   } 
   potential_energyvar { 302.7614772741562   } 
   nonlocal_energy { -0.353748096954268   } 
   nonlocal_energyvar { 74.37366553359284   } 
   autocorr_energy { } 
} 

block { 
   label dmc
   totweight 28672
   nautocorr 0
   total_energy { -15.91115893899249   } 
   total_energyvar { 0.3070809838190769   } 
   weight { 0.9927549503756945   } 
   weightvar { 0.1191796397479896   } 
   kinetic_energy { 15.12868227364201   } 
   kinetic_energyvar { 197.1469101115423   } 
   potential_energy { -30.65558845607987   } 
   potential_energyvar { 275.1575943726419   } 
   nonlocal_energy { -0.3842527565546277   } 
   nonlocal_energyvar { 64.81667680296378   } 
   autocorr_energy { } 
} 

block { 
   label dmc
   totweight 28672
   nautocorr 0
   total_energy { -15.90988120920017   } 
   total_energyvar { 0.3728727787135426   } 
   weight { 0.9898285787888016   } 
   weightvar { 0.1179414915003612   } 
   kinetic_energy { 15.68676763938246   } 
   kinetic_energyvar { 215.0640101447292   } 
   potential_energy { -31.49544434624292   } 
   potential_energyvar { 387.3197085910596   } 
   nonlocal_energy { -0.1012045023397068   } 
   nonlocal_energyvar { 134.8420493235244   } 
   autocorr_energy { } 
} 

block { 
   label dmc
   totweight 28672
   nautocorr 0
   total_energy { -15.9053970681959   } 
   total_energyvar { 0.277739248424524   } 
   weight { 0.9888971901058421   } 
   weightvar { 0.1157407437641813   } 
   kinetic_energy { 15.61683592069933   } 
   kinetic_energyvar { 213.1514899208042   } 
   potential_energy { -31.33458011693595   } 
   potential_energyvar { 334.9447137930885   } 
   nonlocal_energy { -0.1876528719592747   } 
   nonlocal_energyvar { 100.9711195257026   } 
   autocorr_energy { } 
} 

block { 
   label dmc
   totweight 28672
   nautocorr 0
   total_energy { -15.92038963790951   } 
   total_energyvar { 0.3997070243189   } 
   weight { 0.9948424251595703   } 
   weightvar { 0.1189452397693486   } 
   kinetic_energy { 15.4182236298548   } 
   kinetic_energyvar { 207.1067740289356   } 
   potential_energy { -31.19850293627842   } 
   potential_energyvar { 360.1238934075968   } 
   nonlocal_energy { -0.1401103314858928   } 
   nonlocal_energyvar { 114.2063188519658   } 
   autocorr_energy { } 
} 

block { 
   label dmc
   totweight 28672
   nautocorr 0
   total_energy { -15.90588294017388   } 
   total_energyvar { 0.3340902945151356   } 
   weight { 0.9899791719643284   } 
   weightvar { 0.1158622637511945   } 
   kinetic_energy { 15.4105487810085   } 
   kinetic_energyvar { 209.2797037502414   } 
   potential_energy { -30.97296912022168   } 
   potential_energyvar { 305.7962872661059   } 
   nonlocal_energy { -0.343462600960705   } 
   nonlocal_energyvar { 72.72042209283239   } 
   autocorr_energy { } 
} 

block { 
   label dmc
   totweight 28672
   nautocorr 0
   total_energy { -15.90234799517094   } 
   total_energyvar { 0.2824014845270426   } 
   weight { 0.9874493819448515   } 
   weightvar { 0.1184454840231053   } 
   kinetic_energy { 15.50574124851478   } 
   kinetic_energyvar { 207.8661089717926   } 
   potential_energy { -31.10588599682286   } 
   potential_energyvar { 286.0444786420145   } 
   nonlocal_energy { -0.3022032468628537   } 
   nonlocal_energyvar { 57.91660236553901   } 
   autocorr_energy { } 
} 

block { 
   label dmc
   totweight 28672
   nautocorr 0
   total_energy { -15.90775780963498   } 
   total_energyvar { 0.3458548588821486   } 
   weight { 0.9890175992418193   } 
   weightvar { 0.1186315429206015   } 
   kinetic_energy { 15.90004904840845   } 
   kinetic_energyvar { 216.2971692875043   } 
   potential_energy { -31.66126800198288   } 
   potential_energyvar { 341.9941327028997   } 
   nonlocal_energy { -0.1465388560605487   } 
   nonlocal_energyvar { 86.8402877264411   } 
   autocorr_energy { } 
} 

block { 
   label dmc
   totweight 28672
   nautocorr 0
   total_energy { -15.92229332304249   } 
   total_energyvar { 0.3606720108106742   } 
   weight { 0.9904326177523979   } 
   weightvar { 0.1166426943398374   } 
   kinetic_energy { 15.56105622855295   } 
   kinetic_energyvar { 206.4236250204921   } 
   potential_energy { -31.37123323575725   } 
   potential_energyvar { 339.3958902087237   } 
   nonlocal_energy { -0.112116315838192   } 
   nonlocal_energyvar { 95.3853287395864   } 
   autocorr_energy { } 
} 

block { 
   label dmc
   totweight 28672
   nautocorr 0
   total_energy { -15.91821678069585   } 
   total_energyvar { 0.4200229357980163   } 
   weight { 0.9955249090009971   } 
   weightvar { 0.1119501434080623   } 
   kinetic_energy { 15.51842617850727   } 
   kinetic_energyvar { 207.1240361325564   } 
   potential_energy { -31.25091665015026   } 
   potential_energyvar { 374.8526544585254   } 
   nonlocal_energy { -0.1857263090528575   } 
   nonlocal_energyvar { 129.4835374682986   } 
   autocorr_energy { } 
} 

block { 
   label dmc
   totweight 28672
   nautocorr 0
   total_energy { -15.90565235423849   } 
   total_energyvar { 0.4111085565650683   } 
   weight { 0.9888651345041067   } 
   weightvar { 0.1097155241914104   } 
   kinetic_energy { 15.33259998566779   } 
   kinetic_energyvar { 204.4479535257509   } 
   potential_energy { -31.09125803367035   } 
   potential_energyvar { 368.3898894663743   } 
   nonlocal_energy { -0.1469943062359345   } 
   nonlocal_energyvar { 122.9786992282661   } 
   autocorr_energy { } 
} 

block { 
   label dmc
   totweight 28672
   nautocorr 0
   total_energy { -15.91153435757695   } 
   total_energyvar { 0.2768597236267283   } 
   weight { 0.9913361528600496   } 
   weightvar { 0.1129516484754122   } 
   kinetic_energy { 15.04651108168964   } 
   kinetic_energyvar { 200.0147570672981   } 
   potential_energy { -30.49701509630681   } 
   potential_energyvar { 254.0605284741088   } 
   nonlocal_energy { -0.46103034295978   } 
   nonlocal_energyvar { 41.38392265858654   } 
   autocorr_energy { } 
} 

block { 
   label dmc
   totweight 28672
   nautocorr 0
   total_energy { -15.91694559510604   } 
   total_energyvar { 0.2790586907807722   } 
   weight { 0.9969712145256053   } 
   weightvar { 0.1094305369796645   } 
   kinetic_energy { 15.29785882373145   } 
   kinetic_energyvar { 202.794347974214   } 
   potential_energy { -30.99674979459184   } 
   potential_energyvar { 287.0298203487469   } 
   nonlocal_energy { -0.2180546242456488   } 
   nonlocal_energyvar { 58.9350449709477   } 
   autocorr_energy { } 
} 

block { 
   label dmc
   totweight 28672
   nautocorr 0
   total_energy { -15.9356246704731   } 
   total_energyvar { 0.3881832507872502   } 
   weight { 0.9994554432400351   } 
   weightvar { 0.1210757338451768   } 
   kinetic_energy { 15.72299691581148   } 
   kinetic_energyvar { 210.9991110358008   } 
   potential_energy { -32.19294968645408   } 
   potential_energyvar { 388.8832023002182   } 
   nonlocal_energy { 0.5343281001695004   } 
   nonlocal_energyvar { 129.52138247575   } 
   autocorr_energy { } 
} 

block { 
   label dmc
   totweight 28672
   nautocorr 0
   total_energy { -15.92773757806447   } 
   total_energyvar { 0.3761158390724404   } 
   weight { 1.002540364662892   } 
   weightvar { 0.1329312886315439   } 
   kinetic_energy { 15.67646443001331   } 
   kinetic_energyvar { 210.0658468018995   } 
   potential_energy { -31.90205082582118   } 
   potential_energyvar { 353.5500727270811   } 
   nonlocal_energy { 0.2978488177434078   } 
   nonlocal_energyvar { 112.1480824823674   } 
   autocorr_energy { } 
} 

block { 
   label dmc
   totweight 28672
   nautocorr 0
   total_energy { -15.90971971299292   } 
   total_energyvar { 0.2879204661447545   } 
   weight { 1.000603513010108   } 
   weightvar { 0.1142833285162315   } 
   kinetic_energy { 15.33198551486422   } 
   kinetic_energyvar { 209.5275372870375   } 
   potential_energy { -30.92011344138535   } 
   potential_energyvar { 286.1549370697919   } 
   nonlocal_energy { -0.3215917864717814   } 
   nonlocal_energyvar { 53.27350053581113   } 
   autocorr_energy { } 
} 

block { 
   label dmc
   totweight 28672
   nautocorr 0
   total_energy { -15.9092419489455   } 
   total_energyvar { 0.2968740265522456   } 
   weight { 0.9935080107302208   } 
   weightvar { 0.110423492298505   } 
   kinetic_energy { 15.53316382447017   } 
   kinetic_energyvar { 209.1371686852366   } 
   potential_energy { -31.22867621686855   } 
   potential_energyvar { 309.3389769813069   } 
   nonlocal_energy { -0.2137295565471205   } 
   nonlocal_energyvar { 68.41530773925608   } 
   autocorr_energy { } 
} 

block { 
   label dmc
   totweight 28672
   nautocorr 0
   total_energy { -15.91210093501981   } 
   total_energyvar { 0.2991154575881865   } 
   weight { 0.9961372942147116   } 
   weightvar { 0.110615657197095   } 
   kinetic_energy { 15.26785945148402   } 
   kinetic_energyvar { 202.3592853029233   } 
   potential_energy { -30.81881184673374   } 
   potential_energyvar { 287.2363160120119   } 
   nonlocal_energy { -0.3611485397700851   } 
   nonlocal_energyvar { 64.59556181762504   } 
   autocorr_energy { } 
} 

block { 
   label dmc
   totweight 28672
   nautocorr 0
   total_energy { -15.90747360421062   } 
   total_energyvar { 0.2707600220323343   } 
   weight { 0.9926829657459609   } 
   weightvar { 0.1057020078855456   } 
   kinetic_energy { 15.09340323165485   } 
   kinetic_energyvar { 202.1869859849947   } 
   potential_energy { -30.48203687312095   } 
   potential_energyvar { 252.3749571672   } 
   nonlocal_energy { -0.5188399627445316   } 
   nonlocal_energyvar { 41.88008042871351   } 
   autocorr_energy { } 
} 

