#-------------------------------------------------
#DMC run: timestep 0.0045
#-------------------------------------------------


init { 
   label dmc
}
block { 
   label dmc
   totweight 3864576
   nautocorr 0
   total_energy { -15.8897230180662   } 
   total_energyvar { 0.337998754898529   } 
   weight { 1.052879760852935   } 
   weightvar { 0.01963279639889243   } 
   kinetic_energy { 13.66508914284487   } 
   kinetic_energyvar { 200.5232203497308   } 
   potential_energy { -29.40651368690108   } 
   potential_energyvar { 318.7098395419757   } 
   nonlocal_energy { -0.1482984740099892   } 
   nonlocal_energyvar { 91.75969137808883   } 
   autocorr_energy { } 
} 

block { 
   label dmc
   totweight 3864576
   nautocorr 0
   total_energy { -15.90110260058158   } 
   total_energyvar { 0.3379771337600502   } 
   weight { 1.063155979090106   } 
   weightvar { 0.057135595840292   } 
   kinetic_energy { 15.33518993326928   } 
   kinetic_energyvar { 206.5446002170544   } 
   potential_energy { -31.05876390349641   } 
   potential_energyvar { 332.091634944927   } 
   nonlocal_energy { -0.1775286303544602   } 
   nonlocal_energyvar { 95.97621589392702   } 
   autocorr_energy { } 
} 

block { 
   label dmc
   totweight 3864576
   nautocorr 0
   total_energy { -15.902145857315   } 
   total_energyvar { 0.355529660780794   } 
   weight { 1.026017055223893   } 
   weightvar { 0.07609174749893313   } 
   kinetic_energy { 15.35143900840353   } 
   kinetic_energyvar { 206.8106408146214   } 
   potential_energy { -31.08141902731452   } 
   potential_energyvar { 342.1397108462497   } 
   nonlocal_energy { -0.1721658384040175   } 
   nonlocal_energyvar { 105.1212809362867   } 
   autocorr_energy { } 
} 

block { 
   label dmc
   totweight 3864576
   nautocorr 0
   total_energy { -15.90073532496207   } 
   total_energyvar { 0.3615873560862993   } 
   weight { 1.009789844411206   } 
   weightvar { 0.08569101169324544   } 
   kinetic_energy { 15.34219991488994   } 
   kinetic_energyvar { 205.9694622637077   } 
   potential_energy { -31.07156641973997   } 
   potential_energyvar { 340.4714326956824   } 
   nonlocal_energy { -0.1713688201120407   } 
   nonlocal_energyvar { 104.6045953520444   } 
   autocorr_energy { } 
} 

block { 
   label dmc
   totweight 3864576
   nautocorr 0
   total_energy { -15.90228447039438   } 
   total_energyvar { 0.3475900752749905   } 
   weight { 1.003438518165252   } 
   weightvar { 0.09212303132150323   } 
   kinetic_energy { 15.38949527510781   } 
   kinetic_energyvar { 206.5597002380135   } 
   potential_energy { -31.11896487764521   } 
   potential_energyvar { 341.037433825104   } 
   nonlocal_energy { -0.1728148678569817   } 
   nonlocal_energyvar { 104.1494861603628   } 
   autocorr_energy { } 
} 

block { 
   label dmc
   totweight 3864576
   nautocorr 0
   total_energy { -15.90190963576212   } 
   total_energyvar { 0.3584401193139723   } 
   weight { 1.00025948430501   } 
   weightvar { 0.09432920213724595   } 
   kinetic_energy { 15.42783810759765   } 
   kinetic_energyvar { 206.8403752123961   } 
   potential_energy { -31.15950106730688   } 
   potential_energyvar { 342.900096589912   } 
   nonlocal_energy { -0.1702466760528863   } 
   nonlocal_energyvar { 105.6723522456024   } 
   autocorr_energy { } 
} 

block { 
   label dmc
   totweight 3864576
   nautocorr 0
   total_energy { -15.90138960210361   } 
   total_energyvar { 0.4508911560731147   } 
   weight { 0.9989265628656473   } 
   weightvar { 0.09437467481755087   } 
   kinetic_energy { 15.39907480995423   } 
   kinetic_energyvar { 207.539991271972   } 
   potential_energy { -31.12400571604063   } 
   potential_energyvar { 362.2249905567443   } 
   nonlocal_energy { -0.1764586960172005   } 
   nonlocal_energyvar { 125.0792894462222   } 
   autocorr_energy { } 
} 

block { 
   label dmc
   totweight 3864576
   nautocorr 0
   total_energy { -15.90118929283956   } 
   total_energyvar { 0.3532687101537212   } 
   weight { 0.9964473636301142   } 
   weightvar { 0.09536700446385339   } 
   kinetic_energy { 15.40987192915439   } 
   kinetic_energyvar { 206.8358016700403   } 
   potential_energy { -31.13028338431194   } 
   potential_energyvar { 337.0991436160855   } 
   nonlocal_energy { -0.1807778376820112   } 
   nonlocal_energyvar { 100.8798588321635   } 
   autocorr_energy { } 
} 

block { 
   label dmc
   totweight 3864576
   nautocorr 0
   total_energy { -15.9021378855192   } 
   total_energyvar { 0.3614449200489309   } 
   weight { 0.9965715777544812   } 
   weightvar { 0.09602635255252981   } 
   kinetic_energy { 15.42368829138336   } 
   kinetic_energyvar { 207.6000520416248   } 
   potential_energy { -31.16014548949973   } 
   potential_energyvar { 347.1816858775979   } 
   nonlocal_energy { -0.1656806874028396   } 
   nonlocal_energyvar { 108.9876969454964   } 
   autocorr_energy { } 
} 

block { 
   label dmc
   totweight 3864576
   nautocorr 0
   total_energy { -15.89998469207878   } 
   total_energyvar { 0.3555951612057025   } 
   weight { 0.9962299804433912   } 
   weightvar { 0.09738965430941213   } 
   kinetic_energy { 15.39273120942358   } 
   kinetic_energyvar { 206.9178101039832   } 
   potential_energy { -31.11589277243337   } 
   potential_energyvar { 341.9238298906691   } 
   nonlocal_energy { -0.1768231290689807   } 
   nonlocal_energyvar { 105.4333552185241   } 
   autocorr_energy { } 
} 

block { 
   label dmc
   totweight 3864576
   nautocorr 0
   total_energy { -15.90072714178591   } 
   total_energyvar { 0.3857394774802345   } 
   weight { 0.9950381926582837   } 
   weightvar { 0.09719170115994036   } 
   kinetic_energy { 15.42317848244189   } 
   kinetic_energyvar { 207.2693398060328   } 
   potential_energy { -31.15317468523634   } 
   potential_energyvar { 350.8255376629468   } 
   nonlocal_energy { -0.1707309389914527   } 
   nonlocal_energyvar { 113.4751598473685   } 
   autocorr_energy { } 
} 

block { 
   label dmc
   totweight 3864576
   nautocorr 0
   total_energy { -15.90448420485955   } 
   total_energyvar { 0.3884037239123548   } 
   weight { 0.9966369424049605   } 
   weightvar { 0.09757841790325006   } 
   kinetic_energy { 15.33059017065858   } 
   kinetic_energyvar { 206.3753203131575   } 
   potential_energy { -31.06041523688585   } 
   potential_energyvar { 350.1413461076338   } 
   nonlocal_energy { -0.1746591386322797   } 
   nonlocal_energyvar { 114.4198570495287   } 
   autocorr_energy { } 
} 

block { 
   label dmc
   totweight 3864576
   nautocorr 0
   total_energy { -15.90483931010267   } 
   total_energyvar { 0.3497196196126547   } 
   weight { 0.9986745494295584   } 
   weightvar { 0.09735754751245404   } 
   kinetic_energy { 15.34845568548546   } 
   kinetic_energyvar { 205.7496824389921   } 
   potential_energy { -31.08207584748956   } 
   potential_energyvar { 338.9683570932663   } 
   nonlocal_energy { -0.1712191480985764   } 
   nonlocal_energyvar { 103.1413501661666   } 
   autocorr_energy { } 
} 

block { 
   label dmc
   totweight 3864576
   nautocorr 0
   total_energy { -15.90210585805405   } 
   total_energyvar { 0.3510168757886475   } 
   weight { 0.997975483411579   } 
   weightvar { 0.09724653738446598   } 
   kinetic_energy { 15.40799242227984   } 
   kinetic_energyvar { 206.8887988831727   } 
   potential_energy { -31.12462269274864   } 
   potential_energyvar { 337.4322476652306   } 
   nonlocal_energy { -0.1854755875852462   } 
   nonlocal_energyvar { 101.3188109590478   } 
   autocorr_energy { } 
} 

block { 
   label dmc
   totweight 3864576
   nautocorr 0
   total_energy { -15.90152586920188   } 
   total_energyvar { 0.3498294786670327   } 
   weight { 0.9966606686628137   } 
   weightvar { 0.09772733638879801   } 
   kinetic_energy { 15.38803630630485   } 
   kinetic_energyvar { 206.4853025991165   } 
   potential_energy { -31.1120705736394   } 
   potential_energyvar { 338.6172448907409   } 
   nonlocal_energy { -0.1774916018673287   } 
   nonlocal_energyvar { 102.3931827999657   } 
   autocorr_energy { } 
} 

block { 
   label dmc
   totweight 3864576
   nautocorr 0
   total_energy { -15.90148368843043   } 
   total_energyvar { 0.338290551494471   } 
   weight { 0.996077255578679   } 
   weightvar { 0.09669557257587687   } 
   kinetic_energy { 15.39270993237614   } 
   kinetic_energyvar { 206.7821415083613   } 
   potential_energy { -31.11122329476221   } 
   potential_energyvar { 331.3158240693451   } 
   nonlocal_energy { -0.1829703260443609   } 
   nonlocal_energyvar { 95.25537422682014   } 
   autocorr_energy { } 
} 

block { 
   label dmc
   totweight 3864576
   nautocorr 0
   total_energy { -15.90189411931887   } 
   total_energyvar { 0.347187687589416   } 
   weight { 0.9955440025183795   } 
   weightvar { 0.09737554809578568   } 
   kinetic_energy { 15.36015759790914   } 
   kinetic_energyvar { 206.6516596376594   } 
   potential_energy { -31.08920586216747   } 
   potential_energyvar { 337.155350147436   } 
   nonlocal_energy { -0.172845855060541   } 
   nonlocal_energyvar { 100.3857655641787   } 
   autocorr_energy { } 
} 

block { 
   label dmc
   totweight 3864576
   nautocorr 0
   total_energy { -15.90332240599115   } 
   total_energyvar { 0.3407009232607279   } 
   weight { 0.9971067132011113   } 
   weightvar { 0.09781496206652472   } 
   kinetic_energy { 15.43606577758357   } 
   kinetic_energyvar { 206.3471127351916   } 
   potential_energy { -31.16327953327829   } 
   potential_energyvar { 336.2468925646043   } 
   nonlocal_energy { -0.1761086502964342   } 
   nonlocal_energyvar { 100.0739938445737   } 
   autocorr_energy { } 
} 

block { 
   label dmc
   totweight 3864576
   nautocorr 0
   total_energy { -15.90017683455903   } 
   total_energyvar { 0.3493960279927484   } 
   weight { 0.9960386732792639   } 
   weightvar { 0.0983420794822966   } 
   kinetic_energy { 15.34689034517417   } 
   kinetic_energyvar { 206.282044850539   } 
   potential_energy { -31.07151375961413   } 
   potential_energyvar { 339.9760925930772   } 
   nonlocal_energy { -0.1755534201190676   } 
   nonlocal_energyvar { 103.9717212301343   } 
   autocorr_energy { } 
} 

block { 
   label dmc
   totweight 3864576
   nautocorr 0
   total_energy { -15.90100871876392   } 
   total_energyvar { 0.3409652911776391   } 
   weight { 0.9954011096873236   } 
   weightvar { 0.09712852021550351   } 
   kinetic_energy { 15.43676921335362   } 
   kinetic_energyvar { 207.3816899712041   } 
   potential_energy { -31.16106671633641   } 
   potential_energyvar { 337.4729739497336   } 
   nonlocal_energy { -0.1767112157811315   } 
   nonlocal_energyvar { 99.9158557701361   } 
   autocorr_energy { } 
} 

block { 
   label dmc
   totweight 3864576
   nautocorr 0
   total_energy { -15.90023261427656   } 
   total_energyvar { 0.414478726712513   } 
   weight { 0.9953739316454364   } 
   weightvar { 0.09746570940122551   } 
   kinetic_energy { 15.36613703847367   } 
   kinetic_energyvar { 206.711111395185   } 
   potential_energy { -31.09152814867426   } 
   potential_energyvar { 353.3794620830655   } 
   nonlocal_energy { -0.1748415040759831   } 
   nonlocal_energyvar { 116.87481119728   } 
   autocorr_energy { } 
} 

block { 
   label dmc
   totweight 3864576
   nautocorr 0
   total_energy { -15.9021449051561   } 
   total_energyvar { 0.3608693181913961   } 
   weight { 0.9951890828295228   } 
   weightvar { 0.09858014191211742   } 
   kinetic_energy { 15.39290077364137   } 
   kinetic_energyvar { 207.3565616956963   } 
   potential_energy { -31.12340432769304   } 
   potential_energyvar { 344.9903420022598   } 
   nonlocal_energy { -0.1716413511044314   } 
   nonlocal_energyvar { 107.3450532001889   } 
   autocorr_energy { } 
} 

block { 
   label dmc
   totweight 3864576
   nautocorr 0
   total_energy { -15.90223932524199   } 
   total_energyvar { 0.3563780860440129   } 
   weight { 0.9969844138931584   } 
   weightvar { 0.09819801846053137   } 
   kinetic_energy { 15.31617822452035   } 
   kinetic_energyvar { 206.2218430002663   } 
   potential_energy { -31.04192010043275   } 
   potential_energyvar { 341.8444085213871   } 
   nonlocal_energy { -0.1764974493295946   } 
   nonlocal_energyvar { 106.0359933112602   } 
   autocorr_energy { } 
} 

block { 
   label dmc
   totweight 3864576
   nautocorr 0
   total_energy { -15.90014581112855   } 
   total_energyvar { 0.3515324393573194   } 
   weight { 0.9952355638922085   } 
   weightvar { 0.09793199702688615   } 
   kinetic_energy { 15.40130284473812   } 
   kinetic_energyvar { 206.7433476709739   } 
   potential_energy { -31.13099384555507   } 
   potential_energyvar { 345.3641062150907   } 
   nonlocal_energy { -0.1704548103116028   } 
   nonlocal_energyvar { 108.6303155546902   } 
   autocorr_energy { } 
} 

block { 
   label dmc
   totweight 3864576
   nautocorr 0
   total_energy { -15.90074133491095   } 
   total_energyvar { 0.33898337585631   } 
   weight { 0.9953754087397602   } 
   weightvar { 0.09822603313832279   } 
   kinetic_energy { 15.37340253736219   } 
   kinetic_energyvar { 206.2990181101562   } 
   potential_energy { -31.08755031460795   } 
   potential_energyvar { 330.8375333994547   } 
   nonlocal_energy { -0.1865935576651824   } 
   nonlocal_energyvar { 95.66493699210922   } 
   autocorr_energy { } 
} 

block { 
   label dmc
   totweight 3864576
   nautocorr 0
   total_energy { -15.89975004805996   } 
   total_energyvar { 0.3487169908993829   } 
   weight { 0.9944946870271335   } 
   weightvar { 0.09867924085571333   } 
   kinetic_energy { 15.39057355615011   } 
   kinetic_energyvar { 206.8546100399111   } 
   potential_energy { -31.10441108840445   } 
   potential_energyvar { 335.0609718243476   } 
   nonlocal_energy { -0.1859125158056104   } 
   nonlocal_energyvar { 98.98984994223251   } 
   autocorr_energy { } 
} 

block { 
   label dmc
   totweight 3864576
   nautocorr 0
   total_energy { -15.90066163373536   } 
   total_energyvar { 0.3520213360905846   } 
   weight { 0.9948144161555578   } 
   weightvar { 0.09789512376468568   } 
   kinetic_energy { 15.31586229433347   } 
   kinetic_energyvar { 205.9782644644762   } 
   potential_energy { -31.04255343320856   } 
   potential_energyvar { 337.5189028613542   } 
   nonlocal_energy { -0.1739704948602579   } 
   nonlocal_energyvar { 101.9665126511549   } 
   autocorr_energy { } 
} 

block { 
   label dmc
   totweight 3864576
   nautocorr 0
   total_energy { -15.90117252329597   } 
   total_energyvar { 0.3357234149721146   } 
   weight { 0.9953107366529603   } 
   weightvar { 0.09720325013957114   } 
   kinetic_energy { 15.35306132732758   } 
   kinetic_energyvar { 206.0481644860442   } 
   potential_energy { -31.07532557940372   } 
   potential_energyvar { 334.580271869366   } 
   nonlocal_energy { -0.1789082712198398   } 
   nonlocal_energyvar { 98.95170729481246   } 
   autocorr_energy { } 
} 

block { 
   label dmc
   totweight 3864576
   nautocorr 0
   total_energy { -15.90234011808988   } 
   total_energyvar { 0.3436027911427686   } 
   weight { 0.9962856899912472   } 
   weightvar { 0.09752250312300491   } 
   kinetic_energy { 15.36037976566018   } 
   kinetic_energyvar { 206.482310310697   } 
   potential_energy { -31.09474131581594   } 
   potential_energyvar { 337.5249342356513   } 
   nonlocal_energy { -0.1679785679341279   } 
   nonlocal_energyvar { 100.8025908813022   } 
   autocorr_energy { } 
} 

block { 
   label dmc
   totweight 3864576
   nautocorr 0
   total_energy { -15.9016782886984   } 
   total_energyvar { 0.3617098712453952   } 
   weight { 0.9961063191321612   } 
   weightvar { 0.09795683183761478   } 
   kinetic_energy { 15.40314135716489   } 
   kinetic_energyvar { 206.9295665353051   } 
   potential_energy { -31.13233422889572   } 
   potential_energyvar { 342.3500375105983   } 
   nonlocal_energy { -0.1724854169675847   } 
   nonlocal_energyvar { 105.5725551550026   } 
   autocorr_energy { } 
} 

block { 
   label dmc
   totweight 3864576
   nautocorr 0
   total_energy { -15.90435917010656   } 
   total_energyvar { 0.4046938950465802   } 
   weight { 0.99726260712474   } 
   weightvar { 0.09854153596644993   } 
   kinetic_energy { 15.43303898955702   } 
   kinetic_energyvar { 207.0726062780172   } 
   potential_energy { -31.16177397637007   } 
   potential_energyvar { 357.5658035099227   } 
   nonlocal_energy { -0.1756241832935033   } 
   nonlocal_energyvar { 120.4724567730062   } 
   autocorr_energy { } 
} 

block { 
   label dmc
   totweight 3864576
   nautocorr 0
   total_energy { -15.90208443448029   } 
   total_energyvar { 0.3413585482667986   } 
   weight { 0.9973824955778957   } 
   weightvar { 0.09834216090001355   } 
   kinetic_energy { 15.34994304241649   } 
   kinetic_energyvar { 206.2121992875722   } 
   potential_energy { -31.08209674910119   } 
   potential_energyvar { 334.4394019304859   } 
   nonlocal_energy { -0.1699307277955868   } 
   nonlocal_energyvar { 98.45392920704434   } 
   autocorr_energy { } 
} 

block { 
   label dmc
   totweight 3864576
   nautocorr 0
   total_energy { -15.90215563925319   } 
   total_energyvar { 0.3497362139512077   } 
   weight { 0.9970415116822693   } 
   weightvar { 0.09675668038639941   } 
   kinetic_energy { 15.33057448526301   } 
   kinetic_energyvar { 205.796093011863   } 
   potential_energy { -31.06474601318635   } 
   potential_energyvar { 341.8556572001873   } 
   nonlocal_energy { -0.1679841113298556   } 
   nonlocal_energyvar { 105.6280793274561   } 
   autocorr_energy { } 
} 

block { 
   label dmc
   totweight 3864576
   nautocorr 0
   total_energy { -15.90364825524278   } 
   total_energyvar { 0.358184925135802   } 
   weight { 0.9974037850338011   } 
   weightvar { 0.09718220236673518   } 
   kinetic_energy { 15.3614588333685   } 
   kinetic_energyvar { 206.2575565834587   } 
   potential_energy { -31.09662523405952   } 
   potential_energyvar { 345.4745613293351   } 
   nonlocal_energy { -0.1684818545517605   } 
   nonlocal_energyvar { 109.0847006944437   } 
   autocorr_energy { } 
} 

block { 
   label dmc
   totweight 3864576
   nautocorr 0
   total_energy { -15.90118434405299   } 
   total_energyvar { 0.3701857038997058   } 
   weight { 0.996484264144357   } 
   weightvar { 0.09825686008405009   } 
   kinetic_energy { 15.36221112941964   } 
   kinetic_energyvar { 207.0863369573607   } 
   potential_energy { -31.09769795566649   } 
   potential_energyvar { 348.8151747359254   } 
   nonlocal_energy { -0.1656975178061426   } 
   nonlocal_energyvar { 111.2151386065884   } 
   autocorr_energy { } 
} 

block { 
   label dmc
   totweight 3864576
   nautocorr 0
   total_energy { -15.8992303099112   } 
   total_energyvar { 0.3692203772381503   } 
   weight { 0.9950807306910495   } 
   weightvar { 0.09793392385005351   } 
   kinetic_energy { 15.3472761235096   } 
   kinetic_energyvar { 206.397623496874   } 
   potential_energy { -31.07512040028526   } 
   potential_energyvar { 345.2554692532739   } 
   nonlocal_energy { -0.1713860331355492   } 
   nonlocal_energyvar { 108.6407260831718   } 
   autocorr_energy { } 
} 

block { 
   label dmc
   totweight 3864576
   nautocorr 0
   total_energy { -15.89964935079862   } 
   total_energyvar { 0.3715637884778114   } 
   weight { 0.9945184769335568   } 
   weightvar { 0.09806410305676753   } 
   kinetic_energy { 15.41041760277298   } 
   kinetic_energyvar { 206.7305304940794   } 
   potential_energy { -31.12599814734348   } 
   potential_energyvar { 345.9174380769769   } 
   nonlocal_energy { -0.1840688062281072   } 
   nonlocal_energyvar { 110.1285366442599   } 
   autocorr_energy { } 
} 

block { 
   label dmc
   totweight 3864576
   nautocorr 0
   total_energy { -15.90396781007651   } 
   total_energyvar { 0.3798133742158178   } 
   weight { 0.9961073813474942   } 
   weightvar { 0.09659245571018363   } 
   kinetic_energy { 15.37525103190004   } 
   kinetic_energyvar { 205.9940506966273   } 
   potential_energy { -31.10993641956506   } 
   potential_energyvar { 351.7552852312415   } 
   nonlocal_energy { -0.1692824224114906   } 
   nonlocal_energyvar { 115.6806893452348   } 
   autocorr_energy { } 
} 

block { 
   label dmc
   totweight 3864576
   nautocorr 0
   total_energy { -15.90169934106221   } 
   total_energyvar { 0.3923975269717864   } 
   weight { 0.9966325745489699   } 
   weightvar { 0.09727432231789231   } 
   kinetic_energy { 15.34084858179313   } 
   kinetic_energyvar { 206.4882407090037   } 
   potential_energy { -31.07127243801899   } 
   potential_energyvar { 349.0985240284333   } 
   nonlocal_energy { -0.1712754848363561   } 
   nonlocal_energyvar { 112.924098308411   } 
   autocorr_energy { } 
} 

block { 
   label dmc
   totweight 3864576
   nautocorr 0
   total_energy { -15.90378935934116   } 
   total_energyvar { 0.3399733789619455   } 
   weight { 0.9977656199271951   } 
   weightvar { 0.09807572268893659   } 
   kinetic_energy { 15.36267064360589   } 
   kinetic_energyvar { 206.2911203911357   } 
   potential_energy { -31.09336480854595   } 
   potential_energyvar { 337.487164564354   } 
   nonlocal_energy { -0.1730951944011045   } 
   nonlocal_energyvar { 101.4278249791325   } 
   autocorr_energy { } 
} 

block { 
   label dmc
   totweight 3864576
   nautocorr 0
   total_energy { -15.90482024654272   } 
   total_energyvar { 0.3449601178140578   } 
   weight { 0.9982097944938243   } 
   weightvar { 0.09685435855254697   } 
   kinetic_energy { 15.39161524099364   } 
   kinetic_energyvar { 206.0571854520905   } 
   potential_energy { -31.11874035535553   } 
   potential_energyvar { 339.6781175747681   } 
   nonlocal_energy { -0.1776951321808204   } 
   nonlocal_energyvar { 103.7855198384984   } 
   autocorr_energy { } 
} 

block { 
   label dmc
   totweight 3864576
   nautocorr 0
   total_energy { -15.90187993688317   } 
   total_energyvar { 0.359916434664097   } 
   weight { 0.9980368094213834   } 
   weightvar { 0.09656821485785909   } 
   kinetic_energy { 15.3385038618491   } 
   kinetic_energyvar { 206.4008988009242   } 
   potential_energy { -31.06307912508639   } 
   potential_energyvar { 340.3776074450122   } 
   nonlocal_energy { -0.1773046736458914   } 
   nonlocal_energyvar { 104.2931094967791   } 
   autocorr_energy { } 
} 

block { 
   label dmc
   totweight 3864576
   nautocorr 0
   total_energy { -15.90092841349463   } 
   total_energyvar { 0.3606460820078163   } 
   weight { 0.9966521795585594   } 
   weightvar { 0.09712436219137992   } 
   kinetic_energy { 15.36294944896677   } 
   kinetic_energyvar { 206.1348715410145   } 
   potential_energy { -31.09036594692137   } 
   potential_energyvar { 345.303179061554   } 
   nonlocal_energy { -0.1735119155400374   } 
   nonlocal_energyvar { 109.1888457938951   } 
   autocorr_energy { } 
} 

block { 
   label dmc
   totweight 3864576
   nautocorr 0
   total_energy { -15.9040133338391   } 
   total_energyvar { 0.34909478721764   } 
   weight { 0.9967228257138738   } 
   weightvar { 0.09761070422124304   } 
   kinetic_energy { 15.36302540823755   } 
   kinetic_energyvar { 206.8080730846995   } 
   potential_energy { -31.10128921667137   } 
   potential_energyvar { 343.1082631544803   } 
   nonlocal_energy { -0.1657495254052858   } 
   nonlocal_energyvar { 105.8258500019624   } 
   autocorr_energy { } 
} 

block { 
   label dmc
   totweight 3864576
   nautocorr 0
   total_energy { -15.90135513059342   } 
   total_energyvar { 0.3448224360427823   } 
   weight { 0.996905663945292   } 
   weightvar { 0.09884718593864551   } 
   kinetic_energy { 15.42972695372084   } 
   kinetic_energyvar { 206.7177176096406   } 
   potential_energy { -31.15366260877385   } 
   potential_energyvar { 337.6446821633409   } 
   nonlocal_energy { -0.1774194755404036   } 
   nonlocal_energyvar { 101.2501740912227   } 
   autocorr_energy { } 
} 

block { 
   label dmc
   totweight 3864576
   nautocorr 0
   total_energy { -15.90219233286061   } 
   total_energyvar { 0.3730179835540972   } 
   weight { 0.9962545922939319   } 
   weightvar { 0.09954390263814378   } 
   kinetic_energy { 15.34157279240689   } 
   kinetic_energyvar { 206.0458233327913   } 
   potential_energy { -31.07707336728529   } 
   potential_energyvar { 346.1814955826474   } 
   nonlocal_energy { -0.1666917579822074   } 
   nonlocal_energyvar { 109.7594207839241   } 
   autocorr_energy { } 
} 

block { 
   label dmc
   totweight 3864576
   nautocorr 0
   total_energy { -15.90059022235334   } 
   total_energyvar { 0.3644610803634521   } 
   weight { 0.9960903587630219   } 
   weightvar { 0.09917769221796696   } 
   kinetic_energy { 15.33721948831855   } 
   kinetic_energyvar { 207.3033312561271   } 
   potential_energy { -31.06497164265949   } 
   potential_energyvar { 343.8269915819299   } 
   nonlocal_energy { -0.1728380680123969   } 
   nonlocal_energyvar { 106.806270148766   } 
   autocorr_energy { } 
} 

block { 
   label dmc
   totweight 3864576
   nautocorr 0
   total_energy { -15.90097981200186   } 
   total_energyvar { 0.3494217048548988   } 
   weight { 0.9950554876751134   } 
   weightvar { 0.09754753930584806   } 
   kinetic_energy { 15.37938045388634   } 
   kinetic_energyvar { 206.3323639093365   } 
   potential_energy { -31.09882736816104   } 
   potential_energyvar { 336.1054338408248   } 
   nonlocal_energy { -0.1815328977271569   } 
   nonlocal_energyvar { 100.5036472335038   } 
   autocorr_energy { } 
} 

block { 
   label dmc
   totweight 3864576
   nautocorr 0
   total_energy { -15.90366399613541   } 
   total_energyvar { 0.3851973444339371   } 
   weight { 0.9961720458297085   } 
   weightvar { 0.0974999519458021   } 
   kinetic_energy { 15.33770057789586   } 
   kinetic_energyvar { 206.4266659592511   } 
   potential_energy { -31.05973198888245   } 
   potential_energyvar { 345.9460473821803   } 
   nonlocal_energy { -0.1816325851488255   } 
   nonlocal_energyvar { 110.1289477429204   } 
   autocorr_energy { } 
} 

block { 
   label dmc
   totweight 3864576
   nautocorr 0
   total_energy { -15.90499038941143   } 
   total_energyvar { 0.3466714976565204   } 
   weight { 0.9982584192971454   } 
   weightvar { 0.09829384121894084   } 
   kinetic_energy { 15.39342337643172   } 
   kinetic_energyvar { 206.3747025844584   } 
   potential_energy { -31.12736734938055   } 
   potential_energyvar { 338.194041323088   } 
   nonlocal_energy { -0.1710464164625936   } 
   nonlocal_energyvar { 101.7287382614896   } 
   autocorr_energy { } 
} 

block { 
   label dmc
   totweight 3864576
   nautocorr 0
   total_energy { -15.90623720170036   } 
   total_energyvar { 0.3444338166010695   } 
   weight { 0.9997395613961526   } 
   weightvar { 0.09837246832906517   } 
   kinetic_energy { 15.33734027153526   } 
   kinetic_energyvar { 205.9983760855442   } 
   potential_energy { -31.07317071338414   } 
   potential_energyvar { 339.5495762199076   } 
   nonlocal_energy { -0.1704067598514905   } 
   nonlocal_energyvar { 103.6246268542757   } 
   autocorr_energy { } 
} 

block { 
   label dmc
   totweight 3864576
   nautocorr 0
   total_energy { -15.90573054985223   } 
   total_energyvar { 0.3397259468959291   } 
   weight { 0.9991216770272549   } 
   weightvar { 0.09923708086891957   } 
   kinetic_energy { 15.37590315058821   } 
   kinetic_energyvar { 205.488121099829   } 
   potential_energy { -31.10085093933155   } 
   potential_energyvar { 334.6561238850311   } 
   nonlocal_energy { -0.1807827611088857   } 
   nonlocal_energyvar { 99.70230249137398   } 
   autocorr_energy { } 
} 

block { 
   label dmc
   totweight 3864576
   nautocorr 0
   total_energy { -15.89980929850734   } 
   total_energyvar { 0.3694282586188779   } 
   weight { 0.9979957783889386   } 
   weightvar { 0.09882603269170728   } 
   kinetic_energy { 15.38086064645154   } 
   kinetic_energyvar { 206.9228249312344   } 
   potential_energy { -31.10339903742703   } 
   potential_energyvar { 344.6079071575302   } 
   nonlocal_energy { -0.1772709075318514   } 
   nonlocal_energyvar { 107.8850830038452   } 
   autocorr_energy { } 
} 

block { 
   label dmc
   totweight 3864576
   nautocorr 0
   total_energy { -15.90257549675496   } 
   total_energyvar { 0.3418916391465038   } 
   weight { 0.9964186911062467   } 
   weightvar { 0.09810355556810266   } 
   kinetic_energy { 15.33474354005981   } 
   kinetic_energyvar { 205.7345263802017   } 
   potential_energy { -31.05896198687696   } 
   potential_energyvar { 338.9605395478046   } 
   nonlocal_energy { -0.1783570499378221   } 
   nonlocal_energyvar { 103.6529189935373   } 
   autocorr_energy { } 
} 

block { 
   label dmc
   totweight 3864576
   nautocorr 0
   total_energy { -15.90026050456377   } 
   total_energyvar { 0.3689183734093903   } 
   weight { 0.9957257149411077   } 
   weightvar { 0.09647923848589808   } 
   kinetic_energy { 15.37809506724511   } 
   kinetic_energyvar { 207.1545251834539   } 
   potential_energy { -31.10801583010894   } 
   potential_energyvar { 346.6841273311906   } 
   nonlocal_energy { -0.1703397416999289   } 
   nonlocal_energyvar { 109.1604030249381   } 
   autocorr_energy { } 
} 

block { 
   label dmc
   totweight 3864576
   nautocorr 0
   total_energy { -15.90247241668109   } 
   total_energyvar { 0.3664216701294763   } 
   weight { 0.9959115914152955   } 
   weightvar { 0.09657001579352847   } 
   kinetic_energy { 15.30086047747513   } 
   kinetic_energyvar { 205.6702345828025   } 
   potential_energy { -31.028428808781   } 
   potential_energyvar { 342.8801484310784   } 
   nonlocal_energy { -0.1749040853752194   } 
   nonlocal_energyvar { 107.4953985224612   } 
   autocorr_energy { } 
} 

block { 
   label dmc
   totweight 3864576
   nautocorr 0
   total_energy { -15.89811627337556   } 
   total_energyvar { 0.343185911230268   } 
   weight { 0.9945972333030173   } 
   weightvar { 0.09697571098664985   } 
   kinetic_energy { 15.39080957994654   } 
   kinetic_energyvar { 206.9371625440778   } 
   potential_energy { -31.10741900215434   } 
   potential_energyvar { 339.1519181003869   } 
   nonlocal_energy { -0.1815068511677632   } 
   nonlocal_energyvar { 102.9363946934162   } 
   autocorr_energy { } 
} 

block { 
   label dmc
   totweight 3864576
   nautocorr 0
   total_energy { -15.90083126779718   } 
   total_energyvar { 0.3393555425123408   } 
   weight { 0.9936231757109324   } 
   weightvar { 0.09809651652277503   } 
   kinetic_energy { 15.36273546530237   } 
   kinetic_energyvar { 206.5308025207556   } 
   potential_energy { -31.09372416332935   } 
   potential_energyvar { 336.2721561102227   } 
   nonlocal_energy { -0.1698425697701955   } 
   nonlocal_energyvar { 99.51498292135199   } 
   autocorr_energy { } 
} 

block { 
   label dmc
   totweight 3864576
   nautocorr 0
   total_energy { -15.90357341516608   } 
   total_energyvar { 0.3417363402100471   } 
   weight { 0.995805507627157   } 
   weightvar { 0.09777657011752486   } 
   kinetic_energy { 15.46358698630311   } 
   kinetic_energyvar { 207.2493533964227   } 
   potential_energy { -31.17805528930385   } 
   potential_energyvar { 333.8955790692195   } 
   nonlocal_energy { -0.1891051121653404   } 
   nonlocal_energyvar { 97.32646808231391   } 
   autocorr_energy { } 
} 

block { 
   label dmc
   totweight 3864576
   nautocorr 0
   total_energy { -15.90163284128739   } 
   total_energyvar { 0.3573158102321848   } 
   weight { 0.9967958168433326   } 
   weightvar { 0.09753719461208137   } 
   kinetic_energy { 15.35131179089119   } 
   kinetic_energyvar { 206.7619511822527   } 
   potential_energy { -31.07718399398075   } 
   potential_energyvar { 343.5075332536289   } 
   nonlocal_energy { -0.1757606381978341   } 
   nonlocal_energyvar { 106.9759776069416   } 
   autocorr_energy { } 
} 

block { 
   label dmc
   totweight 3864576
   nautocorr 0
   total_energy { -15.90373936225099   } 
   total_energyvar { 0.3602586546759428   } 
   weight { 0.9968924382869486   } 
   weightvar { 0.09802998443761829   } 
   kinetic_energy { 15.30802380105832   } 
   kinetic_energyvar { 205.9113544571462   } 
   potential_energy { -31.03996234193598   } 
   potential_energyvar { 337.8024172968899   } 
   nonlocal_energy { -0.1718008213733194   } 
   nonlocal_energyvar { 102.1358753371472   } 
   autocorr_energy { } 
} 

block { 
   label dmc
   totweight 3864576
   nautocorr 0
   total_energy { -15.90122439484386   } 
   total_energyvar { 0.3438530523119354   } 
   weight { 0.9966285441981866   } 
   weightvar { 0.0979273242883219   } 
   kinetic_energy { 15.37972556796445   } 
   kinetic_energyvar { 206.4719965229005   } 
   potential_energy { -31.10940699458567   } 
   potential_energyvar { 336.3284012548244   } 
   nonlocal_energy { -0.1715429682226392   } 
   nonlocal_energyvar { 99.82239272739155   } 
   autocorr_energy { } 
} 

block { 
   label dmc
   totweight 3864576
   nautocorr 0
   total_energy { -15.90309866068016   } 
   total_energyvar { 0.4373168978301608   } 
   weight { 0.9966841636809135   } 
   weightvar { 0.09720497955906411   } 
   kinetic_energy { 15.39637862322506   } 
   kinetic_energyvar { 206.9562223066937   } 
   potential_energy { -31.12029720973042   } 
   potential_energyvar { 356.5457167981173   } 
   nonlocal_energy { -0.1791800741748025   } 
   nonlocal_energyvar { 120.0954954272465   } 
   autocorr_energy { } 
} 

block { 
   label dmc
   totweight 3864576
   nautocorr 0
   total_energy { -15.90190075755752   } 
   total_energyvar { 0.3375820026684164   } 
   weight { 0.9966914189849212   } 
   weightvar { 0.09728675967199198   } 
   kinetic_energy { 15.41890352026766   } 
   kinetic_energyvar { 206.7373552027632   } 
   potential_energy { -31.14313877204783   } 
   potential_energyvar { 332.9688419816369   } 
   nonlocal_energy { -0.1776655057773502   } 
   nonlocal_energyvar { 96.67739719270364   } 
   autocorr_energy { } 
} 

block { 
   label dmc
   totweight 3864576
   nautocorr 0
   total_energy { -15.90158081180642   } 
   total_energyvar { 0.3753015982904491   } 
   weight { 0.9966059041922215   } 
   weightvar { 0.09872458112094408   } 
   kinetic_energy { 15.31783967947624   } 
   kinetic_energyvar { 206.0821456005698   } 
   potential_energy { -31.04383808627997   } 
   potential_energyvar { 350.2609372113075   } 
   nonlocal_energy { -0.1755824050026957   } 
   nonlocal_energyvar { 114.281550248974   } 
   autocorr_energy { } 
} 

block { 
   label dmc
   totweight 3864576
   nautocorr 0
   total_energy { -15.90175615059573   } 
   total_energyvar { 0.3438005673697325   } 
   weight { 0.9957916357494045   } 
   weightvar { 0.09829535633760056   } 
   kinetic_energy { 15.34889793145124   } 
   kinetic_energyvar { 206.2444132513094   } 
   potential_energy { -31.06897695263207   } 
   potential_energyvar { 334.3207516513624   } 
   nonlocal_energy { -0.1816771294149061   } 
   nonlocal_energyvar { 98.92461407190876   } 
   autocorr_energy { } 
} 

block { 
   label dmc
   totweight 3864576
   nautocorr 0
   total_energy { -15.90205149028968   } 
   total_energyvar { 0.4065533226034515   } 
   weight { 0.9957722241038481   } 
   weightvar { 0.09860621098237655   } 
   kinetic_energy { 15.32213289844954   } 
   kinetic_energyvar { 206.0872813451031   } 
   potential_energy { -31.04834511744949   } 
   potential_energyvar { 350.0796648302236   } 
   nonlocal_energy { -0.1758392712897338   } 
   nonlocal_energyvar { 114.4946139343458   } 
   autocorr_energy { } 
} 

block { 
   label dmc
   totweight 3864576
   nautocorr 0
   total_energy { -15.90189432647045   } 
   total_energyvar { 0.3495342599837751   } 
   weight { 0.9963171148541362   } 
   weightvar { 0.09926360583095087   } 
   kinetic_energy { 15.36749364212905   } 
   kinetic_energyvar { 206.7501882265151   } 
   potential_energy { -31.10132863122926   } 
   potential_energyvar { 339.213671618565   } 
   nonlocal_energy { -0.1680593373702347   } 
   nonlocal_energyvar { 102.4441804815648   } 
   autocorr_energy { } 
} 

block { 
   label dmc
   totweight 3864576
   nautocorr 0
   total_energy { -15.90091860787811   } 
   total_energyvar { 0.3597703596876051   } 
   weight { 0.9958460252696026   } 
   weightvar { 0.09816556627154695   } 
   kinetic_energy { 15.34858303397982   } 
   kinetic_energyvar { 206.1191346440338   } 
   potential_energy { -31.06719884877588   } 
   potential_energyvar { 338.4087200093109   } 
   nonlocal_energy { -0.1823027930820621   } 
   nonlocal_energyvar { 103.0815996526844   } 
   autocorr_energy { } 
} 

block { 
   label dmc
   totweight 3864576
   nautocorr 0
   total_energy { -15.90062517862358   } 
   total_energyvar { 0.3687985777889718   } 
   weight { 0.9952682514626635   } 
   weightvar { 0.09653213876358538   } 
   kinetic_energy { 15.36847910062053   } 
   kinetic_energyvar { 206.6746417576704   } 
   potential_energy { -31.1093450065556   } 
   potential_energyvar { 348.936659715266   } 
   nonlocal_energy { -0.159759272688501   } 
   nonlocal_energyvar { 111.3815606807147   } 
   autocorr_energy { } 
} 

block { 
   label dmc
   totweight 3864576
   nautocorr 0
   total_energy { -15.8998544738652   } 
   total_energyvar { 0.3734558021584837   } 
   weight { 0.9946211824974394   } 
   weightvar { 0.09649670258783219   } 
   kinetic_energy { 15.3557016596329   } 
   kinetic_energyvar { 206.6706192291949   } 
   potential_energy { -31.07734068421081   } 
   potential_energyvar { 346.339395740507   } 
   nonlocal_energy { -0.1782154492872786   } 
   nonlocal_energyvar { 109.9353536529079   } 
   autocorr_energy { } 
} 

block { 
   label dmc
   totweight 3864576
   nautocorr 0
   total_energy { -15.90149319946208   } 
   total_energyvar { 0.3588657579609592   } 
   weight { 0.9948739844222424   } 
   weightvar { 0.09791490365341045   } 
   kinetic_energy { 15.36330906325255   } 
   kinetic_energyvar { 206.8385794920992   } 
   potential_energy { -31.09029281566933   } 
   potential_energyvar { 342.2603126542629   } 
   nonlocal_energy { -0.1745094470453021   } 
   nonlocal_energyvar { 105.5317690112593   } 
   autocorr_energy { } 
} 

block { 
   label dmc
   totweight 3864576
   nautocorr 0
   total_energy { -15.90270529761827   } 
   total_energyvar { 0.3400918666018323   } 
   weight { 0.9960444523044025   } 
   weightvar { 0.09845994683493794   } 
   kinetic_energy { 15.33890285723018   } 
   kinetic_energyvar { 206.7842835831688   } 
   potential_energy { -31.05627681295038   } 
   potential_energyvar { 334.1715231967244   } 
   nonlocal_energy { -0.1853313418980728   } 
   nonlocal_energyvar { 98.37890072393373   } 
   autocorr_energy { } 
} 

block { 
   label dmc
   totweight 3864576
   nautocorr 0
   total_energy { -15.90182483382055   } 
   total_energyvar { 0.3510257362938774   } 
   weight { 0.995799604326302   } 
   weightvar { 0.09800627664007674   } 
   kinetic_energy { 15.41672056043732   } 
   kinetic_energyvar { 206.6933433382355   } 
   potential_energy { -31.14228953741361   } 
   potential_energyvar { 338.9942414514471   } 
   nonlocal_energy { -0.1762558568442612   } 
   nonlocal_energyvar { 102.5877268834182   } 
   autocorr_energy { } 
} 

block { 
   label dmc
   totweight 3864576
   nautocorr 0
   total_energy { -15.90428546266824   } 
   total_energyvar { 0.3417448036249791   } 
   weight { 0.9972227059814665   } 
   weightvar { 0.09728825148946875   } 
   kinetic_energy { 15.41488832636319   } 
   kinetic_energyvar { 206.7254537948695   } 
   potential_energy { -31.13159905866213   } 
   potential_energyvar { 332.3658941701793   } 
   nonlocal_energy { -0.1875747303693076   } 
   nonlocal_energyvar { 96.58003237183084   } 
   autocorr_energy { } 
} 

block { 
   label dmc
   totweight 3864576
   nautocorr 0
   total_energy { -15.90137999745446   } 
   total_energyvar { 0.3560155143132174   } 
   weight { 0.9967674312814074   } 
   weightvar { 0.09695418807106337   } 
   kinetic_energy { 15.32799562590442   } 
   kinetic_energyvar { 206.8412557556943   } 
   potential_energy { -31.06601609503725   } 
   potential_energyvar { 342.1219178987917   } 
   nonlocal_energy { -0.1633595283216283   } 
   nonlocal_energyvar { 104.7886945276021   } 
   autocorr_energy { } 
} 

block { 
   label dmc
   totweight 3864576
   nautocorr 0
   total_energy { -15.90154933664178   } 
   total_energyvar { 0.3496511899539814   } 
   weight { 0.9960148902616501   } 
   weightvar { 0.09686436748429084   } 
   kinetic_energy { 15.37857890009588   } 
   kinetic_energyvar { 205.857315781896   } 
   potential_energy { -31.09468896138593   } 
   potential_energyvar { 336.9919837023851   } 
   nonlocal_energy { -0.1854392753517375   } 
   nonlocal_energyvar { 101.9603540705433   } 
   autocorr_energy { } 
} 

block { 
   label dmc
   totweight 3864576
   nautocorr 0
   total_energy { -15.90237944822453   } 
   total_energyvar { 0.3433224585193624   } 
   weight { 0.9963698289365318   } 
   weightvar { 0.09680321849910553   } 
   kinetic_energy { 15.35924572211865   } 
   kinetic_energyvar { 206.6771292851896   } 
   potential_energy { -31.09255650999453   } 
   potential_energyvar { 340.1255409010867   } 
   nonlocal_energy { -0.1690686603486439   } 
   nonlocal_energyvar { 103.3643010151863   } 
   autocorr_energy { } 
} 

block { 
   label dmc
   totweight 3864576
   nautocorr 0
   total_energy { -15.90312684993172   } 
   total_energyvar { 0.3428934303926255   } 
   weight { 0.9967770460241155   } 
   weightvar { 0.09641740963854867   } 
   kinetic_energy { 15.35963527239694   } 
   kinetic_energyvar { 206.7143097695555   } 
   potential_energy { -31.09640976904751   } 
   potential_energyvar { 342.527618379159   } 
   nonlocal_energy { -0.1663523532811509   } 
   nonlocal_energyvar { 105.3992104779284   } 
   autocorr_energy { } 
} 

block { 
   label dmc
   totweight 3864576
   nautocorr 0
   total_energy { -15.90404005820778   } 
   total_energyvar { 0.3867166525206491   } 
   weight { 0.9973094145360062   } 
   weightvar { 0.09652008604603764   } 
   kinetic_energy { 15.37844120865916   } 
   kinetic_energyvar { 207.6970925378007   } 
   potential_energy { -31.1096681804969   } 
   potential_energyvar { 347.0678669393651   } 
   nonlocal_energy { -0.1728130863700418   } 
   nonlocal_energyvar { 109.3083154259102   } 
   autocorr_energy { } 
} 

block { 
   label dmc
   totweight 3864576
   nautocorr 0
   total_energy { -15.90371510333378   } 
   total_energyvar { 0.3404663564777962   } 
   weight { 0.998176543969601   } 
   weightvar { 0.09816407711599807   } 
   kinetic_energy { 15.3386916962236   } 
   kinetic_energyvar { 206.8340880255624   } 
   potential_energy { -31.0661756690445   } 
   potential_energyvar { 335.6136431137791   } 
   nonlocal_energy { -0.1762311305128856   } 
   nonlocal_energyvar { 98.75949403667133   } 
   autocorr_energy { } 
} 

block { 
   label dmc
   totweight 3864576
   nautocorr 0
   total_energy { -15.90373044400624   } 
   total_energyvar { 0.3620701302064187   } 
   weight { 0.9978673097291756   } 
   weightvar { 0.09708056569157034   } 
   kinetic_energy { 15.36608087487583   } 
   kinetic_energyvar { 206.0316201089625   } 
   potential_energy { -31.09399998987294   } 
   potential_energyvar { 341.1751790740726   } 
   nonlocal_energy { -0.1758113290091339   } 
   nonlocal_energyvar { 105.4964445977213   } 
   autocorr_energy { } 
} 

block { 
   label dmc
   totweight 3864576
   nautocorr 0
   total_energy { -15.90336256280375   } 
   total_energyvar { 0.3448249254337288   } 
   weight { 0.9980868767743073   } 
   weightvar { 0.09718662538088109   } 
   kinetic_energy { 15.35389005654083   } 
   kinetic_energyvar { 206.2092593053226   } 
   potential_energy { -31.08015834738845   } 
   potential_energyvar { 335.8376951767352   } 
   nonlocal_energy { -0.1770942719561333   } 
   nonlocal_energyvar { 99.88086743051706   } 
   autocorr_energy { } 
} 

block { 
   label dmc
   totweight 3864576
   nautocorr 0
   total_energy { -15.90275325594471   } 
   total_energyvar { 0.384200286778644   } 
   weight { 0.9969269830590047   } 
   weightvar { 0.09802157162795005   } 
   kinetic_energy { 15.47035679510048   } 
   kinetic_energyvar { 207.2976158808077   } 
   potential_energy { -31.2024586696699   } 
   potential_energyvar { 351.7411183920972   } 
   nonlocal_energy { -0.1706513813752983   } 
   nonlocal_energyvar { 114.3658442768103   } 
   autocorr_energy { } 
} 

block { 
   label dmc
   totweight 3864576
   nautocorr 0
   total_energy { -15.9038434030128   } 
   total_energyvar { 0.3435796838100514   } 
   weight { 0.9975898059045568   } 
   weightvar { 0.09719994829415521   } 
   kinetic_energy { 15.36463120135874   } 
   kinetic_energyvar { 206.3345970441243   } 
   potential_energy { -31.09080792114035   } 
   potential_energyvar { 336.1799315354098   } 
   nonlocal_energy { -0.1776666832311928   } 
   nonlocal_energyvar { 100.3392316522867   } 
   autocorr_energy { } 
} 

block { 
   label dmc
   totweight 3864576
   nautocorr 0
   total_energy { -15.90379706777078   } 
   total_energyvar { 0.3477119379177945   } 
   weight { 0.9980900602053807   } 
   weightvar { 0.09664193379895601   } 
   kinetic_energy { 15.33849971684334   } 
   kinetic_energyvar { 206.3694307515126   } 
   potential_energy { -31.07280411470217   } 
   potential_energyvar { 339.8271266401527   } 
   nonlocal_energy { -0.1694926699119546   } 
   nonlocal_energyvar { 103.4470574302381   } 
   autocorr_energy { } 
} 

block { 
   label dmc
   totweight 3864576
   nautocorr 0
   total_energy { -15.90395298408226   } 
   total_energyvar { 0.3506028872580478   } 
   weight { 0.9974011798272699   } 
   weightvar { 0.09808913988869743   } 
   kinetic_energy { 15.42523187157   } 
   kinetic_energyvar { 206.5970370380847   } 
   potential_energy { -31.15832352784475   } 
   potential_energyvar { 337.6827826333866   } 
   nonlocal_energy { -0.1708613278075056   } 
   nonlocal_energyvar { 100.998772867493   } 
   autocorr_energy { } 
} 

block { 
   label dmc
   totweight 3864576
   nautocorr 0
   total_energy { -15.9015738489687   } 
   total_energyvar { 0.4696372953931451   } 
   weight { 0.9973318752897922   } 
   weightvar { 0.09726777896256758   } 
   kinetic_energy { 15.35010925285999   } 
   kinetic_energyvar { 206.1706461092272   } 
   potential_energy { -31.08422069600219   } 
   potential_energyvar { 369.9167477950281   } 
   nonlocal_energy { -0.1674624058264898   } 
   nonlocal_energyvar { 133.2281888334919   } 
   autocorr_energy { } 
} 

block { 
   label dmc
   totweight 3864576
   nautocorr 0
   total_energy { -15.90270609190006   } 
   total_energyvar { 0.3531261802557588   } 
   weight { 0.9969042054264438   } 
   weightvar { 0.09916267479186774   } 
   kinetic_energy { 15.3264487732356   } 
   kinetic_energyvar { 206.2593614977725   } 
   potential_energy { -31.05420317546054   } 
   potential_energyvar { 338.1895823573792   } 
   nonlocal_energy { -0.174951689675118   } 
   nonlocal_energyvar { 102.3199923230213   } 
   autocorr_energy { } 
} 

block { 
   label dmc
   totweight 3864576
   nautocorr 0
   total_energy { -15.90073892610691   } 
   total_energyvar { 0.4027350165104083   } 
   weight { 0.9954843412135758   } 
   weightvar { 0.09882087212066196   } 
   kinetic_energy { 15.47106882912274   } 
   kinetic_energyvar { 208.1980391995878   } 
   potential_energy { -31.19457230259769   } 
   potential_energyvar { 350.8950086360545   } 
   nonlocal_energy { -0.1772354526319582   } 
   nonlocal_energyvar { 112.586487331371   } 
   autocorr_energy { } 
} 

block { 
   label dmc
   totweight 3864576
   nautocorr 0
   total_energy { -15.90113860255704   } 
   total_energyvar { 0.3508055048272691   } 
   weight { 0.9956140141449292   } 
   weightvar { 0.09845825494740565   } 
   kinetic_energy { 15.36535220697203   } 
   kinetic_energyvar { 206.3562062202927   } 
   potential_energy { -31.09645319221898   } 
   potential_energyvar { 340.8568816880278   } 
   nonlocal_energy { -0.1700376173100906   } 
   nonlocal_energyvar { 104.2942808849859   } 
   autocorr_energy { } 
} 

block { 
   label dmc
   totweight 3864576
   nautocorr 0
   total_energy { -15.90111471328031   } 
   total_energyvar { 0.3398786103797355   } 
   weight { 0.994923626732963   } 
   weightvar { 0.09662749126118159   } 
   kinetic_energy { 15.39285234394083   } 
   kinetic_energyvar { 206.6505054129321   } 
   potential_energy { -31.12583629962566   } 
   potential_energyvar { 336.9145269980262   } 
   nonlocal_energy { -0.1681307575954711   } 
   nonlocal_energyvar { 99.95427877262723   } 
   autocorr_energy { } 
} 

block { 
   label dmc
   totweight 3864576
   nautocorr 0
   total_energy { -15.90182964586817   } 
   total_energyvar { 0.3637300274997109   } 
   weight { 0.9955183149366966   } 
   weightvar { 0.09668754250115795   } 
   kinetic_energy { 15.38958825437826   } 
   kinetic_energyvar { 206.7279798009064   } 
   potential_energy { -31.12339974750109   } 
   potential_energyvar { 342.5203053676706   } 
   nonlocal_energy { -0.1680181527453513   } 
   nonlocal_energyvar { 105.5790398173173   } 
   autocorr_energy { } 
} 

block { 
   label dmc
   totweight 3864576
   nautocorr 0
   total_energy { -15.90235332548635   } 
   total_energyvar { 0.3533354589366264   } 
   weight { 0.9959351068564415   } 
   weightvar { 0.09725798776352802   } 
   kinetic_energy { 15.41504332459746   } 
   kinetic_energyvar { 206.1992745516114   } 
   potential_energy { -31.13181592145034   } 
   potential_energyvar { 336.8840508361955   } 
   nonlocal_energy { -0.1855807286334709   } 
   nonlocal_energyvar { 101.320600009807   } 
   autocorr_energy { } 
} 

block { 
   label dmc
   totweight 3864576
   nautocorr 0
   total_energy { -15.90058527486612   } 
   total_energyvar { 0.3610824539797287   } 
   weight { 0.9957918878577112   } 
   weightvar { 0.09781244639213175   } 
   kinetic_energy { 15.43259532333456   } 
   kinetic_energyvar { 207.6653710826897   } 
   potential_energy { -31.1670187713163   } 
   potential_energyvar { 346.1842190213618   } 
   nonlocal_energy { -0.1661618268843836   } 
   nonlocal_energyvar { 108.1339561717248   } 
   autocorr_energy { } 
} 

block { 
   label dmc
   totweight 3864576
   nautocorr 0
   total_energy { -15.9037320281661   } 
   total_energyvar { 0.4240011901296516   } 
   weight { 0.9954322385465776   } 
   weightvar { 0.09818251526742108   } 
   kinetic_energy { 15.40997383517981   } 
   kinetic_energyvar { 206.6889797856136   } 
   potential_energy { -31.14170910859174   } 
   potential_energyvar { 357.6749570067794   } 
   nonlocal_energy { -0.1719967547541678   } 
   nonlocal_energyvar { 120.8227143968095   } 
   autocorr_energy { } 
} 

block { 
   label dmc
   totweight 3864576
   nautocorr 0
   total_energy { -15.90125677100313   } 
   total_energyvar { 0.3682406882324886   } 
   weight { 0.9969166742189877   } 
   weightvar { 0.09878725184567358   } 
   kinetic_energy { 15.42197453666513   } 
   kinetic_energyvar { 207.071199643899   } 
   potential_energy { -31.14835896436167   } 
   potential_energyvar { 344.8423475110809   } 
   nonlocal_energy { -0.174872343306583   } 
   nonlocal_energyvar { 107.5337660597967   } 
   autocorr_energy { } 
} 

block { 
   label dmc
   totweight 3864576
   nautocorr 0
   total_energy { -15.90041715339496   } 
   total_energyvar { 0.3816424057351834   } 
   weight { 0.995442450925544   } 
   weightvar { 0.09816832455579556   } 
   kinetic_energy { 15.44030902667819   } 
   kinetic_energyvar { 206.5293791815155   } 
   potential_energy { -31.16076327847061   } 
   potential_energyvar { 342.9998317210141   } 
   nonlocal_energy { -0.1799629016025431   } 
   nonlocal_energyvar { 106.9347367929694   } 
   autocorr_energy { } 
} 

block { 
   label dmc
   totweight 3864576
   nautocorr 0
   total_energy { -15.90311416951636   } 
   total_energyvar { 0.3631110952773202   } 
   weight { 0.9955096490866124   } 
   weightvar { 0.09750173660163475   } 
   kinetic_energy { 15.40642311022741   } 
   kinetic_energyvar { 206.5944352996588   } 
   potential_energy { -31.12327144950121   } 
   potential_energyvar { 340.3144750668295   } 
   nonlocal_energy { -0.1862658302425661   } 
   nonlocal_energyvar { 104.7889747895535   } 
   autocorr_energy { } 
} 

block { 
   label dmc
   totweight 3864576
   nautocorr 0
   total_energy { -15.90158380726195   } 
   total_energyvar { 0.3607377968049   } 
   weight { 0.9961677859964662   } 
   weightvar { 0.09783970247349237   } 
   kinetic_energy { 15.4193757356839   } 
   kinetic_energyvar { 206.6881582519214   } 
   potential_energy { -31.15331870195669   } 
   potential_energyvar { 345.7348992012134   } 
   nonlocal_energy { -0.1676408409891591   } 
   nonlocal_energyvar { 108.809335722779   } 
   autocorr_energy { } 
} 

block { 
   label dmc
   totweight 3864576
   nautocorr 0
   total_energy { -15.90275507733977   } 
   total_energyvar { 0.3416030448449655   } 
   weight { 0.9966059708654688   } 
   weightvar { 0.09827307368583453   } 
   kinetic_energy { 15.39369595822585   } 
   kinetic_energyvar { 206.762634416932   } 
   potential_energy { -31.11479795852863   } 
   potential_energyvar { 336.0036359307517   } 
   nonlocal_energy { -0.1816530770369928   } 
   nonlocal_energyvar { 99.73156331685855   } 
   autocorr_energy { } 
} 

block { 
   label dmc
   totweight 3864576
   nautocorr 0
   total_energy { -15.90294727930021   } 
   total_energyvar { 0.355437504158548   } 
   weight { 0.9963925383469714   } 
   weightvar { 0.09744377037467078   } 
   kinetic_energy { 15.36459394517633   } 
   kinetic_energyvar { 206.2177088192879   } 
   potential_energy { -31.09506665046142   } 
   potential_energyvar { 342.6979034479361   } 
   nonlocal_energy { -0.1724745740151256   } 
   nonlocal_energyvar { 106.6956019104212   } 
   autocorr_energy { } 
} 

block { 
   label dmc
   totweight 3864576
   nautocorr 0
   total_energy { -15.90208557868813   } 
   total_energyvar { 0.3476832445629232   } 
   weight { 0.9963210375824009   } 
   weightvar { 0.09760716538945099   } 
   kinetic_energy { 15.34004292353277   } 
   kinetic_energyvar { 206.4745347507357   } 
   potential_energy { -31.0790447464359   } 
   potential_energyvar { 339.7211342698256   } 
   nonlocal_energy { -0.1630837557849991   } 
   nonlocal_energyvar { 102.9355135083852   } 
   autocorr_energy { } 
} 

