#-------------------------------------------------
#DMC run: timestep 0.0055
#-------------------------------------------------


init { 
   label dmc
}
block { 
   label dmc
   totweight 3168256
   nautocorr 0
   total_energy { -15.89068468504781   } 
   total_energyvar { 0.3833743624979247   } 
   weight { 1.052680697024859   } 
   weightvar { 0.01942423407381605   } 
   kinetic_energy { 13.6361424804641   } 
   kinetic_energyvar { 200.2828893758754   } 
   potential_energy { -29.37919617687656   } 
   potential_energyvar { 329.0807313256109   } 
   nonlocal_energy { -0.1476309886353552   } 
   nonlocal_energyvar { 102.0274335135827   } 
   autocorr_energy { } 
} 

block { 
   label dmc
   totweight 3168256
   nautocorr 0
   total_energy { -15.90220220977404   } 
   total_energyvar { 0.3503513175938034   } 
   weight { 1.063097874444809   } 
   weightvar { 0.05699963915937488   } 
   kinetic_energy { 15.27744927478809   } 
   kinetic_energyvar { 206.3783730672145   } 
   potential_energy { -30.99944764682708   } 
   potential_energyvar { 334.4439821416783   } 
   nonlocal_energy { -0.180203837735058   } 
   nonlocal_energyvar { 98.7485314095469   } 
   autocorr_energy { } 
} 

block { 
   label dmc
   totweight 3168256
   nautocorr 0
   total_energy { -15.90362008468909   } 
   total_energyvar { 0.3496977499560698   } 
   weight { 1.025816664776134   } 
   weightvar { 0.07681476557714904   } 
   kinetic_energy { 15.36799767347593   } 
   kinetic_energyvar { 206.8701939564064   } 
   potential_energy { -31.0967252104512   } 
   potential_energyvar { 340.8033612560225   } 
   nonlocal_energy { -0.1748925477138218   } 
   nonlocal_energyvar { 103.5554675589926   } 
   autocorr_energy { } 
} 

block { 
   label dmc
   totweight 3168256
   nautocorr 0
   total_energy { -15.90331863009715   } 
   total_energyvar { 0.3576465724896887   } 
   weight { 1.010590078494478   } 
   weightvar { 0.08716036039970085   } 
   kinetic_energy { 15.35999925935845   } 
   kinetic_energyvar { 206.1135181378432   } 
   potential_energy { -31.07902846626132   } 
   potential_energyvar { 336.131188091193   } 
   nonlocal_energy { -0.1842894231942749   } 
   nonlocal_energyvar { 101.1336165807881   } 
   autocorr_energy { } 
} 

block { 
   label dmc
   totweight 3168256
   nautocorr 0
   total_energy { -15.90286391345667   } 
   total_energyvar { 0.4605559538133826   } 
   weight { 1.003711808674536   } 
   weightvar { 0.0927550553046224   } 
   kinetic_energy { 15.43148615130187   } 
   kinetic_energyvar { 207.0291147360205   } 
   potential_energy { -31.15941319552867   } 
   potential_energyvar { 372.1768641883921   } 
   nonlocal_energy { -0.1749368692298723   } 
   nonlocal_energyvar { 134.8178753268961   } 
   autocorr_energy { } 
} 

block { 
   label dmc
   totweight 3168256
   nautocorr 0
   total_energy { -15.90344314226829   } 
   total_energyvar { 0.3598868205721009   } 
   weight { 1.000300161412119   } 
   weightvar { 0.0948903778148191   } 
   kinetic_energy { 15.41761431586843   } 
   kinetic_energyvar { 206.6725138085726   } 
   potential_energy { -31.14579719143639   } 
   potential_energyvar { 345.1929408791335   } 
   nonlocal_energy { -0.1752602667003292   } 
   nonlocal_energyvar { 108.3938174453688   } 
   autocorr_energy { } 
} 

block { 
   label dmc
   totweight 3168256
   nautocorr 0
   total_energy { -15.90280206411038   } 
   total_energyvar { 0.3473871749830836   } 
   weight { 0.9985934570243508   } 
   weightvar { 0.09623710486896304   } 
   kinetic_energy { 15.39615301046051   } 
   kinetic_energyvar { 206.596896857099   } 
   potential_energy { -31.12384765927458   } 
   potential_energyvar { 336.4234961349307   } 
   nonlocal_energy { -0.1751074152963035   } 
   nonlocal_energyvar { 99.94999601162563   } 
   autocorr_energy { } 
} 

block { 
   label dmc
   totweight 3168256
   nautocorr 0
   total_energy { -15.9020255347311   } 
   total_energyvar { 0.3492651108002564   } 
   weight { 0.9972288664160956   } 
   weightvar { 0.09667385276491189   } 
   kinetic_energy { 15.35526041539667   } 
   kinetic_energyvar { 206.4214547385897   } 
   potential_energy { -31.07752117107195   } 
   potential_energyvar { 337.720597280069   } 
   nonlocal_energy { -0.1797647790558176   } 
   nonlocal_energyvar { 101.4626474759426   } 
   autocorr_energy { } 
} 

block { 
   label dmc
   totweight 3168256
   nautocorr 0
   total_energy { -15.90026210894073   } 
   total_energyvar { 0.3368741819219512   } 
   weight { 0.9949370451689097   } 
   weightvar { 0.09633264083534543   } 
   kinetic_energy { 15.332827339378   } 
   kinetic_energyvar { 206.3582247517858   } 
   potential_energy { -31.04824169941428   } 
   potential_energyvar { 332.2602029035179   } 
   nonlocal_energy { -0.184847748904458   } 
   nonlocal_energyvar { 96.78637021798087   } 
   autocorr_energy { } 
} 

block { 
   label dmc
   totweight 3168256
   nautocorr 0
   total_energy { -15.90229244087093   } 
   total_energyvar { 0.3801381102231162   } 
   weight { 0.9954077024111164   } 
   weightvar { 0.09565328156371074   } 
   kinetic_energy { 15.35505653320191   } 
   kinetic_energyvar { 205.8683149534628   } 
   potential_energy { -31.07432491263927   } 
   potential_energyvar { 345.3815278755919   } 
   nonlocal_energy { -0.1830240614335729   } 
   nonlocal_energyvar { 110.3288719121348   } 
   autocorr_energy { } 
} 

block { 
   label dmc
   totweight 3168256
   nautocorr 0
   total_energy { -15.89867256988518   } 
   total_energyvar { 0.3604079537655601   } 
   weight { 0.9939325595769254   } 
   weightvar { 0.09596362177345098   } 
   kinetic_energy { 15.40943065654397   } 
   kinetic_energyvar { 207.2183401085908   } 
   potential_energy { -31.13696904851694   } 
   potential_energyvar { 345.3650408274745   } 
   nonlocal_energy { -0.1711341779122109   } 
   nonlocal_energyvar { 108.1225545438055   } 
   autocorr_energy { } 
} 

block { 
   label dmc
   totweight 3168256
   nautocorr 0
   total_energy { -15.90177451183083   } 
   total_energyvar { 0.4450870408246153   } 
   weight { 0.9937207008142888   } 
   weightvar { 0.09846325450197799   } 
   kinetic_energy { 15.33047519057221   } 
   kinetic_energyvar { 205.7598865613232   } 
   potential_energy { -31.0617505225467   } 
   potential_energyvar { 359.1355971664489   } 
   nonlocal_energy { -0.1704991798563328   } 
   nonlocal_energyvar { 123.5648276969354   } 
   autocorr_energy { } 
} 

block { 
   label dmc
   totweight 3168256
   nautocorr 0
   total_energy { -15.90332991845814   } 
   total_energyvar { 0.3655009361168368   } 
   weight { 0.9963951324078537   } 
   weightvar { 0.09868302412861607   } 
   kinetic_energy { 15.42951682867233   } 
   kinetic_energyvar { 206.924077285603   } 
   potential_energy { -31.15611740619051   } 
   potential_energyvar { 344.9814840253181   } 
   nonlocal_energy { -0.1767293409399631   } 
   nonlocal_energyvar { 108.1861368001774   } 
   autocorr_energy { } 
} 

block { 
   label dmc
   totweight 3168256
   nautocorr 0
   total_energy { -15.90112465785484   } 
   total_energyvar { 0.3371821151109917   } 
   weight { 0.9959821156903237   } 
   weightvar { 0.09859863698660458   } 
   kinetic_energy { 15.40996077129186   } 
   kinetic_energyvar { 206.7275921100027   } 
   potential_energy { -31.12985780751434   } 
   potential_energyvar { 332.6348956269684   } 
   nonlocal_energy { -0.1812276216323538   } 
   nonlocal_energyvar { 96.38396677994137   } 
   autocorr_energy { } 
} 

block { 
   label dmc
   totweight 3168256
   nautocorr 0
   total_energy { -15.90261249910322   } 
   total_energyvar { 0.3491252401962919   } 
   weight { 0.9957100865605654   } 
   weightvar { 0.09905780228843253   } 
   kinetic_energy { 15.39716970403393   } 
   kinetic_energyvar { 206.7558361985662   } 
   potential_energy { -31.11972564386643   } 
   potential_energyvar { 334.1699952065759   } 
   nonlocal_energy { -0.1800565592707272   } 
   nonlocal_energyvar { 98.12431306631321   } 
   autocorr_energy { } 
} 

block { 
   label dmc
   totweight 3168256
   nautocorr 0
   total_energy { -15.90377993100389   } 
   total_energyvar { 0.3374691373090415   } 
   weight { 0.9967380782889776   } 
   weightvar { 0.09850028688645004   } 
   kinetic_energy { 15.38201126372859   } 
   kinetic_energyvar { 207.0180350986703   } 
   potential_energy { -31.09195506526066   } 
   potential_energyvar { 330.2294603498371   } 
   nonlocal_energy { -0.1938361294718188   } 
   nonlocal_energyvar { 94.32560668111439   } 
   autocorr_energy { } 
} 

block { 
   label dmc
   totweight 3168256
   nautocorr 0
   total_energy { -15.90308511609075   } 
   total_energyvar { 0.3800936305221765   } 
   weight { 0.9974039157452431   } 
   weightvar { 0.09666470389940371   } 
   kinetic_energy { 15.39227714969427   } 
   kinetic_energyvar { 206.8107074949464   } 
   potential_energy { -31.12521115947678   } 
   potential_energyvar { 349.249106752815   } 
   nonlocal_energy { -0.1701511063082412   } 
   nonlocal_energyvar { 112.0176222208311   } 
   autocorr_energy { } 
} 

block { 
   label dmc
   totweight 3168256
   nautocorr 0
   total_energy { -15.90069150666193   } 
   total_energyvar { 0.3892799338364283   } 
   weight { 0.9960046290925445   } 
   weightvar { 0.09621247402469554   } 
   kinetic_energy { 15.39044649684114   } 
   kinetic_energyvar { 206.9920042594256   } 
   potential_energy { -31.11267864825388   } 
   potential_energyvar { 349.1715378304471   } 
   nonlocal_energy { -0.1784593552491799   } 
   nonlocal_energyvar { 112.6302937986696   } 
   autocorr_energy { } 
} 

block { 
   label dmc
   totweight 3168256
   nautocorr 0
   total_energy { -15.90222194066049   } 
   total_energyvar { 0.3399675122109377   } 
   weight { 0.9957795142054436   } 
   weightvar { 0.09611537565254413   } 
   kinetic_energy { 15.37563294668069   } 
   kinetic_energyvar { 206.3916254806596   } 
   potential_energy { -31.10777688383936   } 
   potential_energyvar { 336.7565276906863   } 
   nonlocal_energy { -0.1700780035018175   } 
   nonlocal_energyvar { 100.4234350255098   } 
   autocorr_energy { } 
} 

block { 
   label dmc
   totweight 3168256
   nautocorr 0
   total_energy { -15.90503943351651   } 
   total_energyvar { 0.384705824693245   } 
   weight { 0.9970019772465758   } 
   weightvar { 0.09801933768492288   } 
   kinetic_energy { 15.33985741507702   } 
   kinetic_energyvar { 205.628935019831   } 
   potential_energy { -31.07713123083924   } 
   potential_energyvar { 350.0846111590092   } 
   nonlocal_energy { -0.1677656177542859   } 
   nonlocal_energyvar { 114.3081676557966   } 
   autocorr_energy { } 
} 

block { 
   label dmc
   totweight 3168256
   nautocorr 0
   total_energy { -15.90430513808707   } 
   total_energyvar { 0.3481236429962608   } 
   weight { 0.9980142405833712   } 
   weightvar { 0.09896003103850758   } 
   kinetic_energy { 15.34152953447642   } 
   kinetic_energyvar { 206.0549456881928   } 
   potential_energy { -31.0717392858051   } 
   potential_energyvar { 338.9648014910097   } 
   nonlocal_energy { -0.1740953867583948   } 
   nonlocal_energyvar { 103.4037181811594   } 
   autocorr_energy { } 
} 

block { 
   label dmc
   totweight 3168256
   nautocorr 0
   total_energy { -15.89979586728681   } 
   total_energyvar { 0.4762093336413425   } 
   weight { 0.9957407297117052   } 
   weightvar { 0.09928542933241734   } 
   kinetic_energy { 15.4228173484128   } 
   kinetic_energyvar { 207.2536139149418   } 
   potential_energy { -31.13911309075055   } 
   potential_energyvar { 366.0879307608959   } 
   nonlocal_energy { -0.1835001249490555   } 
   nonlocal_energyvar { 129.2444372997331   } 
   autocorr_energy { } 
} 

block { 
   label dmc
   totweight 3168256
   nautocorr 0
   total_energy { -15.90360463422351   } 
   total_energyvar { 0.3461176433023783   } 
   weight { 0.9958383875170608   } 
   weightvar { 0.09760063573925236   } 
   kinetic_energy { 15.41390156333825   } 
   kinetic_energyvar { 206.6446701574814   } 
   potential_energy { -31.13771405579312   } 
   potential_energyvar { 337.5265817953947   } 
   nonlocal_energy { -0.1797921417686455   } 
   nonlocal_energyvar { 101.3196255138529   } 
   autocorr_energy { } 
} 

block { 
   label dmc
   totweight 3168256
   nautocorr 0
   total_energy { -15.90118907202317   } 
   total_energyvar { 0.3395343670115359   } 
   weight { 0.9961456469528754   } 
   weightvar { 0.09798309005810839   } 
   kinetic_energy { 15.38508770671904   } 
   kinetic_energyvar { 206.4389679746911   } 
   potential_energy { -31.10535407625037   } 
   potential_energyvar { 334.8541207861263   } 
   nonlocal_energy { -0.1809227024918462   } 
   nonlocal_energyvar { 99.12269650687878   } 
   autocorr_energy { } 
} 

block { 
   label dmc
   totweight 3168256
   nautocorr 0
   total_energy { -15.90107638741712   } 
   total_energyvar { 0.3406368993626548   } 
   weight { 0.9955106362124575   } 
   weightvar { 0.09947252823346299   } 
   kinetic_energy { 15.3724471396581   } 
   kinetic_energyvar { 206.3406296961735   } 
   potential_energy { -31.09310110081748   } 
   potential_energyvar { 332.7035870113317   } 
   nonlocal_energy { -0.1804224262577381   } 
   nonlocal_energyvar { 97.13868942129344   } 
   autocorr_energy { } 
} 

block { 
   label dmc
   totweight 3168256
   nautocorr 0
   total_energy { -15.89923729783634   } 
   total_energyvar { 0.3450557659401212   } 
   weight { 0.9947903905987675   } 
   weightvar { 0.09810180035440906   } 
   kinetic_energy { 15.44295719484258   } 
   kinetic_energyvar { 207.1253968118692   } 
   potential_energy { -31.16361942265485   } 
   potential_energyvar { 340.558184542218   } 
   nonlocal_energy { -0.1785750700240782   } 
   nonlocal_energyvar { 103.3871053454397   } 
   autocorr_energy { } 
} 

block { 
   label dmc
   totweight 3168256
   nautocorr 0
   total_energy { -15.89795252282486   } 
   total_energyvar { 0.361260402128647   } 
   weight { 0.9925892340944489   } 
   weightvar { 0.09822593175025628   } 
   kinetic_energy { 15.40389824550853   } 
   kinetic_energyvar { 206.9334884470518   } 
   potential_energy { -31.13206171255412   } 
   potential_energyvar { 347.0469466653499   } 
   nonlocal_energy { -0.1697890557792797   } 
   nonlocal_energyvar { 109.9040513933033   } 
   autocorr_energy { } 
} 

block { 
   label dmc
   totweight 3168256
   nautocorr 0
   total_energy { -15.89943651895727   } 
   total_energyvar { 0.3386810617805935   } 
   weight { 0.9926002579512332   } 
   weightvar { 0.09789179192641104   } 
   kinetic_energy { 15.33323772853218   } 
   kinetic_energyvar { 206.2130160280182   } 
   potential_energy { -31.05798460883303   } 
   potential_energyvar { 336.8117149599524   } 
   nonlocal_energy { -0.1746896386564215   } 
   nonlocal_energyvar { 100.7916864296776   } 
   autocorr_energy { } 
} 

block { 
   label dmc
   totweight 3168256
   nautocorr 0
   total_energy { -15.9001578868812   } 
   total_energyvar { 0.3511365477441537   } 
   weight { 0.9942780558928545   } 
   weightvar { 0.09765203966593829   } 
   kinetic_energy { 15.34461548756883   } 
   kinetic_energyvar { 206.7225396520449   } 
   potential_energy { -31.06756604127222   } 
   potential_energyvar { 342.4022647981864   } 
   nonlocal_energy { -0.1772073331778077   } 
   nonlocal_energyvar { 105.8167409840839   } 
   autocorr_energy { } 
} 

block { 
   label dmc
   totweight 3168256
   nautocorr 0
   total_energy { -15.90129789411539   } 
   total_energyvar { 0.3541132874442036   } 
   weight { 0.9947424617959214   } 
   weightvar { 0.09789546982699168   } 
   kinetic_energy { 15.39165868497767   } 
   kinetic_energyvar { 206.345403589208   } 
   potential_energy { -31.10625452741272   } 
   potential_energyvar { 338.1417009639322   } 
   nonlocal_energy { -0.1867020516803464   } 
   nonlocal_energyvar { 102.598750386535   } 
   autocorr_energy { } 
} 

block { 
   label dmc
   totweight 3168256
   nautocorr 0
   total_energy { -15.90228219297414   } 
   total_energyvar { 0.3403123648109106   } 
   weight { 0.9960031020475055   } 
   weightvar { 0.0979257676308694   } 
   kinetic_energy { 15.31100368430136   } 
   kinetic_energyvar { 205.6781337724137   } 
   potential_energy { -31.03789570068507   } 
   potential_energyvar { 332.0142021536673   } 
   nonlocal_energy { -0.1753901765904186   } 
   nonlocal_energyvar { 96.87469283161697   } 
   autocorr_energy { } 
} 

block { 
   label dmc
   totweight 3168256
   nautocorr 0
   total_energy { -15.90379865514292   } 
   total_energyvar { 0.388853573663941   } 
   weight { 0.9967538785747129   } 
   weightvar { 0.09888592463516684   } 
   kinetic_energy { 15.26272468462244   } 
   kinetic_energyvar { 205.6941634992663   } 
   potential_energy { -30.99344259692625   } 
   potential_energyvar { 348.7072367613213   } 
   nonlocal_energy { -0.1730807428391099   } 
   nonlocal_energyvar { 113.362685486351   } 
   autocorr_energy { } 
} 

block { 
   label dmc
   totweight 3168256
   nautocorr 0
   total_energy { -15.9038713062181   } 
   total_energyvar { 0.3476372977075416   } 
   weight { 0.9971189170458882   } 
   weightvar { 0.09859573518734467   } 
   kinetic_energy { 15.39324941387734   } 
   kinetic_energyvar { 206.6307361181531   } 
   potential_energy { -31.11986176215477   } 
   potential_energyvar { 337.4153126053148   } 
   nonlocal_energy { -0.177258957940666   } 
   nonlocal_energyvar { 101.2408129832342   } 
   autocorr_energy { } 
} 

block { 
   label dmc
   totweight 3168256
   nautocorr 0
   total_energy { -15.90349695788409   } 
   total_energyvar { 0.3538920052194487   } 
   weight { 0.9977472724483947   } 
   weightvar { 0.09833503766263307   } 
   kinetic_energy { 15.39394331101876   } 
   kinetic_energyvar { 206.8965528396914   } 
   potential_energy { -31.13756852619757   } 
   potential_energyvar { 347.1736760145162   } 
   nonlocal_energy { -0.1598717427052843   } 
   nonlocal_energyvar { 109.6514048762639   } 
   autocorr_energy { } 
} 

block { 
   label dmc
   totweight 3168256
   nautocorr 0
   total_energy { -15.90017113913254   } 
   total_energyvar { 0.3986999228513254   } 
   weight { 0.9963786540298799   } 
   weightvar { 0.09838997425811201   } 
   kinetic_energy { 15.34677602769058   } 
   kinetic_energyvar { 205.6875779981533   } 
   potential_energy { -31.07112574213016   } 
   potential_energyvar { 349.5836301013154   } 
   nonlocal_energy { -0.1758214246929579   } 
   nonlocal_energyvar { 114.403325964073   } 
   autocorr_energy { } 
} 

block { 
   label dmc
   totweight 3168256
   nautocorr 0
   total_energy { -15.90191637024282   } 
   total_energyvar { 0.3471445047846487   } 
   weight { 0.9957027864974261   } 
   weightvar { 0.09882327457314806   } 
   kinetic_energy { 15.39324506254702   } 
   kinetic_energyvar { 206.4789741107336   } 
   potential_energy { -31.11916656762608   } 
   potential_energyvar { 337.6404410883302   } 
   nonlocal_energy { -0.1759948651637521   } 
   nonlocal_energyvar { 101.1548858593372   } 
   autocorr_energy { } 
} 

block { 
   label dmc
   totweight 3168256
   nautocorr 0
   total_energy { -15.90185213515918   } 
   total_energyvar { 0.3419456030163891   } 
   weight { 0.996057663288467   } 
   weightvar { 0.09820074259260059   } 
   kinetic_energy { 15.35921256649253   } 
   kinetic_energyvar { 206.6651530639533   } 
   potential_energy { -31.08410029858224   } 
   potential_energyvar { 336.0100442585759   } 
   nonlocal_energy { -0.1769644030694663   } 
   nonlocal_energyvar { 99.56950132981595   } 
   autocorr_energy { } 
} 

block { 
   label dmc
   totweight 3168256
   nautocorr 0
   total_energy { -15.90054856904234   } 
   total_energyvar { 0.3424636843427963   } 
   weight { 0.9953668598256755   } 
   weightvar { 0.09821095837709054   } 
   kinetic_energy { 15.37493528495166   } 
   kinetic_energyvar { 206.5942203250996   } 
   potential_energy { -31.10770536966834   } 
   potential_energyvar { 338.0316431666206   } 
   nonlocal_energy { -0.1677784843256645   } 
   nonlocal_energyvar { 101.0522035106393   } 
   autocorr_energy { } 
} 

block { 
   label dmc
   totweight 3168256
   nautocorr 0
   total_energy { -15.90265110543868   } 
   total_energyvar { 0.3705320301921939   } 
   weight { 0.9953501411937999   } 
   weightvar { 0.09783290601621034   } 
   kinetic_energy { 15.34387225492438   } 
   kinetic_energyvar { 206.5224655132884   } 
   potential_energy { -31.07179743537611   } 
   potential_energyvar { 343.573983430306   } 
   nonlocal_energy { -0.1747259249869421   } 
   nonlocal_energyvar { 107.5698138977319   } 
   autocorr_energy { } 
} 

block { 
   label dmc
   totweight 3168256
   nautocorr 0
   total_energy { -15.90504299807944   } 
   total_energyvar { 0.4083828252000276   } 
   weight { 0.997447540033109   } 
   weightvar { 0.09747024286089208   } 
   kinetic_energy { 15.39363104310865   } 
   kinetic_energyvar { 206.2145790862258   } 
   potential_energy { -31.12246872304922   } 
   potential_energyvar { 356.4239526058557   } 
   nonlocal_energy { -0.1762053181388746   } 
   nonlocal_energyvar { 120.1440198310615   } 
   autocorr_energy { } 
} 

block { 
   label dmc
   totweight 3168256
   nautocorr 0
   total_energy { -15.90347317531499   } 
   total_energyvar { 0.3432801477862907   } 
   weight { 0.9981746799941867   } 
   weightvar { 0.09751949356165102   } 
   kinetic_energy { 15.32568487526784   } 
   kinetic_energyvar { 206.4161482656377   } 
   potential_energy { -31.05135567636426   } 
   potential_energyvar { 334.6384470905796   } 
   nonlocal_energy { -0.177802374218564   } 
   nonlocal_energyvar { 98.67492687453471   } 
   autocorr_energy { } 
} 

block { 
   label dmc
   totweight 3168256
   nautocorr 0
   total_energy { -15.90198875842186   } 
   total_energyvar { 0.3663943662626312   } 
   weight { 0.997140138467014   } 
   weightvar { 0.09733675524908748   } 
   kinetic_energy { 15.36845100388474   } 
   kinetic_energyvar { 206.0287730659383   } 
   potential_energy { -31.10120171072106   } 
   potential_energyvar { 346.6223126404645   } 
   nonlocal_energy { -0.1692380515855322   } 
   nonlocal_energyvar { 110.4901982982082   } 
   autocorr_energy { } 
} 

block { 
   label dmc
   totweight 3168256
   nautocorr 0
   total_energy { -15.90334191931272   } 
   total_energyvar { 0.376705083156052   } 
   weight { 0.9973515374246266   } 
   weightvar { 0.09697509324996981   } 
   kinetic_energy { 15.36695274226356   } 
   kinetic_energyvar { 206.6064713618529   } 
   potential_energy { -31.09245164593749   } 
   potential_energyvar { 346.5426030361402   } 
   nonlocal_energy { -0.1778430156387963   } 
   nonlocal_energyvar { 110.0852009704996   } 
   autocorr_energy { } 
} 

block { 
   label dmc
   totweight 3168256
   nautocorr 0
   total_energy { -15.90294631085334   } 
   total_energyvar { 0.3657926120402398   } 
   weight { 0.996647338469221   } 
   weightvar { 0.09625980236934772   } 
   kinetic_energy { 15.33395052005982   } 
   kinetic_energyvar { 206.1928379646608   } 
   potential_energy { -31.06084201603709   } 
   potential_energyvar { 342.9032006070481   } 
   nonlocal_energy { -0.1760548148760694   } 
   nonlocal_energyvar { 107.1555581599251   } 
   autocorr_energy { } 
} 

block { 
   label dmc
   totweight 3168256
   nautocorr 0
   total_energy { -15.90241257455158   } 
   total_energyvar { 0.3449313757008168   } 
   weight { 0.9971467620739477   } 
   weightvar { 0.09720214640292237   } 
   kinetic_energy { 15.36018544824625   } 
   kinetic_energyvar { 206.4215719447662   } 
   potential_energy { -31.09293910966814   } 
   potential_energyvar { 337.4812572609659   } 
   nonlocal_energy { -0.1696589131296941   } 
   nonlocal_energyvar { 101.0886957300735   } 
   autocorr_energy { } 
} 

block { 
   label dmc
   totweight 3168256
   nautocorr 0
   total_energy { -15.90202267123176   } 
   total_energyvar { 0.3381800238667765   } 
   weight { 0.9964694780262228   } 
   weightvar { 0.09825708674463735   } 
   kinetic_energy { 15.3614848052677   } 
   kinetic_energyvar { 205.7006316122048   } 
   potential_energy { -31.08675920967903   } 
   potential_energyvar { 332.1238321693543   } 
   nonlocal_energy { -0.1767482668204224   } 
   nonlocal_energyvar { 97.00674089673693   } 
   autocorr_energy { } 
} 

block { 
   label dmc
   totweight 3168256
   nautocorr 0
   total_energy { -15.90152990814876   } 
   total_energyvar { 0.3514411311378649   } 
   weight { 0.9960744966640229   } 
   weightvar { 0.09856184341046058   } 
   kinetic_energy { 15.35401487386094   } 
   kinetic_energyvar { 205.6702216402267   } 
   potential_energy { -31.08403113389516   } 
   potential_energyvar { 339.4512981113547   } 
   nonlocal_energy { -0.1715136481145431   } 
   nonlocal_energyvar { 103.8406791975007   } 
   autocorr_energy { } 
} 

block { 
   label dmc
   totweight 3168256
   nautocorr 0
   total_energy { -15.9025315216317   } 
   total_energyvar { 0.3713791812618673   } 
   weight { 0.9957478457142883   } 
   weightvar { 0.09808108994500461   } 
   kinetic_energy { 15.40055034015897   } 
   kinetic_energyvar { 207.0646391986131   } 
   potential_energy { -31.12792127807611   } 
   potential_energyvar { 348.4501443522828   } 
   nonlocal_energy { -0.1751605837145541   } 
   nonlocal_energyvar { 111.3143953910285   } 
   autocorr_energy { } 
} 

block { 
   label dmc
   totweight 3168256
   nautocorr 0
   total_energy { -15.90327205306012   } 
   total_energyvar { 0.3934793629194565   } 
   weight { 0.9969882736627201   } 
   weightvar { 0.09730691469074106   } 
   kinetic_energy { 15.32565173665837   } 
   kinetic_energyvar { 206.0918612520228   } 
   potential_energy { -31.05995703237927   } 
   potential_energyvar { 351.4256036532302   } 
   nonlocal_energy { -0.1689667573392331   } 
   nonlocal_energyvar { 115.16244531277   } 
   autocorr_energy { } 
} 

block { 
   label dmc
   totweight 3168256
   nautocorr 0
   total_energy { -15.9046771542732   } 
   total_energyvar { 0.4057724525159263   } 
   weight { 0.9978628598939701   } 
   weightvar { 0.09905895121045452   } 
   kinetic_energy { 15.373738900227   } 
   kinetic_energyvar { 206.44763256277   } 
   potential_energy { -31.09817743852572   } 
   potential_energyvar { 351.8530916596587   } 
   nonlocal_energy { -0.1802386159744772   } 
   nonlocal_energyvar { 116.1267416067194   } 
   autocorr_energy { } 
} 

block { 
   label dmc
   totweight 3168256
   nautocorr 0
   total_energy { -15.9019421249218   } 
   total_energyvar { 0.3422992825449566   } 
   weight { 0.9974335755077296   } 
   weightvar { 0.09938267626037092   } 
   kinetic_energy { 15.46895735358698   } 
   kinetic_energyvar { 207.227019181533   } 
   potential_energy { -31.18587166367267   } 
   potential_energyvar { 336.621176395427   } 
   nonlocal_energy { -0.1850278148361024   } 
   nonlocal_energyvar { 99.76817289980659   } 
   autocorr_energy { } 
} 

block { 
   label dmc
   totweight 3168256
   nautocorr 0
   total_energy { -15.90259509594329   } 
   total_energyvar { 0.3413522189571322   } 
   weight { 0.9964828968816953   } 
   weightvar { 0.09803676319920479   } 
   kinetic_energy { 15.38147812933076   } 
   kinetic_energyvar { 206.9832530791937   } 
   potential_energy { -31.10955131467374   } 
   potential_energyvar { 337.6275348726076   } 
   nonlocal_energy { -0.1745219106003009   } 
   nonlocal_energyvar { 100.6785626731852   } 
   autocorr_energy { } 
} 

block { 
   label dmc
   totweight 3168256
   nautocorr 0
   total_energy { -15.90171024958478   } 
   total_energyvar { 0.3578170196217974   } 
   weight { 0.9964913994594015   } 
   weightvar { 0.09787500574727161   } 
   kinetic_energy { 15.42215325535364   } 
   kinetic_energyvar { 207.3545997209365   } 
   potential_energy { -31.14479982352763   } 
   potential_energyvar { 336.1598586943035   } 
   nonlocal_energy { -0.1790636814107866   } 
   nonlocal_energyvar { 99.01805591412773   } 
   autocorr_energy { } 
} 

block { 
   label dmc
   totweight 3168256
   nautocorr 0
   total_energy { -15.90067009434244   } 
   total_energyvar { 0.3447973166126249   } 
   weight { 0.995339611548244   } 
   weightvar { 0.0974699286464266   } 
   kinetic_energy { 15.33638349984165   } 
   kinetic_energyvar { 206.7279505110114   } 
   potential_energy { -31.05834917022813   } 
   potential_energyvar { 335.5844760455844   } 
   nonlocal_energy { -0.1787044239559563   } 
   nonlocal_energyvar { 99.45922511449486   } 
   autocorr_energy { } 
} 

block { 
   label dmc
   totweight 3168256
   nautocorr 0
   total_energy { -15.90343046374225   } 
   total_energyvar { 0.3480481137076852   } 
   weight { 0.9965229799285805   } 
   weightvar { 0.09863789945522225   } 
   kinetic_energy { 15.38238748143355   } 
   kinetic_energyvar { 206.0239706559455   } 
   potential_energy { -31.10488217973748   } 
   potential_energyvar { 337.5234121690725   } 
   nonlocal_energy { -0.1809357654383202   } 
   nonlocal_energyvar { 101.8908312939992   } 
   autocorr_energy { } 
} 

block { 
   label dmc
   totweight 3168256
   nautocorr 0
   total_energy { -15.90115385983868   } 
   total_energyvar { 0.3494354028540477   } 
   weight { 0.9958240173418894   } 
   weightvar { 0.09881373303723701   } 
   kinetic_energy { 15.39449041725433   } 
   kinetic_energyvar { 207.4472402737264   } 
   potential_energy { -31.12905934301742   } 
   potential_energyvar { 342.6937624347725   } 
   nonlocal_energy { -0.1665849340755822   } 
   nonlocal_energyvar { 104.7668548860082   } 
   autocorr_energy { } 
} 

block { 
   label dmc
   totweight 3168256
   nautocorr 0
   total_energy { -15.90080075267335   } 
   total_energyvar { 0.3398030286852863   } 
   weight { 0.9957998848242307   } 
   weightvar { 0.0995428195104608   } 
   kinetic_energy { 15.37791942752625   } 
   kinetic_energyvar { 206.4801512399378   } 
   potential_energy { -31.10220587116328   } 
   potential_energyvar { 334.1801739214962   } 
   nonlocal_energy { -0.1765143090363173   } 
   nonlocal_energyvar { 98.02490332699868   } 
   autocorr_energy { } 
} 

block { 
   label dmc
   totweight 3168256
   nautocorr 0
   total_energy { -15.90231180924546   } 
   total_energyvar { 0.350340143585806   } 
   weight { 0.9952035128707356   } 
   weightvar { 0.09751275436593616   } 
   kinetic_energy { 15.41581367031113   } 
   kinetic_energyvar { 206.6056262154565   } 
   potential_energy { -31.14695663132295   } 
   potential_energyvar { 336.2994431786639   } 
   nonlocal_energy { -0.1711688482336419   } 
   nonlocal_energyvar { 99.78518146722679   } 
   autocorr_energy { } 
} 

block { 
   label dmc
   totweight 3168256
   nautocorr 0
   total_energy { -15.90184376668876   } 
   total_energyvar { 0.3378722698355194   } 
   weight { 0.9961447759317295   } 
   weightvar { 0.09665287414120789   } 
   kinetic_energy { 15.3391181433512   } 
   kinetic_energyvar { 205.9656526669977   } 
   potential_energy { -31.06589123431132   } 
   potential_energyvar { 333.7734306163102   } 
   nonlocal_energy { -0.1750706757286466   } 
   nonlocal_energyvar { 98.55053900583998   } 
   autocorr_energy { } 
} 

block { 
   label dmc
   totweight 3168256
   nautocorr 0
   total_energy { -15.89895392381165   } 
   total_energyvar { 0.3537230582811529   } 
   weight { 0.9944560407548804   } 
   weightvar { 0.09752619951200318   } 
   kinetic_energy { 15.37816317030662   } 
   kinetic_energyvar { 206.7238920421435   } 
   potential_energy { -31.09801124808936   } 
   potential_energyvar { 338.9752979931461   } 
   nonlocal_energy { -0.1791058460289089   } 
   nonlocal_energyvar { 102.8804347766408   } 
   autocorr_energy { } 
} 

block { 
   label dmc
   totweight 3168256
   nautocorr 0
   total_energy { -15.90225277210857   } 
   total_energyvar { 0.3411734568921876   } 
   weight { 0.9947391371211486   } 
   weightvar { 0.09841163426024151   } 
   kinetic_energy { 15.37737251521316   } 
   kinetic_energyvar { 206.3389773507492   } 
   potential_energy { -31.10549724588373   } 
   potential_energyvar { 334.6658957271544   } 
   nonlocal_energy { -0.174128041438007   } 
   nonlocal_energyvar { 98.66349259991675   } 
   autocorr_energy { } 
} 

block { 
   label dmc
   totweight 3168256
   nautocorr 0
   total_energy { -15.9002155316026   } 
   total_energyvar { 0.3477913118979027   } 
   weight { 0.9955040360065248   } 
   weightvar { 0.09843903867027012   } 
   kinetic_energy { 15.36817090142124   } 
   kinetic_energyvar { 206.8040768234141   } 
   potential_energy { -31.11030326097259   } 
   potential_energyvar { 341.0451535524169   } 
   nonlocal_energy { -0.1580831720512406   } 
   nonlocal_energyvar { 103.3608704840376   } 
   autocorr_energy { } 
} 

block { 
   label dmc
   totweight 3168256
   nautocorr 0
   total_energy { -15.90096838278646   } 
   total_energyvar { 0.3475314306857872   } 
   weight { 0.9949239158338183   } 
   weightvar { 0.09799609773550366   } 
   kinetic_energy { 15.37961383056462   } 
   kinetic_energyvar { 206.8948322874272   } 
   potential_energy { -31.1044779314412   } 
   potential_energyvar { 335.908997185216   } 
   nonlocal_energy { -0.1761042819098844   } 
   nonlocal_energyvar { 99.39334853487695   } 
   autocorr_energy { } 
} 

block { 
   label dmc
   totweight 3168256
   nautocorr 0
   total_energy { -15.90192791243682   } 
   total_energyvar { 0.3557540518389978   } 
   weight { 0.9949246659998381   } 
   weightvar { 0.09929331216425794   } 
   kinetic_energy { 15.38770200873616   } 
   kinetic_energyvar { 206.7918053235559   } 
   potential_energy { -31.11009411444937   } 
   potential_energyvar { 346.0258826779425   } 
   nonlocal_energy { -0.179535806723612   } 
   nonlocal_energyvar { 109.5229962022536   } 
   autocorr_energy { } 
} 

block { 
   label dmc
   totweight 3168256
   nautocorr 0
   total_energy { -15.90595052672756   } 
   total_energyvar { 0.3488105728865649   } 
   weight { 0.9974878204619935   } 
   weightvar { 0.09879633137270354   } 
   kinetic_energy { 15.40142524756222   } 
   kinetic_energyvar { 206.5293832135515   } 
   potential_energy { -31.13464679348337   } 
   potential_energyvar { 342.5500004740004   } 
   nonlocal_energy { -0.1727289808064102   } 
   nonlocal_energyvar { 105.8993055744226   } 
   autocorr_energy { } 
} 

block { 
   label dmc
   totweight 3168256
   nautocorr 0
   total_energy { -15.90365645098196   } 
   total_energyvar { 0.3407720213680823   } 
   weight { 0.9979458206979749   } 
   weightvar { 0.0984861453410646   } 
   kinetic_energy { 15.42397884450223   } 
   kinetic_energyvar { 206.6068757232241   } 
   potential_energy { -31.14672292551456   } 
   potential_energyvar { 335.5366153838814   } 
   nonlocal_energy { -0.1809123699696359   } 
   nonlocal_energyvar { 99.210440095377   } 
   autocorr_energy { } 
} 

block { 
   label dmc
   totweight 3168256
   nautocorr 0
   total_energy { -15.9029467713604   } 
   total_energyvar { 0.3445074876053918   } 
   weight { 0.9973365151849799   } 
   weightvar { 0.0996624580605799   } 
   kinetic_energy { 15.39242906497156   } 
   kinetic_energyvar { 206.7827083548798   } 
   potential_energy { -31.12094430721401   } 
   potential_energyvar { 335.5217433520196   } 
   nonlocal_energy { -0.174431529117956   } 
   nonlocal_energyvar { 99.04244756683367   } 
   autocorr_energy { } 
} 

block { 
   label dmc
   totweight 3168256
   nautocorr 0
   total_energy { -15.90054697083131   } 
   total_energyvar { 0.34796561260182   } 
   weight { 0.9967119235279516   } 
   weightvar { 0.09821734006903597   } 
   kinetic_energy { 15.33561298145585   } 
   kinetic_energyvar { 206.1190167465646   } 
   potential_energy { -31.06401222056353   } 
   potential_energyvar { 338.3862547013202   } 
   nonlocal_energy { -0.1721477317236366   } 
   nonlocal_energyvar { 102.1740414514704   } 
   autocorr_energy { } 
} 

block { 
   label dmc
   totweight 3168256
   nautocorr 0
   total_energy { -15.90185332012761   } 
   total_energyvar { 0.3490774611130304   } 
   weight { 0.9952757793392095   } 
   weightvar { 0.09797112242450857   } 
   kinetic_energy { 15.37827739167373   } 
   kinetic_energyvar { 206.9046519529464   } 
   potential_energy { -31.09858414864411   } 
   potential_energyvar { 337.9887633303483   } 
   nonlocal_energy { -0.1815465631572341   } 
   nonlocal_energyvar { 101.7352775136221   } 
   autocorr_energy { } 
} 

block { 
   label dmc
   totweight 3168256
   nautocorr 0
   total_energy { -15.89916935698328   } 
   total_energyvar { 0.3850120303524751   } 
   weight { 0.9952661573807184   } 
   weightvar { 0.09740991398173046   } 
   kinetic_energy { 15.37483640179766   } 
   kinetic_energyvar { 207.342697670618   } 
   potential_energy { -31.10098305379952   } 
   potential_energyvar { 349.4862737688906   } 
   nonlocal_energy { -0.1730227049814097   } 
   nonlocal_energyvar { 112.0449655071272   } 
   autocorr_energy { } 
} 

block { 
   label dmc
   totweight 3168256
   nautocorr 0
   total_energy { -15.9024486417464   } 
   total_energyvar { 0.3447226492199479   } 
   weight { 0.9948986172883088   } 
   weightvar { 0.09784617601298187   } 
   kinetic_energy { 15.36584748261889   } 
   kinetic_energyvar { 205.8848227890048   } 
   potential_energy { -31.08523482648438   } 
   potential_energyvar { 334.5214902700167   } 
   nonlocal_energy { -0.183061297880905   } 
   nonlocal_energyvar { 99.28784450734742   } 
   autocorr_energy { } 
} 

block { 
   label dmc
   totweight 3168256
   nautocorr 0
   total_energy { -15.89883347943663   } 
   total_energyvar { 0.3444275993778133   } 
   weight { 0.9947258301142419   } 
   weightvar { 0.09742802157385597   } 
   kinetic_energy { 15.38045840273563   } 
   kinetic_energyvar { 206.9018557016312   } 
   potential_energy { -31.10924040390441   } 
   potential_energyvar { 337.1579927626368   } 
   nonlocal_energy { -0.1700514782678498   } 
   nonlocal_energyvar { 100.0661577719031   } 
   autocorr_energy { } 
} 

block { 
   label dmc
   totweight 3168256
   nautocorr 0
   total_energy { -15.90152103368574   } 
   total_energyvar { 0.3851640797707658   } 
   weight { 0.9946009000506343   } 
   weightvar { 0.09823368554120021   } 
   kinetic_energy { 15.33292893717544   } 
   kinetic_energyvar { 206.3140053772325   } 
   potential_energy { -31.05653747753727   } 
   potential_energyvar { 349.1271596980212   } 
   nonlocal_energy { -0.1779124933239114   } 
   nonlocal_energyvar { 113.0757820226912   } 
   autocorr_energy { } 
} 

block { 
   label dmc
   totweight 3168256
   nautocorr 0
   total_energy { -15.90138554069199   } 
   total_energyvar { 0.3494783116350471   } 
   weight { 0.9946499755712872   } 
   weightvar { 0.09834334267165701   } 
   kinetic_energy { 15.40956739494709   } 
   kinetic_energyvar { 206.3259695872045   } 
   potential_energy { -31.1377569006014   } 
   potential_energyvar { 341.521110355418   } 
   nonlocal_energy { -0.1731960350376835   } 
   nonlocal_energyvar { 105.2619588637916   } 
   autocorr_energy { } 
} 

block { 
   label dmc
   totweight 3168256
   nautocorr 0
   total_energy { -15.90344993062266   } 
   total_energyvar { 0.3493545023487223   } 
   weight { 0.996413936118456   } 
   weightvar { 0.09757658437631092   } 
   kinetic_energy { 15.31371176842718   } 
   kinetic_energyvar { 206.3148941792063   } 
   potential_energy { -31.05111461772272   } 
   potential_energyvar { 338.1182158784538   } 
   nonlocal_energy { -0.1660470813271037   } 
   nonlocal_energyvar { 101.9504973625067   } 
   autocorr_energy { } 
} 

block { 
   label dmc
   totweight 3168256
   nautocorr 0
   total_energy { -15.90140762180454   } 
   total_energyvar { 0.338366631108046   } 
   weight { 0.996138317229356   } 
   weightvar { 0.09814986189280277   } 
   kinetic_energy { 15.4554770235388   } 
   kinetic_energyvar { 207.8621788826842   } 
   potential_energy { -31.17465209017707   } 
   potential_energyvar { 333.358972572712   } 
   nonlocal_energy { -0.1822325551662734   } 
   nonlocal_energyvar { 95.81329891443896   } 
   autocorr_energy { } 
} 

block { 
   label dmc
   totweight 3168256
   nautocorr 0
   total_energy { -15.90295670644579   } 
   total_energyvar { 0.3718039722626609   } 
   weight { 0.9965388680919627   } 
   weightvar { 0.09694439311619384   } 
   kinetic_energy { 15.33638092943954   } 
   kinetic_energyvar { 206.1976046440817   } 
   potential_energy { -31.05695452268715   } 
   potential_energyvar { 343.9964075842466   } 
   nonlocal_energy { -0.1823831131981804   } 
   nonlocal_energyvar { 108.4365250740729   } 
   autocorr_energy { } 
} 

block { 
   label dmc
   totweight 3168256
   nautocorr 0
   total_energy { -15.90059150189097   } 
   total_energyvar { 0.3413659785412162   } 
   weight { 0.9961030552575347   } 
   weightvar { 0.09609598024760949   } 
   kinetic_energy { 15.43638553170422   } 
   kinetic_energyvar { 206.6031515194336   } 
   potential_energy { -31.16035886310717   } 
   potential_energyvar { 336.6535448294429   } 
   nonlocal_energy { -0.1766181704880151   } 
   nonlocal_energyvar { 100.3902179107448   } 
   autocorr_energy { } 
} 

block { 
   label dmc
   totweight 3168256
   nautocorr 0
   total_energy { -15.90210110773867   } 
   total_energyvar { 0.3432493151888285   } 
   weight { 0.9956425371156522   } 
   weightvar { 0.09533959720463672   } 
   kinetic_energy { 15.40768081543175   } 
   kinetic_energyvar { 206.3747958071533   } 
   potential_energy { -31.13164444585331   } 
   potential_energyvar { 337.3596467080872   } 
   nonlocal_energy { -0.1781374773171127   } 
   nonlocal_energyvar { 101.5340069665901   } 
   autocorr_energy { } 
} 

block { 
   label dmc
   totweight 3168256
   nautocorr 0
   total_energy { -15.89904866985655   } 
   total_energyvar { 0.482618153096858   } 
   weight { 0.994932827851304   } 
   weightvar { 0.09633847327505685   } 
   kinetic_energy { 15.43068142669892   } 
   kinetic_energyvar { 207.0314580530697   } 
   potential_energy { -31.1584921695703   } 
   potential_energyvar { 365.9596763549249   } 
   nonlocal_energy { -0.1712379269851595   } 
   nonlocal_energyvar { 128.6631535317278   } 
   autocorr_energy { } 
} 

block { 
   label dmc
   totweight 3168256
   nautocorr 0
   total_energy { -15.90169169902045   } 
   total_energyvar { 0.3402734985068168   } 
   weight { 0.9944418083512749   } 
   weightvar { 0.09790060972771446   } 
   kinetic_energy { 15.31048497317687   } 
   kinetic_energyvar { 205.7266489379307   } 
   potential_energy { -31.03320226031935   } 
   potential_energyvar { 336.8252518387929   } 
   nonlocal_energy { -0.1789744118779765   } 
   nonlocal_energyvar { 101.7467705764712   } 
   autocorr_energy { } 
} 

block { 
   label dmc
   totweight 3168256
   nautocorr 0
   total_energy { -15.90074446456592   } 
   total_energyvar { 0.3475093543883861   } 
   weight { 0.9956852099364023   } 
   weightvar { 0.09798479693865567   } 
   kinetic_energy { 15.4405226834704   } 
   kinetic_energyvar { 207.2523096664164   } 
   potential_energy { -31.16159312971862   } 
   potential_energyvar { 338.2687314911612   } 
   nonlocal_energy { -0.1796740183176994   } 
   nonlocal_energyvar { 101.1050638956654   } 
   autocorr_energy { } 
} 

block { 
   label dmc
   totweight 3168256
   nautocorr 0
   total_energy { -15.90148406116348   } 
   total_energyvar { 0.3622653129962968   } 
   weight { 0.9952875544935064   } 
   weightvar { 0.09905026239346548   } 
   kinetic_energy { 15.35333663833872   } 
   kinetic_energyvar { 205.4539619135255   } 
   potential_energy { -31.07731189758304   } 
   potential_energyvar { 338.2297328106201   } 
   nonlocal_energy { -0.1775088019191624   } 
   nonlocal_energyvar { 103.3959460417676   } 
   autocorr_energy { } 
} 

block { 
   label dmc
   totweight 3168256
   nautocorr 0
   total_energy { -15.90145408023696   } 
   total_energyvar { 0.3408184032852507   } 
   weight { 0.9958338612707368   } 
   weightvar { 0.0986262134372318   } 
   kinetic_energy { 15.41429176090713   } 
   kinetic_energyvar { 206.5767421540251   } 
   potential_energy { -31.12970579941572   } 
   potential_energyvar { 333.1495311523744   } 
   nonlocal_energy { -0.1860400417283737   } 
   nonlocal_energyvar { 97.3233166004206   } 
   autocorr_energy { } 
} 

block { 
   label dmc
   totweight 3168256
   nautocorr 0
   total_energy { -15.90226665028889   } 
   total_energyvar { 0.3500349592637358   } 
   weight { 0.9961224896837881   } 
   weightvar { 0.0972739446752261   } 
   kinetic_energy { 15.34992001169203   } 
   kinetic_energyvar { 206.2046990299797   } 
   potential_energy { -31.08565630042052   } 
   potential_energyvar { 338.1390303586878   } 
   nonlocal_energy { -0.1665303615603946   } 
   nonlocal_energyvar { 101.537623538954   } 
   autocorr_energy { } 
} 

block { 
   label dmc
   totweight 3168256
   nautocorr 0
   total_energy { -15.90416065543311   } 
   total_energyvar { 0.3452300564616087   } 
   weight { 0.9967723062095952   } 
   weightvar { 0.09783983937751335   } 
   kinetic_energy { 15.41020716897593   } 
   kinetic_energyvar { 207.0842916721203   } 
   potential_energy { -31.14783748287286   } 
   potential_energyvar { 340.609883381048   } 
   nonlocal_energy { -0.1665303415361916   } 
   nonlocal_energyvar { 102.6563684499056   } 
   autocorr_energy { } 
} 

block { 
   label dmc
   totweight 3168256
   nautocorr 0
   total_energy { -15.90440298571693   } 
   total_energyvar { 0.343952944947276   } 
   weight { 0.9976907544366728   } 
   weightvar { 0.09831414169910424   } 
   kinetic_energy { 15.36891555306423   } 
   kinetic_energyvar { 206.1969302362174   } 
   potential_energy { -31.105661139669   } 
   potential_energyvar { 341.4793680840374   } 
   nonlocal_energy { -0.167657399112159   } 
   nonlocal_energyvar { 104.8967906340911   } 
   autocorr_energy { } 
} 

block { 
   label dmc
   totweight 3168256
   nautocorr 0
   total_energy { -15.90085320852554   } 
   total_energyvar { 0.3431042474893919   } 
   weight { 0.9969328444163056   } 
   weightvar { 0.09728950536713092   } 
   kinetic_energy { 15.37847027424726   } 
   kinetic_energyvar { 206.3067739180918   } 
   potential_energy { -31.09884566948999   } 
   potential_energyvar { 334.0204611642426   } 
   nonlocal_energy { -0.1804778132828146   } 
   nonlocal_energyvar { 98.57714371457762   } 
   autocorr_energy { } 
} 

block { 
   label dmc
   totweight 3168256
   nautocorr 0
   total_energy { -15.90368891755559   } 
   total_energyvar { 0.3420819252906348   } 
   weight { 0.9966451247355105   } 
   weightvar { 0.09802251938952163   } 
   kinetic_energy { 15.41688167537107   } 
   kinetic_energyvar { 206.5317268511538   } 
   potential_energy { -31.1374036874348   } 
   potential_energyvar { 337.1866638836538   } 
   nonlocal_energy { -0.1831669054918497   } 
   nonlocal_energyvar { 101.4026583975268   } 
   autocorr_energy { } 
} 

block { 
   label dmc
   totweight 3168256
   nautocorr 0
   total_energy { -15.90199667265488   } 
   total_energyvar { 0.3503415412347715   } 
   weight { 0.9965003201639201   } 
   weightvar { 0.09778457490912548   } 
   kinetic_energy { 15.32618159207127   } 
   kinetic_energyvar { 206.2741597699144   } 
   potential_energy { -31.05288547260016   } 
   potential_energyvar { 334.7885982597904   } 
   nonlocal_energy { -0.1752927921259907   } 
   nonlocal_energyvar { 99.11501746206805   } 
   autocorr_energy { } 
} 

block { 
   label dmc
   totweight 3168256
   nautocorr 0
   total_energy { -15.90310321320141   } 
   total_energyvar { 0.3390672000813617   } 
   weight { 0.9968719560512102   } 
   weightvar { 0.09822374938119745   } 
   kinetic_energy { 15.32205321459604   } 
   kinetic_energyvar { 205.9773907359521   } 
   potential_energy { -31.04972339649796   } 
   potential_energyvar { 333.1851615737961   } 
   nonlocal_energy { -0.1754330312994908   } 
   nonlocal_energyvar { 97.7011255301871   } 
   autocorr_energy { } 
} 

block { 
   label dmc
   totweight 3168256
   nautocorr 0
   total_energy { -15.89946785878759   } 
   total_energyvar { 0.3637884221326871   } 
   weight { 0.9957895651975986   } 
   weightvar { 0.09817733157979042   } 
   kinetic_energy { 15.35032631530295   } 
   kinetic_energyvar { 206.7592206962385   } 
   potential_energy { -31.06991198645313   } 
   potential_energyvar { 340.481057815434   } 
   nonlocal_energy { -0.1798821876374149   } 
   nonlocal_energyvar { 104.2946053012717   } 
   autocorr_energy { } 
} 

block { 
   label dmc
   totweight 3168256
   nautocorr 0
   total_energy { -15.90242206025105   } 
   total_energyvar { 0.3486205432842211   } 
   weight { 0.995468787233163   } 
   weightvar { 0.09836862211013082   } 
   kinetic_energy { 15.3910745759794   } 
   kinetic_energyvar { 206.879319931212   } 
   potential_energy { -31.12029287219334   } 
   potential_energyvar { 339.7776831095883   } 
   nonlocal_energy { -0.1732037640371092   } 
   nonlocal_energyvar { 103.1577080722222   } 
   autocorr_energy { } 
} 

block { 
   label dmc
   totweight 3168256
   nautocorr 0
   total_energy { -15.90347915273171   } 
   total_energyvar { 0.3386275933539277   } 
   weight { 0.9970003078318114   } 
   weightvar { 0.09759817509370235   } 
   kinetic_energy { 15.35953313332898   } 
   kinetic_energyvar { 206.3001061892491   } 
   potential_energy { -31.089593620505   } 
   potential_energyvar { 333.7906561799404   } 
   nonlocal_energy { -0.1734186655556951   } 
   nonlocal_energyvar { 97.47076684460873   } 
   autocorr_energy { } 
} 

block { 
   label dmc
   totweight 3168256
   nautocorr 0
   total_energy { -15.90100962528748   } 
   total_energyvar { 0.3915026064027944   } 
   weight { 0.9957250113098325   } 
   weightvar { 0.09735305768176414   } 
   kinetic_energy { 15.38866960246694   } 
   kinetic_energyvar { 206.7570563920008   } 
   potential_energy { -31.12685095236659   } 
   potential_energyvar { 356.866851468525   } 
   nonlocal_energy { -0.1628282753878307   } 
   nonlocal_energyvar { 118.9518768828746   } 
   autocorr_energy { } 
} 

block { 
   label dmc
   totweight 3168256
   nautocorr 0
   total_energy { -15.90116469990091   } 
   total_energyvar { 0.3419764110681534   } 
   weight { 0.9961504119802406   } 
   weightvar { 0.09732060588211415   } 
   kinetic_energy { 15.42269940412059   } 
   kinetic_energyvar { 207.2853602925972   } 
   potential_energy { -31.15153173782279   } 
   potential_energyvar { 337.8473298768789   } 
   nonlocal_energy { -0.1723323661987034   } 
   nonlocal_energyvar { 100.4005032536517   } 
   autocorr_energy { } 
} 

block { 
   label dmc
   totweight 3168256
   nautocorr 0
   total_energy { -15.90260830795372   } 
   total_energyvar { 0.4009176941813856   } 
   weight { 0.996212095119026   } 
   weightvar { 0.09770937334881358   } 
   kinetic_energy { 15.39777513184988   } 
   kinetic_energyvar { 207.5894851953377   } 
   potential_energy { -31.12871444298634   } 
   potential_energyvar { 354.9733787066586   } 
   nonlocal_energy { -0.1716689968172596   } 
   nonlocal_energyvar { 117.0018877118147   } 
   autocorr_energy { } 
} 

block { 
   label dmc
   totweight 3168256
   nautocorr 0
   total_energy { -15.90254054880227   } 
   total_energyvar { 0.3692781017634787   } 
   weight { 0.9960140836996131   } 
   weightvar { 0.09750729274429483   } 
   kinetic_energy { 15.40128045436537   } 
   kinetic_energyvar { 206.373798233668   } 
   potential_energy { -31.13195311992724   } 
   potential_energyvar { 347.8844506733841   } 
   nonlocal_energy { -0.1718678832404102   } 
   nonlocal_energyvar { 111.72487057748   } 
   autocorr_energy { } 
} 

block { 
   label dmc
   totweight 3168256
   nautocorr 0
   total_energy { -15.90092993345678   } 
   total_energyvar { 0.4526789415741312   } 
   weight { 0.9963490935311839   } 
   weightvar { 0.09862765220876028   } 
   kinetic_energy { 15.40430019434168   } 
   kinetic_energyvar { 206.6693940307599   } 
   potential_energy { -31.12175601252219   } 
   potential_energyvar { 359.3989962773732   } 
   nonlocal_energy { -0.183474115276269   } 
   nonlocal_energyvar { 123.3393891486342   } 
   autocorr_energy { } 
} 

block { 
   label dmc
   totweight 3168256
   nautocorr 0
   total_energy { -15.90207051919646   } 
   total_energyvar { 0.3514383794823153   } 
   weight { 0.9957291097184774   } 
   weightvar { 0.09814966949018482   } 
   kinetic_energy { 15.4226052651024   } 
   kinetic_energyvar { 206.7785182005427   } 
   potential_energy { -31.16205052590915   } 
   potential_energyvar { 345.2985039376857   } 
   nonlocal_energy { -0.1626252583897047   } 
   nonlocal_energyvar { 107.6717643739151   } 
   autocorr_energy { } 
} 

block { 
   label dmc
   totweight 3168256
   nautocorr 0
   total_energy { -15.90217044357522   } 
   total_energyvar { 1.439358203770994   } 
   weight { 0.9958209877088959   } 
   weightvar { 0.09695660792859769   } 
   kinetic_energy { 15.38019181404747   } 
   kinetic_energyvar { 207.9281889374859   } 
   potential_energy { -31.11875652212066   } 
   potential_energyvar { 539.3967172008261   } 
   nonlocal_energy { -0.1636057355020359   } 
   nonlocal_energyvar { 301.3813504649839   } 
   autocorr_energy { } 
} 

block { 
   label dmc
   totweight 3168256
   nautocorr 0
   total_energy { -15.90278177068434   } 
   total_energyvar { 0.3578429514629987   } 
   weight { 0.9967180793039601   } 
   weightvar { 0.09672168885338489   } 
   kinetic_energy { 15.30325265058563   } 
   kinetic_energyvar { 206.2851287958932   } 
   potential_energy { -31.03211470696893   } 
   potential_energyvar { 339.9680291096785   } 
   nonlocal_energy { -0.1739197143010418   } 
   nonlocal_energyvar { 103.9139736767819   } 
   autocorr_energy { } 
} 

block { 
   label dmc
   totweight 3168256
   nautocorr 0
   total_energy { -15.90195117780068   } 
   total_energyvar { 0.3428716881912925   } 
   weight { 0.9961513261367924   } 
   weightvar { 0.09817472819992405   } 
   kinetic_energy { 15.34612454207583   } 
   kinetic_energyvar { 206.3157317911397   } 
   potential_energy { -31.07673668568209   } 
   potential_energyvar { 337.2950237103123   } 
   nonlocal_energy { -0.1713390341944227   } 
   nonlocal_energyvar { 100.9378111961094   } 
   autocorr_energy { } 
} 

block { 
   label dmc
   totweight 3168256
   nautocorr 0
   total_energy { -15.90203483913516   } 
   total_energyvar { 0.3601967080969211   } 
   weight { 0.9962020146994528   } 
   weightvar { 0.09786601277202908   } 
   kinetic_energy { 15.40732731781364   } 
   kinetic_energyvar { 207.1116169690298   } 
   potential_energy { -31.13172477745038   } 
   potential_energyvar { 344.1455618097226   } 
   nonlocal_energy { -0.1776373794984212   } 
   nonlocal_energyvar { 106.9715219876135   } 
   autocorr_energy { } 
} 

block { 
   label dmc
   totweight 3168256
   nautocorr 0
   total_energy { -15.90181974733615   } 
   total_energyvar { 0.3478465727397216   } 
   weight { 0.9964565159106696   } 
   weightvar { 0.09679901986956599   } 
   kinetic_energy { 15.38241434006094   } 
   kinetic_energyvar { 206.5507305739369   } 
   potential_energy { -31.10378695301833   } 
   potential_energyvar { 335.7557151303624   } 
   nonlocal_energy { -0.1804471343787658   } 
   nonlocal_energyvar { 99.60841783091287   } 
   autocorr_energy { } 
} 

block { 
   label dmc
   totweight 3168256
   nautocorr 0
   total_energy { -15.90532541234538   } 
   total_energyvar { 0.3579593786218956   } 
   weight { 0.9973104577432818   } 
   weightvar { 0.09716712770473906   } 
   kinetic_energy { 15.36732739969124   } 
   kinetic_energyvar { 206.1970829442015   } 
   potential_energy { -31.11098579932252   } 
   potential_energyvar { 345.1792772758811   } 
   nonlocal_energy { -0.161667012714101   } 
   nonlocal_energyvar { 107.9818246650813   } 
   autocorr_energy { } 
} 

block { 
   label dmc
   totweight 3168256
   nautocorr 0
   total_energy { -15.90506058396448   } 
   total_energyvar { 0.3597149623870307   } 
   weight { 0.9984113228033987   } 
   weightvar { 0.09657339070583018   } 
   kinetic_energy { 15.37380698870771   } 
   kinetic_energyvar { 206.7831800723152   } 
   potential_energy { -31.10268646898989   } 
   potential_energyvar { 340.7640319713176   } 
   nonlocal_energy { -0.1761811036822982   } 
   nonlocal_energyvar { 104.2062653513497   } 
   autocorr_energy { } 
} 

block { 
   label dmc
   totweight 3168256
   nautocorr 0
   total_energy { -15.90417770850479   } 
   total_energyvar { 0.3485672993361714   } 
   weight { 0.9990104197190059   } 
   weightvar { 0.09713272859484037   } 
   kinetic_energy { 15.37245267448793   } 
   kinetic_energyvar { 206.66692449072   } 
   potential_energy { -31.10404067021063   } 
   potential_energyvar { 336.9695684109785   } 
   nonlocal_energy { -0.1725897127820852   } 
   nonlocal_energyvar { 100.0283951544827   } 
   autocorr_energy { } 
} 

block { 
   label dmc
   totweight 3168256
   nautocorr 0
   total_energy { -15.90203043880433   } 
   total_energyvar { 0.5604463299670313   } 
   weight { 0.9969979024977916   } 
   weightvar { 0.09714616991462766   } 
   kinetic_energy { 15.31854467993633   } 
   kinetic_energyvar { 206.7885712919725   } 
   potential_energy { -31.0568715845912   } 
   potential_energyvar { 382.8018637725276   } 
   nonlocal_energy { -0.1637035341494599   } 
   nonlocal_energyvar { 145.7300850619228   } 
   autocorr_energy { } 
} 

block { 
   label dmc
   totweight 3168256
   nautocorr 0
   total_energy { -15.9044004025467   } 
   total_energyvar { 0.3665088888303666   } 
   weight { 0.9976348677807138   } 
   weightvar { 0.09720771257771949   } 
   kinetic_energy { 15.35839592234936   } 
   kinetic_energyvar { 206.7759514262123   } 
   potential_energy { -31.09144112436022   } 
   potential_energyvar { 346.3168488653708   } 
   nonlocal_energy { -0.1713552005358386   } 
   nonlocal_energyvar { 109.2690060940483   } 
   autocorr_energy { } 
} 

block { 
   label dmc
   totweight 3168256
   nautocorr 0
   total_energy { -15.90195931824383   } 
   total_energyvar { 0.3737811786072173   } 
   weight { 0.9973748517084045   } 
   weightvar { 0.09667609157865981   } 
   kinetic_energy { 15.3628552849581   } 
   kinetic_energyvar { 206.1672211594054   } 
   potential_energy { -31.09159240090212   } 
   potential_energyvar { 346.6282682465637   } 
   nonlocal_energy { -0.1732222022998145   } 
   nonlocal_energyvar { 110.7442505221058   } 
   autocorr_energy { } 
} 

block { 
   label dmc
   totweight 3168256
   nautocorr 0
   total_energy { -15.89917277427482   } 
   total_energyvar { 0.3524467557297585   } 
   weight { 0.9958102335536934   } 
   weightvar { 0.09747602416127314   } 
   kinetic_energy { 15.39692515709303   } 
   kinetic_energyvar { 206.8964379835034   } 
   potential_energy { -31.12312415214192   } 
   potential_energyvar { 341.4250340915651   } 
   nonlocal_energy { -0.1729737792259357   } 
   nonlocal_energyvar { 104.7306069583508   } 
   autocorr_energy { } 
} 

block { 
   label dmc
   totweight 3168256
   nautocorr 0
   total_energy { -15.90054959655256   } 
   total_energyvar { 0.3475859992913706   } 
   weight { 0.993935173664283   } 
   weightvar { 0.09805225564957326   } 
   kinetic_energy { 15.38231025895983   } 
   kinetic_energyvar { 207.0417739240556   } 
   potential_energy { -31.10485533351371   } 
   potential_energyvar { 338.4731680937446   } 
   nonlocal_energy { -0.1780045219986834   } 
   nonlocal_energyvar { 101.7592842931992   } 
   autocorr_energy { } 
} 

block { 
   label dmc
   totweight 3168256
   nautocorr 0
   total_energy { -15.90130313184571   } 
   total_energyvar { 0.3492314615181223   } 
   weight { 0.9953992019297371   } 
   weightvar { 0.09749373998244097   } 
   kinetic_energy { 15.45545288868712   } 
   kinetic_energyvar { 207.471990704292   } 
   potential_energy { -31.18077835943114   } 
   potential_energyvar { 339.7263508691698   } 
   nonlocal_energy { -0.1759776611016851   } 
   nonlocal_energyvar { 102.3525038243908   } 
   autocorr_energy { } 
} 

block { 
   label dmc
   totweight 3168256
   nautocorr 0
   total_energy { -15.89895516521825   } 
   total_energyvar { 0.3547649227774268   } 
   weight { 0.9941465396234354   } 
   weightvar { 0.09826405872043002   } 
   kinetic_energy { 15.42565321162287   } 
   kinetic_energyvar { 206.7047896257382   } 
   potential_energy { -31.14470261627145   } 
   potential_energyvar { 341.305914584123   } 
   nonlocal_energy { -0.1799057605696684   } 
   nonlocal_energyvar { 104.7781566023225   } 
   autocorr_energy { } 
} 

block { 
   label dmc
   totweight 3168256
   nautocorr 0
   total_energy { -15.90070069499154   } 
   total_energyvar { 0.3404465742585125   } 
   weight { 0.9942838872271499   } 
   weightvar { 0.09853020018737506   } 
   kinetic_energy { 15.34227986044977   } 
   kinetic_energyvar { 206.5509507980477   } 
   potential_energy { -31.06410298297694   } 
   potential_energyvar { 334.0384634353909   } 
   nonlocal_energy { -0.1788775724643671   } 
   nonlocal_energyvar { 98.21803421864271   } 
   autocorr_energy { } 
} 

block { 
   label dmc
   totweight 3168256
   nautocorr 0
   total_energy { -15.90066389742546   } 
   total_energyvar { 0.3474464266209329   } 
   weight { 0.9942708907309772   } 
   weightvar { 0.09811652059284759   } 
   kinetic_energy { 15.34719445559361   } 
   kinetic_energyvar { 206.8018546790897   } 
   potential_energy { -31.07942466509132   } 
   potential_energyvar { 339.3972020120631   } 
   nonlocal_energy { -0.1684336879277427   } 
   nonlocal_energyvar { 102.5352764913574   } 
   autocorr_energy { } 
} 

block { 
   label dmc
   totweight 3168256
   nautocorr 0
   total_energy { -15.90209199854464   } 
   total_energyvar { 0.3600109434210862   } 
   weight { 0.9952910268109958   } 
   weightvar { 0.09828920422282091   } 
   kinetic_energy { 15.37815875607195   } 
   kinetic_energyvar { 206.9221976141617   } 
   potential_energy { -31.11568008643865   } 
   potential_energyvar { 347.2405533631002   } 
   nonlocal_energy { -0.1645706681779378   } 
   nonlocal_energyvar { 109.7175657444122   } 
   autocorr_energy { } 
} 

block { 
   label dmc
   totweight 3168256
   nautocorr 0
   total_energy { -15.90633266459114   } 
   total_energyvar { 0.3593970215748714   } 
   weight { 0.9974875541086327   } 
   weightvar { 0.09927714121308368   } 
   kinetic_energy { 15.37903532118725   } 
   kinetic_energyvar { 206.8953848894155   } 
   potential_energy { -31.12444245387877   } 
   potential_energyvar { 347.9133520122398   } 
   nonlocal_energy { -0.1609255318996188   } 
   nonlocal_energyvar { 110.051029452438   } 
   autocorr_energy { } 
} 

block { 
   label dmc
   totweight 3168256
   nautocorr 0
   total_energy { -15.90264986330257   } 
   total_energyvar { 0.3420228970624418   } 
   weight { 0.9981138327212595   } 
   weightvar { 0.0991777373277503   } 
   kinetic_energy { 15.29335785659626   } 
   kinetic_energyvar { 206.2803278898968   } 
   potential_energy { -31.01655918292334   } 
   potential_energyvar { 333.6602546468155   } 
   nonlocal_energy { -0.1794485369754899   } 
   nonlocal_energyvar { 98.04635916783863   } 
   autocorr_energy { } 
} 

block { 
   label dmc
   totweight 3168256
   nautocorr 0
   total_energy { -15.90450497053086   } 
   total_energyvar { 0.3508512994869363   } 
   weight { 0.9981622866271515   } 
   weightvar { 0.09802006942383346   } 
   kinetic_energy { 15.35811089100076   } 
   kinetic_energyvar { 206.4378530045886   } 
   potential_energy { -31.08048787582068   } 
   potential_energyvar { 337.0558215741489   } 
   nonlocal_energy { -0.1821279857109361   } 
   nonlocal_energyvar { 101.5271459598907   } 
   autocorr_energy { } 
} 

block { 
   label dmc
   totweight 3168256
   nautocorr 0
   total_energy { -15.9010195838206   } 
   total_energyvar { 0.3571266545983717   } 
   weight { 0.9968087970280295   } 
   weightvar { 0.09793667909526922   } 
   kinetic_energy { 15.38282366195846   } 
   kinetic_energyvar { 206.41376625229   } 
   potential_energy { -31.10295896297079   } 
   potential_energyvar { 339.4210075265427   } 
   nonlocal_energy { -0.1808842828082706   } 
   nonlocal_energyvar { 103.7524090736416   } 
   autocorr_energy { } 
} 

block { 
   label dmc
   totweight 3168256
   nautocorr 0
   total_energy { -15.90104468840171   } 
   total_energyvar { 0.3432823604311827   } 
   weight { 0.9956808990644742   } 
   weightvar { 0.09744110990687264   } 
   kinetic_energy { 15.33926391481532   } 
   kinetic_energyvar { 206.2252761309643   } 
   potential_energy { -31.07032734795347   } 
   potential_energyvar { 336.818260075852   } 
   nonlocal_energy { -0.1699812552635599   } 
   nonlocal_energyvar { 100.7424327062291   } 
   autocorr_energy { } 
} 

