#-------------------------------------------------
#DMC run: timestep 0.001
#-------------------------------------------------


init { 
   label dmc
}
block { 
   label dmc
   totweight 17408000
   nautocorr 0
   total_energy { -15.89039523333412   } 
   total_energyvar { 0.411415246894644   } 
   weight { 1.05289737669521   } 
   weightvar { 0.01964471674196339   } 
   kinetic_energy { 13.61165596482076   } 
   kinetic_energyvar { 200.1860622588934   } 
   potential_energy { -29.35045517657268   } 
   potential_energyvar { 333.1993234345998   } 
   nonlocal_energy { -0.1515960215821974   } 
   nonlocal_energyvar { 106.8670328888881   } 
   autocorr_energy { } 
} 

block { 
   label dmc
   totweight 17408000
   nautocorr 0
   total_energy { -15.8973828386089   } 
   total_energyvar { 0.3599472016895361   } 
   weight { 1.061978450638316   } 
   weightvar { 0.05651707641672704   } 
   kinetic_energy { 15.25669318602396   } 
   kinetic_energyvar { 206.7059239618397   } 
   potential_energy { -30.98375497227579   } 
   potential_energyvar { 342.1275229242128   } 
   nonlocal_energy { -0.1703210523570658   } 
   nonlocal_energyvar { 105.736171334792   } 
   autocorr_energy { } 
} 

block { 
   label dmc
   totweight 17408000
   nautocorr 0
   total_energy { -15.89878156120154   } 
   total_energyvar { 0.361693967411155   } 
   weight { 1.023456165660023   } 
   weightvar { 0.07550982389267787   } 
   kinetic_energy { 15.34624468881919   } 
   kinetic_energyvar { 206.4005431961456   } 
   potential_energy { -31.07646067997933   } 
   potential_energyvar { 343.0836630362464   } 
   nonlocal_energy { -0.1685655700413966   } 
   nonlocal_energyvar { 106.3736589450437   } 
   autocorr_energy { } 
} 

block { 
   label dmc
   totweight 17408000
   nautocorr 0
   total_energy { -15.90113735650041   } 
   total_energyvar { 0.3558789039397064   } 
   weight { 1.00961378542381   } 
   weightvar { 0.08613318438628999   } 
   kinetic_energy { 15.39686215444094   } 
   kinetic_energyvar { 206.5901637615482   } 
   potential_energy { -31.11699579262495   } 
   potential_energyvar { 338.5432606398081   } 
   nonlocal_energy { -0.1810037183163958   } 
   nonlocal_energyvar { 102.5667933569814   } 
   autocorr_energy { } 
} 

block { 
   label dmc
   totweight 17408000
   nautocorr 0
   total_energy { -15.9006115799017   } 
   total_energyvar { 0.3621845882621147   } 
   weight { 1.004127436965016   } 
   weightvar { 0.09215159625432888   } 
   kinetic_energy { 15.34118917963263   } 
   kinetic_energyvar { 206.7072821802215   } 
   potential_energy { -31.07384991868908   } 
   potential_energyvar { 342.0233529513242   } 
   nonlocal_energy { -0.1679508408452507   } 
   nonlocal_energyvar { 105.5411044961429   } 
   autocorr_energy { } 
} 

block { 
   label dmc
   totweight 17408000
   nautocorr 0
   total_energy { -15.89923440728194   } 
   total_energyvar { 0.3877237379598352   } 
   weight { 1.001024276236777   } 
   weightvar { 0.09378814643162613   } 
   kinetic_energy { 15.45654085054158   } 
   kinetic_energyvar { 207.5410674165119   } 
   potential_energy { -31.1908466011425   } 
   potential_energyvar { 350.5640550993415   } 
   nonlocal_energy { -0.1649286566810169   } 
   nonlocal_energyvar { 112.4334555158044   } 
   autocorr_energy { } 
} 

block { 
   label dmc
   totweight 17408000
   nautocorr 0
   total_energy { -15.89971992092287   } 
   total_energyvar { 0.3579521617488547   } 
   weight { 0.9982786746272001   } 
   weightvar { 0.09596769790420159   } 
   kinetic_energy { 15.4011601949286   } 
   kinetic_energyvar { 206.3594652940289   } 
   potential_energy { -31.12984816454215   } 
   potential_energyvar { 340.6896986960057   } 
   nonlocal_energy { -0.1710319513093316   } 
   nonlocal_energyvar { 104.5574235693072   } 
   autocorr_energy { } 
} 

block { 
   label dmc
   totweight 17408000
   nautocorr 0
   total_energy { -15.89874698053772   } 
   total_energyvar { 0.3702182725194686   } 
   weight { 0.9962851009993337   } 
   weightvar { 0.09565119899710245   } 
   kinetic_energy { 15.42034895549938   } 
   kinetic_energyvar { 207.2567124342607   } 
   potential_energy { -31.15064613026   } 
   potential_energyvar { 344.3919631662095   } 
   nonlocal_energy { -0.1684498057771032   } 
   nonlocal_energyvar { 107.0642086945378   } 
   autocorr_energy { } 
} 

block { 
   label dmc
   totweight 17408000
   nautocorr 0
   total_energy { -15.89948330309628   } 
   total_energyvar { 0.3520572241030203   } 
   weight { 0.9962354691678282   } 
   weightvar { 0.09546757664635674   } 
   kinetic_energy { 15.3162326264922   } 
   kinetic_energyvar { 206.2867487198732   } 
   potential_energy { -31.04846658860286   } 
   potential_energyvar { 339.1697605835527   } 
   nonlocal_energy { -0.1672493409856295   } 
   nonlocal_energyvar { 103.1023351319178   } 
   autocorr_energy { } 
} 

block { 
   label dmc
   totweight 17408000
   nautocorr 0
   total_energy { -15.90253824818713   } 
   total_energyvar { 0.3561439789112982   } 
   weight { 0.9971462817248411   } 
   weightvar { 0.09681949336437977   } 
   kinetic_energy { 15.33987254490736   } 
   kinetic_energyvar { 206.0168169058294   } 
   potential_energy { -31.07087422851141   } 
   potential_energyvar { 340.1643393579462   } 
   nonlocal_energy { -0.1715365645830813   } 
   nonlocal_energyvar { 104.5761063786853   } 
   autocorr_energy { } 
} 

block { 
   label dmc
   totweight 17408000
   nautocorr 0
   total_energy { -15.90369024946644   } 
   total_energyvar { 0.3980739410088709   } 
   weight { 0.9985692284017378   } 
   weightvar { 0.09629223376120544   } 
   kinetic_energy { 15.32711493388881   } 
   kinetic_energyvar { 206.5774052850895   } 
   potential_energy { -31.05475462887818   } 
   potential_energyvar { 347.9368907672232   } 
   nonlocal_energy { -0.176050554477079   } 
   nonlocal_energyvar { 111.8088997011264   } 
   autocorr_energy { } 
} 

block { 
   label dmc
   totweight 17408000
   nautocorr 0
   total_energy { -15.90216684415135   } 
   total_energyvar { 0.3564723050844676   } 
   weight { 0.998327095739119   } 
   weightvar { 0.09578660150555469   } 
   kinetic_energy { 15.33567737176563   } 
   kinetic_energyvar { 206.0720067809014   } 
   potential_energy { -31.06821735743736   } 
   potential_energyvar { 340.9067038319153   } 
   nonlocal_energy { -0.1696268584796136   } 
   nonlocal_energyvar { 104.8727398116593   } 
   autocorr_energy { } 
} 

block { 
   label dmc
   totweight 17408000
   nautocorr 0
   total_energy { -15.90271332216156   } 
   total_energyvar { 0.36394774424294   } 
   weight { 0.9986864375215597   } 
   weightvar { 0.09598762939858629   } 
   kinetic_energy { 15.35267261351331   } 
   kinetic_energyvar { 206.6236287324462   } 
   potential_energy { -31.08237835842271   } 
   potential_energyvar { 343.1582120996771   } 
   nonlocal_energy { -0.173007577252153   } 
   nonlocal_energyvar { 106.55924407917   } 
   autocorr_energy { } 
} 

block { 
   label dmc
   totweight 17408000
   nautocorr 0
   total_energy { -15.90362073037701   } 
   total_energyvar { 0.3588323969272295   } 
   weight { 0.9983618976293521   } 
   weightvar { 0.09490934112605018   } 
   kinetic_energy { 15.38155842859458   } 
   kinetic_energyvar { 206.0399240712805   } 
   potential_energy { -31.10428124597824   } 
   potential_energyvar { 340.3685994699258   } 
   nonlocal_energy { -0.1808979129933484   } 
   nonlocal_energyvar { 104.7912954946805   } 
   autocorr_energy { } 
} 

block { 
   label dmc
   totweight 17408000
   nautocorr 0
   total_energy { -15.90468608156392   } 
   total_energyvar { 0.3520267323347213   } 
   weight { 0.9990456843088935   } 
   weightvar { 0.09640499314253474   } 
   kinetic_energy { 15.32430930284489   } 
   kinetic_energyvar { 206.0010450821432   } 
   potential_energy { -31.06206928068613   } 
   potential_energyvar { 339.9478530182824   } 
   nonlocal_energy { -0.1669261037226698   } 
   nonlocal_energyvar { 104.0169951895957   } 
   autocorr_energy { } 
} 

block { 
   label dmc
   totweight 17408000
   nautocorr 0
   total_energy { -15.90493067536505   } 
   total_energyvar { 0.3687864778624021   } 
   weight { 0.9997068279221528   } 
   weightvar { 0.09744308472743213   } 
   kinetic_energy { 15.46890240236223   } 
   kinetic_energyvar { 206.8048553951013   } 
   potential_energy { -31.20253527583642   } 
   potential_energyvar { 344.3996375496096   } 
   nonlocal_energy { -0.1712978018908548   } 
   nonlocal_energyvar { 107.3858932509486   } 
   autocorr_energy { } 
} 

block { 
   label dmc
   totweight 17408000
   nautocorr 0
   total_energy { -15.90378876425045   } 
   total_energyvar { 0.3550804347864655   } 
   weight { 0.9997112787170079   } 
   weightvar { 0.09725120596631343   } 
   kinetic_energy { 15.37739180745519   } 
   kinetic_energyvar { 206.6282615005852   } 
   potential_energy { -31.10418099318508   } 
   potential_energyvar { 341.0114458332606   } 
   nonlocal_energy { -0.1769995785205577   } 
   nonlocal_energyvar { 104.6820842362118   } 
   autocorr_energy { } 
} 

block { 
   label dmc
   totweight 17408000
   nautocorr 0
   total_energy { -15.90020819235139   } 
   total_energyvar { 0.3462319725912298   } 
   weight { 0.9967024138218009   } 
   weightvar { 0.09698228395132535   } 
   kinetic_energy { 15.35794596654036   } 
   kinetic_energyvar { 206.3957567949406   } 
   potential_energy { -31.0849604059093   } 
   potential_energyvar { 337.877340697717   } 
   nonlocal_energy { -0.1731937529824545   } 
   nonlocal_energyvar { 101.7077414976192   } 
   autocorr_energy { } 
} 

block { 
   label dmc
   totweight 17408000
   nautocorr 0
   total_energy { -15.90200745010548   } 
   total_energyvar { 0.3518478547703836   } 
   weight { 0.9965603187855606   } 
   weightvar { 0.0972180417838177   } 
   kinetic_energy { 15.36550128040358   } 
   kinetic_energyvar { 206.2433176077284   } 
   potential_energy { -31.09888130520894   } 
   potential_energyvar { 338.6922028680199   } 
   nonlocal_energy { -0.1686274253001203   } 
   nonlocal_energyvar { 102.6921375251806   } 
   autocorr_energy { } 
} 

block { 
   label dmc
   totweight 17408000
   nautocorr 0
   total_energy { -15.90231837313204   } 
   total_energyvar { 0.3615870019704847   } 
   weight { 0.9967982988283119   } 
   weightvar { 0.09697890499112934   } 
   kinetic_energy { 15.4460008869939   } 
   kinetic_energyvar { 206.9386201357739   } 
   potential_energy { -31.16700742690548   } 
   potential_energyvar { 341.1196828164225   } 
   nonlocal_energy { -0.1813118332204559   } 
   nonlocal_energyvar { 104.8161318336755   } 
   autocorr_energy { } 
} 

block { 
   label dmc
   totweight 17408000
   nautocorr 0
   total_energy { -15.89942163643091   } 
   total_energyvar { 0.3469387755954861   } 
   weight { 0.9954390902694555   } 
   weightvar { 0.09649487336087822   } 
   kinetic_energy { 15.38741085275457   } 
   kinetic_energyvar { 206.5812659208153   } 
   potential_energy { -31.11466226338822   } 
   potential_energyvar { 339.008785868289   } 
   nonlocal_energy { -0.1721702257972542   } 
   nonlocal_energyvar { 102.3032665196122   } 
   autocorr_energy { } 
} 

block { 
   label dmc
   totweight 17408000
   nautocorr 0
   total_energy { -15.90041493222684   } 
   total_energyvar { 0.3625964882006876   } 
   weight { 0.9954573991712887   } 
   weightvar { 0.09686522228302541   } 
   kinetic_energy { 15.43744699275681   } 
   kinetic_energyvar { 207.1849071507503   } 
   potential_energy { -31.16819301967314   } 
   potential_energyvar { 344.4208826845785   } 
   nonlocal_energy { -0.1696689053105112   } 
   nonlocal_energyvar { 106.9798889757745   } 
   autocorr_energy { } 
} 

block { 
   label dmc
   totweight 17408000
   nautocorr 0
   total_energy { -15.90039428414694   } 
   total_energyvar { 0.3527935841539403   } 
   weight { 0.9943035054773441   } 
   weightvar { 0.09650545175490655   } 
   kinetic_energy { 15.37591746246208   } 
   kinetic_energyvar { 206.5764844069452   } 
   potential_energy { -31.10570217640674   } 
   potential_energyvar { 340.295667045758   } 
   nonlocal_energy { -0.1706095702022904   } 
   nonlocal_energyvar { 103.601463718366   } 
   autocorr_energy { } 
} 

block { 
   label dmc
   totweight 17408000
   nautocorr 0
   total_energy { -15.90019221014153   } 
   total_energyvar { 0.3865675942517952   } 
   weight { 0.9955117618719616   } 
   weightvar { 0.09706118609729499   } 
   kinetic_energy { 15.43160252588189   } 
   kinetic_energyvar { 206.8040725075853   } 
   potential_energy { -31.15543133522667   } 
   potential_energyvar { 347.4402161029518   } 
   nonlocal_energy { -0.1763634007967449   } 
   nonlocal_energyvar { 110.8786324485604   } 
   autocorr_energy { } 
} 

block { 
   label dmc
   totweight 17408000
   nautocorr 0
   total_energy { -15.90093065307678   } 
   total_energyvar { 0.3527897018724692   } 
   weight { 0.994999535907203   } 
   weightvar { 0.09670729725626798   } 
   kinetic_energy { 15.45304873997181   } 
   kinetic_energyvar { 207.6300275556554   } 
   potential_energy { -31.18450131102381   } 
   potential_energyvar { 343.4119774974995   } 
   nonlocal_energy { -0.1694780820247825   } 
   nonlocal_energyvar { 105.2393729244246   } 
   autocorr_energy { } 
} 

block { 
   label dmc
   totweight 17408000
   nautocorr 0
   total_energy { -15.90060701527733   } 
   total_energyvar { 0.3481768482453667   } 
   weight { 0.9954138300855685   } 
   weightvar { 0.09618278616828939   } 
   kinetic_energy { 15.39695171357579   } 
   kinetic_energyvar { 206.5477738275251   } 
   potential_energy { -31.12643523933106   } 
   potential_energyvar { 338.6375795313271   } 
   nonlocal_energy { -0.1711234895220541   } 
   nonlocal_energyvar { 102.3115049096875   } 
   autocorr_energy { } 
} 

