#-------------------------------------------------
#DMC run: timestep 0.05
#-------------------------------------------------


init { 
   label dmc
}
block { 
   label dmc
   totweight 348160
   nautocorr 0
   total_energy { -15.89941545225177   } 
   total_energyvar { 0.3221342757156935   } 
   weight { 1.057461224617519   } 
   weightvar { 0.02483304353170251   } 
   kinetic_energy { 13.29361870597462   } 
   kinetic_energyvar { 194.4499819622686   } 
   potential_energy { -29.01178508244925   } 
   potential_energyvar { 305.3548230386238   } 
   nonlocal_energy { -0.1812490757771456   } 
   nonlocal_energyvar { 85.43135208735775   } 
   autocorr_energy { } 
} 

block { 
   label dmc
   totweight 348160
   nautocorr 0
   total_energy { -15.90764699879472   } 
   total_energyvar { 0.3432689950762092   } 
   weight { 1.063910499065366   } 
   weightvar { 0.06480691388411991   } 
   kinetic_energy { 15.20463433956491   } 
   kinetic_energyvar { 204.7448943819334   } 
   potential_energy { -30.819101212782   } 
   potential_energyvar { 326.7463618610508   } 
   nonlocal_energy { -0.2931801255776348   } 
   nonlocal_energyvar { 96.4824181096794   } 
   autocorr_energy { } 
} 

block { 
   label dmc
   totweight 348160
   nautocorr 0
   total_energy { -15.90667904268435   } 
   total_energyvar { 0.3173279161143738   } 
   weight { 1.022966168497517   } 
   weightvar { 0.08450440032265945   } 
   kinetic_energy { 15.26292285786739   } 
   kinetic_energyvar { 205.4987540690879   } 
   potential_energy { -30.87452852123326   } 
   potential_energyvar { 303.21243904402   } 
   nonlocal_energy { -0.2950733793184877   } 
   nonlocal_energyvar { 73.65701982661875   } 
   autocorr_energy { } 
} 

block { 
   label dmc
   totweight 348160
   nautocorr 0
   total_energy { -15.911676428618   } 
   total_energyvar { 0.3427056132114242   } 
   weight { 1.009209045089821   } 
   weightvar { 0.0953533204305711   } 
   kinetic_energy { 15.38487858081444   } 
   kinetic_energyvar { 207.2606059995855   } 
   potential_energy { -31.08064883572172   } 
   potential_energyvar { 328.1591393895015   } 
   nonlocal_energy { -0.2159061737107228   } 
   nonlocal_energyvar { 91.29732266588196   } 
   autocorr_energy { } 
} 

block { 
   label dmc
   totweight 348160
   nautocorr 0
   total_energy { -15.90997928520077   } 
   total_energyvar { 0.3306668061842062   } 
   weight { 1.004296390437559   } 
   weightvar { 0.0994493384064003   } 
   kinetic_energy { 15.21802209907324   } 
   kinetic_energyvar { 204.7652251739507   } 
   potential_energy { -30.86091336694872   } 
   potential_energyvar { 315.7939218079537   } 
   nonlocal_energy { -0.2670880173252842   } 
   nonlocal_energyvar { 85.22650094285922   } 
   autocorr_energy { } 
} 

block { 
   label dmc
   totweight 348160
   nautocorr 0
   total_energy { -15.9083514549057   } 
   total_energyvar { 0.3304492882778803   } 
   weight { 0.9996349715491261   } 
   weightvar { 0.1029844903590192   } 
   kinetic_energy { 15.40092507704192   } 
   kinetic_energyvar { 206.5326120546937   } 
   potential_energy { -31.07134238234862   } 
   potential_energyvar { 321.2851748365819   } 
   nonlocal_energy { -0.237934149598987   } 
   nonlocal_energyvar { 86.23496515468611   } 
   autocorr_energy { } 
} 

block { 
   label dmc
   totweight 348160
   nautocorr 0
   total_energy { -15.90604793199829   } 
   total_energyvar { 0.3380666094588495   } 
   weight { 0.9970552830672691   } 
   weightvar { 0.1046212234223997   } 
   kinetic_energy { 15.28763095310472   } 
   kinetic_energyvar { 206.0543619630858   } 
   potential_energy { -30.95423443713102   } 
   potential_energyvar { 317.9958921416054   } 
   nonlocal_energy { -0.2394444479719949   } 
   nonlocal_energyvar { 84.03357577549704   } 
   autocorr_energy { } 
} 

block { 
   label dmc
   totweight 348160
   nautocorr 0
   total_energy { -15.90688934033998   } 
   total_energyvar { 0.3395872068800807   } 
   weight { 0.9943889655468623   } 
   weightvar { 0.1064850751101089   } 
   kinetic_energy { 15.31803265983224   } 
   kinetic_energyvar { 205.0641536711315   } 
   potential_energy { -30.97175956796361   } 
   potential_energyvar { 333.5955287998045   } 
   nonlocal_energy { -0.2531624322086012   } 
   nonlocal_energyvar { 101.3758999642108   } 
   autocorr_energy { } 
} 

block { 
   label dmc
   totweight 348160
   nautocorr 0
   total_energy { -15.90380624955807   } 
   total_energyvar { 0.3247300392502174   } 
   weight { 0.9942752904658118   } 
   weightvar { 0.1076910524871806   } 
   kinetic_energy { 15.32265435381814   } 
   kinetic_energyvar { 205.0379001742457   } 
   potential_energy { -30.95380880828924   } 
   potential_energyvar { 335.6522794170451   } 
   nonlocal_energy { -0.2726517950869656   } 
   nonlocal_energyvar { 103.1079660435574   } 
   autocorr_energy { } 
} 

block { 
   label dmc
   totweight 348160
   nautocorr 0
   total_energy { -15.90978301090804   } 
   total_energyvar { 0.4783116735444558   } 
   weight { 0.9944116872557378   } 
   weightvar { 0.1083987183283075   } 
   kinetic_energy { 15.31149158899652   } 
   kinetic_energyvar { 205.610892374737   } 
   potential_energy { -30.96554615965631   } 
   potential_energyvar { 372.1128965382229   } 
   nonlocal_energy { -0.2557284402482633   } 
   nonlocal_energyvar { 137.9914275608665   } 
   autocorr_energy { } 
} 

block { 
   label dmc
   totweight 348160
   nautocorr 0
   total_energy { -15.90718294652058   } 
   total_energyvar { 0.32287770597434   } 
   weight { 0.9957410766122139   } 
   weightvar { 0.1082530383794251   } 
   kinetic_energy { 15.30009745526402   } 
   kinetic_energyvar { 204.4868843782651   } 
   potential_energy { -30.91165071976693   } 
   potential_energyvar { 314.0314319993483   } 
   nonlocal_energy { -0.2956296820176779   } 
   nonlocal_energyvar { 84.94349384646212   } 
   autocorr_energy { } 
} 

block { 
   label dmc
   totweight 348160
   nautocorr 0
   total_energy { -15.91040670461341   } 
   total_energyvar { 0.3234340015464251   } 
   weight { 0.9974103510253235   } 
   weightvar { 0.1073379525864049   } 
   kinetic_energy { 15.34585214283062   } 
   kinetic_energyvar { 205.8410337461035   } 
   potential_energy { -30.96898886019952   } 
   potential_energyvar { 315.60334828511   } 
   nonlocal_energy { -0.2872699872445104   } 
   nonlocal_energyvar { 86.3540839260744   } 
   autocorr_energy { } 
} 

block { 
   label dmc
   totweight 348160
   nautocorr 0
   total_energy { -15.90572886912601   } 
   total_energyvar { 0.9065811484815803   } 
   weight { 0.9960794982636225   } 
   weightvar { 0.1067699340112194   } 
   kinetic_energy { 15.37560756059263   } 
   kinetic_energyvar { 208.3974892753224   } 
   potential_energy { -31.00483293252353   } 
   potential_energyvar { 488.2720560397934   } 
   nonlocal_energy { -0.2765034971951084   } 
   nonlocal_energyvar { 249.7444710718639   } 
   autocorr_energy { } 
} 

block { 
   label dmc
   totweight 348160
   nautocorr 0
   total_energy { -15.90455282852341   } 
   total_energyvar { 0.3267509593238982   } 
   weight { 0.994122973541517   } 
   weightvar { 0.107909803470503   } 
   kinetic_energy { 15.26765045114563   } 
   kinetic_energyvar { 205.5045874843044   } 
   potential_energy { -30.91892915062402   } 
   potential_energyvar { 327.9573181392631   } 
   nonlocal_energy { -0.2532741290450266   } 
   nonlocal_energyvar { 93.08453424419776   } 
   autocorr_energy { } 
} 

block { 
   label dmc
   totweight 348160
   nautocorr 0
   total_energy { -15.90531319431827   } 
   total_energyvar { 0.3301786525027283   } 
   weight { 0.9943090007500911   } 
   weightvar { 0.1078390005527356   } 
   kinetic_energy { 15.20120082706459   } 
   kinetic_energyvar { 205.2369329699839   } 
   potential_energy { -30.85858305238048   } 
   potential_energyvar { 325.8704802215684   } 
   nonlocal_energy { -0.2479309690023807   } 
   nonlocal_energyvar { 93.10740467855167   } 
   autocorr_energy { } 
} 

block { 
   label dmc
   totweight 348160
   nautocorr 0
   total_energy { -15.90663753879963   } 
   total_energyvar { 0.3149809076581321   } 
   weight { 0.9954977893162533   } 
   weightvar { 0.1078934145982632   } 
   kinetic_energy { 15.3556846806068   } 
   kinetic_energyvar { 207.2957693832134   } 
   potential_energy { -30.98181176451857   } 
   potential_energyvar { 310.4166269853035   } 
   nonlocal_energy { -0.2805104548878529   } 
   nonlocal_energyvar { 77.06593791987193   } 
   autocorr_energy { } 
} 

block { 
   label dmc
   totweight 348160
   nautocorr 0
   total_energy { -15.90696837731517   } 
   total_energyvar { 0.350910976388513   } 
   weight { 0.9951854584495008   } 
   weightvar { 0.1084047739981945   } 
   kinetic_energy { 15.35952210303819   } 
   kinetic_energyvar { 206.7744073841157   } 
   potential_energy { -31.06878911259695   } 
   potential_energyvar { 347.1707896832193   } 
   nonlocal_energy { -0.1977013677564266   } 
   nonlocal_energyvar { 109.8785844021744   } 
   autocorr_energy { } 
} 

block { 
   label dmc
   totweight 348160
   nautocorr 0
   total_energy { -15.9070476197072   } 
   total_energyvar { 0.3323633797193182   } 
   weight { 0.9956891535305792   } 
   weightvar { 0.1082681478080479   } 
   kinetic_energy { 15.31440327994929   } 
   kinetic_energyvar { 205.1529428992179   } 
   potential_energy { -30.96462329017604   } 
   potential_energyvar { 314.4588026395542   } 
   nonlocal_energy { -0.2568276094804551   } 
   nonlocal_energyvar { 82.07511770338206   } 
   autocorr_energy { } 
} 

block { 
   label dmc
   totweight 348160
   nautocorr 0
   total_energy { -15.9092340842292   } 
   total_energyvar { 0.3124253590858775   } 
   weight { 0.9971830729212152   } 
   weightvar { 0.1087357648475191   } 
   kinetic_energy { 15.38344886052664   } 
   kinetic_energyvar { 206.6672701438295   } 
   potential_energy { -30.99557992577584   } 
   potential_energyvar { 312.5127079337689   } 
   nonlocal_energy { -0.2971030189799949   } 
   nonlocal_energyvar { 80.29713023307468   } 
   autocorr_energy { } 
} 

block { 
   label dmc
   totweight 348160
   nautocorr 0
   total_energy { -15.90816672089434   } 
   total_energyvar { 0.3371719607414501   } 
   weight { 0.9975541922739686   } 
   weightvar { 0.1083482115401467   } 
   kinetic_energy { 15.26447352161756   } 
   kinetic_energyvar { 205.5817859337181   } 
   potential_energy { -30.9566418698208   } 
   potential_energyvar { 319.2055989126916   } 
   nonlocal_energy { -0.2159983726910907   } 
   nonlocal_energyvar { 85.68531041887452   } 
   autocorr_energy { } 
} 

block { 
   label dmc
   totweight 348160
   nautocorr 0
   total_energy { -15.90839487523168   } 
   total_energyvar { 0.3618758789903952   } 
   weight { 0.9970803704933413   } 
   weightvar { 0.107321233729902   } 
   kinetic_energy { 15.38928157458356   } 
   kinetic_energyvar { 206.4256611621546   } 
   potential_energy { -31.14454549123802   } 
   potential_energyvar { 355.0193369916386   } 
   nonlocal_energy { -0.1531309585772243   } 
   nonlocal_energyvar { 115.5409747722367   } 
   autocorr_energy { } 
} 

block { 
   label dmc
   totweight 348160
   nautocorr 0
   total_energy { -15.90945807870096   } 
   total_energyvar { 0.3487359093635198   } 
   weight { 0.9959604563215728   } 
   weightvar { 0.1075699196240326   } 
   kinetic_energy { 15.41802625296538   } 
   kinetic_energyvar { 207.2782275491497   } 
   potential_energy { -31.13372903686297   } 
   potential_energyvar { 335.6777077605698   } 
   nonlocal_energy { -0.1937552948033804   } 
   nonlocal_energyvar { 97.5001519350317   } 
   autocorr_energy { } 
} 

block { 
   label dmc
   totweight 348160
   nautocorr 0
   total_energy { -15.908006612095   } 
   total_energyvar { 0.3467097097560767   } 
   weight { 0.9957855483430906   } 
   weightvar { 0.1082270400714422   } 
   kinetic_energy { 15.34204423389895   } 
   kinetic_energyvar { 206.1098215583189   } 
   potential_energy { -30.97909410035453   } 
   potential_energyvar { 348.1809226040718   } 
   nonlocal_energy { -0.2709567456394178   } 
   nonlocal_energyvar { 113.7696013996628   } 
   autocorr_energy { } 
} 

block { 
   label dmc
   totweight 348160
   nautocorr 0
   total_energy { -15.90950429050151   } 
   total_energyvar { 0.3637305543487687   } 
   weight { 0.9964167946468914   } 
   weightvar { 0.1081931409801037   } 
   kinetic_energy { 15.36018607993514   } 
   kinetic_energyvar { 204.8068825783542   } 
   potential_energy { -31.00133170243106   } 
   potential_energyvar { 333.6940365382325   } 
   nonlocal_energy { -0.2683586680055975   } 
   nonlocal_energyvar { 102.2607663991867   } 
   autocorr_energy { } 
} 

block { 
   label dmc
   totweight 348160
   nautocorr 0
   total_energy { -15.9079840724692   } 
   total_energyvar { 0.3309378165907674   } 
   weight { 0.9965208396122855   } 
   weightvar { 0.1069738697331419   } 
   kinetic_energy { 15.41344433647659   } 
   kinetic_energyvar { 206.6005737503031   } 
   potential_energy { -31.0602736213275   } 
   potential_energyvar { 312.9326911234438   } 
   nonlocal_energy { -0.2611547876182951   } 
   nonlocal_energyvar { 79.89642998502018   } 
   autocorr_energy { } 
} 

block { 
   label dmc
   totweight 348160
   nautocorr 0
   total_energy { -15.90805116929667   } 
   total_energyvar { 0.3493090859657487   } 
   weight { 0.9961726802489654   } 
   weightvar { 0.1069833053217253   } 
   kinetic_energy { 15.42182507756601   } 
   kinetic_energyvar { 207.7544663153565   } 
   potential_energy { -31.10956275430241   } 
   potential_energyvar { 352.9248162465215   } 
   nonlocal_energy { -0.2203134925602755   } 
   nonlocal_energyvar { 114.0579318061215   } 
   autocorr_energy { } 
} 

block { 
   label dmc
   totweight 348160
   nautocorr 0
   total_energy { -15.90604112388591   } 
   total_energyvar { 0.3199128245817379   } 
   weight { 0.9964964800305114   } 
   weightvar { 0.1070932988569931   } 
   kinetic_energy { 15.44396896288131   } 
   kinetic_energyvar { 208.5684349164714   } 
   potential_energy { -31.13196001980481   } 
   potential_energyvar { 322.9383663889982   } 
   nonlocal_energy { -0.2180500669624248   } 
   nonlocal_energyvar { 84.55720202071483   } 
   autocorr_energy { } 
} 

block { 
   label dmc
   totweight 348160
   nautocorr 0
   total_energy { -15.90639503308126   } 
   total_energyvar { 0.3240863453761034   } 
   weight { 0.9951283386987551   } 
   weightvar { 0.1078042690331115   } 
   kinetic_energy { 15.34843544704983   } 
   kinetic_energyvar { 206.4476801509205   } 
   potential_energy { -31.05993683279869   } 
   potential_energyvar { 319.7893119079296   } 
   nonlocal_energy { -0.1948936473323909   } 
   nonlocal_energyvar { 83.96966964732586   } 
   autocorr_energy { } 
} 

block { 
   label dmc
   totweight 348160
   nautocorr 0
   total_energy { -15.9067118331796   } 
   total_energyvar { 0.3210591907947331   } 
   weight { 0.9960029299202976   } 
   weightvar { 0.108468706603255   } 
   kinetic_energy { 15.40883432221958   } 
   kinetic_energyvar { 212.5109155417258   } 
   potential_energy { -31.06411437011687   } 
   potential_energyvar { 330.5862752537278   } 
   nonlocal_energy { -0.2514317852823081   } 
   nonlocal_energyvar { 89.54979134359614   } 
   autocorr_energy { } 
} 

block { 
   label dmc
   totweight 348160
   nautocorr 0
   total_energy { -15.90617396008856   } 
   total_energyvar { 0.3551264760703046   } 
   weight { 0.9949661014443463   } 
   weightvar { 0.1078975598751468   } 
   kinetic_energy { 15.36742982947533   } 
   kinetic_energyvar { 207.6852759047642   } 
   potential_energy { -31.09092417325197   } 
   potential_energyvar { 353.9572001156271   } 
   nonlocal_energy { -0.1826796163119257   } 
   nonlocal_energyvar { 112.1777386028904   } 
   autocorr_energy { } 
} 

block { 
   label dmc
   totweight 348160
   nautocorr 0
   total_energy { -15.90632471452508   } 
   total_energyvar { 0.3438582259845887   } 
   weight { 0.9956670577075305   } 
   weightvar { 0.1077269210560082   } 
   kinetic_energy { 15.31771958690686   } 
   kinetic_energyvar { 204.7714754236895   } 
   potential_energy { -30.93578857691845   } 
   potential_energyvar { 330.5463466281712   } 
   nonlocal_energy { -0.2882557245134867   } 
   nonlocal_energyvar { 99.8475414104016   } 
   autocorr_energy { } 
} 

block { 
   label dmc
   totweight 348160
   nautocorr 0
   total_energy { -15.90642905082639   } 
   total_energyvar { 0.3284887391011471   } 
   weight { 0.9940394569304586   } 
   weightvar { 0.1066346416028372   } 
   kinetic_energy { 15.33016067071324   } 
   kinetic_energyvar { 206.3223130638595   } 
   potential_energy { -30.96471950280363   } 
   potential_energyvar { 312.2502129594076   } 
   nonlocal_energy { -0.2718702187360023   } 
   nonlocal_energyvar { 79.70205933167296   } 
   autocorr_energy { } 
} 

block { 
   label dmc
   totweight 348160
   nautocorr 0
   total_energy { -15.90507592640764   } 
   total_energyvar { 0.337958655312931   } 
   weight { 0.9942326132311105   } 
   weightvar { 0.1074677603299484   } 
   kinetic_energy { 15.32637602412638   } 
   kinetic_energyvar { 205.989363521027   } 
   potential_energy { -30.97550453420273   } 
   potential_energyvar { 325.9713010796392   } 
   nonlocal_energy { -0.2559474163312905   } 
   nonlocal_energyvar { 91.53831864692177   } 
   autocorr_energy { } 
} 

block { 
   label dmc
   totweight 348160
   nautocorr 0
   total_energy { -15.90934851420514   } 
   total_energyvar { 0.3528921115036656   } 
   weight { 0.9958686273070959   } 
   weightvar { 0.1079446062032173   } 
   kinetic_energy { 15.36456192670247   } 
   kinetic_energyvar { 206.3893577881107   } 
   potential_energy { -31.06925453766857   } 
   potential_energyvar { 338.5997359249972   } 
   nonlocal_energy { -0.2046559032390447   } 
   nonlocal_energyvar { 100.1454128830767   } 
   autocorr_energy { } 
} 

block { 
   label dmc
   totweight 348160
   nautocorr 0
   total_energy { -15.91019149208315   } 
   total_energyvar { 0.339701053015652   } 
   weight { 0.9975080452454634   } 
   weightvar { 0.1087376938016423   } 
   kinetic_energy { 15.39080434043524   } 
   kinetic_energyvar { 206.0299500216135   } 
   potential_energy { -31.07228069584614   } 
   potential_energyvar { 326.227325963647   } 
   nonlocal_energy { -0.2287151366722481   } 
   nonlocal_energyvar { 90.60862890328995   } 
   autocorr_energy { } 
} 

block { 
   label dmc
   totweight 348160
   nautocorr 0
   total_energy { -15.90561819722443   } 
   total_energyvar { 0.3256494311018602   } 
   weight { 0.997239026780579   } 
   weightvar { 0.1072506419870853   } 
   kinetic_energy { 15.46161067034014   } 
   kinetic_energyvar { 209.0923719775217   } 
   potential_energy { -31.15875738260958   } 
   potential_energyvar { 334.6747571399163   } 
   nonlocal_energy { -0.2084714849549919   } 
   nonlocal_energyvar { 95.33050012192237   } 
   autocorr_energy { } 
} 

block { 
   label dmc
   totweight 348160
   nautocorr 0
   total_energy { -15.90878700655553   } 
   total_energyvar { 0.3966705285033612   } 
   weight { 0.996762717622846   } 
   weightvar { 0.1081208522555308   } 
   kinetic_energy { 15.34386382817157   } 
   kinetic_energyvar { 207.3993282270379   } 
   potential_energy { -31.0513310742631   } 
   potential_energyvar { 366.1042718332996   } 
   nonlocal_energy { -0.2013197604640019   } 
   nonlocal_energyvar { 127.0120504414999   } 
   autocorr_energy { } 
} 

block { 
   label dmc
   totweight 348160
   nautocorr 0
   total_energy { -15.90732941810438   } 
   total_energyvar { 0.3198141753839197   } 
   weight { 0.9966626616757681   } 
   weightvar { 0.1077822761975942   } 
   kinetic_energy { 15.37063407839682   } 
   kinetic_energyvar { 205.8789113743623   } 
   potential_energy { -30.95076680831465   } 
   potential_energyvar { 299.6389005164676   } 
   nonlocal_energy { -0.3271966881865467   } 
   nonlocal_energyvar { 72.10820209420105   } 
   autocorr_energy { } 
} 

block { 
   label dmc
   totweight 348160
   nautocorr 0
   total_energy { -15.90726640369216   } 
   total_energyvar { 0.329772570632397   } 
   weight { 0.9969052688889091   } 
   weightvar { 0.1078012216183112   } 
   kinetic_energy { 15.38617650689796   } 
   kinetic_energyvar { 205.7758183934138   } 
   potential_energy { -31.05226146323982   } 
   potential_energyvar { 313.84636347309   } 
   nonlocal_energy { -0.2411814473503104   } 
   nonlocal_energyvar { 80.68391420920848   } 
   autocorr_energy { } 
} 

block { 
   label dmc
   totweight 348160
   nautocorr 0
   total_energy { -15.90816535739896   } 
   total_energyvar { 0.3429200517952063   } 
   weight { 0.9964723762485167   } 
   weightvar { 0.1093301221341281   } 
   kinetic_energy { 15.36876066202799   } 
   kinetic_energyvar { 206.4463553975785   } 
   potential_energy { -31.08915013713555   } 
   potential_energyvar { 336.7489731647424   } 
   nonlocal_energy { -0.1877758822914027   } 
   nonlocal_energyvar { 98.41614570740835   } 
   autocorr_energy { } 
} 

block { 
   label dmc
   totweight 348160
   nautocorr 0
   total_energy { -15.9073529574457   } 
   total_energyvar { 0.3440442171043666   } 
   weight { 0.9954857430508101   } 
   weightvar { 0.1076479247837412   } 
   kinetic_energy { 15.30836957319671   } 
   kinetic_energyvar { 206.1583692809683   } 
   potential_energy { -31.02113538365138   } 
   potential_energyvar { 337.6336307857207   } 
   nonlocal_energy { -0.1945871469910305   } 
   nonlocal_energyvar { 101.5117355893867   } 
   autocorr_energy { } 
} 

block { 
   label dmc
   totweight 348160
   nautocorr 0
   total_energy { -15.90545735857133   } 
   total_energyvar { 0.3420945089846655   } 
   weight { 0.9964251409824028   } 
   weightvar { 0.1077549227577755   } 
   kinetic_energy { 15.35002893674365   } 
   kinetic_energyvar { 206.4924969598677   } 
   potential_energy { -31.05137241054096   } 
   potential_energyvar { 344.056992406005   } 
   nonlocal_energy { -0.2041138847740179   } 
   nonlocal_energyvar { 107.3239386239599   } 
   autocorr_energy { } 
} 

block { 
   label dmc
   totweight 348160
   nautocorr 0
   total_energy { -15.90633092157549   } 
   total_energyvar { 0.3345143539888402   } 
   weight { 0.994411122489222   } 
   weightvar { 0.1078729971392721   } 
   kinetic_energy { 15.3648938793023   } 
   kinetic_energyvar { 207.8891642871522   } 
   potential_energy { -31.06801180322961   } 
   potential_energyvar { 341.9736017717603   } 
   nonlocal_energy { -0.2032129976481805   } 
   nonlocal_energyvar { 104.2731367594636   } 
   autocorr_energy { } 
} 

block { 
   label dmc
   totweight 348160
   nautocorr 0
   total_energy { -15.90895389097849   } 
   total_energyvar { 0.3215038064477455   } 
   weight { 0.9958821487114891   } 
   weightvar { 0.1087976243180193   } 
   kinetic_energy { 15.3807739866582   } 
   kinetic_energyvar { 206.8433966586456   } 
   potential_energy { -31.04741402699025   } 
   potential_energyvar { 312.2466891556502   } 
   nonlocal_energy { -0.24231385064643   } 
   nonlocal_energyvar { 78.90517598440348   } 
   autocorr_energy { } 
} 

block { 
   label dmc
   totweight 348160
   nautocorr 0
   total_energy { -15.90835355150086   } 
   total_energyvar { 0.3499901323116218   } 
   weight { 0.9972079017662984   } 
   weightvar { 0.1076783938494621   } 
   kinetic_energy { 15.35365543966907   } 
   kinetic_energyvar { 206.1587876149824   } 
   potential_energy { -31.0647425558029   } 
   potential_energyvar { 358.7797748237584   } 
   nonlocal_energy { -0.1972664353670306   } 
   nonlocal_energyvar { 121.3403200348922   } 
   autocorr_energy { } 
} 

block { 
   label dmc
   totweight 348160
   nautocorr 0
   total_energy { -15.90702266535073   } 
   total_energyvar { 0.3222084966669559   } 
   weight { 0.9958200830058281   } 
   weightvar { 0.1068638970198998   } 
   kinetic_energy { 15.29893856779876   } 
   kinetic_energyvar { 205.5327784093888   } 
   potential_energy { -30.93380424240147   } 
   potential_energyvar { 308.4429193199467   } 
   nonlocal_energy { -0.2721569907480209   } 
   nonlocal_energyvar { 78.07095153900953   } 
   autocorr_energy { } 
} 

block { 
   label dmc
   totweight 348160
   nautocorr 0
   total_energy { -15.9057858540545   } 
   total_energyvar { 0.3323392659130174   } 
   weight { 0.9955264212974002   } 
   weightvar { 0.1062321983242278   } 
   kinetic_energy { 15.44794926729596   } 
   kinetic_energyvar { 208.1096143576232   } 
   potential_energy { -31.13578346154917   } 
   potential_energyvar { 326.8734594013188   } 
   nonlocal_energy { -0.217951659801286   } 
   nonlocal_energyvar { 89.58842282447709   } 
   autocorr_energy { } 
} 

block { 
   label dmc
   totweight 348160
   nautocorr 0
   total_energy { -15.90648895516036   } 
   total_energyvar { 0.3381103307185953   } 
   weight { 0.995212969636691   } 
   weightvar { 0.1063241645653238   } 
   kinetic_energy { 15.37401146581372   } 
   kinetic_energyvar { 207.8086630079621   } 
   potential_energy { -31.02604499383747   } 
   potential_energyvar { 332.8152741942048   } 
   nonlocal_energy { -0.2544554271366036   } 
   nonlocal_energyvar { 97.37094174610598   } 
   autocorr_energy { } 
} 

block { 
   label dmc
   totweight 348160
   nautocorr 0
   total_energy { -15.91072720929906   } 
   total_energyvar { 0.3395346307461209   } 
   weight { 0.9965621259940205   } 
   weightvar { 0.1075861298504286   } 
   kinetic_energy { 15.30064815124012   } 
   kinetic_energyvar { 205.9015439350109   } 
   potential_energy { -30.98506313748296   } 
   potential_energyvar { 333.742471096832   } 
   nonlocal_energy { -0.2263122230562259   } 
   nonlocal_energyvar { 98.87957001176989   } 
   autocorr_energy { } 
} 

block { 
   label dmc
   totweight 348160
   nautocorr 0
   total_energy { -15.91126548976499   } 
   total_energyvar { 0.5360180714127872   } 
   weight { 0.9991597726443274   } 
   weightvar { 0.1073778610213224   } 
   kinetic_energy { 15.3900877681714   } 
   kinetic_energyvar { 207.0766530800509   } 
   potential_energy { -31.05686464412632   } 
   potential_energyvar { 383.7175220833696   } 
   nonlocal_energy { -0.2444886138100729   } 
   nonlocal_energyvar { 147.7579704908263   } 
   autocorr_energy { } 
} 

block { 
   label dmc
   totweight 348160
   nautocorr 0
   total_energy { -15.90573691360033   } 
   total_energyvar { 0.3162939438743285   } 
   weight { 0.9978562291027367   } 
   weightvar { 0.106511241241806   } 
   kinetic_energy { 15.32359451202474   } 
   kinetic_energyvar { 205.366892771275   } 
   potential_energy { -30.94287167879092   } 
   potential_energyvar { 311.9287019940213   } 
   nonlocal_energy { -0.2864597468341498   } 
   nonlocal_energyvar { 81.69584014767332   } 
   autocorr_energy { } 
} 

block { 
   label dmc
   totweight 348160
   nautocorr 0
   total_energy { -15.90508272194964   } 
   total_energyvar { 0.3550468271290861   } 
   weight { 0.9963744192930127   } 
   weightvar { 0.106052867558255   } 
   kinetic_energy { 15.19636209128029   } 
   kinetic_energyvar { 205.2743476778327   } 
   potential_energy { -30.86186356052064   } 
   potential_energyvar { 341.5598112642703   } 
   nonlocal_energy { -0.2395812527092922   } 
   nonlocal_energyvar { 106.2973547145783   } 
   autocorr_energy { } 
} 

block { 
   label dmc
   totweight 348160
   nautocorr 0
   total_energy { -15.90779736681727   } 
   total_energyvar { 0.7521182533657813   } 
   weight { 0.9955210005515412   } 
   weightvar { 0.1066489886226447   } 
   kinetic_energy { 15.26110644537814   } 
   kinetic_energyvar { 205.046438707865   } 
   potential_energy { -30.88411816372453   } 
   potential_energyvar { 434.1764026862733   } 
   nonlocal_energy { -0.2847856484708837   } 
   nonlocal_energyvar { 202.7986202291751   } 
   autocorr_energy { } 
} 

block { 
   label dmc
   totweight 348160
   nautocorr 0
   total_energy { -15.91205579537241   } 
   total_energyvar { 0.3408362808657336   } 
   weight { 0.9976942510279511   } 
   weightvar { 0.1080060821407935   } 
   kinetic_energy { 15.39260628041473   } 
   kinetic_energyvar { 207.6664312924646   } 
   potential_energy { -31.09597851214642   } 
   potential_energyvar { 332.9937191066952   } 
   nonlocal_energy { -0.2086835636407174   } 
   nonlocal_energyvar { 95.83021446281273   } 
   autocorr_energy { } 
} 

block { 
   label dmc
   totweight 348160
   nautocorr 0
   total_energy { -15.91085663376272   } 
   total_energyvar { 0.3354404524395666   } 
   weight { 0.9989913547612836   } 
   weightvar { 0.1085730779721826   } 
   kinetic_energy { 15.44486889688124   } 
   kinetic_energyvar { 208.5922843322014   } 
   potential_energy { -31.16544124917869   } 
   potential_energyvar { 329.2421191091407   } 
   nonlocal_energy { -0.1902842814652654   } 
   nonlocal_energyvar { 89.73711155130407   } 
   autocorr_energy { } 
} 

block { 
   label dmc
   totweight 348160
   nautocorr 0
   total_energy { -15.90537506424823   } 
   total_energyvar { 0.4285510947934741   } 
   weight { 0.9973429574391576   } 
   weightvar { 0.1066686365633297   } 
   kinetic_energy { 15.35198557023499   } 
   kinetic_energyvar { 205.249337267573   } 
   potential_energy { -30.96699714060235   } 
   potential_energyvar { 360.2748487304472   } 
   nonlocal_energy { -0.2903634938808827   } 
   nonlocal_energyvar { 128.5395038024046   } 
   autocorr_energy { } 
} 

block { 
   label dmc
   totweight 348160
   nautocorr 0
   total_energy { -15.90928655579491   } 
   total_energyvar { 0.3461681912784521   } 
   weight { 0.9951398603724708   } 
   weightvar { 0.1065990205196461   } 
   kinetic_energy { 15.3602043050582   } 
   kinetic_energyvar { 206.5449063440119   } 
   potential_energy { -31.06816437603228   } 
   potential_energyvar { 349.5831800136873   } 
   nonlocal_energy { -0.2013264848208356   } 
   nonlocal_energyvar { 110.6492370555601   } 
   autocorr_energy { } 
} 

block { 
   label dmc
   totweight 348160
   nautocorr 0
   total_energy { -15.90640050457046   } 
   total_energyvar { 0.3453313980936129   } 
   weight { 0.9955079199782649   } 
   weightvar { 0.107057924039383   } 
   kinetic_energy { 15.38827160254043   } 
   kinetic_energyvar { 206.489550283323   } 
   potential_energy { -31.08172806083408   } 
   potential_energyvar { 340.5031182214422   } 
   nonlocal_energy { -0.2129440462768065   } 
   nonlocal_energyvar { 102.6864532998751   } 
   autocorr_energy { } 
} 

block { 
   label dmc
   totweight 348160
   nautocorr 0
   total_energy { -15.90483673255982   } 
   total_energyvar { 0.3238918834248514   } 
   weight { 0.9945235129497967   } 
   weightvar { 0.1055773963679042   } 
   kinetic_energy { 15.29469196023157   } 
   kinetic_energyvar { 205.8474821266545   } 
   potential_energy { -30.95059229376804   } 
   potential_energyvar { 337.2919881727971   } 
   nonlocal_energy { -0.2489363990233535   } 
   nonlocal_energyvar { 104.9385196732552   } 
   autocorr_energy { } 
} 

block { 
   label dmc
   totweight 348160
   nautocorr 0
   total_energy { -15.90967966245759   } 
   total_energyvar { 0.3428457362523734   } 
   weight { 0.9949111213887997   } 
   weightvar { 0.1071968510996957   } 
   kinetic_energy { 15.31309577941482   } 
   kinetic_energyvar { 206.0505850661278   } 
   potential_energy { -31.05865673243162   } 
   potential_energyvar { 367.994804046503   } 
   nonlocal_energy { -0.1641187094407913   } 
   nonlocal_energyvar { 128.7899715290605   } 
   autocorr_energy { } 
} 

block { 
   label dmc
   totweight 348160
   nautocorr 0
   total_energy { -15.90741647992042   } 
   total_energyvar { 0.3252072089546456   } 
   weight { 0.9976554457741716   } 
   weightvar { 0.1077154564248023   } 
   kinetic_energy { 15.24002848249215   } 
   kinetic_energyvar { 205.5394234118551   } 
   potential_energy { -30.86904970170814   } 
   potential_energyvar { 329.6851289956213   } 
   nonlocal_energy { -0.2783952607044392   } 
   nonlocal_energyvar { 98.48506108865395   } 
   autocorr_energy { } 
} 

block { 
   label dmc
   totweight 348160
   nautocorr 0
   total_energy { -15.90449088098514   } 
   total_energyvar { 0.3412045490907389   } 
   weight { 0.9950917857654709   } 
   weightvar { 0.1083996713600016   } 
   kinetic_energy { 15.26761999518   } 
   kinetic_energyvar { 206.2081603172817   } 
   potential_energy { -30.95267422766568   } 
   potential_energyvar { 338.5807120501411   } 
   nonlocal_energy { -0.2194366484994517   } 
   nonlocal_energyvar { 101.7166677501766   } 
   autocorr_energy { } 
} 

block { 
   label dmc
   totweight 348160
   nautocorr 0
   total_energy { -15.90904132802682   } 
   total_energyvar { 0.3573786095383142   } 
   weight { 0.9946425831074039   } 
   weightvar { 0.1084717426687935   } 
   kinetic_energy { 15.29609633332371   } 
   kinetic_energyvar { 205.50371336371   } 
   potential_energy { -31.00550310648316   } 
   potential_energyvar { 354.3627536445069   } 
   nonlocal_energy { -0.199634554867373   } 
   nonlocal_energyvar { 117.6594172136468   } 
   autocorr_energy { } 
} 

block { 
   label dmc
   totweight 348160
   nautocorr 0
   total_energy { -15.90445173652166   } 
   total_energyvar { 0.332008484342263   } 
   weight { 0.9947244896268138   } 
   weightvar { 0.1096292822623782   } 
   kinetic_energy { 15.32408003033439   } 
   kinetic_energyvar { 207.3432394287307   } 
   potential_energy { -30.99613474212704   } 
   potential_energyvar { 324.3873785981386   } 
   nonlocal_energy { -0.2323970247290144   } 
   nonlocal_energyvar { 87.72369891996235   } 
   autocorr_energy { } 
} 

block { 
   label dmc
   totweight 348160
   nautocorr 0
   total_energy { -15.90571258855314   } 
   total_energyvar { 0.3231355567083014   } 
   weight { 0.9946551031291947   } 
   weightvar { 0.1095742708985528   } 
   kinetic_energy { 15.27988840758204   } 
   kinetic_energyvar { 207.3921249339447   } 
   potential_energy { -30.89889400058794   } 
   potential_energyvar { 312.9016008253343   } 
   nonlocal_energy { -0.2867069955472358   } 
   nonlocal_energyvar { 80.11531773566904   } 
   autocorr_energy { } 
} 

block { 
   label dmc
   totweight 348160
   nautocorr 0
   total_energy { -15.90483086910891   } 
   total_energyvar { 0.323196111407871   } 
   weight { 0.9940093789644847   } 
   weightvar { 0.109241007963437   } 
   kinetic_energy { 15.44781440577307   } 
   kinetic_energyvar { 207.4360346343504   } 
   potential_energy { -31.12795627214458   } 
   potential_energyvar { 316.9783169574536   } 
   nonlocal_energy { -0.2246890027374041   } 
   nonlocal_energyvar { 79.93301789266333   } 
   autocorr_energy { } 
} 

block { 
   label dmc
   totweight 348160
   nautocorr 0
   total_energy { -15.9058228971093   } 
   total_energyvar { 0.327381171523102   } 
   weight { 0.9947416176765318   } 
   weightvar { 0.1080342939008778   } 
   kinetic_energy { 15.26512831861274   } 
   kinetic_energyvar { 206.2585266737019   } 
   potential_energy { -30.9181856095982   } 
   potential_energyvar { 324.6989128069321   } 
   nonlocal_energy { -0.2527656061238339   } 
   nonlocal_energyvar { 91.65450148349541   } 
   autocorr_energy { } 
} 

block { 
   label dmc
   totweight 348160
   nautocorr 0
   total_energy { -15.90645046169455   } 
   total_energyvar { 0.3614976085999754   } 
   weight { 0.9945458614884899   } 
   weightvar { 0.108312089647889   } 
   kinetic_energy { 15.3785636552248   } 
   kinetic_energyvar { 207.480194455282   } 
   potential_energy { -31.08470487192479   } 
   potential_energyvar { 340.4484190053306   } 
   nonlocal_energy { -0.2003092449945637   } 
   nonlocal_energyvar { 102.8390034297865   } 
   autocorr_energy { } 
} 

block { 
   label dmc
   totweight 348160
   nautocorr 0
   total_energy { -15.90710307152761   } 
   total_energyvar { 0.3219800509648497   } 
   weight { 0.995734699387994   } 
   weightvar { 0.1080527675238112   } 
   kinetic_energy { 15.4031339587041   } 
   kinetic_energyvar { 206.4421128682869   } 
   potential_energy { -31.04347452654077   } 
   potential_energyvar { 317.2299600015704   } 
   nonlocal_energy { -0.2667625036909421   } 
   nonlocal_energyvar { 83.9079754912248   } 
   autocorr_energy { } 
} 

block { 
   label dmc
   totweight 348160
   nautocorr 0
   total_energy { -15.90778958221244   } 
   total_energyvar { 0.3361543163809657   } 
   weight { 0.9956918559811102   } 
   weightvar { 0.1088562048009138   } 
   kinetic_energy { 15.28414663844981   } 
   kinetic_energyvar { 205.6097243705117   } 
   potential_energy { -30.95820214916317   } 
   potential_energyvar { 320.3548546756966   } 
   nonlocal_energy { -0.2337340714990771   } 
   nonlocal_energyvar { 86.64802107411607   } 
   autocorr_energy { } 
} 

block { 
   label dmc
   totweight 348160
   nautocorr 0
   total_energy { -15.90620615117358   } 
   total_energyvar { 0.4077886433369514   } 
   weight { 0.9963564882964152   } 
   weightvar { 0.1077732339922284   } 
   kinetic_energy { 15.27931197915058   } 
   kinetic_energyvar { 205.7832174429989   } 
   potential_energy { -30.94487538949654   } 
   potential_energyvar { 385.5071433935705   } 
   nonlocal_energy { -0.2406427408276197   } 
   nonlocal_energyvar { 149.9058438651956   } 
   autocorr_energy { } 
} 

block { 
   label dmc
   totweight 348160
   nautocorr 0
   total_energy { -15.90943262811645   } 
   total_energyvar { 0.3223427088000463   } 
   weight { 0.9969627832147777   } 
   weightvar { 0.1105891209207465   } 
   kinetic_energy { 15.39336821430382   } 
   kinetic_energyvar { 207.1172603914328   } 
   potential_energy { -31.17553481189252   } 
   potential_energyvar { 340.5477379489176   } 
   nonlocal_energy { -0.1272660305277462   } 
   nonlocal_energyvar { 103.2757181928944   } 
   autocorr_energy { } 
} 

block { 
   label dmc
   totweight 348160
   nautocorr 0
   total_energy { -15.91109973124538   } 
   total_energyvar { 0.3485720285516366   } 
   weight { 0.9980703645206701   } 
   weightvar { 0.1093935033640593   } 
   kinetic_energy { 15.36505783199462   } 
   kinetic_energyvar { 206.8206193334773   } 
   potential_energy { -31.06627712867525   } 
   potential_energyvar { 331.4541512710597   } 
   nonlocal_energy { -0.2098804345647602   } 
   nonlocal_energyvar { 95.70113192223423   } 
   autocorr_energy { } 
} 

block { 
   label dmc
   totweight 348160
   nautocorr 0
   total_energy { -15.90759750265032   } 
   total_energyvar { 0.3278924413641597   } 
   weight { 0.9970153469161321   } 
   weightvar { 0.1072263682504604   } 
   kinetic_energy { 15.35213600367697   } 
   kinetic_energyvar { 205.974164595527   } 
   potential_energy { -30.98140631137113   } 
   potential_energyvar { 315.6557981745582   } 
   nonlocal_energy { -0.278327194956153   } 
   nonlocal_energyvar { 84.02370221522629   } 
   autocorr_energy { } 
} 

block { 
   label dmc
   totweight 348160
   nautocorr 0
   total_energy { -15.90528606289809   } 
   total_energyvar { 0.3313451728014677   } 
   weight { 0.996264041977109   } 
   weightvar { 0.1064327265400848   } 
   kinetic_energy { 15.4497436968704   } 
   kinetic_energyvar { 208.4519784668375   } 
   potential_energy { -31.12233074418832   } 
   potential_energyvar { 330.7861162195459   } 
   nonlocal_energy { -0.2326990155801799   } 
   nonlocal_energyvar { 92.74900411419722   } 
   autocorr_energy { } 
} 

block { 
   label dmc
   totweight 348160
   nautocorr 0
   total_energy { -15.90656066040214   } 
   total_energyvar { 0.3156115658783082   } 
   weight { 0.9957271728107847   } 
   weightvar { 0.1070178487518541   } 
   kinetic_energy { 15.30762117996781   } 
   kinetic_energyvar { 206.3007589249989   } 
   potential_energy { -30.9747485151773   } 
   potential_energyvar { 321.7563661603005   } 
   nonlocal_energy { -0.2394333251926442   } 
   nonlocal_energyvar { 87.60164498232842   } 
   autocorr_energy { } 
} 

block { 
   label dmc
   totweight 348160
   nautocorr 0
   total_energy { -15.90766237200467   } 
   total_energyvar { 0.3220084786155546   } 
   weight { 0.9973999861681577   } 
   weightvar { 0.1078191093204049   } 
   kinetic_energy { 15.33018204557941   } 
   kinetic_energyvar { 205.9762025346585   } 
   potential_energy { -31.01261831223244   } 
   potential_energyvar { 340.8933091894779   } 
   nonlocal_energy { -0.2252261053516471   } 
   nonlocal_energyvar { 105.5725188519703   } 
   autocorr_energy { } 
} 

block { 
   label dmc
   totweight 348160
   nautocorr 0
   total_energy { -15.90852024690056   } 
   total_energyvar { 0.3467011799964641   } 
   weight { 0.9974145987426004   } 
   weightvar { 0.1075831853684526   } 
   kinetic_energy { 15.28121370993717   } 
   kinetic_energyvar { 204.3713966741942   } 
   potential_energy { -30.98549446248495   } 
   potential_energyvar { 340.2975822463141   } 
   nonlocal_energy { -0.2042394943527761   } 
   nonlocal_energyvar { 106.5504268454369   } 
   autocorr_energy { } 
} 

block { 
   label dmc
   totweight 348160
   nautocorr 0
   total_energy { -15.90975756475324   } 
   total_energyvar { 0.3199684626005264   } 
   weight { 0.9980010253783046   } 
   weightvar { 0.1076295502337489   } 
   kinetic_energy { 15.21454623978323   } 
   kinetic_energyvar { 204.6138525668276   } 
   potential_energy { -30.87457768785054   } 
   potential_energyvar { 341.5229542052082   } 
   nonlocal_energy { -0.249726116685919   } 
   nonlocal_energyvar { 109.3221870623201   } 
   autocorr_energy { } 
} 

block { 
   label dmc
   totweight 348160
   nautocorr 0
   total_energy { -15.91133111951767   } 
   total_energyvar { 0.3495087444066037   } 
   weight { 0.9983567347621654   } 
   weightvar { 0.1080199565800995   } 
   kinetic_energy { 15.33754847705861   } 
   kinetic_energyvar { 206.7867406161062   } 
   potential_energy { -31.01804594230203   } 
   potential_energyvar { 334.353798029969   } 
   nonlocal_energy { -0.2308336542742535   } 
   nonlocal_energyvar { 97.37587675564491   } 
   autocorr_energy { } 
} 

block { 
   label dmc
   totweight 348160
   nautocorr 0
   total_energy { -15.90545415731954   } 
   total_energyvar { 0.3334992810753015   } 
   weight { 0.9967701876603007   } 
   weightvar { 0.1082095533195364   } 
   kinetic_energy { 15.34239132632501   } 
   kinetic_energyvar { 206.3724200745739   } 
   potential_energy { -30.98227111070705   } 
   potential_energyvar { 313.3960287163596   } 
   nonlocal_energy { -0.2655743729374912   } 
   nonlocal_energyvar { 80.18210851286162   } 
   autocorr_energy { } 
} 

block { 
   label dmc
   totweight 348160
   nautocorr 0
   total_energy { -15.90805806458946   } 
   total_energyvar { 0.3370481755345472   } 
   weight { 0.9961648471518765   } 
   weightvar { 0.1080049103558452   } 
   kinetic_energy { 15.33232365986183   } 
   kinetic_energyvar { 205.1864069007714   } 
   potential_energy { -31.0056810710753   } 
   potential_energyvar { 327.2939041270156   } 
   nonlocal_energy { -0.2347006533759858   } 
   nonlocal_energyvar { 93.77544974547776   } 
   autocorr_energy { } 
} 

block { 
   label dmc
   totweight 348160
   nautocorr 0
   total_energy { -15.91015239077484   } 
   total_energyvar { 0.3393673674263086   } 
   weight { 0.9968838040929783   } 
   weightvar { 0.1090135991799444   } 
   kinetic_energy { 15.38201710330599   } 
   kinetic_energyvar { 206.7619086424786   } 
   potential_energy { -31.07198385531371   } 
   potential_energyvar { 346.3282751224343   } 
   nonlocal_energy { -0.2201856387671156   } 
   nonlocal_energyvar { 109.9715400412691   } 
   autocorr_energy { } 
} 

block { 
   label dmc
   totweight 348160
   nautocorr 0
   total_energy { -15.90850516540545   } 
   total_energyvar { 0.3445684686852343   } 
   weight { 0.9974954483974289   } 
   weightvar { 0.1093081914234331   } 
   kinetic_energy { 15.27177596392041   } 
   kinetic_energyvar { 206.4343218676231   } 
   potential_energy { -30.92041558639391   } 
   potential_energyvar { 350.4663054803931   } 
   nonlocal_energy { -0.2598655429319582   } 
   nonlocal_energyvar { 115.9828250419522   } 
   autocorr_energy { } 
} 

block { 
   label dmc
   totweight 348160
   nautocorr 0
   total_energy { -15.90876109934968   } 
   total_energyvar { 0.3274798816546454   } 
   weight { 0.9978130686785993   } 
   weightvar { 0.1069955412094465   } 
   kinetic_energy { 15.32035354850679   } 
   kinetic_energyvar { 206.5474088497684   } 
   potential_energy { -30.95094644149976   } 
   potential_energyvar { 315.6484922508394   } 
   nonlocal_energy { -0.2781682063567212   } 
   nonlocal_energyvar { 83.62472745990655   } 
   autocorr_energy { } 
} 

block { 
   label dmc
   totweight 348160
   nautocorr 0
   total_energy { -15.90683907042373   } 
   total_energyvar { 0.3340388760344866   } 
   weight { 0.9962545320978575   } 
   weightvar { 0.1064320455885435   } 
   kinetic_energy { 15.27566529860018   } 
   kinetic_energyvar { 206.1929244528901   } 
   potential_energy { -30.97359791901774   } 
   potential_energyvar { 332.4077538453328   } 
   nonlocal_energy { -0.2089064500061726   } 
   nonlocal_energyvar { 97.02983633072135   } 
   autocorr_energy { } 
} 

block { 
   label dmc
   totweight 348160
   nautocorr 0
   total_energy { -15.90753965002937   } 
   total_energyvar { 0.3333208777043763   } 
   weight { 0.996538679837616   } 
   weightvar { 0.1078584212916353   } 
   kinetic_energy { 15.47319945194117   } 
   kinetic_energyvar { 208.5613813959481   } 
   potential_energy { -31.14155837859609   } 
   potential_energyvar { 337.5408979251651   } 
   nonlocal_energy { -0.2391807233744574   } 
   nonlocal_energyvar { 100.6373892642908   } 
   autocorr_energy { } 
} 

block { 
   label dmc
   totweight 348160
   nautocorr 0
   total_energy { -15.9084678133528   } 
   total_energyvar { 0.3363805736426333   } 
   weight { 0.9961986086215433   } 
   weightvar { 0.1076117326271277   } 
   kinetic_energy { 15.2886058189761   } 
   kinetic_energyvar { 205.6905033571979   } 
   potential_energy { -30.9449912826486   } 
   potential_energyvar { 323.3020265714114   } 
   nonlocal_energy { -0.2520823496802955   } 
   nonlocal_energyvar { 89.2656375498991   } 
   autocorr_energy { } 
} 

block { 
   label dmc
   totweight 348160
   nautocorr 0
   total_energy { -15.90755668107863   } 
   total_energyvar { 0.3190699979561637   } 
   weight { 0.997129766816076   } 
   weightvar { 0.1087535836880095   } 
   kinetic_energy { 15.34231759241257   } 
   kinetic_energyvar { 207.038332692189   } 
   potential_energy { -31.02807414902345   } 
   potential_energyvar { 324.1310986490436   } 
   nonlocal_energy { -0.2218001244677513   } 
   nonlocal_energyvar { 88.83946098067135   } 
   autocorr_energy { } 
} 

block { 
   label dmc
   totweight 348160
   nautocorr 0
   total_energy { -15.90559781801225   } 
   total_energyvar { 0.3298247527825124   } 
   weight { 0.9960014087037016   } 
   weightvar { 0.1091799571858167   } 
   kinetic_energy { 15.28322085064674   } 
   kinetic_energyvar { 206.6589723566621   } 
   potential_energy { -30.96237077679471   } 
   potential_energyvar { 330.9683774837042   } 
   nonlocal_energy { -0.2264478918642775   } 
   nonlocal_energyvar { 94.97838540741097   } 
   autocorr_energy { } 
} 

block { 
   label dmc
   totweight 348160
   nautocorr 0
   total_energy { -15.90957980875248   } 
   total_energyvar { 0.5770434083471107   } 
   weight { 0.9959425153517667   } 
   weightvar { 0.1098947234033908   } 
   kinetic_energy { 15.38712748625397   } 
   kinetic_energyvar { 207.1875687655138   } 
   potential_energy { -31.09297933423026   } 
   potential_energyvar { 409.8072386034112   } 
   nonlocal_energy { -0.2037279607761849   } 
   nonlocal_energyvar { 169.6342297181371   } 
   autocorr_energy { } 
} 

block { 
   label dmc
   totweight 348160
   nautocorr 0
   total_energy { -15.90897382535249   } 
   total_energyvar { 0.4793028834943869   } 
   weight { 0.9962177445716394   } 
   weightvar { 0.1085917888657167   } 
   kinetic_energy { 15.44176770456158   } 
   kinetic_energyvar { 209.0613615981086   } 
   potential_energy { -31.16775497556272   } 
   potential_energyvar { 392.4893256562616   } 
   nonlocal_energy { -0.1829865543513526   } 
   nonlocal_energyvar { 149.0888144337187   } 
   autocorr_energy { } 
} 

block { 
   label dmc
   totweight 348160
   nautocorr 0
   total_energy { -15.90711162337434   } 
   total_energyvar { 0.3331301178531917   } 
   weight { 0.9963609221903985   } 
   weightvar { 0.1084913034418888   } 
   kinetic_energy { 15.2824510283491   } 
   kinetic_energyvar { 205.6632667275547   } 
   potential_energy { -30.93276477650018   } 
   potential_energyvar { 330.3871904705391   } 
   nonlocal_energy { -0.2567978752232552   } 
   nonlocal_energyvar { 96.90430018746626   } 
   autocorr_energy { } 
} 

block { 
   label dmc
   totweight 348160
   nautocorr 0
   total_energy { -15.91064482355123   } 
   total_energyvar { 0.3315404295438073   } 
   weight { 0.9979347113136856   } 
   weightvar { 0.1073086090337227   } 
   kinetic_energy { 15.39188621144427   } 
   kinetic_energyvar { 207.000020207336   } 
   potential_energy { -31.12846086485538   } 
   potential_energyvar { 329.1870805309369   } 
   nonlocal_energy { -0.174070170140117   } 
   nonlocal_energyvar { 92.41861036322391   } 
   autocorr_energy { } 
} 

block { 
   label dmc
   totweight 348160
   nautocorr 0
   total_energy { -15.90607869509826   } 
   total_energyvar { 0.3523427987911338   } 
   weight { 0.9964224755862897   } 
   weightvar { 0.1067029898456683   } 
   kinetic_energy { 15.35052715583356   } 
   kinetic_energyvar { 207.3594451602667   } 
   potential_energy { -31.09122703102994   } 
   potential_energyvar { 358.3621355817558   } 
   nonlocal_energy { -0.1653788199018748   } 
   nonlocal_energyvar { 116.6017830581547   } 
   autocorr_energy { } 
} 

block { 
   label dmc
   totweight 348160
   nautocorr 0
   total_energy { -15.90788578543401   } 
   total_energyvar { 0.3650454022349529   } 
   weight { 0.996050285271902   } 
   weightvar { 0.1064822006116015   } 
   kinetic_energy { 15.29333868139386   } 
   kinetic_energyvar { 206.4846719691549   } 
   potential_energy { -30.8765334719759   } 
   potential_energyvar { 330.7893073015455   } 
   nonlocal_energy { -0.3246909948519598   } 
   nonlocal_energyvar { 101.0161301299501   } 
   autocorr_energy { } 
} 

block { 
   label dmc
   totweight 348160
   nautocorr 0
   total_energy { -15.90639838144566   } 
   total_energyvar { 0.3461485172279477   } 
   weight { 0.9961258562799415   } 
   weightvar { 0.1072348723957048   } 
   kinetic_energy { 15.27456234783319   } 
   kinetic_energyvar { 206.1583933924821   } 
   potential_energy { -30.98077361149932   } 
   potential_energyvar { 328.8714047370163   } 
   nonlocal_energy { -0.200187117779537   } 
   nonlocal_energyvar { 91.57084428751955   } 
   autocorr_energy { } 
} 

block { 
   label dmc
   totweight 348160
   nautocorr 0
   total_energy { -15.9058750133805   } 
   total_energyvar { 0.3192865477075456   } 
   weight { 0.9954024767785781   } 
   weightvar { 0.1068524257042303   } 
   kinetic_energy { 15.329845229108   } 
   kinetic_energyvar { 205.838060990106   } 
   potential_energy { -30.95367939893981   } 
   potential_energyvar { 304.0792740429768   } 
   nonlocal_energy { -0.2820408435486853   } 
   nonlocal_energyvar { 72.95058348785507   } 
   autocorr_energy { } 
} 

block { 
   label dmc
   totweight 348160
   nautocorr 0
   total_energy { -15.90953103673812   } 
   total_energyvar { 0.3423738698699479   } 
   weight { 0.9958015012386893   } 
   weightvar { 0.1059521497789783   } 
   kinetic_energy { 15.31772776789626   } 
   kinetic_energyvar { 205.8861917723341   } 
   potential_energy { -31.03181092420695   } 
   potential_energyvar { 342.4761048015018   } 
   nonlocal_energy { -0.195447880427424   } 
   nonlocal_energyvar { 105.7116904873561   } 
   autocorr_energy { } 
} 

block { 
   label dmc
   totweight 348160
   nautocorr 0
   total_energy { -15.90738874345211   } 
   total_energyvar { 0.3457745571870076   } 
   weight { 0.9954613279254869   } 
   weightvar { 0.1054138632323283   } 
   kinetic_energy { 15.39234695765483   } 
   kinetic_energyvar { 207.1639870203608   } 
   potential_energy { -31.10097970520165   } 
   potential_energyvar { 355.250857128969   } 
   nonlocal_energy { -0.1987559959052931   } 
   nonlocal_energyvar { 117.1621191217182   } 
   autocorr_energy { } 
} 

