#-------------------------------------------------
#DMC run: timestep 0.0035
#-------------------------------------------------


init { 
   label dmc
}
block { 
   label dmc
   totweight 4978688
   nautocorr 0
   total_energy { -15.89030718339033   } 
   total_energyvar { 0.3318158817418628   } 
   weight { 1.05137857221176   } 
   weightvar { 0.01948578918924213   } 
   kinetic_energy { 13.68062039996041   } 
   kinetic_energyvar { 200.4264275779487   } 
   potential_energy { -29.42120859479236   } 
   potential_energyvar { 315.1772743199713   } 
   nonlocal_energy { -0.1497189885583792   } 
   nonlocal_energyvar { 88.19801138338347   } 
   autocorr_energy { } 
} 

block { 
   label dmc
   totweight 4978688
   nautocorr 0
   total_energy { -15.90035104365694   } 
   total_energyvar { 0.3789258734361868   } 
   weight { 1.060556528960058   } 
   weightvar { 0.05684835138672732   } 
   kinetic_energy { 15.37001226756129   } 
   kinetic_energyvar { 207.1723163591558   } 
   potential_energy { -31.10556663444169   } 
   potential_energyvar { 349.4869828582834   } 
   nonlocal_energy { -0.1647966767765394   } 
   nonlocal_energyvar { 111.568606386758   } 
   autocorr_energy { } 
} 

block { 
   label dmc
   totweight 4978688
   nautocorr 0
   total_energy { -15.9032617652269   } 
   total_energyvar { 0.563178910249664   } 
   weight { 1.02450388577996   } 
   weightvar { 0.07684477876462849   } 
   kinetic_energy { 15.32484503951621   } 
   kinetic_energyvar { 206.9996683403112   } 
   potential_energy { -31.05409652298073   } 
   potential_energyvar { 379.7987196371757   } 
   nonlocal_energy { -0.1740102817623773   } 
   nonlocal_energyvar { 143.2946953924122   } 
   autocorr_energy { } 
} 

block { 
   label dmc
   totweight 4978688
   nautocorr 0
   total_energy { -15.90187244347547   } 
   total_energyvar { 0.341470164897982   } 
   weight { 1.010618402007323   } 
   weightvar { 0.08661411107895729   } 
   kinetic_energy { 15.39387762024643   } 
   kinetic_energyvar { 206.1690310163317   } 
   potential_energy { -31.11869562625637   } 
   potential_energyvar { 337.884485843998   } 
   nonlocal_energy { -0.1770544374655242   } 
   nonlocal_energyvar { 102.0970247440734   } 
   autocorr_energy { } 
} 

block { 
   label dmc
   totweight 4978688
   nautocorr 0
   total_energy { -15.90252326400973   } 
   total_energyvar { 0.352913997438173   } 
   weight { 1.003340517728847   } 
   weightvar { 0.09224219198351515   } 
   kinetic_energy { 15.3672444678224   } 
   kinetic_energyvar { 207.6016035487401   } 
   potential_energy { -31.09414740203329   } 
   potential_energyvar { 341.629796205118   } 
   nonlocal_energy { -0.17562032979884   } 
   nonlocal_energyvar { 103.8405012898325   } 
   autocorr_energy { } 
} 

block { 
   label dmc
   totweight 4978688
   nautocorr 0
   total_energy { -15.90060298844429   } 
   total_energyvar { 0.3826670019347062   } 
   weight { 1.000687875648878   } 
   weightvar { 0.09437415041975915   } 
   kinetic_energy { 15.38791030565622   } 
   kinetic_energyvar { 206.6446651051653   } 
   potential_energy { -31.1195465954244   } 
   potential_energyvar { 350.9189460083185   } 
   nonlocal_energy { -0.1689666986761132   } 
   nonlocal_energyvar { 114.1548248520634   } 
   autocorr_energy { } 
} 

block { 
   label dmc
   totweight 4978688
   nautocorr 0
   total_energy { -15.90035518117069   } 
   total_energyvar { 0.379276311694428   } 
   weight { 0.9971697136736378   } 
   weightvar { 0.09592435820855608   } 
   kinetic_energy { 15.38428345515477   } 
   kinetic_energyvar { 207.6915621044856   } 
   potential_energy { -31.12407362586223   } 
   potential_energyvar { 350.78380172754   } 
   nonlocal_energy { -0.1605650104632239   } 
   nonlocal_energyvar { 111.9790916406716   } 
   autocorr_energy { } 
} 

block { 
   label dmc
   totweight 4978688
   nautocorr 0
   total_energy { -15.89968014815878   } 
   total_energyvar { 0.3473061945021338   } 
   weight { 0.9955615362493911   } 
   weightvar { 0.09713598592259165   } 
   kinetic_energy { 15.41201565022497   } 
   kinetic_energyvar { 206.6608104248712   } 
   potential_energy { -31.13710148443847   } 
   potential_energyvar { 341.2369775229085   } 
   nonlocal_energy { -0.1745943139452834   } 
   nonlocal_energyvar { 104.6099089505335   } 
   autocorr_energy { } 
} 

block { 
   label dmc
   totweight 4978688
   nautocorr 0
   total_energy { -15.90262221040996   } 
   total_energyvar { 0.355005472353185   } 
   weight { 0.9959716126119023   } 
   weightvar { 0.09700115491823759   } 
   kinetic_energy { 15.38144223731586   } 
   kinetic_energyvar { 207.2535020585761   } 
   potential_energy { -31.11342553678706   } 
   potential_energyvar { 343.4117601833098   } 
   nonlocal_energy { -0.1706389109387612   } 
   nonlocal_energyvar { 105.7565932749074   } 
   autocorr_energy { } 
} 

block { 
   label dmc
   totweight 4978688
   nautocorr 0
   total_energy { -15.90097524996835   } 
   total_energyvar { 0.3611293627076676   } 
   weight { 0.9967475018453223   } 
   weightvar { 0.0973976346881   } 
   kinetic_energy { 15.34094987721792   } 
   kinetic_energyvar { 205.8997096787066   } 
   potential_energy { -31.05936335115302   } 
   potential_energyvar { 341.5300012870663   } 
   nonlocal_energy { -0.1825617760332517   } 
   nonlocal_energyvar { 106.3297415314553   } 
   autocorr_energy { } 
} 

block { 
   label dmc
   totweight 4978688
   nautocorr 0
   total_energy { -15.89971734598813   } 
   total_energyvar { 0.3467317528492664   } 
   weight { 0.9954537591581352   } 
   weightvar { 0.09874085078967491   } 
   kinetic_energy { 15.44756843614479   } 
   kinetic_energyvar { 206.8632696359161   } 
   potential_energy { -31.17107200604018   } 
   potential_energyvar { 338.6105183732692   } 
   nonlocal_energy { -0.1762137760927394   } 
   nonlocal_energyvar { 102.2039897098419   } 
   autocorr_energy { } 
} 

block { 
   label dmc
   totweight 4978688
   nautocorr 0
   total_energy { -15.90372802842194   } 
   total_energyvar { 0.344070148814423   } 
   weight { 0.9962562821245619   } 
   weightvar { 0.09779002185733064   } 
   kinetic_energy { 15.39829955891097   } 
   kinetic_energyvar { 206.8123407899397   } 
   potential_energy { -31.12566124181706   } 
   potential_energyvar { 335.9104843071481   } 
   nonlocal_energy { -0.1763663455158505   } 
   nonlocal_energyvar { 99.49539860402071   } 
   autocorr_energy { } 
} 

block { 
   label dmc
   totweight 4978688
   nautocorr 0
   total_energy { -15.90399940478058   } 
   total_energyvar { 0.3546675000322424   } 
   weight { 0.9983622787005165   } 
   weightvar { 0.09812526431408089   } 
   kinetic_energy { 15.42138008930593   } 
   kinetic_energyvar { 207.1179206006608   } 
   potential_energy { -31.14910051955543   } 
   potential_energyvar { 338.8640715831734   } 
   nonlocal_energy { -0.1762789745310844   } 
   nonlocal_energyvar { 102.0060826368608   } 
   autocorr_energy { } 
} 

block { 
   label dmc
   totweight 4978688
   nautocorr 0
   total_energy { -15.90055962786981   } 
   total_energyvar { 0.3560793608152072   } 
   weight { 0.997648008802275   } 
   weightvar { 0.09728537395170304   } 
   kinetic_energy { 15.43050633884704   } 
   kinetic_energyvar { 206.3740834401673   } 
   potential_energy { -31.16284146774873   } 
   potential_energyvar { 340.8382111200207   } 
   nonlocal_energy { -0.1682244989681235   } 
   nonlocal_energyvar { 104.5972506871517   } 
   autocorr_energy { } 
} 

block { 
   label dmc
   totweight 4978688
   nautocorr 0
   total_energy { -15.89999493575449   } 
   total_energyvar { 0.3540360800487478   } 
   weight { 0.9950473253055009   } 
   weightvar { 0.09637157432262487   } 
   kinetic_energy { 15.39137385984158   } 
   kinetic_energyvar { 207.0813676770427   } 
   potential_energy { -31.1126327134917   } 
   potential_energyvar { 340.0904784093386   } 
   nonlocal_energy { -0.1787360821043677   } 
   nonlocal_energyvar { 103.3253815946607   } 
   autocorr_energy { } 
} 

block { 
   label dmc
   totweight 4978688
   nautocorr 0
   total_energy { -15.90087908986902   } 
   total_energyvar { 0.3613150993284562   } 
   weight { 0.9954500920969841   } 
   weightvar { 0.09713600815061239   } 
   kinetic_energy { 15.39071194926006   } 
   kinetic_energyvar { 206.4638836330228   } 
   potential_energy { -31.11868242443819   } 
   potential_energyvar { 345.6921264740574   } 
   nonlocal_energy { -0.172908614690883   } 
   nonlocal_energyvar { 109.3635516271839   } 
   autocorr_energy { } 
} 

block { 
   label dmc
   totweight 4978688
   nautocorr 0
   total_energy { -15.90034715520071   } 
   total_energyvar { 0.4252485018005036   } 
   weight { 0.9954611356323748   } 
   weightvar { 0.09665358959394842   } 
   kinetic_energy { 15.34420451348754   } 
   kinetic_energyvar { 206.3436126705822   } 
   potential_energy { -31.06668635225878   } 
   potential_energyvar { 357.1096653639341   } 
   nonlocal_energy { -0.1778653164294645   } 
   nonlocal_energyvar { 121.2006156779963   } 
   autocorr_energy { } 
} 

block { 
   label dmc
   totweight 4978688
   nautocorr 0
   total_energy { -15.90303470795524   } 
   total_energyvar { 0.3399998601197024   } 
   weight { 0.9960523007060231   } 
   weightvar { 0.09562461236632862   } 
   kinetic_energy { 15.36798253837113   } 
   kinetic_energyvar { 206.1213710959398   } 
   potential_energy { -31.08897996310492   } 
   potential_energyvar { 333.3898332167521   } 
   nonlocal_energy { -0.1820372832214521   } 
   nonlocal_energyvar { 98.08303212856599   } 
   autocorr_energy { } 
} 

block { 
   label dmc
   totweight 4978688
   nautocorr 0
   total_energy { -15.90537236265043   } 
   total_energyvar { 0.3445871522461113   } 
   weight { 0.9986793858462357   } 
   weightvar { 0.09767852526724265   } 
   kinetic_energy { 15.37873955878167   } 
   kinetic_energyvar { 205.846152592387   } 
   potential_energy { -31.10254522856222   } 
   potential_energyvar { 334.9555693341603   } 
   nonlocal_energy { -0.1815666928698798   } 
   nonlocal_energyvar { 99.96473363216033   } 
   autocorr_energy { } 
} 

block { 
   label dmc
   totweight 4978688
   nautocorr 0
   total_energy { -15.90048376405936   } 
   total_energyvar { 0.5398812729983975   } 
   weight { 0.9970913298542885   } 
   weightvar { 0.09715865297232247   } 
   kinetic_energy { 15.39454848881929   } 
   kinetic_energyvar { 207.0537522066267   } 
   potential_energy { -31.13114425286404   } 
   potential_energyvar { 381.8518416257551   } 
   nonlocal_energy { -0.1638880000146113   } 
   nonlocal_energyvar { 144.0385170088237   } 
   autocorr_energy { } 
} 

block { 
   label dmc
   totweight 4978688
   nautocorr 0
   total_energy { -15.90051415603713   } 
   total_energyvar { 0.3387091910347751   } 
   weight { 0.9961223209509085   } 
   weightvar { 0.09679757919906912   } 
   kinetic_energy { 15.35838420764947   } 
   kinetic_energyvar { 206.3200664830234   } 
   potential_energy { -31.0835040080858   } 
   potential_energyvar { 334.2398060770361   } 
   nonlocal_energy { -0.1753943556007902   } 
   nonlocal_energyvar { 98.34206285533243   } 
   autocorr_energy { } 
} 

block { 
   label dmc
   totweight 4978688
   nautocorr 0
   total_energy { -15.90133558384989   } 
   total_energyvar { 0.3483247138697524   } 
   weight { 0.9957371701135467   } 
   weightvar { 0.09702108196810687   } 
   kinetic_energy { 15.36775485048121   } 
   kinetic_energyvar { 206.5133807944313   } 
   potential_energy { -31.08754580143388   } 
   potential_energyvar { 335.3537890226145   } 
   nonlocal_energy { -0.1815446328972208   } 
   nonlocal_energyvar { 99.50128535462207   } 
   autocorr_energy { } 
} 

block { 
   label dmc
   totweight 4978688
   nautocorr 0
   total_energy { -15.90157009974818   } 
   total_energyvar { 0.34344676010659   } 
   weight { 0.9957987193833843   } 
   weightvar { 0.0970550560526343   } 
   kinetic_energy { 15.35095002020379   } 
   kinetic_energyvar { 206.7046913475356   } 
   potential_energy { -31.0821681803704   } 
   potential_energyvar { 339.1209293804771   } 
   nonlocal_energy { -0.1703519395815692   } 
   nonlocal_energyvar { 102.5832044244102   } 
   autocorr_energy { } 
} 

block { 
   label dmc
   totweight 4978688
   nautocorr 0
   total_energy { -15.9052240784021   } 
   total_energyvar { 0.3807400220223432   } 
   weight { 0.9976477466958746   } 
   weightvar { 0.09784448081465505   } 
   kinetic_energy { 15.35105181658378   } 
   kinetic_energyvar { 206.6140085055583   } 
   potential_energy { -31.09084127816936   } 
   potential_energyvar { 349.7681568165237   } 
   nonlocal_energy { -0.1654346168165134   } 
   nonlocal_energyvar { 112.7149718733822   } 
   autocorr_energy { } 
} 

block { 
   label dmc
   totweight 4978688
   nautocorr 0
   total_energy { -15.90389379377352   } 
   total_energyvar { 0.3766299715321957   } 
   weight { 0.9986370861018603   } 
   weightvar { 0.09732852095178465   } 
   kinetic_energy { 15.36063085557872   } 
   kinetic_energyvar { 206.9671169083001   } 
   potential_energy { -31.09547871974745   } 
   potential_energyvar { 346.5936746415428   } 
   nonlocal_energy { -0.1690459296047851   } 
   nonlocal_energyvar { 109.5619464741443   } 
   autocorr_energy { } 
} 

block { 
   label dmc
   totweight 4978688
   nautocorr 0
   total_energy { -15.9019419815147   } 
   total_energyvar { 0.3412598945853041   } 
   weight { 0.9975019908282496   } 
   weightvar { 0.09647492591745226   } 
   kinetic_energy { 15.38514976772215   } 
   kinetic_energyvar { 207.3290513919765   } 
   potential_energy { -31.1184088918474   } 
   potential_energyvar { 337.0163847640702   } 
   nonlocal_energy { -0.1686828573894534   } 
   nonlocal_energyvar { 99.6810821341402   } 
   autocorr_energy { } 
} 

block { 
   label dmc
   totweight 4978688
   nautocorr 0
   total_energy { -15.90121257962858   } 
   total_energyvar { 0.3837474346037784   } 
   weight { 0.9965325697995271   } 
   weightvar { 0.09698510124876215   } 
   kinetic_energy { 15.41393424062216   } 
   kinetic_energyvar { 206.5342324224322   } 
   potential_energy { -31.1361957692115   } 
   potential_energyvar { 348.3681357670835   } 
   nonlocal_energy { -0.1789510510392346   } 
   nonlocal_energyvar { 112.1718711299323   } 
   autocorr_energy { } 
} 

block { 
   label dmc
   totweight 4978688
   nautocorr 0
   total_energy { -15.90187210147136   } 
   total_energyvar { 0.3628576084833744   } 
   weight { 0.9962163401769925   } 
   weightvar { 0.097293741167522   } 
   kinetic_energy { 15.41659728334384   } 
   kinetic_energyvar { 206.8643224973432   } 
   potential_energy { -31.13448723846865   } 
   potential_energyvar { 341.4258935162999   } 
   nonlocal_energy { -0.1839821463465588   } 
   nonlocal_energyvar { 105.1104892976284   } 
   autocorr_energy { } 
} 

block { 
   label dmc
   totweight 4978688
   nautocorr 0
   total_energy { -15.90184477024118   } 
   total_energyvar { 0.4530820253931395   } 
   weight { 0.9959986732254128   } 
   weightvar { 0.09740368317643776   } 
   kinetic_energy { 15.36012474623969   } 
   kinetic_energyvar { 207.3023433335761   } 
   potential_energy { -31.09117154701497   } 
   potential_energyvar { 360.4189761191575   } 
   nonlocal_energy { -0.1707979694659016   } 
   nonlocal_energyvar { 122.987584497195   } 
   autocorr_energy { } 
} 

block { 
   label dmc
   totweight 4978688
   nautocorr 0
   total_energy { -15.89954348734   } 
   total_energyvar { 1.82983602431995   } 
   weight { 0.9955096907259209   } 
   weightvar { 0.09721924534181386   } 
   kinetic_energy { 15.32746655247024   } 
   kinetic_energyvar { 207.7251109864138   } 
   potential_energy { -31.04997123139421   } 
   potential_energyvar { 603.6616689892682   } 
   nonlocal_energy { -0.1770388084160263   } 
   nonlocal_energyvar { 366.8205864406522   } 
   autocorr_energy { } 
} 

block { 
   label dmc
   totweight 4978688
   nautocorr 0
   total_energy { -15.89861663233299   } 
   total_energyvar { 0.3422094283757312   } 
   weight { 0.9941627576726246   } 
   weightvar { 0.09670334409317499   } 
   kinetic_energy { 15.37341679188128   } 
   kinetic_energyvar { 206.720427262466   } 
   potential_energy { -31.10028376879843   } 
   potential_energyvar { 341.1219957753984   } 
   nonlocal_energy { -0.1717496554158337   } 
   nonlocal_energyvar { 104.0263477884283   } 
   autocorr_energy { } 
} 

block { 
   label dmc
   totweight 4978688
   nautocorr 0
   total_energy { -15.89812202973196   } 
   total_energyvar { 0.3642899939112005   } 
   weight { 0.9934271907263036   } 
   weightvar { 0.09604978173167195   } 
   kinetic_energy { 15.42333699421636   } 
   kinetic_energyvar { 206.8715174533071   } 
   potential_energy { -31.14298100495389   } 
   potential_energyvar { 339.1735199617107   } 
   nonlocal_energy { -0.1784780189944374   } 
   nonlocal_energyvar { 102.9149318927966   } 
   autocorr_energy { } 
} 

block { 
   label dmc
   totweight 4978688
   nautocorr 0
   total_energy { -15.89831761420127   } 
   total_energyvar { 0.3447604169031217   } 
   weight { 0.9931019986511795   } 
   weightvar { 0.09686407802803892   } 
   kinetic_energy { 15.45374983459381   } 
   kinetic_energyvar { 207.315526465567   } 
   potential_energy { -31.18207146850675   } 
   potential_energyvar { 338.6584982764728   } 
   nonlocal_energy { -0.1699959802883352   } 
   nonlocal_energyvar { 101.0689109078567   } 
   autocorr_energy { } 
} 

block { 
   label dmc
   totweight 4978688
   nautocorr 0
   total_energy { -15.90192270495929   } 
   total_energyvar { 0.345754966433415   } 
   weight { 0.994483707408196   } 
   weightvar { 0.09704256307995716   } 
   kinetic_energy { 15.44080103636822   } 
   kinetic_energyvar { 207.1518965164825   } 
   potential_energy { -31.1704515547412   } 
   potential_energyvar { 339.944031092689   } 
   nonlocal_energy { -0.1722721865863053   } 
   nonlocal_energyvar { 102.7001942457014   } 
   autocorr_energy { } 
} 

block { 
   label dmc
   totweight 4978688
   nautocorr 0
   total_energy { -15.90089112304935   } 
   total_energyvar { 0.3571226579822986   } 
   weight { 0.9955534841220658   } 
   weightvar { 0.09762614028164002   } 
   kinetic_energy { 15.39607372529209   } 
   kinetic_energyvar { 207.2490870033915   } 
   potential_energy { -31.12702576197923   } 
   potential_energyvar { 346.5446683937579   } 
   nonlocal_energy { -0.1699390863622113   } 
   nonlocal_energyvar { 109.0219796433311   } 
   autocorr_energy { } 
} 

block { 
   label dmc
   totweight 4978688
   nautocorr 0
   total_energy { -15.90163318553718   } 
   total_energyvar { 0.3567535407096931   } 
   weight { 0.996168204479707   } 
   weightvar { 0.0984368776358427   } 
   kinetic_energy { 15.40444130700968   } 
   kinetic_energyvar { 207.346373385689   } 
   potential_energy { -31.13072588356557   } 
   potential_energyvar { 339.6374397397331   } 
   nonlocal_energy { -0.17534860898129   } 
   nonlocal_energyvar { 102.5831069229028   } 
   autocorr_energy { } 
} 

block { 
   label dmc
   totweight 4978688
   nautocorr 0
   total_energy { -15.90225947562945   } 
   total_energyvar { 0.3436529068438095   } 
   weight { 0.9965005339914274   } 
   weightvar { 0.09689018631080375   } 
   kinetic_energy { 15.33594377436806   } 
   kinetic_energyvar { 206.1403444112026   } 
   potential_energy { -31.06068149082294   } 
   potential_energyvar { 336.0716961996055   } 
   nonlocal_energy { -0.1775217591745713   } 
   nonlocal_energyvar { 100.4844347648511   } 
   autocorr_energy { } 
} 

block { 
   label dmc
   totweight 4978688
   nautocorr 0
   total_energy { -15.90219297801448   } 
   total_energyvar { 0.3414520314734544   } 
   weight { 0.9961933077558816   } 
   weightvar { 0.09795900927403217   } 
   kinetic_energy { 15.42171975853788   } 
   kinetic_energyvar { 207.1195310377017   } 
   potential_energy { -31.16343782276125   } 
   potential_energyvar { 340.2610063414049   } 
   nonlocal_energy { -0.1604749137911112   } 
   nonlocal_energyvar { 102.1790873001655   } 
   autocorr_energy { } 
} 

block { 
   label dmc
   totweight 4978688
   nautocorr 0
   total_energy { -15.90233545089934   } 
   total_energyvar { 0.345748762606769   } 
   weight { 0.9973154207572609   } 
   weightvar { 0.09795935706329606   } 
   kinetic_energy { 15.40363298071336   } 
   kinetic_energyvar { 206.9576192218962   } 
   potential_energy { -31.13270696411047   } 
   potential_energyvar { 337.8766173086593   } 
   nonlocal_energy { -0.1732614675022313   } 
   nonlocal_energyvar { 100.8104243473094   } 
   autocorr_energy { } 
} 

block { 
   label dmc
   totweight 4978688
   nautocorr 0
   total_energy { -15.90013276702518   } 
   total_energyvar { 0.3508203118472772   } 
   weight { 0.9958061472039995   } 
   weightvar { 0.09700967862177778   } 
   kinetic_energy { 15.39982993570403   } 
   kinetic_energyvar { 206.2946789941396   } 
   potential_energy { -31.12348939214681   } 
   potential_energyvar { 338.6413148454961   } 
   nonlocal_energy { -0.1764733105823992   } 
   nonlocal_energyvar { 102.957394849143   } 
   autocorr_energy { } 
} 

block { 
   label dmc
   totweight 4978688
   nautocorr 0
   total_energy { -15.90145472172983   } 
   total_energyvar { 0.3651465878349039   } 
   weight { 0.9961079427324133   } 
   weightvar { 0.09787509142694543   } 
   kinetic_energy { 15.36074341305905   } 
   kinetic_energyvar { 206.0394102098132   } 
   potential_energy { -31.09186493783755   } 
   potential_energyvar { 346.5904004043314   } 
   nonlocal_energy { -0.1703331969513286   } 
   nonlocal_energyvar { 110.5140598648715   } 
   autocorr_energy { } 
} 

block { 
   label dmc
   totweight 4978688
   nautocorr 0
   total_energy { -15.89972667767942   } 
   total_energyvar { 0.3609606708794812   } 
   weight { 0.9956856047811382   } 
   weightvar { 0.09780865179793302   } 
   kinetic_energy { 15.35972429745102   } 
   kinetic_energyvar { 206.9560616831562   } 
   potential_energy { -31.09575818767176   } 
   potential_energyvar { 342.3297067583708   } 
   nonlocal_energy { -0.1636927874586935   } 
   nonlocal_energyvar { 104.9466490094783   } 
   autocorr_energy { } 
} 

block { 
   label dmc
   totweight 4978688
   nautocorr 0
   total_energy { -15.8998074173503   } 
   total_energyvar { 0.361675567613679   } 
   weight { 0.9946192386229701   } 
   weightvar { 0.09921738315537895   } 
   kinetic_energy { 15.34944270405909   } 
   kinetic_energyvar { 206.8016197655867   } 
   potential_energy { -31.08171219237372   } 
   potential_energyvar { 343.5641636833469   } 
   nonlocal_energy { -0.1675379290356753   } 
   nonlocal_energyvar { 106.8424550267271   } 
   autocorr_energy { } 
} 

block { 
   label dmc
   totweight 4978688
   nautocorr 0
   total_energy { -15.90249375088571   } 
   total_energyvar { 0.337929996585787   } 
   weight { 0.9954739245607073   } 
   weightvar { 0.0987176553788011   } 
   kinetic_energy { 15.35474360036778   } 
   kinetic_energyvar { 206.4703295822565   } 
   potential_energy { -31.08013736068019   } 
   potential_energyvar { 334.3727824409316   } 
   nonlocal_energy { -0.1770999905733072   } 
   nonlocal_energyvar { 98.47038079576676   } 
   autocorr_energy { } 
} 

block { 
   label dmc
   totweight 4978688
   nautocorr 0
   total_energy { -15.90082734863304   } 
   total_energyvar { 0.3479395268826294   } 
   weight { 0.9959875761632228   } 
   weightvar { 0.0986330837757779   } 
   kinetic_energy { 15.39903834379561   } 
   kinetic_energyvar { 207.3455622955985   } 
   potential_energy { -31.13667821226432   } 
   potential_energyvar { 340.053831005494   } 
   nonlocal_energy { -0.1631874801643281   } 
   nonlocal_energyvar { 102.3040249149948   } 
   autocorr_energy { } 
} 

block { 
   label dmc
   totweight 4978688
   nautocorr 0
   total_energy { -15.90019292608827   } 
   total_energyvar { 0.3734384265039487   } 
   weight { 0.9961554154975432   } 
   weightvar { 0.09718655924872008   } 
   kinetic_energy { 15.3446337124286   } 
   kinetic_energyvar { 206.1947743954617   } 
   potential_energy { -31.07865106625857   } 
   potential_energyvar { 349.3419369697643   } 
   nonlocal_energy { -0.1661755722583042   } 
   nonlocal_energyvar { 112.8801187274356   } 
   autocorr_energy { } 
} 

block { 
   label dmc
   totweight 4978688
   nautocorr 0
   total_energy { -15.89868310265379   } 
   total_energyvar { 0.3830946949707865   } 
   weight { 0.9940851993112393   } 
   weightvar { 0.09827101682054064   } 
   kinetic_energy { 15.35527175184199   } 
   kinetic_energyvar { 207.2110771096446   } 
   potential_energy { -31.07822146855198   } 
   potential_energyvar { 346.5412358004098   } 
   nonlocal_energy { -0.1757333859438075   } 
   nonlocal_energyvar { 109.6231785901625   } 
   autocorr_energy { } 
} 

block { 
   label dmc
   totweight 4978688
   nautocorr 0
   total_energy { -15.90158411192713   } 
   total_energyvar { 0.6425782012506707   } 
   weight { 0.9949630788610777   } 
   weightvar { 0.09855096068133232   } 
   kinetic_energy { 15.38730361096484   } 
   kinetic_energyvar { 207.5696427749564   } 
   potential_energy { -31.1179955634396   } 
   potential_energyvar { 396.8695012911447   } 
   nonlocal_energy { -0.1708921594523765   } 
   nonlocal_energyvar { 159.2882741027885   } 
   autocorr_energy { } 
} 

block { 
   label dmc
   totweight 4978688
   nautocorr 0
   total_energy { -15.900803515954   } 
   total_energyvar { 0.3397857623788617   } 
   weight { 0.9961528036486048   } 
   weightvar { 0.09793046771154984   } 
   kinetic_energy { 15.3991178789762   } 
   kinetic_energyvar { 206.4424199375447   } 
   potential_energy { -31.12834195957862   } 
   potential_energyvar { 336.6094659151898   } 
   nonlocal_energy { -0.1715794353515904   } 
   nonlocal_energyvar { 100.2572461443708   } 
   autocorr_energy { } 
} 

block { 
   label dmc
   totweight 4978688
   nautocorr 0
   total_energy { -15.90157566252293   } 
   total_energyvar { 0.3965251803066059   } 
   weight { 0.9956205587792266   } 
   weightvar { 0.0983504101114948   } 
   kinetic_energy { 15.34139499463066   } 
   kinetic_energyvar { 205.8952371947451   } 
   potential_energy { -31.0657477775828   } 
   potential_energyvar { 351.7319636046865   } 
   nonlocal_energy { -0.1772228795708032   } 
   nonlocal_energyvar { 116.4218026345467   } 
   autocorr_energy { } 
} 

block { 
   label dmc
   totweight 4978688
   nautocorr 0
   total_energy { -15.904150804174   } 
   total_energyvar { 0.3610390389982152   } 
   weight { 0.9978811029463023   } 
   weightvar { 0.0984281886395138   } 
   kinetic_energy { 15.31272372479699   } 
   kinetic_energyvar { 206.4326259269448   } 
   potential_energy { -31.04944733590827   } 
   potential_energyvar { 344.2275769508846   } 
   nonlocal_energy { -0.1674271930627279   } 
   nonlocal_energyvar { 107.4829822320383   } 
   autocorr_energy { } 
} 

block { 
   label dmc
   totweight 4978688
   nautocorr 0
   total_energy { -15.90024446978215   } 
   total_energyvar { 0.3526837840075617   } 
   weight { 0.9968967073960129   } 
   weightvar { 0.09874647934718524   } 
   kinetic_energy { 15.29849477548237   } 
   kinetic_energyvar { 206.2021289234856   } 
   potential_energy { -31.02286621901342   } 
   potential_energyvar { 340.5400600184918   } 
   nonlocal_energy { -0.1758730262511066   } 
   nonlocal_energyvar { 104.7499403798932   } 
   autocorr_energy { } 
} 

block { 
   label dmc
   totweight 4978688
   nautocorr 0
   total_energy { -15.90089548675872   } 
   total_energyvar { 0.3432556602812542   } 
   weight { 0.995829311172746   } 
   weightvar { 0.09702410400050103   } 
   kinetic_energy { 15.38485348966835   } 
   kinetic_energyvar { 206.5264922166637   } 
   potential_energy { -31.11546004793729   } 
   potential_energyvar { 338.5378026528856   } 
   nonlocal_energy { -0.170288928489776   } 
   nonlocal_energyvar { 102.015929838402   } 
   autocorr_energy { } 
} 

block { 
   label dmc
   totweight 4978688
   nautocorr 0
   total_energy { -15.90363857265402   } 
   total_energyvar { 0.3405434796974763   } 
   weight { 0.997096279182843   } 
   weightvar { 0.09676017131822387   } 
   kinetic_energy { 15.28629945503521   } 
   kinetic_energyvar { 205.9568621688293   } 
   potential_energy { -31.01333645916741   } 
   potential_energyvar { 334.5122026141011   } 
   nonlocal_energy { -0.1766015685218175   } 
   nonlocal_energyvar { 99.36108120549294   } 
   autocorr_energy { } 
} 

block { 
   label dmc
   totweight 4978688
   nautocorr 0
   total_energy { -15.90184009223311   } 
   total_energyvar { 0.3659297656083766   } 
   weight { 0.9979131967301522   } 
   weightvar { 0.09894761858500414   } 
   kinetic_energy { 15.35060452892203   } 
   kinetic_energyvar { 205.7441491887099   } 
   potential_energy { -31.07293972817503   } 
   potential_energyvar { 339.6377771008993   } 
   nonlocal_energy { -0.1795048929801093   } 
   nonlocal_energyvar { 104.6885133972433   } 
   autocorr_energy { } 
} 

block { 
   label dmc
   totweight 4978688
   nautocorr 0
   total_energy { -15.90396861275752   } 
   total_energyvar { 0.3774329683598602   } 
   weight { 0.997286120057177   } 
   weightvar { 0.09788666741254527   } 
   kinetic_energy { 15.36588612921375   } 
   kinetic_energyvar { 206.5515906608306   } 
   potential_energy { -31.09573151811502   } 
   potential_energyvar { 346.9233363003021   } 
   nonlocal_energy { -0.1741232238562387   } 
   nonlocal_energyvar { 110.5408759742066   } 
   autocorr_energy { } 
} 

block { 
   label dmc
   totweight 4978688
   nautocorr 0
   total_energy { -15.90369588263755   } 
   total_energyvar { 0.3593055701217056   } 
   weight { 0.9984173229401599   } 
   weightvar { 0.09687750001328543   } 
   kinetic_energy { 15.38435930234914   } 
   kinetic_energyvar { 206.5919063340338   } 
   potential_energy { -31.12146558067228   } 
   potential_energyvar { 342.3675365733867   } 
   nonlocal_energy { -0.1665896043144192   } 
   nonlocal_energyvar { 105.7017711394584   } 
   autocorr_energy { } 
} 

block { 
   label dmc
   totweight 4978688
   nautocorr 0
   total_energy { -15.90298768473439   } 
   total_energyvar { 0.3434266652059644   } 
   weight { 0.997910947748875   } 
   weightvar { 0.09780547880936719   } 
   kinetic_energy { 15.36363286858765   } 
   kinetic_energyvar { 206.5915980688349   } 
   potential_energy { -31.09650242854877   } 
   potential_energyvar { 339.4725149111691   } 
   nonlocal_energy { -0.1701181247732652   } 
   nonlocal_energyvar { 102.8314926856264   } 
   autocorr_energy { } 
} 

block { 
   label dmc
   totweight 4978688
   nautocorr 0
   total_energy { -15.90102061045927   } 
   total_energyvar { 0.3604146658499484   } 
   weight { 0.9972797206152286   } 
   weightvar { 0.09678406971981329   } 
   kinetic_energy { 15.38374155529868   } 
   kinetic_energyvar { 206.1618517367752   } 
   potential_energy { -31.10828008968387   } 
   potential_energyvar { 340.708576939881   } 
   nonlocal_energy { -0.1764820760740744   } 
   nonlocal_energyvar { 104.7770609839299   } 
   autocorr_energy { } 
} 

block { 
   label dmc
   totweight 4978688
   nautocorr 0
   total_energy { -15.90401263644747   } 
   total_energyvar { 0.4038086764479282   } 
   weight { 0.9971128935555443   } 
   weightvar { 0.09714000582542497   } 
   kinetic_energy { 15.42446248329623   } 
   kinetic_energyvar { 206.6794650626976   } 
   potential_energy { -31.15311130322184   } 
   potential_energyvar { 354.1895703048324   } 
   nonlocal_energy { -0.1753638165218638   } 
   nonlocal_energyvar { 117.4131986409718   } 
   autocorr_energy { } 
} 

block { 
   label dmc
   totweight 4978688
   nautocorr 0
   total_energy { -15.90468980608679   } 
   total_energyvar { 0.3397867972277788   } 
   weight { 0.998453763711343   } 
   weightvar { 0.09664403479205926   } 
   kinetic_energy { 15.3804287424539   } 
   kinetic_energyvar { 206.6014875588835   } 
   potential_energy { -31.10260598402752   } 
   potential_energyvar { 334.0697986834319   } 
   nonlocal_energy { -0.1825125645131711   } 
   nonlocal_energyvar { 98.09225011490665   } 
   autocorr_energy { } 
} 

block { 
   label dmc
   totweight 4978688
   nautocorr 0
   total_energy { -15.90410920663867   } 
   total_energyvar { 0.3615744386176656   } 
   weight { 0.9987365519434112   } 
   weightvar { 0.0974179245970769   } 
   kinetic_energy { 15.38398883310292   } 
   kinetic_energyvar { 206.1713245041335   } 
   potential_energy { -31.11349261493348   } 
   potential_energyvar { 339.8049660684849   } 
   nonlocal_energy { -0.1746054248081089   } 
   nonlocal_energyvar { 103.9639634670198   } 
   autocorr_energy { } 
} 

block { 
   label dmc
   totweight 4978688
   nautocorr 0
   total_energy { -15.90218014486172   } 
   total_energyvar { 0.3765835158693823   } 
   weight { 0.9981106186705988   } 
   weightvar { 0.096451357936763   } 
   kinetic_energy { 15.35755785116607   } 
   kinetic_energyvar { 206.6335380427546   } 
   potential_energy { -31.09021753789927   } 
   potential_energyvar { 348.7874719388302   } 
   nonlocal_energy { -0.169520458128516   } 
   nonlocal_energyvar { 112.3146810527689   } 
   autocorr_energy { } 
} 

block { 
   label dmc
   totweight 4978688
   nautocorr 0
   total_energy { -15.90211160542526   } 
   total_energyvar { 0.3492570509272581   } 
   weight { 0.9975297011796224   } 
   weightvar { 0.09668288943559213   } 
   kinetic_energy { 15.36512012698721   } 
   kinetic_energyvar { 205.3979182689755   } 
   potential_energy { -31.08556378081618   } 
   potential_energyvar { 334.5603931654244   } 
   nonlocal_energy { -0.1816679515962924   } 
   nonlocal_energyvar { 99.8667164816883   } 
   autocorr_energy { } 
} 

block { 
   label dmc
   totweight 4978688
   nautocorr 0
   total_energy { -15.9045886674814   } 
   total_energyvar { 0.4022050571325503   } 
   weight { 0.9979224478161357   } 
   weightvar { 0.09804054091109299   } 
   kinetic_energy { 15.36737043285176   } 
   kinetic_energyvar { 206.3194164754066   } 
   potential_energy { -31.10133102866802   } 
   potential_energyvar { 352.1832287672768   } 
   nonlocal_energy { -0.1706280716651407   } 
   nonlocal_energyvar { 115.8460080911325   } 
   autocorr_energy { } 
} 

block { 
   label dmc
   totweight 4978688
   nautocorr 0
   total_energy { -15.90004553997109   } 
   total_energyvar { 0.3474198466280932   } 
   weight { 0.9967428985921676   } 
   weightvar { 0.09689409434781217   } 
   kinetic_energy { 15.4146978478478   } 
   kinetic_energyvar { 206.5379558254212   } 
   potential_energy { -31.14293857152652   } 
   potential_energyvar { 337.6642518710966   } 
   nonlocal_energy { -0.1718048162923696   } 
   nonlocal_energyvar { 101.1062270752929   } 
   autocorr_energy { } 
} 

block { 
   label dmc
   totweight 4978688
   nautocorr 0
   total_energy { -15.9027504769503   } 
   total_energyvar { 0.3685386408077528   } 
   weight { 0.9961398379736334   } 
   weightvar { 0.09554027623640199   } 
   kinetic_energy { 15.37063709037801   } 
   kinetic_energyvar { 206.0731579152436   } 
   potential_energy { -31.10429096869973   } 
   potential_energyvar { 344.2594137136305   } 
   nonlocal_energy { -0.1690965986285941   } 
   nonlocal_energyvar { 108.3317232759561   } 
   autocorr_energy { } 
} 

block { 
   label dmc
   totweight 4978688
   nautocorr 0
   total_energy { -15.90260198509794   } 
   total_energyvar { 0.3984980861382913   } 
   weight { 0.9971946199705842   } 
   weightvar { 0.09758930742433293   } 
   kinetic_energy { 15.32939025960328   } 
   kinetic_energyvar { 205.4125982568775   } 
   potential_energy { -31.05556481843109   } 
   potential_energyvar { 350.490018786631   } 
   nonlocal_energy { -0.1764274262701331   } 
   nonlocal_energyvar { 115.4414639321429   } 
   autocorr_energy { } 
} 

block { 
   label dmc
   totweight 4978688
   nautocorr 0
   total_energy { -15.90161473840304   } 
   total_energyvar { 0.3453124929682624   } 
   weight { 0.996605765794636   } 
   weightvar { 0.09770270631507351   } 
   kinetic_energy { 15.38662434304847   } 
   kinetic_energyvar { 206.624879539861   } 
   potential_energy { -31.1181218741307   } 
   potential_energyvar { 338.8380725949541   } 
   nonlocal_energy { -0.1701172073208174   } 
   nonlocal_energyvar { 102.269443862   } 
   autocorr_energy { } 
} 

block { 
   label dmc
   totweight 4978688
   nautocorr 0
   total_energy { -15.90314404532991   } 
   total_energyvar { 0.399697035890907   } 
   weight { 0.9966885525324178   } 
   weightvar { 0.09886919274722673   } 
   kinetic_energy { 15.41333875898644   } 
   kinetic_energyvar { 206.8394781964509   } 
   potential_energy { -31.14240158833898   } 
   potential_energyvar { 349.7507568871394   } 
   nonlocal_energy { -0.1740812159773678   } 
   nonlocal_energyvar { 112.8039776768689   } 
   autocorr_energy { } 
} 

block { 
   label dmc
   totweight 4978688
   nautocorr 0
   total_energy { -15.90257319683802   } 
   total_energyvar { 0.3421056424897504   } 
   weight { 0.9973514887961485   } 
   weightvar { 0.09839033906059645   } 
   kinetic_energy { 15.32759654843577   } 
   kinetic_energyvar { 205.9252424892744   } 
   potential_energy { -31.05856925560814   } 
   potential_energyvar { 336.0335682773362   } 
   nonlocal_energy { -0.1716004896656559   } 
   nonlocal_energyvar { 100.503514202326   } 
   autocorr_energy { } 
} 

block { 
   label dmc
   totweight 4978688
   nautocorr 0
   total_energy { -15.90178915491346   } 
   total_energyvar { 0.3425119225982661   } 
   weight { 0.9966776366256876   } 
   weightvar { 0.09820754773068598   } 
   kinetic_energy { 15.45020330214806   } 
   kinetic_energyvar { 207.4910065172731   } 
   potential_energy { -31.17574644433569   } 
   potential_energyvar { 338.1155247442918   } 
   nonlocal_energy { -0.1762460127258325   } 
   nonlocal_energyvar { 100.7650542176205   } 
   autocorr_energy { } 
} 

block { 
   label dmc
   totweight 4978688
   nautocorr 0
   total_energy { -15.90375081899953   } 
   total_energyvar { 0.3646615179951009   } 
   weight { 0.9969258365616042   } 
   weightvar { 0.0989775743969831   } 
   kinetic_energy { 15.36730741683684   } 
   kinetic_energyvar { 206.7520291905989   } 
   potential_energy { -31.1060559670659   } 
   potential_energyvar { 341.4069092019972   } 
   nonlocal_energy { -0.1650022687704769   } 
   nonlocal_energyvar { 104.4909612220165   } 
   autocorr_energy { } 
} 

block { 
   label dmc
   totweight 4978688
   nautocorr 0
   total_energy { -15.9025671153026   } 
   total_energyvar { 0.3621944538834755   } 
   weight { 0.9975488558560619   } 
   weightvar { 0.09928606062018613   } 
   kinetic_energy { 15.41488763344072   } 
   kinetic_energyvar { 206.9318107421602   } 
   potential_energy { -31.14342851959218   } 
   potential_energyvar { 344.7958385324009   } 
   nonlocal_energy { -0.1740262291511311   } 
   nonlocal_energyvar { 107.7844448205495   } 
   autocorr_energy { } 
} 

block { 
   label dmc
   totweight 4978688
   nautocorr 0
   total_energy { -15.9038856875153   } 
   total_energyvar { 0.3411572687649194   } 
   weight { 0.9977649161779651   } 
   weightvar { 0.09805274798340052   } 
   kinetic_energy { 15.34917930286089   } 
   kinetic_energyvar { 206.6153774838764   } 
   potential_energy { -31.07194134761155   } 
   potential_energyvar { 334.7517213059184   } 
   nonlocal_energy { -0.1811236427646419   } 
   nonlocal_energyvar { 98.51568768309866   } 
   autocorr_energy { } 
} 

block { 
   label dmc
   totweight 4978688
   nautocorr 0
   total_energy { -15.90285577186694   } 
   total_energyvar { 0.3524169247510529   } 
   weight { 0.997864639399308   } 
   weightvar { 0.09879100031487732   } 
   kinetic_energy { 15.38661647082045   } 
   kinetic_energyvar { 206.8313988020022   } 
   potential_energy { -31.11486831005256   } 
   potential_energyvar { 340.6829633552265   } 
   nonlocal_energy { -0.1746039326348302   } 
   nonlocal_energyvar { 104.0298948909157   } 
   autocorr_energy { } 
} 

block { 
   label dmc
   totweight 4978688
   nautocorr 0
   total_energy { -15.90127997130436   } 
   total_energyvar { 0.3568518294413258   } 
   weight { 0.9968273263135656   } 
   weightvar { 0.09759103024214726   } 
   kinetic_energy { 15.40833755565203   } 
   kinetic_energyvar { 206.7828764709976   } 
   potential_energy { -31.13584155051906   } 
   potential_energyvar { 341.3127435428864   } 
   nonlocal_energy { -0.1737759764373349   } 
   nonlocal_energyvar { 104.5315900294511   } 
   autocorr_energy { } 
} 

block { 
   label dmc
   totweight 4978688
   nautocorr 0
   total_energy { -15.90076310068384   } 
   total_energyvar { 0.4938308517134295   } 
   weight { 0.9959737344257066   } 
   weightvar { 0.09700396371682589   } 
   kinetic_energy { 15.36063636828465   } 
   kinetic_energyvar { 206.9279323770257   } 
   potential_energy { -31.08863163414921   } 
   potential_energyvar { 369.8171515558806   } 
   nonlocal_energy { -0.1727678348192954   } 
   nonlocal_energyvar { 132.9871956426398   } 
   autocorr_energy { } 
} 

block { 
   label dmc
   totweight 4978688
   nautocorr 0
   total_energy { -15.90481297570896   } 
   total_energyvar { 0.3531598829456687   } 
   weight { 0.9971347071206775   } 
   weightvar { 0.09808548785778906   } 
   kinetic_energy { 15.42419829167404   } 
   kinetic_energyvar { 206.705163907179   } 
   potential_energy { -31.15415941363567   } 
   potential_energyvar { 339.9963147953966   } 
   nonlocal_energy { -0.1748518537473308   } 
   nonlocal_energyvar { 103.4831265510254   } 
   autocorr_energy { } 
} 

block { 
   label dmc
   totweight 4978688
   nautocorr 0
   total_energy { -15.90000410935825   } 
   total_energyvar { 0.3763982212410343   } 
   weight { 0.9959565950172901   } 
   weightvar { 0.09846027750507766   } 
   kinetic_energy { 15.34615803844254   } 
   kinetic_energyvar { 206.2481832654991   } 
   potential_energy { -31.07209827127505   } 
   potential_energyvar { 347.9529774923591   } 
   nonlocal_energy { -0.1740638765257363   } 
   nonlocal_energyvar { 112.1501976367372   } 
   autocorr_energy { } 
} 

block { 
   label dmc
   totweight 4978688
   nautocorr 0
   total_energy { -15.90291269748284   } 
   total_energyvar { 0.3567436463553196   } 
   weight { 0.9968605590242517   } 
   weightvar { 0.09817209239042568   } 
   kinetic_energy { 15.37204366595264   } 
   kinetic_energyvar { 206.4774811738573   } 
   potential_energy { -31.09082069264785   } 
   potential_energyvar { 342.9602051023405   } 
   nonlocal_energy { -0.1841356707876271   } 
   nonlocal_energyvar { 106.952629186767   } 
   autocorr_energy { } 
} 

block { 
   label dmc
   totweight 4978688
   nautocorr 0
   total_energy { -15.90008933702239   } 
   total_energyvar { 0.3389779541453938   } 
   weight { 0.9955167821600017   } 
   weightvar { 0.09781973414038451   } 
   kinetic_energy { 15.34213322239875   } 
   kinetic_energyvar { 205.9522754347538   } 
   potential_energy { -31.05539665051785   } 
   potential_energyvar { 329.385843766771   } 
   nonlocal_energy { -0.1868259089032871   } 
   nonlocal_energyvar { 94.94079389880828   } 
   autocorr_energy { } 
} 

block { 
   label dmc
   totweight 4978688
   nautocorr 0
   total_energy { -15.90240929021514   } 
   total_energyvar { 0.3733207245092996   } 
   weight { 0.9961517205275481   } 
   weightvar { 0.09817199218081425   } 
   kinetic_energy { 15.38058118623947   } 
   kinetic_energyvar { 206.2756233897107   } 
   potential_energy { -31.10965517059376   } 
   potential_energyvar { 344.3666001628064   } 
   nonlocal_energy { -0.1733353058608582   } 
   nonlocal_energyvar { 108.1948487485719   } 
   autocorr_energy { } 
} 

block { 
   label dmc
   totweight 4978688
   nautocorr 0
   total_energy { -15.90345532417343   } 
   total_energyvar { 0.3919701445587023   } 
   weight { 0.9974064448027626   } 
   weightvar { 0.09778536992238356   } 
   kinetic_energy { 15.37986694222142   } 
   kinetic_energyvar { 206.4110467774556   } 
   potential_energy { -31.1105993902967   } 
   potential_energyvar { 348.7935264291604   } 
   nonlocal_energy { -0.1727228760981515   } 
   nonlocal_energyvar { 112.4068858881171   } 
   autocorr_energy { } 
} 

block { 
   label dmc
   totweight 4978688
   nautocorr 0
   total_energy { -15.90148366007208   } 
   total_energyvar { 0.3479918309386275   } 
   weight { 0.9965413789593714   } 
   weightvar { 0.09771210162541191   } 
   kinetic_energy { 15.36689597127449   } 
   kinetic_energyvar { 206.5156967991834   } 
   potential_energy { -31.0954997005751   } 
   potential_energyvar { 338.7950885141764   } 
   nonlocal_energy { -0.172879930771474   } 
   nonlocal_energyvar { 102.3282429571162   } 
   autocorr_energy { } 
} 

block { 
   label dmc
   totweight 4978688
   nautocorr 0
   total_energy { -15.90140180179977   } 
   total_energyvar { 0.3539149374225216   } 
   weight { 0.996196322786157   } 
   weightvar { 0.09697738000177634   } 
   kinetic_energy { 15.38840572246635   } 
   kinetic_energyvar { 207.1016765114037   } 
   potential_energy { -31.11584733210624   } 
   potential_energyvar { 340.5762943829236   } 
   nonlocal_energy { -0.1739601921598809   } 
   nonlocal_energyvar { 103.7748935644133   } 
   autocorr_energy { } 
} 

block { 
   label dmc
   totweight 4978688
   nautocorr 0
   total_energy { -15.90036873073556   } 
   total_energyvar { 0.3883363624629416   } 
   weight { 0.9956822426812306   } 
   weightvar { 0.09701468343843205   } 
   kinetic_energy { 15.38977107621695   } 
   kinetic_energyvar { 206.5920590102853   } 
   potential_energy { -31.12724153870206   } 
   potential_energyvar { 352.1602775297674   } 
   nonlocal_energy { -0.1628982682504489   } 
   nonlocal_energyvar { 115.2903956767044   } 
   autocorr_energy { } 
} 

block { 
   label dmc
   totweight 4978688
   nautocorr 0
   total_energy { -15.90522053546496   } 
   total_energyvar { 0.8649307002181691   } 
   weight { 0.9967747141644934   } 
   weightvar { 0.09665047611073843   } 
   kinetic_energy { 15.39831887601008   } 
   kinetic_energyvar { 206.5633540997322   } 
   potential_energy { -31.1305174201278   } 
   potential_energyvar { 433.4631887980512   } 
   nonlocal_energy { -0.173021991347236   } 
   nonlocal_energyvar { 197.2990767002308   } 
   autocorr_energy { } 
} 

