#-------------------------------------------------
#DMC run: timestep 0.0025
#-------------------------------------------------


init { 
   label dmc
}
block { 
   label dmc
   totweight 6963200
   nautocorr 0
   total_energy { -15.88938799488253   } 
   total_energyvar { 0.3360372935835937   } 
   weight { 1.051416947908637   } 
   weightvar { 0.01963409620806228   } 
   kinetic_energy { 13.58479525432278   } 
   kinetic_energyvar { 199.9850310568632   } 
   potential_energy { -29.31931681632029   } 
   potential_energyvar { 315.106314981806   } 
   nonlocal_energy { -0.1548664328850282   } 
   nonlocal_energyvar { 88.96199741458699   } 
   autocorr_energy { } 
} 

block { 
   label dmc
   totweight 6963200
   nautocorr 0
   total_energy { -15.90034816864043   } 
   total_energyvar { 0.3467161928630775   } 
   weight { 1.061719167172715   } 
   weightvar { 0.05710792633189758   } 
   kinetic_energy { 15.32525902018289   } 
   kinetic_energyvar { 206.9721111558619   } 
   potential_energy { -31.05280095507882   } 
   potential_energyvar { 335.5598235490147   } 
   nonlocal_energy { -0.1728062337444998   } 
   nonlocal_energyvar { 98.69958190571835   } 
   autocorr_energy { } 
} 

block { 
   label dmc
   totweight 6963200
   nautocorr 0
   total_energy { -15.89773082957361   } 
   total_energyvar { 0.3420803781180076   } 
   weight { 1.023138996278093   } 
   weightvar { 0.07642076737662418   } 
   kinetic_energy { 15.34817171940575   } 
   kinetic_energyvar { 206.7952959430814   } 
   potential_energy { -31.06452037487044   } 
   potential_energyvar { 333.7490660959326   } 
   nonlocal_energy { -0.1813821741089149   } 
   nonlocal_energyvar { 97.67949294720418   } 
   autocorr_energy { } 
} 

block { 
   label dmc
   totweight 6963200
   nautocorr 0
   total_energy { -15.90202941599526   } 
   total_energyvar { 0.3409607784744088   } 
   weight { 1.009505618309822   } 
   weightvar { 0.08691930705128513   } 
   kinetic_energy { 15.36597641456383   } 
   kinetic_energyvar { 206.2438709151724   } 
   potential_energy { -31.0964848171593   } 
   potential_energyvar { 338.1095016620475   } 
   nonlocal_energy { -0.1715210133997853   } 
   nonlocal_energyvar { 101.8314917413817   } 
   autocorr_energy { } 
} 

block { 
   label dmc
   totweight 6963200
   nautocorr 0
   total_energy { -15.89916609643926   } 
   total_energyvar { 0.3580748576085174   } 
   weight { 1.003176404630896   } 
   weightvar { 0.091541797402754   } 
   kinetic_energy { 15.32869659773631   } 
   kinetic_energyvar { 206.1230631354982   } 
   potential_energy { -31.05144399882272   } 
   potential_energyvar { 339.2644977118674   } 
   nonlocal_energy { -0.1764186953528549   } 
   nonlocal_energyvar { 103.9502802489662   } 
   autocorr_energy { } 
} 

block { 
   label dmc
   totweight 6963200
   nautocorr 0
   total_energy { -15.90064133886875   } 
   total_energyvar { 0.3639435304560261   } 
   weight { 1.000065361023546   } 
   weightvar { 0.09505032196716498   } 
   kinetic_energy { 15.39486908223124   } 
   kinetic_energyvar { 206.8605013419171   } 
   potential_energy { -31.11632490610742   } 
   potential_energyvar { 339.528349350099   } 
   nonlocal_energy { -0.1791855149925789   } 
   nonlocal_energyvar { 103.3856456208787   } 
   autocorr_energy { } 
} 

block { 
   label dmc
   totweight 6963200
   nautocorr 0
   total_energy { -15.90291100633224   } 
   total_energyvar { 0.3468692872854911   } 
   weight { 1.00007012587   } 
   weightvar { 0.09739660629699486   } 
   kinetic_energy { 15.38748727820688   } 
   kinetic_energyvar { 205.9732409944446   } 
   potential_energy { -31.11387292674688   } 
   potential_energyvar { 338.8812445193024   } 
   nonlocal_energy { -0.1765253577922395   } 
   nonlocal_energyvar { 103.2831373741126   } 
   autocorr_energy { } 
} 

block { 
   label dmc
   totweight 6963200
   nautocorr 0
   total_energy { -15.89945054938679   } 
   total_energyvar { 0.3433478220836297   } 
   weight { 0.9977737127674107   } 
   weightvar { 0.09722616279618423   } 
   kinetic_energy { 15.4260694255917   } 
   kinetic_energyvar { 206.7398543605282   } 
   potential_energy { -31.15232663417367   } 
   potential_energyvar { 338.9193095738636   } 
   nonlocal_energy { -0.1731933408048227   } 
   nonlocal_energyvar { 102.2154937220088   } 
   autocorr_energy { } 
} 

block { 
   label dmc
   totweight 6963200
   nautocorr 0
   total_energy { -15.90058750006359   } 
   total_energyvar { 0.3436063292779802   } 
   weight { 0.996298297878966   } 
   weightvar { 0.09713147425422   } 
   kinetic_energy { 15.41634871082459   } 
   kinetic_energyvar { 206.1790247495003   } 
   potential_energy { -31.13592130491616   } 
   potential_energyvar { 334.9829107446278   } 
   nonlocal_energy { -0.1810149059720159   } 
   nonlocal_energyvar { 99.32312970667202   } 
   autocorr_energy { } 
} 

block { 
   label dmc
   totweight 6963200
   nautocorr 0
   total_energy { -15.90017519695252   } 
   total_energyvar { 0.3824358217512246   } 
   weight { 0.9966575711692175   } 
   weightvar { 0.09720288693626075   } 
   kinetic_energy { 15.38348446518046   } 
   kinetic_energyvar { 206.3560071085339   } 
   potential_energy { -31.11054099606896   } 
   potential_energyvar { 346.985756312929   } 
   nonlocal_energy { -0.173118666064021   } 
   nonlocal_energyvar { 110.5111950663398   } 
   autocorr_energy { } 
} 

block { 
   label dmc
   totweight 6963200
   nautocorr 0
   total_energy { -15.90143484702974   } 
   total_energyvar { 0.3637108234122917   } 
   weight { 0.9964815002608115   } 
   weightvar { 0.09728858335354075   } 
   kinetic_energy { 15.29832589401555   } 
   kinetic_energyvar { 205.7562585715702   } 
   potential_energy { -31.03174811224551   } 
   potential_energyvar { 342.0741595869406   } 
   nonlocal_energy { -0.1680126287997906   } 
   nonlocal_energyvar { 106.5586185614117   } 
   autocorr_energy { } 
} 

block { 
   label dmc
   totweight 6963200
   nautocorr 0
   total_energy { -15.90237262815316   } 
   total_energyvar { 0.3531061216962494   } 
   weight { 0.9973509306393613   } 
   weightvar { 0.0983619843060501   } 
   kinetic_energy { 15.38860729267213   } 
   kinetic_energyvar { 206.6035146214843   } 
   potential_energy { -31.119327632614   } 
   potential_energyvar { 342.2429470314095   } 
   nonlocal_energy { -0.1716522882112916   } 
   nonlocal_energyvar { 105.5844121728937   } 
   autocorr_energy { } 
} 

block { 
   label dmc
   totweight 6963200
   nautocorr 0
   total_energy { -15.90568266836829   } 
   total_energyvar { 0.3535627012064508   } 
   weight { 0.9991008739792128   } 
   weightvar { 0.09973888562038563   } 
   kinetic_energy { 15.39493280506719   } 
   kinetic_energyvar { 207.7415502423187   } 
   potential_energy { -31.1292547506139   } 
   potential_energyvar { 343.5240308923773   } 
   nonlocal_energy { -0.1713607228215846   } 
   nonlocal_energyvar { 105.5625671130585   } 
   autocorr_energy { } 
} 

block { 
   label dmc
   totweight 6963200
   nautocorr 0
   total_energy { -15.9036451765972   } 
   total_energyvar { 0.3462412387219923   } 
   weight { 0.9992876218759439   } 
   weightvar { 0.09795817598341659   } 
   kinetic_energy { 15.34936847077543   } 
   kinetic_energyvar { 207.2910099871283   } 
   potential_energy { -31.07967948943095   } 
   potential_energyvar { 341.3675558064799   } 
   nonlocal_energy { -0.1733341579416821   } 
   nonlocal_energyvar { 104.2086563855645   } 
   autocorr_energy { } 
} 

block { 
   label dmc
   totweight 6963200
   nautocorr 0
   total_energy { -15.9063244504066   } 
   total_energyvar { 0.357180891008062   } 
   weight { 0.9998267249312383   } 
   weightvar { 0.09605944032898725   } 
   kinetic_energy { 15.39456106238511   } 
   kinetic_energyvar { 206.3231083365846   } 
   potential_energy { -31.1340700722196   } 
   potential_energyvar { 343.3225636825287   } 
   nonlocal_energy { -0.1668154405721134   } 
   nonlocal_energyvar { 106.7532184655816   } 
   autocorr_energy { } 
} 

block { 
   label dmc
   totweight 6963200
   nautocorr 0
   total_energy { -15.90332318155559   } 
   total_energyvar { 0.3497851450578781   } 
   weight { 1.000250333538429   } 
   weightvar { 0.09649732266791589   } 
   kinetic_energy { 15.35795569133972   } 
   kinetic_energyvar { 206.6817722747141   } 
   potential_energy { -31.09025995192903   } 
   potential_energyvar { 339.8049113308362   } 
   nonlocal_energy { -0.1710189209662765   } 
   nonlocal_energyvar { 103.2613973830929   } 
   autocorr_energy { } 
} 

block { 
   label dmc
   totweight 6963200
   nautocorr 0
   total_energy { -15.90023054963566   } 
   total_energyvar { 0.4245381884956098   } 
   weight { 0.9974052906718659   } 
   weightvar { 0.09679548480116819   } 
   kinetic_energy { 15.4147045664333   } 
   kinetic_energyvar { 207.1662906503611   } 
   potential_energy { -31.14630442171945   } 
   potential_energyvar { 356.8063991830057   } 
   nonlocal_energy { -0.1686306943495069   } 
   nonlocal_energyvar { 119.3935395740052   } 
   autocorr_energy { } 
} 

block { 
   label dmc
   totweight 6963200
   nautocorr 0
   total_energy { -15.90109097077503   } 
   total_energyvar { 0.3947189102537469   } 
   weight { 0.9956261757570717   } 
   weightvar { 0.09661602890667638   } 
   kinetic_energy { 15.41167413427503   } 
   kinetic_energyvar { 206.9338894477123   } 
   potential_energy { -31.13975067021885   } 
   potential_energyvar { 349.7856824427742   } 
   nonlocal_energy { -0.1730144348312061   } 
   nonlocal_energyvar { 112.9110182451505   } 
   autocorr_energy { } 
} 

block { 
   label dmc
   totweight 6963200
   nautocorr 0
   total_energy { -15.90401930784148   } 
   total_energyvar { 0.3490038346313651   } 
   weight { 0.9972018297439136   } 
   weightvar { 0.09573237374434029   } 
   kinetic_energy { 15.37304137815371   } 
   kinetic_energyvar { 206.9718410850307   } 
   potential_energy { -31.10509553718433   } 
   potential_energyvar { 339.4761864722102   } 
   nonlocal_energy { -0.1719651488108582   } 
   nonlocal_energyvar { 102.6725513350995   } 
   autocorr_energy { } 
} 

block { 
   label dmc
   totweight 6963200
   nautocorr 0
   total_energy { -15.90100504743497   } 
   total_energyvar { 0.3439418169077655   } 
   weight { 0.9968550133021742   } 
   weightvar { 0.09646967454861091   } 
   kinetic_energy { 15.40510723217534   } 
   kinetic_energyvar { 206.8331291845989   } 
   potential_energy { -31.13529952589561   } 
   potential_energyvar { 340.5866222386799   } 
   nonlocal_energy { -0.1708127537146965   } 
   nonlocal_energyvar { 103.5679227043876   } 
   autocorr_energy { } 
} 

block { 
   label dmc
   totweight 6963200
   nautocorr 0
   total_energy { -15.90330519162694   } 
   total_energyvar { 0.3414216411294259   } 
   weight { 0.9966127686830045   } 
   weightvar { 0.09775641461623617   } 
   kinetic_energy { 15.3627708709247   } 
   kinetic_energyvar { 206.2183238794632   } 
   potential_energy { -31.0905252882721   } 
   potential_energyvar { 337.4376578781158   } 
   nonlocal_energy { -0.1755507742795325   } 
   nonlocal_energyvar { 101.4942948671172   } 
   autocorr_energy { } 
} 

block { 
   label dmc
   totweight 6963200
   nautocorr 0
   total_energy { -15.89975677095016   } 
   total_energyvar { 0.3415309636638793   } 
   weight { 0.9962299597970022   } 
   weightvar { 0.09630506063101629   } 
   kinetic_energy { 15.35872331082727   } 
   kinetic_energyvar { 206.7055288726973   } 
   potential_energy { -31.08452331574646   } 
   potential_energyvar { 336.0189240398149   } 
   nonlocal_energy { -0.1739567660309762   } 
   nonlocal_energyvar { 99.67836758835166   } 
   autocorr_energy { } 
} 

block { 
   label dmc
   totweight 6963200
   nautocorr 0
   total_energy { -15.9017313262619   } 
   total_energyvar { 0.3437156202717462   } 
   weight { 0.9952320394943597   } 
   weightvar { 0.09756764806846563   } 
   kinetic_energy { 15.3933710188204   } 
   kinetic_energyvar { 206.1862139978206   } 
   potential_energy { -31.11492878735865   } 
   potential_energyvar { 336.6570958873464   } 
   nonlocal_energy { -0.1801735577236564   } 
   nonlocal_energyvar { 101.1659078798266   } 
   autocorr_energy { } 
} 

block { 
   label dmc
   totweight 6963200
   nautocorr 0
   total_energy { -15.90082184515009   } 
   total_energyvar { 0.3497604546937469   } 
   weight { 0.9959050054791051   } 
   weightvar { 0.0972223602562786   } 
   kinetic_energy { 15.40193685571598   } 
   kinetic_energyvar { 206.7902425395671   } 
   potential_energy { -31.13033166184089   } 
   potential_energyvar { 338.643741452297   } 
   nonlocal_energy { -0.1724270390251708   } 
   nonlocal_energyvar { 101.7199153449815   } 
   autocorr_energy { } 
} 

block { 
   label dmc
   totweight 6963200
   nautocorr 0
   total_energy { -15.90019861088364   } 
   total_energyvar { 0.348176911437784   } 
   weight { 0.9950397016561902   } 
   weightvar { 0.0973761710171662   } 
   kinetic_energy { 15.34774285084162   } 
   kinetic_energyvar { 206.1622819219401   } 
   potential_energy { -31.07908748348901   } 
   potential_energyvar { 337.4370740857457   } 
   nonlocal_energy { -0.1688539782362368   } 
   nonlocal_energyvar { 101.3687886202423   } 
   autocorr_energy { } 
} 

block { 
   label dmc
   totweight 6963200
   nautocorr 0
   total_energy { -15.90189785024028   } 
   total_energyvar { 0.3460211345129083   } 
   weight { 0.9959693800661857   } 
   weightvar { 0.09718875719531171   } 
   kinetic_energy { 15.3512200472199   } 
   kinetic_energyvar { 205.8927853608199   } 
   potential_energy { -31.07039951315741   } 
   potential_energyvar { 336.6478364827965   } 
   nonlocal_energy { -0.1827183843027712   } 
   nonlocal_energyvar { 101.7025569915439   } 
   autocorr_energy { } 
} 

block { 
   label dmc
   totweight 6963200
   nautocorr 0
   total_energy { -15.90113754947581   } 
   total_energyvar { 0.3460132928164343   } 
   weight { 0.9962484427072722   } 
   weightvar { 0.09656870035135824   } 
   kinetic_energy { 15.44809724005558   } 
   kinetic_energyvar { 207.6978553719194   } 
   potential_energy { -31.17767593095308   } 
   potential_energyvar { 339.705221278516   } 
   nonlocal_energy { -0.1715588585783121   } 
   nonlocal_energyvar { 101.6279121858163   } 
   autocorr_energy { } 
} 

block { 
   label dmc
   totweight 6963200
   nautocorr 0
   total_energy { -15.90055814926495   } 
   total_energyvar { 0.364581101528264   } 
   weight { 0.9950088557561271   } 
   weightvar { 0.09613734403390073   } 
   kinetic_energy { 15.37972842104923   } 
   kinetic_energyvar { 207.2695675796825   } 
   potential_energy { -31.11201360563896   } 
   potential_energyvar { 347.9323584974624   } 
   nonlocal_energy { -0.1682729646752099   } 
   nonlocal_energyvar { 110.2907508249923   } 
   autocorr_energy { } 
} 

block { 
   label dmc
   totweight 6963200
   nautocorr 0
   total_energy { -15.90176467259801   } 
   total_energyvar { 0.3515620648423102   } 
   weight { 0.9961797388807835   } 
   weightvar { 0.09539492209011041   } 
   kinetic_energy { 15.34407680547342   } 
   kinetic_energyvar { 206.221919704042   } 
   potential_energy { -31.06486040387695   } 
   potential_energyvar { 336.4585430141666   } 
   nonlocal_energy { -0.1809810741944815   } 
   nonlocal_energyvar { 101.2925989890964   } 
   autocorr_energy { } 
} 

block { 
   label dmc
   totweight 6963200
   nautocorr 0
   total_energy { -15.90403743670982   } 
   total_energyvar { 0.3451968438254207   } 
   weight { 0.9964433162927041   } 
   weightvar { 0.09677473936762916   } 
   kinetic_energy { 15.38101442517176   } 
   kinetic_energyvar { 207.3029613701679   } 
   potential_energy { -31.11936297772845   } 
   potential_energyvar { 339.3559893726701   } 
   nonlocal_energy { -0.1656888841531281   } 
   nonlocal_energyvar { 101.6843463759606   } 
   autocorr_energy { } 
} 

block { 
   label dmc
   totweight 6963200
   nautocorr 0
   total_energy { -15.90176565516451   } 
   total_energyvar { 0.3600539055834237   } 
   weight { 0.9976918066759601   } 
   weightvar { 0.09845745727078414   } 
   kinetic_energy { 15.40337877670762   } 
   kinetic_energyvar { 206.9573838899519   } 
   potential_energy { -31.13259134552962   } 
   potential_energyvar { 346.1680393396834   } 
   nonlocal_energy { -0.172553086342498   } 
   nonlocal_energyvar { 109.3108529065182   } 
   autocorr_energy { } 
} 

block { 
   label dmc
   totweight 6963200
   nautocorr 0
   total_energy { -15.90074004127783   } 
   total_energyvar { 0.3649553038086803   } 
   weight { 0.9963533668879561   } 
   weightvar { 0.09829351444089404   } 
   kinetic_energy { 15.43892465249705   } 
   kinetic_energyvar { 207.7378181995998   } 
   potential_energy { -31.16516837600722   } 
   potential_energyvar { 347.6502866780637   } 
   nonlocal_energy { -0.1744963177676631   } 
   nonlocal_energyvar { 109.8043343722931   } 
   autocorr_energy { } 
} 

block { 
   label dmc
   totweight 6963200
   nautocorr 0
   total_energy { -15.90013784316364   } 
   total_energyvar { 0.3428635465951083   } 
   weight { 0.995428674446413   } 
   weightvar { 0.09686861238598844   } 
   kinetic_energy { 15.37667388155722   } 
   kinetic_energyvar { 206.4265215099696   } 
   potential_energy { -31.09453904509528   } 
   potential_energyvar { 335.6663166634915   } 
   nonlocal_energy { -0.1822726796255751   } 
   nonlocal_energyvar { 100.0303607445005   } 
   autocorr_energy { } 
} 

block { 
   label dmc
   totweight 6963200
   nautocorr 0
   total_energy { -15.90135163595722   } 
   total_energyvar { 0.3483224823781926   } 
   weight { 0.9954536060074353   } 
   weightvar { 0.09675591835576332   } 
   kinetic_energy { 15.31738244676517   } 
   kinetic_energyvar { 205.4081805912824   } 
   potential_energy { -31.04405295960855   } 
   potential_energyvar { 337.2597614300757   } 
   nonlocal_energy { -0.1746811231138448   } 
   nonlocal_energyvar { 102.6203043483855   } 
   autocorr_energy { } 
} 

block { 
   label dmc
   totweight 6963200
   nautocorr 0
   total_energy { -15.90224607852447   } 
   total_energyvar { 0.3483462238050397   } 
   weight { 0.996168866469372   } 
   weightvar { 0.09663393948668079   } 
   kinetic_energy { 15.44393021415208   } 
   kinetic_energyvar { 207.3573961661891   } 
   potential_energy { -31.16785534174613   } 
   potential_energyvar { 339.2717751653889   } 
   nonlocal_energy { -0.1783209509304221   } 
   nonlocal_energyvar { 102.1054218788956   } 
   autocorr_energy { } 
} 

block { 
   label dmc
   totweight 6963200
   nautocorr 0
   total_energy { -15.90133818791845   } 
   total_energyvar { 0.3508195602278901   } 
   weight { 0.9958569091619061   } 
   weightvar { 0.09732411258845186   } 
   kinetic_energy { 15.40986216981252   } 
   kinetic_energyvar { 206.5160433849945   } 
   potential_energy { -31.13029783954833   } 
   potential_energyvar { 339.2964158600666   } 
   nonlocal_energy { -0.1809025181826322   } 
   nonlocal_energyvar { 103.218811371306   } 
   autocorr_energy { } 
} 

block { 
   label dmc
   totweight 6963200
   nautocorr 0
   total_energy { -15.90226083825825   } 
   total_energyvar { 0.3444356544538071   } 
   weight { 0.996583330853816   } 
   weightvar { 0.09790560081464345   } 
   kinetic_energy { 15.33994049162236   } 
   kinetic_energyvar { 206.4701202402242   } 
   potential_energy { -31.06367868334937   } 
   potential_energyvar { 338.4087508635857   } 
   nonlocal_energy { -0.1785226465312383   } 
   nonlocal_energyvar { 102.4093256894587   } 
   autocorr_energy { } 
} 

block { 
   label dmc
   totweight 6963200
   nautocorr 0
   total_energy { -15.9080258166604   } 
   total_energyvar { 0.3579513219855449   } 
   weight { 0.9985610511216531   } 
   weightvar { 0.09733216888249116   } 
   kinetic_energy { 15.34656711343311   } 
   kinetic_energyvar { 206.1881872959315   } 
   potential_energy { -31.08948174108515   } 
   potential_energyvar { 344.4000583028189   } 
   nonlocal_energy { -0.1651111890083616   } 
   nonlocal_energyvar { 107.7463485547098   } 
   autocorr_energy { } 
} 

block { 
   label dmc
   totweight 6963200
   nautocorr 0
   total_energy { -15.90456005680427   } 
   total_energyvar { 0.3623422629679626   } 
   weight { 1.000342822506782   } 
   weightvar { 0.09669831024379648   } 
   kinetic_energy { 15.35156669371253   } 
   kinetic_energyvar { 206.9760770411929   } 
   potential_energy { -31.08692640176956   } 
   potential_energyvar { 344.9842094745274   } 
   nonlocal_energy { -0.1692003487472427   } 
   nonlocal_energyvar { 108.1453903122681   } 
   autocorr_energy { } 
} 

block { 
   label dmc
   totweight 6963200
   nautocorr 0
   total_energy { -15.90245996494564   } 
   total_energyvar { 0.4816637081320913   } 
   weight { 0.9985801537734225   } 
   weightvar { 0.09747756036866534   } 
   kinetic_energy { 15.39619131683922   } 
   kinetic_energyvar { 207.0088826222715   } 
   potential_energy { -31.12017318190973   } 
   potential_energyvar { 366.3879963340939   } 
   nonlocal_energy { -0.1784780998751362   } 
   nonlocal_energyvar { 129.7672406082569   } 
   autocorr_energy { } 
} 

block { 
   label dmc
   totweight 6963200
   nautocorr 0
   total_energy { -15.90316233153015   } 
   total_energyvar { 0.3499186250773198   } 
   weight { 0.9979232695352419   } 
   weightvar { 0.09843466441705206   } 
   kinetic_energy { 15.39431834517489   } 
   kinetic_energyvar { 206.9131547298309   } 
   potential_energy { -31.12553541763271   } 
   potential_energyvar { 339.201359258584   } 
   nonlocal_energy { -0.1719452590723282   } 
   nonlocal_energyvar { 102.244173033999   } 
   autocorr_energy { } 
} 

block { 
   label dmc
   totweight 6963200
   nautocorr 0
   total_energy { -15.90044408352755   } 
   total_energyvar { 0.348238699327212   } 
   weight { 0.9961011410088135   } 
   weightvar { 0.09811854101187834   } 
   kinetic_energy { 15.32216389417849   } 
   kinetic_energyvar { 206.2576471904464   } 
   potential_energy { -31.04997037487208   } 
   potential_energyvar { 339.5313894515107   } 
   nonlocal_energy { -0.172637602833963   } 
   nonlocal_energyvar { 103.4441164974448   } 
   autocorr_energy { } 
} 

block { 
   label dmc
   totweight 6963200
   nautocorr 0
   total_energy { -15.90041981491451   } 
   total_energyvar { 0.3599649918546384   } 
   weight { 0.9958005043531583   } 
   weightvar { 0.09675257995095989   } 
   kinetic_energy { 15.33315447316134   } 
   kinetic_energyvar { 206.6775623426128   } 
   potential_energy { -31.05914506481999   } 
   potential_energyvar { 341.8876173449573   } 
   nonlocal_energy { -0.1744292232558639   } 
   nonlocal_energyvar { 105.5153947286269   } 
   autocorr_energy { } 
} 

block { 
   label dmc
   totweight 6963200
   nautocorr 0
   total_energy { -15.9026329738947   } 
   total_energyvar { 0.35663873419615   } 
   weight { 0.9953712867664184   } 
   weightvar { 0.09696761560223986   } 
   kinetic_energy { 15.38849404032197   } 
   kinetic_energyvar { 206.6760070308509   } 
   potential_energy { -31.12344075072244   } 
   potential_energyvar { 341.9272878562755   } 
   nonlocal_energy { -0.1676862634942258   } 
   nonlocal_energyvar { 104.8942467363461   } 
   autocorr_energy { } 
} 

block { 
   label dmc
   totweight 6963200
   nautocorr 0
   total_energy { -15.90020053420094   } 
   total_energyvar { 0.361702438944729   } 
   weight { 0.9957243890836113   } 
   weightvar { 0.09657543922150992   } 
   kinetic_energy { 15.43961616580487   } 
   kinetic_energyvar { 206.8212286803231   } 
   potential_energy { -31.15792356264904   } 
   potential_energyvar { 341.1678506310543   } 
   nonlocal_energy { -0.1818931373567768   } 
   nonlocal_energyvar { 105.0027265516237   } 
   autocorr_energy { } 
} 

block { 
   label dmc
   totweight 6963200
   nautocorr 0
   total_energy { -15.89977296599261   } 
   total_energyvar { 0.3544130299464744   } 
   weight { 0.9948896344759043   } 
   weightvar { 0.09688951231501138   } 
   kinetic_energy { 15.42067138615398   } 
   kinetic_energyvar { 207.0345492922152   } 
   potential_energy { -31.15023863675028   } 
   potential_energyvar { 344.8587326091823   } 
   nonlocal_energy { -0.1702057153963109   } 
   nonlocal_energyvar { 107.3376417926428   } 
   autocorr_energy { } 
} 

block { 
   label dmc
   totweight 6963200
   nautocorr 0
   total_energy { -15.90172094852338   } 
   total_energyvar { 0.3418064848850661   } 
   weight { 0.9954878004037445   } 
   weightvar { 0.09788990405027764   } 
   kinetic_energy { 15.37956815923987   } 
   kinetic_energyvar { 207.0181156329959   } 
   potential_energy { -31.10132176457882   } 
   potential_energyvar { 336.6929142534946   } 
   nonlocal_energy { -0.1799673431844327   } 
   nonlocal_energyvar { 100.1308780624813   } 
   autocorr_energy { } 
} 

block { 
   label dmc
   totweight 6963200
   nautocorr 0
   total_energy { -15.9005450913674   } 
   total_energyvar { 0.3585988905004742   } 
   weight { 0.9952567603051764   } 
   weightvar { 0.09717920967992488   } 
   kinetic_energy { 15.38205260629469   } 
   kinetic_energyvar { 206.1998705048757   } 
   potential_energy { -31.1133557292888   } 
   potential_energyvar { 344.014765283554   } 
   nonlocal_energy { -0.1692419683732888   } 
   nonlocal_energyvar { 107.763312400461   } 
   autocorr_energy { } 
} 

block { 
   label dmc
   totweight 6963200
   nautocorr 0
   total_energy { -15.90256532992259   } 
   total_energyvar { 0.3674709912524538   } 
   weight { 0.9959452970899726   } 
   weightvar { 0.09568645709022341   } 
   kinetic_energy { 15.40382586824436   } 
   kinetic_energyvar { 206.0541546385226   } 
   potential_energy { -31.13079291541383   } 
   potential_energyvar { 344.5350082929962   } 
   nonlocal_energy { -0.1755982827531157   } 
   nonlocal_energyvar { 108.5226006443932   } 
   autocorr_energy { } 
} 

block { 
   label dmc
   totweight 6963200
   nautocorr 0
   total_energy { -15.89860736241853   } 
   total_energyvar { 0.342002179104673   } 
   weight { 0.995316186486825   } 
   weightvar { 0.09582654952589706   } 
   kinetic_energy { 15.33591429594755   } 
   kinetic_energyvar { 206.2292904970059   } 
   potential_energy { -31.06086185989295   } 
   potential_energyvar { 335.5650123763095   } 
   nonlocal_energy { -0.1736597984731329   } 
   nonlocal_energyvar { 99.76661523178603   } 
   autocorr_energy { } 
} 

block { 
   label dmc
   totweight 6963200
   nautocorr 0
   total_energy { -15.90215132426139   } 
   total_energyvar { 0.3609373966168318   } 
   weight { 0.9951798985054376   } 
   weightvar { 0.09599603305545472   } 
   kinetic_energy { 15.3610262079727   } 
   kinetic_energyvar { 206.0465583783129   } 
   potential_energy { -31.07926723801911   } 
   potential_energyvar { 338.1375882485873   } 
   nonlocal_energy { -0.1839102942149816   } 
   nonlocal_energyvar { 102.93629894633   } 
   autocorr_energy { } 
} 

block { 
   label dmc
   totweight 6963200
   nautocorr 0
   total_energy { -15.90092192533898   } 
   total_energyvar { 0.402695307338443   } 
   weight { 0.9960694839124051   } 
   weightvar { 0.09776165540362641   } 
   kinetic_energy { 15.38368897040984   } 
   kinetic_energyvar { 207.7190597471902   } 
   potential_energy { -31.11464499985005   } 
   potential_energyvar { 354.5203150359143   } 
   nonlocal_energy { -0.1699658958987664   } 
   nonlocal_energyvar { 116.5726058932294   } 
   autocorr_energy { } 
} 

block { 
   label dmc
   totweight 6963200
   nautocorr 0
   total_energy { -15.90266923136356   } 
   total_energyvar { 0.3585875532489894   } 
   weight { 0.9960497155651364   } 
   weightvar { 0.09759496634189684   } 
   kinetic_energy { 15.3707518777342   } 
   kinetic_energyvar { 206.1072534202623   } 
   potential_energy { -31.09902962172356   } 
   potential_energyvar { 342.5732858878875   } 
   nonlocal_energy { -0.1743914873742057   } 
   nonlocal_energyvar { 106.9703197095752   } 
   autocorr_energy { } 
} 

block { 
   label dmc
   totweight 6963200
   nautocorr 0
   total_energy { -15.900689841469   } 
   total_energyvar { 0.3559474576142709   } 
   weight { 0.9962034019906146   } 
   weightvar { 0.09705687395177431   } 
   kinetic_energy { 15.39625989542975   } 
   kinetic_energyvar { 206.4258286679388   } 
   potential_energy { -31.12142191413669   } 
   potential_energyvar { 341.3188143132299   } 
   nonlocal_energy { -0.175527822762057   } 
   nonlocal_energyvar { 105.153078254165   } 
   autocorr_energy { } 
} 

block { 
   label dmc
   totweight 6963200
   nautocorr 0
   total_energy { -15.90088280657799   } 
   total_energyvar { 0.3536769908448898   } 
   weight { 0.9954129658454952   } 
   weightvar { 0.0982773715631092   } 
   kinetic_energy { 15.4199880297068   } 
   kinetic_energyvar { 207.8211820638948   } 
   potential_energy { -31.1503061104484   } 
   potential_energyvar { 340.9987379622431   } 
   nonlocal_energy { -0.1705647258363946   } 
   nonlocal_energyvar { 102.8742736343244   } 
   autocorr_energy { } 
} 

block { 
   label dmc
   totweight 6963200
   nautocorr 0
   total_energy { -15.90155280537361   } 
   total_energyvar { 0.3558903463525293   } 
   weight { 0.9955232812567222   } 
   weightvar { 0.09836300690973353   } 
   kinetic_energy { 15.34613917399211   } 
   kinetic_energyvar { 206.1180827967858   } 
   potential_energy { -31.07973669290087   } 
   potential_energyvar { 340.9640331163018   } 
   nonlocal_energy { -0.1679552864648499   } 
   nonlocal_energyvar { 104.7370874727687   } 
   autocorr_energy { } 
} 

block { 
   label dmc
   totweight 6963200
   nautocorr 0
   total_energy { -15.90022175946891   } 
   total_energyvar { 0.3434886803974848   } 
   weight { 0.9955745868028536   } 
   weightvar { 0.0983944020907128   } 
   kinetic_energy { 15.35165346055442   } 
   kinetic_energyvar { 206.6712407354218   } 
   potential_energy { -31.0662177480831   } 
   potential_energyvar { 336.6631597742279   } 
   nonlocal_energy { -0.1856574719402232   } 
   nonlocal_energyvar { 100.8743948325439   } 
   autocorr_energy { } 
} 

block { 
   label dmc
   totweight 6963200
   nautocorr 0
   total_energy { -15.90097524788513   } 
   total_energyvar { 0.3445245939190436   } 
   weight { 0.9948735061970329   } 
   weightvar { 0.09880965004995985   } 
   kinetic_energy { 15.29249288156373   } 
   kinetic_energyvar { 205.6202549245539   } 
   potential_energy { -31.01594881468892   } 
   potential_energyvar { 335.2652155855421   } 
   nonlocal_energy { -0.1775193147599311   } 
   nonlocal_energyvar { 100.3222276632279   } 
   autocorr_energy { } 
} 

block { 
   label dmc
   totweight 6963200
   nautocorr 0
   total_energy { -15.90514593435349   } 
   total_energyvar { 0.3794639103667949   } 
   weight { 0.9974523959406904   } 
   weightvar { 0.09863325628379099   } 
   kinetic_energy { 15.31344969800431   } 
   kinetic_energyvar { 206.5498168654002   } 
   potential_energy { -31.05232164808939   } 
   potential_energyvar { 347.7591090669977   } 
   nonlocal_energy { -0.1662739842683992   } 
   nonlocal_energyvar { 110.9833429477562   } 
   autocorr_energy { } 
} 

block { 
   label dmc
   totweight 6963200
   nautocorr 0
   total_energy { -15.90205450482396   } 
   total_energyvar { 0.3591776539411509   } 
   weight { 0.9975434984994291   } 
   weightvar { 0.097981390320815   } 
   kinetic_energy { 15.35877396886334   } 
   kinetic_energyvar { 206.3353184241542   } 
   potential_energy { -31.08965212413033   } 
   potential_energyvar { 342.0098219158326   } 
   nonlocal_energy { -0.1711763495569714   } 
   nonlocal_energyvar { 105.8331474253797   } 
   autocorr_energy { } 
} 

block { 
   label dmc
   totweight 6963200
   nautocorr 0
   total_energy { -15.90113983649816   } 
   total_energyvar { 0.3444966093612341   } 
   weight { 0.9966075119805563   } 
   weightvar { 0.09852231631968031   } 
   kinetic_energy { 15.36539213503404   } 
   kinetic_energyvar { 205.9294745286608   } 
   potential_energy { -31.08682301797079   } 
   potential_energyvar { 335.4445172515303   } 
   nonlocal_energy { -0.1797089535614093   } 
   nonlocal_energyvar { 100.2075848791645   } 
   autocorr_energy { } 
} 

block { 
   label dmc
   totweight 6963200
   nautocorr 0
   total_energy { -15.90301284061096   } 
   total_energyvar { 0.363450564667446   } 
   weight { 0.9971757133905415   } 
   weightvar { 0.09936074136505461   } 
   kinetic_energy { 15.38772735047116   } 
   kinetic_energyvar { 206.7979582360251   } 
   potential_energy { -31.1105632331799   } 
   potential_energyvar { 341.411624312293   } 
   nonlocal_energy { -0.1801769579022169   } 
   nonlocal_energyvar { 105.1286177109098   } 
   autocorr_energy { } 
} 

block { 
   label dmc
   totweight 6963200
   nautocorr 0
   total_energy { -15.90138801450979   } 
   total_energyvar { 0.3705862964479187   } 
   weight { 0.9963552844507737   } 
   weightvar { 0.09784878837197661   } 
   kinetic_energy { 15.41822208515474   } 
   kinetic_energyvar { 206.4378411607215   } 
   potential_energy { -31.14755781389155   } 
   potential_energyvar { 345.4164402302074   } 
   nonlocal_energy { -0.1720522857729741   } 
   nonlocal_energyvar { 108.8630772603366   } 
   autocorr_energy { } 
} 

block { 
   label dmc
   totweight 6963200
   nautocorr 0
   total_energy { -15.90065012734236   } 
   total_energyvar { 0.3433009104175265   } 
   weight { 0.9959539817397957   } 
   weightvar { 0.09825695230559116   } 
   kinetic_energy { 15.38614762906303   } 
   kinetic_energyvar { 205.7768101897677   } 
   potential_energy { -31.10586365408067   } 
   potential_energyvar { 333.8097195300917   } 
   nonlocal_energy { -0.1809341023247186   } 
   nonlocal_energyvar { 98.89908907767882   } 
   autocorr_energy { } 
} 

block { 
   label dmc
   totweight 6963200
   nautocorr 0
   total_energy { -15.90004712498223   } 
   total_energyvar { 0.3498796901874222   } 
   weight { 0.99524332047797   } 
   weightvar { 0.09805273733338171   } 
   kinetic_energy { 15.33236609699851   } 
   kinetic_energyvar { 206.5623833030369   } 
   potential_energy { -31.05788397369638   } 
   potential_energyvar { 339.3718419137069   } 
   nonlocal_energy { -0.1745292482843664   } 
   nonlocal_energyvar { 103.2547889329348   } 
   autocorr_energy { } 
} 

