#-------------------------------------------------
#DMC run: timestep 0.008
#-------------------------------------------------


init { 
   label dmc
}
block { 
   label dmc
   totweight 2176000
   nautocorr 0
   total_energy { -15.89157600846696   } 
   total_energyvar { 0.3351094685750078   } 
   weight { 1.052483144397026   } 
   weightvar { 0.0197435396747076   } 
   kinetic_energy { 13.61643877975827   } 
   kinetic_energyvar { 199.7596926045534   } 
   potential_energy { -29.3565902279643   } 
   potential_energyvar { 321.836496461555   } 
   nonlocal_energy { -0.1514245602609217   } 
   nonlocal_energyvar { 95.51755850197982   } 
   autocorr_energy { } 
} 

block { 
   label dmc
   totweight 2176000
   nautocorr 0
   total_energy { -15.9023817571314   } 
   total_energyvar { 0.4192655573148691   } 
   weight { 1.063109284575367   } 
   weightvar { 0.05805239309613813   } 
   kinetic_energy { 15.28382940977744   } 
   kinetic_energyvar { 206.9373176405167   } 
   potential_energy { -31.01432395886278   } 
   potential_energyvar { 355.9634566105101   } 
   nonlocal_energy { -0.1718872080460715   } 
   nonlocal_energyvar { 118.8111619726006   } 
   autocorr_energy { } 
} 

block { 
   label dmc
   totweight 2176000
   nautocorr 0
   total_energy { -15.9008211952715   } 
   total_energyvar { 0.3533148390628787   } 
   weight { 1.02453351739853   } 
   weightvar { 0.07745012875110426   } 
   kinetic_energy { 15.31351766253154   } 
   kinetic_energyvar { 206.0474236694171   } 
   potential_energy { -31.03411789478528   } 
   potential_energyvar { 337.6841404838918   } 
   nonlocal_energy { -0.1802209630177604   } 
   nonlocal_energyvar { 102.0272537468674   } 
   autocorr_energy { } 
} 

block { 
   label dmc
   totweight 2176000
   nautocorr 0
   total_energy { -15.9020316173383   } 
   total_energyvar { 0.3451555523101634   } 
   weight { 1.008749034221644   } 
   weightvar { 0.08762639144664865   } 
   kinetic_energy { 15.31276999612948   } 
   kinetic_energyvar { 206.8153377953838   } 
   potential_energy { -31.03052568307649   } 
   potential_energyvar { 335.525213337339   } 
   nonlocal_energy { -0.1842759303912911   } 
   nonlocal_energyvar { 99.14236617789051   } 
   autocorr_energy { } 
} 

block { 
   label dmc
   totweight 2176000
   nautocorr 0
   total_energy { -15.90119502639684   } 
   total_energyvar { 0.3596287448442996   } 
   weight { 1.002721613667743   } 
   weightvar { 0.09285431316917807   } 
   kinetic_energy { 15.35571231531421   } 
   kinetic_energyvar { 206.9717803975746   } 
   potential_energy { -31.07938235995328   } 
   potential_energyvar { 343.3579752894898   } 
   nonlocal_energy { -0.177524981757777   } 
   nonlocal_energyvar { 106.2522484071442   } 
   autocorr_energy { } 
} 

block { 
   label dmc
   totweight 2176000
   nautocorr 0
   total_energy { -15.89843786755714   } 
   total_energyvar { 0.3470163640146932   } 
   weight { 0.9986547168047357   } 
   weightvar { 0.09449703867328597   } 
   kinetic_energy { 15.37996466823177   } 
   kinetic_energyvar { 206.9121442515893   } 
   potential_energy { -31.1011938266817   } 
   potential_energyvar { 339.8351948158196   } 
   nonlocal_energy { -0.1772087091072218   } 
   nonlocal_energyvar { 102.9573224980183   } 
   autocorr_energy { } 
} 

block { 
   label dmc
   totweight 2176000
   nautocorr 0
   total_energy { -15.89841056204513   } 
   total_energyvar { 0.348586747979205   } 
   weight { 0.995476233763686   } 
   weightvar { 0.0953541814189597   } 
   kinetic_energy { 15.34838101048583   } 
   kinetic_energyvar { 206.0308899648719   } 
   potential_energy { -31.07046708770212   } 
   potential_energyvar { 339.9894984428827   } 
   nonlocal_energy { -0.1763244848288371   } 
   nonlocal_energyvar { 104.0646083559378   } 
   autocorr_energy { } 
} 

block { 
   label dmc
   totweight 2176000
   nautocorr 0
   total_energy { -15.89985142978845   } 
   total_energyvar { 0.3840610610098901   } 
   weight { 0.9950407435585047   } 
   weightvar { 0.09624538097223971   } 
   kinetic_energy { 15.35684656462139   } 
   kinetic_energyvar { 206.5461336079089   } 
   potential_energy { -31.08975763896994   } 
   potential_energyvar { 352.3428655764895   } 
   nonlocal_energy { -0.1669403554398851   } 
   nonlocal_energyvar { 115.088843173105   } 
   autocorr_energy { } 
} 

block { 
   label dmc
   totweight 2176000
   nautocorr 0
   total_energy { -15.9035706038   } 
   total_energyvar { 0.3690103506173745   } 
   weight { 0.996973391966174   } 
   weightvar { 0.09743366696123262   } 
   kinetic_energy { 15.38744042765664   } 
   kinetic_energyvar { 206.9476173221647   } 
   potential_energy { -31.12317007184395   } 
   potential_energyvar { 349.7932302410318   } 
   nonlocal_energy { -0.1678409596126806   } 
   nonlocal_energyvar { 112.608535585146   } 
   autocorr_energy { } 
} 

block { 
   label dmc
   totweight 2176000
   nautocorr 0
   total_energy { -15.90145011137655   } 
   total_energyvar { 0.3638421354683533   } 
   weight { 0.9978158034704495   } 
   weightvar { 0.09826241648250432   } 
   kinetic_energy { 15.389425192248   } 
   kinetic_energyvar { 206.4089229028214   } 
   potential_energy { -31.11767939450951   } 
   potential_energyvar { 346.6421033720369   } 
   nonlocal_energy { -0.1731959091150371   } 
   nonlocal_energyvar { 109.5705513731091   } 
   autocorr_energy { } 
} 

block { 
   label dmc
   totweight 2176000
   nautocorr 0
   total_energy { -15.89867915649363   } 
   total_energyvar { 0.3773974168711788   } 
   weight { 0.9959769195306243   } 
   weightvar { 0.09852702097427479   } 
   kinetic_energy { 15.42057451664618   } 
   kinetic_energyvar { 206.9242291830247   } 
   potential_energy { -31.14627981940653   } 
   potential_energyvar { 345.8119148668797   } 
   nonlocal_energy { -0.1729738537332727   } 
   nonlocal_energyvar { 108.7571131794621   } 
   autocorr_energy { } 
} 

block { 
   label dmc
   totweight 2176000
   nautocorr 0
   total_energy { -15.90440289847305   } 
   total_energyvar { 0.3370578487297888   } 
   weight { 0.9964519639090957   } 
   weightvar { 0.09816928088829655   } 
   kinetic_energy { 15.40475642717382   } 
   kinetic_energyvar { 207.2607270607143   } 
   potential_energy { -31.13230480623444   } 
   potential_energyvar { 331.669133629811   } 
   nonlocal_energy { -0.1768545194124284   } 
   nonlocal_energyvar { 94.98576465302929   } 
   autocorr_energy { } 
} 

block { 
   label dmc
   totweight 2176000
   nautocorr 0
   total_energy { -15.9030032630822   } 
   total_energyvar { 0.3454455255793681   } 
   weight { 0.9988008765110967   } 
   weightvar { 0.09691935831269609   } 
   kinetic_energy { 15.3741325873249   } 
   kinetic_energyvar { 206.4969142965399   } 
   potential_energy { -31.10033284791324   } 
   potential_energyvar { 341.0780988653805   } 
   nonlocal_energy { -0.1768030024938599   } 
   nonlocal_energyvar { 104.7180435962336   } 
   autocorr_energy { } 
} 

block { 
   label dmc
   totweight 2176000
   nautocorr 0
   total_energy { -15.9044508057254   } 
   total_energyvar { 0.335060456162656   } 
   weight { 0.9988175511770764   } 
   weightvar { 0.09692459114715934   } 
   kinetic_energy { 15.42049663687763   } 
   kinetic_energyvar { 206.4101310244995   } 
   potential_energy { -31.13933981003104   } 
   potential_energyvar { 327.8034426473656   } 
   nonlocal_energy { -0.1856076325719915   } 
   nonlocal_energyvar { 92.01504861163248   } 
   autocorr_energy { } 
} 

block { 
   label dmc
   totweight 2176000
   nautocorr 0
   total_energy { -15.89929876980446   } 
   total_energyvar { 0.3680315288453625   } 
   weight { 0.9971794193430155   } 
   weightvar { 0.096968439353917   } 
   kinetic_energy { 15.41578825405143   } 
   kinetic_energyvar { 206.698427988544   } 
   potential_energy { -31.1347801822253   } 
   potential_energyvar { 345.2130695107938   } 
   nonlocal_energy { -0.1803068416305832   } 
   nonlocal_energyvar { 108.2969057645647   } 
   autocorr_energy { } 
} 

block { 
   label dmc
   totweight 2176000
   nautocorr 0
   total_energy { -15.90048040966167   } 
   total_energyvar { 0.379664840079979   } 
   weight { 0.9949031998859509   } 
   weightvar { 0.09752334515132273   } 
   kinetic_energy { 15.29947123572432   } 
   kinetic_energyvar { 206.6181451324824   } 
   potential_energy { -31.02584831733504   } 
   potential_energyvar { 345.148794433447   } 
   nonlocal_energy { -0.174103328050961   } 
   nonlocal_energyvar { 108.9982161373366   } 
   autocorr_energy { } 
} 

block { 
   label dmc
   totweight 2176000
   nautocorr 0
   total_energy { -15.90267437400929   } 
   total_energyvar { 0.3641126651109298   } 
   weight { 0.9960876452866856   } 
   weightvar { 0.09920240968290078   } 
   kinetic_energy { 15.38544308574187   } 
   kinetic_energyvar { 207.3401123942358   } 
   potential_energy { -31.11231514459374   } 
   potential_energyvar { 343.7452995528103   } 
   nonlocal_energy { -0.1758023151574114   } 
   nonlocal_energyvar { 106.5400975089365   } 
   autocorr_energy { } 
} 

block { 
   label dmc
   totweight 2176000
   nautocorr 0
   total_energy { -15.90346456530999   } 
   total_energyvar { 0.3467693417995982   } 
   weight { 0.9981282977256491   } 
   weightvar { 0.09961664361447152   } 
   kinetic_energy { 15.30296928305956   } 
   kinetic_energyvar { 205.7594575688326   } 
   potential_energy { -31.02676933584218   } 
   potential_energyvar { 338.9355767239206   } 
   nonlocal_energy { -0.1796645125273696   } 
   nonlocal_energyvar { 103.9558099725367   } 
   autocorr_energy { } 
} 

block { 
   label dmc
   totweight 2176000
   nautocorr 0
   total_energy { -15.90364021545278   } 
   total_energyvar { 0.3571877386881513   } 
   weight { 0.9977463635165884   } 
   weightvar { 0.09810073470578601   } 
   kinetic_energy { 15.32253165007673   } 
   kinetic_energyvar { 206.6048736963268   } 
   potential_energy { -31.04009233563758   } 
   potential_energyvar { 336.5438588699425   } 
   nonlocal_energy { -0.1860795298919327   } 
   nonlocal_energyvar { 100.6687964779655   } 
   autocorr_energy { } 
} 

block { 
   label dmc
   totweight 2176000
   nautocorr 0
   total_energy { -15.90094103715114   } 
   total_energyvar { 0.3506260940426187   } 
   weight { 0.9973593364934793   } 
   weightvar { 0.09811115470479168   } 
   kinetic_energy { 15.29901635965299   } 
   kinetic_energyvar { 206.3608854329025   } 
   potential_energy { -31.01436281695323   } 
   potential_energyvar { 334.491098309223   } 
   nonlocal_energy { -0.1855945798509054   } 
   nonlocal_energyvar { 99.27423182915619   } 
   autocorr_energy { } 
} 

block { 
   label dmc
   totweight 2176000
   nautocorr 0
   total_energy { -15.90312294564555   } 
   total_energyvar { 0.4155027496718073   } 
   weight { 0.9970994169024465   } 
   weightvar { 0.09874757025112638   } 
   kinetic_energy { 15.27917084785416   } 
   kinetic_energyvar { 206.1197050117326   } 
   potential_energy { -30.99834863932417   } 
   potential_energyvar { 351.3317032117896   } 
   nonlocal_energy { -0.1839451541755365   } 
   nonlocal_energyvar { 116.1253897418451   } 
   autocorr_energy { } 
} 

block { 
   label dmc
   totweight 2176000
   nautocorr 0
   total_energy { -15.90023848191025   } 
   total_energyvar { 0.3725356888257679   } 
   weight { 0.9962403582319812   } 
   weightvar { 0.09901498324693968   } 
   kinetic_energy { 15.35014129073352   } 
   kinetic_energyvar { 205.9553186101702   } 
   potential_energy { -31.06818280425034   } 
   potential_energyvar { 347.7326758909066   } 
   nonlocal_energy { -0.1821969683934365   } 
   nonlocal_energyvar { 112.1227258579013   } 
   autocorr_energy { } 
} 

block { 
   label dmc
   totweight 2176000
   nautocorr 0
   total_energy { -15.90140103930323   } 
   total_energyvar { 0.3602920334819211   } 
   weight { 0.9958246012683086   } 
   weightvar { 0.09837638465378266   } 
   kinetic_energy { 15.37762896504563   } 
   kinetic_energyvar { 206.3486447742591   } 
   potential_energy { -31.10538095631065   } 
   potential_energyvar { 350.0230872652274   } 
   nonlocal_energy { -0.173649048038202   } 
   nonlocal_energyvar { 113.4613124820314   } 
   autocorr_energy { } 
} 

block { 
   label dmc
   totweight 2176000
   nautocorr 0
   total_energy { -15.89997300129399   } 
   total_energyvar { 0.3485935710047391   } 
   weight { 0.995073896000951   } 
   weightvar { 0.1000852020332523   } 
   kinetic_energy { 15.39703947210874   } 
   kinetic_energyvar { 207.3880582656979   } 
   potential_energy { -31.12710282289817   } 
   potential_energyvar { 341.271725947062   } 
   nonlocal_energy { -0.1699096505045632   } 
   nonlocal_energyvar { 103.5212822073506   } 
   autocorr_energy { } 
} 

block { 
   label dmc
   totweight 2176000
   nautocorr 0
   total_energy { -15.90454174510935   } 
   total_energyvar { 0.3411450548170822   } 
   weight { 0.9969033712691894   } 
   weightvar { 0.09864265304358551   } 
   kinetic_energy { 15.32642219430133   } 
   kinetic_energyvar { 206.4593449936741   } 
   potential_energy { -31.05661304627252   } 
   potential_energyvar { 337.7528612037462   } 
   nonlocal_energy { -0.1743508931381417   } 
   nonlocal_energyvar { 101.6577874819143   } 
   autocorr_energy { } 
} 

block { 
   label dmc
   totweight 2176000
   nautocorr 0
   total_energy { -15.90192553207901   } 
   total_energyvar { 0.3617030524275947   } 
   weight { 0.9968598286389206   } 
   weightvar { 0.09807145836530703   } 
   kinetic_energy { 15.40161223355499   } 
   kinetic_energyvar { 206.1731732583733   } 
   potential_energy { -31.12128582235737   } 
   potential_energyvar { 340.7626687705585   } 
   nonlocal_energy { -0.1822519432766266   } 
   nonlocal_energyvar { 104.8930606467664   } 
   autocorr_energy { } 
} 

block { 
   label dmc
   totweight 2176000
   nautocorr 0
   total_energy { -15.90003371494553   } 
   total_energyvar { 0.3396314201478552   } 
   weight { 0.996037022485274   } 
   weightvar { 0.09796921545230938   } 
   kinetic_energy { 15.45189083445209   } 
   kinetic_energyvar { 206.4297517029432   } 
   potential_energy { -31.16978283142184   } 
   potential_energyvar { 331.5919406195629   } 
   nonlocal_energy { -0.1821417179757694   } 
   nonlocal_energyvar { 95.49875457832729   } 
   autocorr_energy { } 
} 

block { 
   label dmc
   totweight 2176000
   nautocorr 0
   total_energy { -15.90156069269463   } 
   total_energyvar { 0.3438631621588034   } 
   weight { 0.9955327783315128   } 
   weightvar { 0.09679007881142442   } 
   kinetic_energy { 15.37845562555521   } 
   kinetic_energyvar { 206.6793003304269   } 
   potential_energy { -31.10132674567357   } 
   potential_energyvar { 341.8325296897342   } 
   nonlocal_energy { -0.1786895725762582   } 
   nonlocal_energyvar { 105.3448972127581   } 
   autocorr_energy { } 
} 

block { 
   label dmc
   totweight 2176000
   nautocorr 0
   total_energy { -15.9043567947861   } 
   total_energyvar { 0.3481915533362511   } 
   weight { 0.9970728800826479   } 
   weightvar { 0.09867774565344901   } 
   kinetic_energy { 15.36670472924282   } 
   kinetic_energyvar { 206.9095417026979   } 
   potential_energy { -31.08357652645847   } 
   potential_energyvar { 338.2658073311221   } 
   nonlocal_energy { -0.1874849975704638   } 
   nonlocal_energyvar { 102.1975505966346   } 
   autocorr_energy { } 
} 

block { 
   label dmc
   totweight 2176000
   nautocorr 0
   total_energy { -15.9008340943302   } 
   total_energyvar { 0.3575837951832879   } 
   weight { 0.997287063622929   } 
   weightvar { 0.0991516329318482   } 
   kinetic_energy { 15.35461627529945   } 
   kinetic_energyvar { 207.0236027872053   } 
   potential_energy { -31.0829988052858   } 
   potential_energyvar { 346.3871640970856   } 
   nonlocal_energy { -0.172451564343852   } 
   nonlocal_energyvar { 109.2400727031936   } 
   autocorr_energy { } 
} 

block { 
   label dmc
   totweight 2176000
   nautocorr 0
   total_energy { -15.90246361312472   } 
   total_energyvar { 0.4658468259296053   } 
   weight { 0.9965282590612389   } 
   weightvar { 0.09912236801559357   } 
   kinetic_energy { 15.33850978188266   } 
   kinetic_energyvar { 206.096714920118   } 
   potential_energy { -31.06462817080457   } 
   potential_energyvar { 369.7153079005524   } 
   nonlocal_energy { -0.1763452242028127   } 
   nonlocal_energyvar { 133.405548676863   } 
   autocorr_energy { } 
} 

block { 
   label dmc
   totweight 2176000
   nautocorr 0
   total_energy { -15.90306805304246   } 
   total_energyvar { 0.3535937098769451   } 
   weight { 0.9968554839899775   } 
   weightvar { 0.09788687688904338   } 
   kinetic_energy { 15.41773568138583   } 
   kinetic_energyvar { 206.2321181852582   } 
   potential_energy { -31.15101118967501   } 
   potential_energyvar { 344.135307724515   } 
   nonlocal_energy { -0.1697925447532813   } 
   nonlocal_energyvar { 107.8765051907632   } 
   autocorr_energy { } 
} 

block { 
   label dmc
   totweight 2176000
   nautocorr 0
   total_energy { -15.90242596234558   } 
   total_energyvar { 0.3408020375759377   } 
   weight { 0.9973263837387318   } 
   weightvar { 0.09849208142376448   } 
   kinetic_energy { 15.37060839826182   } 
   kinetic_energyvar { 207.021408862576   } 
   potential_energy { -31.08939070354392   } 
   potential_energyvar { 330.5676581783069   } 
   nonlocal_energy { -0.1836436570634792   } 
   nonlocal_energyvar { 94.49323104415043   } 
   autocorr_energy { } 
} 

block { 
   label dmc
   totweight 2176000
   nautocorr 0
   total_energy { -15.90316508142523   } 
   total_energyvar { 0.329699164048523   } 
   weight { 0.9974447879372264   } 
   weightvar { 0.09810260695591429   } 
   kinetic_energy { 15.33203737240543   } 
   kinetic_energyvar { 206.1659909679756   } 
   potential_energy { -31.04621782164569   } 
   potential_energyvar { 327.3150850143647   } 
   nonlocal_energy { -0.188984632184977   } 
   nonlocal_energyvar { 92.33610142726283   } 
   autocorr_energy { } 
} 

block { 
   label dmc
   totweight 2176000
   nautocorr 0
   total_energy { -15.90226527819246   } 
   total_energyvar { 0.4107942091588997   } 
   weight { 0.9971016097700228   } 
   weightvar { 0.0985230935115301   } 
   kinetic_energy { 15.37854874816498   } 
   kinetic_energyvar { 206.7671568019796   } 
   potential_energy { -31.10248919558818   } 
   potential_energyvar { 350.5167177404633   } 
   nonlocal_energy { -0.1783248307692555   } 
   nonlocal_energyvar { 113.8027588364734   } 
   autocorr_energy { } 
} 

block { 
   label dmc
   totweight 2176000
   nautocorr 0
   total_energy { -15.90006570110115   } 
   total_energyvar { 0.3677039701510613   } 
   weight { 0.9961487804888824   } 
   weightvar { 0.09786580265320531   } 
   kinetic_energy { 15.3870418705706   } 
   kinetic_energyvar { 205.9837565657609   } 
   potential_energy { -31.11446915766309   } 
   potential_energyvar { 351.7575025893555   } 
   nonlocal_energy { -0.1726384140086599   } 
   nonlocal_energyvar { 115.416157265706   } 
   autocorr_energy { } 
} 

block { 
   label dmc
   totweight 2176000
   nautocorr 0
   total_energy { -15.90212464234271   } 
   total_energyvar { 0.3363635844536958   } 
   weight { 0.9956545054008452   } 
   weightvar { 0.0978235117840582   } 
   kinetic_energy { 15.43424269373103   } 
   kinetic_energyvar { 207.178780507447   } 
   potential_energy { -31.15829541389819   } 
   potential_energyvar { 334.4031377511752   } 
   nonlocal_energy { -0.1780719221755541   } 
   nonlocal_energyvar { 97.5306901113252   } 
   autocorr_energy { } 
} 

block { 
   label dmc
   totweight 2176000
   nautocorr 0
   total_energy { -15.9001347065665   } 
   total_energyvar { 0.3494823719592058   } 
   weight { 0.9956670390431198   } 
   weightvar { 0.09733231899460189   } 
   kinetic_energy { 15.33959800824437   } 
   kinetic_energyvar { 206.4181613304822   } 
   potential_energy { -31.0664369171105   } 
   potential_energyvar { 339.3644711564386   } 
   nonlocal_energy { -0.1732957977003712   } 
   nonlocal_energyvar { 102.7521147462714   } 
   autocorr_energy { } 
} 

block { 
   label dmc
   totweight 2176000
   nautocorr 0
   total_energy { -15.90035402860484   } 
   total_energyvar { 0.3487330582883037   } 
   weight { 0.9946727365870734   } 
   weightvar { 0.09881685610802188   } 
   kinetic_energy { 15.33910408529746   } 
   kinetic_energyvar { 206.495594173602   } 
   potential_energy { -31.05186278818237   } 
   potential_energyvar { 333.1871849499075   } 
   nonlocal_energy { -0.187595325719937   } 
   nonlocal_energyvar { 97.73860988100469   } 
   autocorr_energy { } 
} 

block { 
   label dmc
   totweight 2176000
   nautocorr 0
   total_energy { -15.90285756756597   } 
   total_energyvar { 0.3522027780663723   } 
   weight { 0.9958941537442053   } 
   weightvar { 0.0994962129021793   } 
   kinetic_energy { 15.36333155989811   } 
   kinetic_energyvar { 206.644934678534   } 
   potential_energy { -31.07914507222385   } 
   potential_energyvar { 337.3113361862751   } 
   nonlocal_energy { -0.18704405524023   } 
   nonlocal_energyvar { 101.7191838446761   } 
   autocorr_energy { } 
} 

block { 
   label dmc
   totweight 2176000
   nautocorr 0
   total_energy { -15.90124202225598   } 
   total_energyvar { 0.3311103712955243   } 
   weight { 0.9967391527434288   } 
   weightvar { 0.09768558087273899   } 
   kinetic_energy { 15.37722535131783   } 
   kinetic_energyvar { 207.1910839501467   } 
   potential_energy { -31.09509572092526   } 
   potential_energyvar { 333.6328260057491   } 
   nonlocal_energy { -0.1833716526485534   } 
   nonlocal_energyvar { 97.48309247360636   } 
   autocorr_energy { } 
} 

block { 
   label dmc
   totweight 2176000
   nautocorr 0
   total_energy { -15.90064888414905   } 
   total_energyvar { 0.3788521102410407   } 
   weight { 0.9958408142228387   } 
   weightvar { 0.09741298358239049   } 
   kinetic_energy { 15.3195902327822   } 
   kinetic_energyvar { 206.3173378038917   } 
   potential_energy { -31.04979999434184   } 
   potential_energyvar { 348.0476585332412   } 
   nonlocal_energy { -0.1704391225894039   } 
   nonlocal_energyvar { 111.8013158744352   } 
   autocorr_energy { } 
} 

block { 
   label dmc
   totweight 2176000
   nautocorr 0
   total_energy { -15.89931291031582   } 
   total_energyvar { 0.3427243812778284   } 
   weight { 0.9949320264396541   } 
   weightvar { 0.09778093301806356   } 
   kinetic_energy { 15.32730678726097   } 
   kinetic_energyvar { 205.6845337783822   } 
   potential_energy { -31.05412522055006   } 
   potential_energyvar { 337.5389612729907   } 
   nonlocal_energy { -0.1724944770267257   } 
   nonlocal_energyvar { 102.3580953042629   } 
   autocorr_energy { } 
} 

block { 
   label dmc
   totweight 2176000
   nautocorr 0
   total_energy { -15.90349912014251   } 
   total_energyvar { 0.3560488954827472   } 
   weight { 0.9955534157860396   } 
   weightvar { 0.09803941991154268   } 
   kinetic_energy { 15.35546271685984   } 
   kinetic_energyvar { 206.7466596670082   } 
   potential_energy { -31.08395394260256   } 
   potential_energyvar { 340.1576023571005   } 
   nonlocal_energy { -0.1750078943997913   } 
   nonlocal_energyvar { 103.6624741421589   } 
   autocorr_energy { } 
} 

block { 
   label dmc
   totweight 2176000
   nautocorr 0
   total_energy { -15.90165506435469   } 
   total_energyvar { 0.3682879682152322   } 
   weight { 0.9965119826834262   } 
   weightvar { 0.09738066187322292   } 
   kinetic_energy { 15.40492792342606   } 
   kinetic_energyvar { 207.6323627806782   } 
   potential_energy { -31.13107550409935   } 
   potential_energyvar { 343.5900030656366   } 
   nonlocal_energy { -0.1755074836814013   } 
   nonlocal_energyvar { 105.988491878267   } 
   autocorr_energy { } 
} 

block { 
   label dmc
   totweight 2176000
   nautocorr 0
   total_energy { -15.90410428600874   } 
   total_energyvar { 0.3990214871221927   } 
   weight { 0.9969719966719702   } 
   weightvar { 0.09797669299900759   } 
   kinetic_energy { 15.32437010075573   } 
   kinetic_energyvar { 206.634195593364   } 
   potential_energy { -31.04778097007269   } 
   potential_energyvar { 351.782645810023   } 
   nonlocal_energy { -0.1806934166917921   } 
   nonlocal_energyvar { 115.568138388291   } 
   autocorr_energy { } 
} 

block { 
   label dmc
   totweight 2176000
   nautocorr 0
   total_energy { -15.90314170229527   } 
   total_energyvar { 0.3506457313230983   } 
   weight { 0.9978299640527754   } 
   weightvar { 0.09705467768597953   } 
   kinetic_energy { 15.34171488926512   } 
   kinetic_energyvar { 205.7176190405308   } 
   potential_energy { -31.06135215019379   } 
   potential_energyvar { 337.9469451177825   } 
   nonlocal_energy { -0.1835044413665977   } 
   nonlocal_energyvar { 103.3846840837307   } 
   autocorr_energy { } 
} 

block { 
   label dmc
   totweight 2176000
   nautocorr 0
   total_energy { -15.90290474338188   } 
   total_energyvar { 0.3987872443039571   } 
   weight { 0.9976383922213793   } 
   weightvar { 0.09743253116728132   } 
   kinetic_energy { 15.38506099819332   } 
   kinetic_energyvar { 205.9324325660567   } 
   potential_energy { -31.10373606928376   } 
   potential_energyvar { 349.6375488997017   } 
   nonlocal_energy { -0.1842296722914474   } 
   nonlocal_energyvar { 114.3503049749817   } 
   autocorr_energy { } 
} 

block { 
   label dmc
   totweight 2176000
   nautocorr 0
   total_energy { -15.90046280803965   } 
   total_energyvar { 0.3465942744036013   } 
   weight { 0.9965651322130273   } 
   weightvar { 0.09784000403953115   } 
   kinetic_energy { 15.43066128231661   } 
   kinetic_energyvar { 207.1274214290896   } 
   potential_energy { -31.15210733437373   } 
   potential_energyvar { 341.9147438953802   } 
   nonlocal_energy { -0.1790167559825243   } 
   nonlocal_energyvar { 105.0010968561362   } 
   autocorr_energy { } 
} 

block { 
   label dmc
   totweight 2176000
   nautocorr 0
   total_energy { -15.90047868825374   } 
   total_energyvar { 0.3444485226747735   } 
   weight { 0.9954082232394655   } 
   weightvar { 0.09778097980005936   } 
   kinetic_energy { 15.46405344581011   } 
   kinetic_energyvar { 207.2949940666579   } 
   potential_energy { -31.18753836727988   } 
   potential_energyvar { 338.2397358468024   } 
   nonlocal_energy { -0.1769937667839614   } 
   nonlocal_energyvar { 101.062811511069   } 
   autocorr_energy { } 
} 

block { 
   label dmc
   totweight 2176000
   nautocorr 0
   total_energy { -15.90058107694454   } 
   total_energyvar { 0.3788567804779843   } 
   weight { 0.9954019420425158   } 
   weightvar { 0.09733056588290896   } 
   kinetic_energy { 15.34025387319779   } 
   kinetic_energyvar { 206.7241730132734   } 
   potential_energy { -31.05693868471073   } 
   potential_energyvar { 343.1572174957936   } 
   nonlocal_energy { -0.1838962654315995   } 
   nonlocal_energyvar { 107.2609198862158   } 
   autocorr_energy { } 
} 

block { 
   label dmc
   totweight 2176000
   nautocorr 0
   total_energy { -15.90188013272688   } 
   total_energyvar { 0.3452524944147505   } 
   weight { 0.9958313504449017   } 
   weightvar { 0.09783898496140633   } 
   kinetic_energy { 15.38875204568042   } 
   kinetic_energyvar { 206.9074106914295   } 
   potential_energy { -31.10806320242812   } 
   potential_energyvar { 336.5866950486566   } 
   nonlocal_energy { -0.1825689759791878   } 
   nonlocal_energyvar { 99.97063596424198   } 
   autocorr_energy { } 
} 

block { 
   label dmc
   totweight 2176000
   nautocorr 0
   total_energy { -15.90042218584906   } 
   total_energyvar { 0.3464488399381017   } 
   weight { 0.9959282592873462   } 
   weightvar { 0.097763822204253   } 
   kinetic_energy { 15.36662285240051   } 
   kinetic_energyvar { 206.3945143101613   } 
   potential_energy { -31.09089384830467   } 
   potential_energyvar { 336.2709679270218   } 
   nonlocal_energy { -0.1761511899449074   } 
   nonlocal_energyvar { 99.93684934638179   } 
   autocorr_energy { } 
} 

block { 
   label dmc
   totweight 2176000
   nautocorr 0
   total_energy { -15.90163082233218   } 
   total_energyvar { 0.3779789596024654   } 
   weight { 0.9955056587530755   } 
   weightvar { 0.0981559897153228   } 
   kinetic_energy { 15.40645865680202   } 
   kinetic_energyvar { 206.0258334863614   } 
   potential_energy { -31.1317292348493   } 
   potential_energyvar { 344.1295567176051   } 
   nonlocal_energy { -0.1763602442849025   } 
   nonlocal_energyvar { 108.016647951778   } 
   autocorr_energy { } 
} 

block { 
   label dmc
   totweight 2176000
   nautocorr 0
   total_energy { -15.89930002299401   } 
   total_energyvar { 0.333903087965569   } 
   weight { 0.9949553256493084   } 
   weightvar { 0.09808313414740179   } 
   kinetic_energy { 15.36059361214867   } 
   kinetic_energyvar { 206.9191552532856   } 
   potential_energy { -31.07197829515809   } 
   potential_energyvar { 329.1644402584778   } 
   nonlocal_energy { -0.1879153399845915   } 
   nonlocal_energyvar { 93.29524580355408   } 
   autocorr_energy { } 
} 

block { 
   label dmc
   totweight 2176000
   nautocorr 0
   total_energy { -15.90126719847451   } 
   total_energyvar { 0.3782984086473838   } 
   weight { 0.994864433478603   } 
   weightvar { 0.09902124243169776   } 
   kinetic_energy { 15.40229424313175   } 
   kinetic_energyvar { 206.3678946710131   } 
   potential_energy { -31.12047455837421   } 
   potential_energyvar { 348.6877607395967   } 
   nonlocal_energy { -0.1830868832320429   } 
   nonlocal_energyvar { 112.7593948818259   } 
   autocorr_energy { } 
} 

block { 
   label dmc
   totweight 2176000
   nautocorr 0
   total_energy { -15.89929411653244   } 
   total_energyvar { 0.3316610398360023   } 
   weight { 0.9946372036023616   } 
   weightvar { 0.09933507074549998   } 
   kinetic_energy { 15.32547508549996   } 
   kinetic_energyvar { 206.4001134067776   } 
   potential_energy { -31.03107136559485   } 
   potential_energyvar { 328.6418089154661   } 
   nonlocal_energy { -0.1936978364375566   } 
   nonlocal_energyvar { 93.81307887056137   } 
   autocorr_energy { } 
} 

block { 
   label dmc
   totweight 2176000
   nautocorr 0
   total_energy { -15.90065839338172   } 
   total_energyvar { 0.3385755219651744   } 
   weight { 0.9950937936157752   } 
   weightvar { 0.09936715107870617   } 
   kinetic_energy { 15.35977969955714   } 
   kinetic_energyvar { 206.6192667885838   } 
   potential_energy { -31.08745724477722   } 
   potential_energyvar { 332.1297045331141   } 
   nonlocal_energy { -0.1729808481616495   } 
   nonlocal_energyvar { 95.54789097511214   } 
   autocorr_energy { } 
} 

block { 
   label dmc
   totweight 2176000
   nautocorr 0
   total_energy { -15.90183513670338   } 
   total_energyvar { 0.3629015928639954   } 
   weight { 0.9956432344048564   } 
   weightvar { 0.09823633403074709   } 
   kinetic_energy { 15.43353058124614   } 
   kinetic_energyvar { 206.4798034958152   } 
   potential_energy { -31.16483524855307   } 
   potential_energyvar { 345.1325540324179   } 
   nonlocal_energy { -0.1705304693964602   } 
   nonlocal_energyvar { 108.3149875224852   } 
   autocorr_energy { } 
} 

block { 
   label dmc
   totweight 2176000
   nautocorr 0
   total_energy { -15.90357696190335   } 
   total_energyvar { 0.3509804071139902   } 
   weight { 0.9966153939675607   } 
   weightvar { 0.09955529267222012   } 
   kinetic_energy { 15.41287531637658   } 
   kinetic_energyvar { 206.9296370612318   } 
   potential_energy { -31.13340969415306   } 
   potential_energyvar { 338.0091671561308   } 
   nonlocal_energy { -0.1830425841268736   } 
   nonlocal_energyvar { 101.3827734744664   } 
   autocorr_energy { } 
} 

block { 
   label dmc
   totweight 2176000
   nautocorr 0
   total_energy { -15.90091307380816   } 
   total_energyvar { 0.3432785434044136   } 
   weight { 0.9966611163627813   } 
   weightvar { 0.09893695835767978   } 
   kinetic_energy { 15.42079736762173   } 
   kinetic_energyvar { 206.6418394850253   } 
   potential_energy { -31.15075869989714   } 
   potential_energyvar { 342.6887351893218   } 
   nonlocal_energy { -0.1709517415327476   } 
   nonlocal_energyvar { 105.9199411970998   } 
   autocorr_energy { } 
} 

block { 
   label dmc
   totweight 2176000
   nautocorr 0
   total_energy { -15.90435317893026   } 
   total_energyvar { 0.3372875939259677   } 
   weight { 0.996631116950529   } 
   weightvar { 0.09823987359960434   } 
   kinetic_energy { 15.42149708109714   } 
   kinetic_energyvar { 207.2035819696415   } 
   potential_energy { -31.14372067240879   } 
   potential_energyvar { 333.7707881841333   } 
   nonlocal_energy { -0.1821295876186112   } 
   nonlocal_energyvar { 97.24928924982302   } 
   autocorr_energy { } 
} 

block { 
   label dmc
   totweight 2176000
   nautocorr 0
   total_energy { -15.90096440283405   } 
   total_energyvar { 0.349950671439167   } 
   weight { 0.9974187307529166   } 
   weightvar { 0.09859537995681905   } 
   kinetic_energy { 15.37280116558336   } 
   kinetic_energyvar { 206.8625636902308   } 
   potential_energy { -31.08537331472088   } 
   potential_energyvar { 336.2053153217445   } 
   nonlocal_energy { -0.1883922536965356   } 
   nonlocal_energyvar { 99.99468369085844   } 
   autocorr_energy { } 
} 

block { 
   label dmc
   totweight 2176000
   nautocorr 0
   total_energy { -15.9031675738665   } 
   total_energyvar { 0.3437168310721347   } 
   weight { 0.996725274772018   } 
   weightvar { 0.09719000914847417   } 
   kinetic_energy { 15.35341144798411   } 
   kinetic_energyvar { 206.261334206007   } 
   potential_energy { -31.07926251146541   } 
   potential_energyvar { 332.9012925189709   } 
   nonlocal_energy { -0.1773165103852036   } 
   nonlocal_energyvar { 97.02472246303724   } 
   autocorr_energy { } 
} 

block { 
   label dmc
   totweight 2176000
   nautocorr 0
   total_energy { -15.90015265606264   } 
   total_energyvar { 0.3543249207722216   } 
   weight { 0.996191957919962   } 
   weightvar { 0.09667050238381378   } 
   kinetic_energy { 15.40517734293016   } 
   kinetic_energyvar { 206.2940620760795   } 
   potential_energy { -31.12638602048056   } 
   potential_energyvar { 341.8483975757056   } 
   nonlocal_energy { -0.1789439785122412   } 
   nonlocal_energyvar { 105.5570548974789   } 
   autocorr_energy { } 
} 

block { 
   label dmc
   totweight 2176000
   nautocorr 0
   total_energy { -15.90119842292607   } 
   total_energyvar { 0.3416561012984761   } 
   weight { 0.9958307923632421   } 
   weightvar { 0.09721742455754745   } 
   kinetic_energy { 15.40802166538938   } 
   kinetic_energyvar { 206.2056988050826   } 
   potential_energy { -31.14196550675915   } 
   potential_energyvar { 339.8593560381103   } 
   nonlocal_energy { -0.1672545815562955   } 
   nonlocal_energyvar { 103.1108088838347   } 
   autocorr_energy { } 
} 

block { 
   label dmc
   totweight 2176000
   nautocorr 0
   total_energy { -15.902058165362   } 
   total_energyvar { 0.3581954229924436   } 
   weight { 0.9961344932129437   } 
   weightvar { 0.09854905752404942   } 
   kinetic_energy { 15.38219275729909   } 
   kinetic_energyvar { 206.4939531072508   } 
   potential_energy { -31.11292546150125   } 
   potential_energyvar { 346.0399884945996   } 
   nonlocal_energy { -0.1713254611598366   } 
   nonlocal_energyvar { 109.3574534590135   } 
   autocorr_energy { } 
} 

block { 
   label dmc
   totweight 2176000
   nautocorr 0
   total_energy { -15.90355934798856   } 
   total_energyvar { 0.4685023052732389   } 
   weight { 0.9965586988875995   } 
   weightvar { 0.09794599555770153   } 
   kinetic_energy { 15.35831827800914   } 
   kinetic_energyvar { 207.3224722587366   } 
   potential_energy { -31.07877873295001   } 
   potential_energyvar { 370.1105815059216   } 
   nonlocal_energy { -0.1830988930476951   } 
   nonlocal_energyvar { 132.9992386203592   } 
   autocorr_energy { } 
} 

block { 
   label dmc
   totweight 2176000
   nautocorr 0
   total_energy { -15.90373623530922   } 
   total_energyvar { 0.3638683688139276   } 
   weight { 0.997716783685073   } 
   weightvar { 0.09855830808677334   } 
   kinetic_energy { 15.36838309912973   } 
   kinetic_energyvar { 206.968043634759   } 
   potential_energy { -31.08247687292817   } 
   potential_energyvar { 340.2571136519334   } 
   nonlocal_energy { -0.1896424615107717   } 
   nonlocal_energyvar { 104.0104260795394   } 
   autocorr_energy { } 
} 

block { 
   label dmc
   totweight 2176000
   nautocorr 0
   total_energy { -15.90374908022062   } 
   total_energyvar { 0.3331909292885185   } 
   weight { 0.9983733507419353   } 
   weightvar { 0.09893854336700901   } 
   kinetic_energy { 15.32029633348127   } 
   kinetic_energyvar { 206.1050354518107   } 
   potential_energy { -31.0367988983974   } 
   potential_energyvar { 327.7188910327354   } 
   nonlocal_energy { -0.1872465153044877   } 
   nonlocal_energyvar { 92.7041730402027   } 
   autocorr_energy { } 
} 

block { 
   label dmc
   totweight 2176000
   nautocorr 0
   total_energy { -15.90256676593402   } 
   total_energyvar { 0.3535570515276139   } 
   weight { 0.9974742335759297   } 
   weightvar { 0.0981995910917202   } 
   kinetic_energy { 15.39125623270267   } 
   kinetic_energyvar { 206.8571664833862   } 
   potential_energy { -31.1220528378284   } 
   potential_energyvar { 345.3544446862733   } 
   nonlocal_energy { -0.1717701608082902   } 
   nonlocal_energyvar { 108.2768286220006   } 
   autocorr_energy { } 
} 

block { 
   label dmc
   totweight 2176000
   nautocorr 0
   total_energy { -15.90222771205066   } 
   total_energyvar { 0.3348781107019771   } 
   weight { 0.9967749247036207   } 
   weightvar { 0.09879764091561936   } 
   kinetic_energy { 15.2968122028701   } 
   kinetic_energyvar { 205.543386776774   } 
   potential_energy { -31.01313183730656   } 
   potential_energyvar { 327.2280328913046   } 
   nonlocal_energy { -0.1859080776142095   } 
   nonlocal_energyvar { 92.63860524322391   } 
   autocorr_energy { } 
} 

block { 
   label dmc
   totweight 2176000
   nautocorr 0
   total_energy { -15.90313507323038   } 
   total_energyvar { 0.3669290840773468   } 
   weight { 0.9973052437409426   } 
   weightvar { 0.09824168306021053   } 
   kinetic_energy { 15.34927340181448   } 
   kinetic_energyvar { 205.4600964023083   } 
   potential_energy { -31.07661184349686   } 
   potential_energyvar { 348.6223412239401   } 
   nonlocal_energy { -0.1757966315480075   } 
   nonlocal_energyvar { 113.0460124071194   } 
   autocorr_energy { } 
} 

block { 
   label dmc
   totweight 2176000
   nautocorr 0
   total_energy { -15.90390549890369   } 
   total_energyvar { 0.3446624213097747   } 
   weight { 0.9977145981899448   } 
   weightvar { 0.09819919540661033   } 
   kinetic_energy { 15.39868635883997   } 
   kinetic_energyvar { 206.5838058435887   } 
   potential_energy { -31.12496022614856   } 
   potential_energyvar { 334.6877486713035   } 
   nonlocal_energy { -0.1776316315950954   } 
   nonlocal_energyvar { 98.09101374583503   } 
   autocorr_energy { } 
} 

block { 
   label dmc
   totweight 2176000
   nautocorr 0
   total_energy { -15.90035637728306   } 
   total_energyvar { 0.3882519215975194   } 
   weight { 0.9963484324314559   } 
   weightvar { 0.1000679027998074   } 
   kinetic_energy { 15.33889356637362   } 
   kinetic_energyvar { 206.0196904812734   } 
   potential_energy { -31.06658104069994   } 
   potential_energyvar { 353.8044409878706   } 
   nonlocal_energy { -0.1726689029567455   } 
   nonlocal_energyvar { 117.7196814600561   } 
   autocorr_energy { } 
} 

block { 
   label dmc
   totweight 2176000
   nautocorr 0
   total_energy { -15.90132243026662   } 
   total_energyvar { 0.3312158308544894   } 
   weight { 0.9956967695183652   } 
   weightvar { 0.09892118836536616   } 
   kinetic_energy { 15.3482397531222   } 
   kinetic_energyvar { 206.1267562037704   } 
   potential_energy { -31.05593880684988   } 
   potential_energyvar { 331.996399714388   } 
   nonlocal_energy { -0.1936233765389369   } 
   nonlocal_energyvar { 97.33103391238876   } 
   autocorr_energy { } 
} 

block { 
   label dmc
   totweight 2176000
   nautocorr 0
   total_energy { -15.90223160610737   } 
   total_energyvar { 0.3482881342249526   } 
   weight { 0.9966732781393961   } 
   weightvar { 0.09877571959379543   } 
   kinetic_energy { 15.3710003094503   } 
   kinetic_energyvar { 206.8380275366573   } 
   potential_energy { -31.10474706828098   } 
   potential_energyvar { 341.4783624350942   } 
   nonlocal_energy { -0.16848484727669   } 
   nonlocal_energyvar { 104.7148471184128   } 
   autocorr_energy { } 
} 

block { 
   label dmc
   totweight 2176000
   nautocorr 0
   total_energy { -15.90277835832443   } 
   total_energyvar { 0.3421478690497835   } 
   weight { 0.9969524850274435   } 
   weightvar { 0.09705023543705903   } 
   kinetic_energy { 15.34480094485221   } 
   kinetic_energyvar { 206.3236902053502   } 
   potential_energy { -31.07603596894316   } 
   potential_energyvar { 338.0111198650443   } 
   nonlocal_energy { -0.1715433342334793   } 
   nonlocal_energyvar { 101.6954504555852   } 
   autocorr_energy { } 
} 

block { 
   label dmc
   totweight 2176000
   nautocorr 0
   total_energy { -15.90062877460017   } 
   total_energyvar { 0.3860873645888922   } 
   weight { 0.9958764944698414   } 
   weightvar { 0.09792205738864124   } 
   kinetic_energy { 15.39158264255685   } 
   kinetic_energyvar { 206.9856286909038   } 
   potential_energy { -31.10976653952629   } 
   potential_energyvar { 347.6010516852405   } 
   nonlocal_energy { -0.18244487763072   } 
   nonlocal_energyvar { 111.0938135127422   } 
   autocorr_energy { } 
} 

block { 
   label dmc
   totweight 2176000
   nautocorr 0
   total_energy { -15.90305273781261   } 
   total_energyvar { 0.3361956093388799   } 
   weight { 0.9965194523235127   } 
   weightvar { 0.09936978850182877   } 
   kinetic_energy { 15.32106819730074   } 
   kinetic_energyvar { 206.0164876893956   } 
   potential_energy { -31.03642229231946   } 
   potential_energyvar { 328.233616312899   } 
   nonlocal_energy { -0.1876986427938912   } 
   nonlocal_energyvar { 93.50095203716489   } 
   autocorr_energy { } 
} 

block { 
   label dmc
   totweight 2176000
   nautocorr 0
   total_energy { -15.90218374007197   } 
   total_energyvar { 0.3412415577375689   } 
   weight { 0.996575884034701   } 
   weightvar { 0.0990336962029737   } 
   kinetic_energy { 15.3509082454392   } 
   kinetic_energyvar { 206.3568043742258   } 
   potential_energy { -31.08148437748774   } 
   potential_energyvar { 335.6763782235854   } 
   nonlocal_energy { -0.1716076080234136   } 
   nonlocal_energyvar { 99.70270323490067   } 
   autocorr_energy { } 
} 

block { 
   label dmc
   totweight 2176000
   nautocorr 0
   total_energy { -15.90251594770352   } 
   total_energyvar { 0.3977720241507733   } 
   weight { 0.9966576843458919   } 
   weightvar { 0.09862395453677905   } 
   kinetic_energy { 15.36780375279289   } 
   kinetic_energyvar { 206.3826766923715   } 
   potential_energy { -31.09917450578009   } 
   potential_energyvar { 353.6671697005771   } 
   nonlocal_energy { -0.1711451947163214   } 
   nonlocal_energyvar { 117.3099528557297   } 
   autocorr_energy { } 
} 

block { 
   label dmc
   totweight 2176000
   nautocorr 0
   total_energy { -15.90036404834328   } 
   total_energyvar { 0.3564743945604906   } 
   weight { 0.9963051799291994   } 
   weightvar { 0.0978462172873963   } 
   kinetic_energy { 15.3667550123988   } 
   kinetic_energyvar { 206.4613531915087   } 
   potential_energy { -31.08413405495366   } 
   potential_energyvar { 342.3916026128712   } 
   nonlocal_energy { -0.182985005788425   } 
   nonlocal_energyvar { 106.3433591671924   } 
   autocorr_energy { } 
} 

block { 
   label dmc
   totweight 2176000
   nautocorr 0
   total_energy { -15.90175013579534   } 
   total_energyvar { 0.3388023689619626   } 
   weight { 0.9952222382150632   } 
   weightvar { 0.09809007011107766   } 
   kinetic_energy { 15.33275625058284   } 
   kinetic_energyvar { 205.6782684817249   } 
   potential_energy { -31.05302413580823   } 
   potential_energyvar { 335.4432617976733   } 
   nonlocal_energy { -0.1814822505699437   } 
   nonlocal_energyvar { 100.4569317235932   } 
   autocorr_energy { } 
} 

block { 
   label dmc
   totweight 2176000
   nautocorr 0
   total_energy { -15.90464480199717   } 
   total_energyvar { 0.341418291475432   } 
   weight { 0.9970617975496797   } 
   weightvar { 0.09824477482896476   } 
   kinetic_energy { 15.35517915546281   } 
   kinetic_energyvar { 206.1687081553677   } 
   potential_energy { -31.08925657422951   } 
   potential_energyvar { 333.9544194802118   } 
   nonlocal_energy { -0.1705673832304672   } 
   nonlocal_energyvar { 97.41356695116319   } 
   autocorr_energy { } 
} 

block { 
   label dmc
   totweight 2176000
   nautocorr 0
   total_energy { -15.90331872117043   } 
   total_energyvar { 0.3542394634181212   } 
   weight { 0.9979629658316254   } 
   weightvar { 0.09748999384113458   } 
   kinetic_energy { 15.39966137370593   } 
   kinetic_energyvar { 206.4542451497973   } 
   potential_energy { -31.13131546353859   } 
   potential_energyvar { 338.5638649095607   } 
   nonlocal_energy { -0.171664631337773   } 
   nonlocal_energyvar { 101.9023958153542   } 
   autocorr_energy { } 
} 

block { 
   label dmc
   totweight 2176000
   nautocorr 0
   total_energy { -15.90130259747433   } 
   total_energyvar { 0.3387984425687662   } 
   weight { 0.9969483531090509   } 
   weightvar { 0.09679222465791691   } 
   kinetic_energy { 15.37267748818419   } 
   kinetic_energyvar { 206.3174361614414   } 
   potential_energy { -31.0904721028839   } 
   potential_energyvar { 335.386916315358   } 
   nonlocal_energy { -0.1835079827746185   } 
   nonlocal_energyvar { 99.86996928090208   } 
   autocorr_energy { } 
} 

block { 
   label dmc
   totweight 2176000
   nautocorr 0
   total_energy { -15.90306831712524   } 
   total_energyvar { 0.350781690934177   } 
   weight { 0.996881833386034   } 
   weightvar { 0.09702847066440293   } 
   kinetic_energy { 15.34328444017957   } 
   kinetic_energyvar { 206.3502022999456   } 
   potential_energy { -31.06757563830488   } 
   potential_energyvar { 336.3031141576406   } 
   nonlocal_energy { -0.1787771189999224   } 
   nonlocal_energyvar { 100.2340542769184   } 
   autocorr_energy { } 
} 

block { 
   label dmc
   totweight 2176000
   nautocorr 0
   total_energy { -15.90340850487997   } 
   total_energyvar { 0.3498473109265895   } 
   weight { 0.997154617622768   } 
   weightvar { 0.09656340454509532   } 
   kinetic_energy { 15.3968904514751   } 
   kinetic_energyvar { 207.0810027199413   } 
   potential_energy { -31.12952133139074   } 
   potential_energyvar { 340.6986031517782   } 
   nonlocal_energy { -0.1707776249643258   } 
   nonlocal_energyvar { 103.4261058371088   } 
   autocorr_energy { } 
} 

block { 
   label dmc
   totweight 2176000
   nautocorr 0
   total_energy { -15.90255472386219   } 
   total_energyvar { 0.3666413463849154   } 
   weight { 0.9974972604999727   } 
   weightvar { 0.09752213767451025   } 
   kinetic_energy { 15.39722676757462   } 
   kinetic_energyvar { 207.0089647602926   } 
   potential_energy { -31.11862158785079   } 
   potential_energyvar { 343.6449889725184   } 
   nonlocal_energy { -0.1811599035860205   } 
   nonlocal_energyvar { 106.8177867409955   } 
   autocorr_energy { } 
} 

block { 
   label dmc
   totweight 2176000
   nautocorr 0
   total_energy { -15.8993493375029   } 
   total_energyvar { 0.4073039409882629   } 
   weight { 0.9958748143004948   } 
   weightvar { 0.09699219385707689   } 
   kinetic_energy { 15.44683472795807   } 
   kinetic_energyvar { 207.288916568022   } 
   potential_energy { -31.16596856820531   } 
   potential_energyvar { 355.3821826852928   } 
   nonlocal_energy { -0.1802154972556652   } 
   nonlocal_energyvar { 118.3655946632081   } 
   autocorr_energy { } 
} 

block { 
   label dmc
   totweight 2176000
   nautocorr 0
   total_energy { -15.90330213009283   } 
   total_energyvar { 0.3420578684149977   } 
   weight { 0.995603250729325   } 
   weightvar { 0.09875083546064616   } 
   kinetic_energy { 15.37931138753575   } 
   kinetic_energyvar { 206.3821832690078   } 
   potential_energy { -31.11172289481961   } 
   potential_energyvar { 337.1336215998176   } 
   nonlocal_energy { -0.170890622808978   } 
   nonlocal_energyvar { 100.5457639949593   } 
   autocorr_energy { } 
} 

block { 
   label dmc
   totweight 2176000
   nautocorr 0
   total_energy { -15.90038205914266   } 
   total_energyvar { 0.3418694402997937   } 
   weight { 0.9958455193412751   } 
   weightvar { 0.09859013383406054   } 
   kinetic_energy { 15.30324493086452   } 
   kinetic_energyvar { 205.6209811495415   } 
   potential_energy { -31.02789656994587   } 
   potential_energyvar { 337.6365306462754   } 
   nonlocal_energy { -0.1757304200613151   } 
   nonlocal_energyvar { 102.5175389201051   } 
   autocorr_energy { } 
} 

block { 
   label dmc
   totweight 2176000
   nautocorr 0
   total_energy { -15.90303105115615   } 
   total_energyvar { 0.786831462260668   } 
   weight { 0.9956737698320296   } 
   weightvar { 0.09855725274344222   } 
   kinetic_energy { 15.43262305841557   } 
   kinetic_energyvar { 208.2555643681598   } 
   potential_energy { -31.16566400389068   } 
   potential_energyvar { 425.7483023962632   } 
   nonlocal_energy { -0.1699901056810505   } 
   nonlocal_energyvar { 187.2137922547486   } 
   autocorr_energy { } 
} 

block { 
   label dmc
   totweight 2176000
   nautocorr 0
   total_energy { -15.90335199415902   } 
   total_energyvar { 0.3418057688423359   } 
   weight { 0.9972305898706217   } 
   weightvar { 0.09879796536381066   } 
   kinetic_energy { 15.29350333274102   } 
   kinetic_energyvar { 206.4013260272308   } 
   potential_energy { -31.0268420705006   } 
   potential_energyvar { 335.0533520710696   } 
   nonlocal_energy { -0.1700132563994511   } 
   nonlocal_energyvar { 98.76621214883521   } 
   autocorr_energy { } 
} 

block { 
   label dmc
   totweight 2176000
   nautocorr 0
   total_energy { -15.90126182033688   } 
   total_energyvar { 0.3405664822189963   } 
   weight { 0.9970509501203277   } 
   weightvar { 0.09720042272508543   } 
   kinetic_energy { 15.33164965892042   } 
   kinetic_energyvar { 205.9409534508002   } 
   potential_energy { -31.05694284752996   } 
   potential_energyvar { 340.0509914383098   } 
   nonlocal_energy { -0.1759686317273359   } 
   nonlocal_energyvar { 104.0930047697725   } 
   autocorr_energy { } 
} 

block { 
   label dmc
   totweight 2176000
   nautocorr 0
   total_energy { -15.90076681871637   } 
   total_energyvar { 0.3399946134182665   } 
   weight { 0.9956447004239025   } 
   weightvar { 0.09705058493886419   } 
   kinetic_energy { 15.46796019247141   } 
   kinetic_energyvar { 207.3312309031205   } 
   potential_energy { -31.20263310411084   } 
   potential_energyvar { 342.7421069271748   } 
   nonlocal_energy { -0.1660939070769434   } 
   nonlocal_energyvar { 104.6054610649653   } 
   autocorr_energy { } 
} 

block { 
   label dmc
   totweight 2176000
   nautocorr 0
   total_energy { -15.9031245423449   } 
   total_energyvar { 0.3529175920276409   } 
   weight { 0.9958269186388643   } 
   weightvar { 0.09636897718184462   } 
   kinetic_energy { 15.37866236097955   } 
   kinetic_energyvar { 206.8953656846302   } 
   potential_energy { -31.10507607114082   } 
   potential_energyvar { 341.0241236296845   } 
   nonlocal_energy { -0.1767108321836285   } 
   nonlocal_energyvar { 104.4563351768709   } 
   autocorr_energy { } 
} 

block { 
   label dmc
   totweight 2176000
   nautocorr 0
   total_energy { -15.90294120652601   } 
   total_energyvar { 0.3931298439258726   } 
   weight { 0.9966468971631195   } 
   weightvar { 0.09722331728118014   } 
   kinetic_energy { 15.38291466669167   } 
   kinetic_energyvar { 206.6429199629061   } 
   potential_energy { -31.12507090470211   } 
   potential_energyvar { 357.6854056857098   } 
   nonlocal_energy { -0.1607849685155554   } 
   nonlocal_energyvar { 119.8982831248967   } 
   autocorr_energy { } 
} 

block { 
   label dmc
   totweight 2176000
   nautocorr 0
   total_energy { -15.90376568468906   } 
   total_energyvar { 0.3674790642696709   } 
   weight { 0.9976943742234865   } 
   weightvar { 0.09817389068902196   } 
   kinetic_energy { 15.42154757674438   } 
   kinetic_energyvar { 206.7873432033615   } 
   potential_energy { -31.14368654751344   } 
   potential_energyvar { 344.5182763176932   } 
   nonlocal_energy { -0.1816267139200036   } 
   nonlocal_energyvar { 107.9169707489114   } 
   autocorr_energy { } 
} 

block { 
   label dmc
   totweight 2176000
   nautocorr 0
   total_energy { -15.90348539877132   } 
   total_energyvar { 3.127643006743997   } 
   weight { 0.9972483326774142   } 
   weightvar { 0.09789630375710204   } 
   kinetic_energy { 15.35440364843891   } 
   kinetic_energyvar { 208.5445728499967   } 
   potential_energy { -31.08460569800376   } 
   potential_energyvar { 837.8922084109377   } 
   nonlocal_energy { -0.1732833492064639   } 
   nonlocal_energyvar { 601.1796492540233   } 
   autocorr_energy { } 
} 

block { 
   label dmc
   totweight 2176000
   nautocorr 0
   total_energy { -15.90334149412611   } 
   total_energyvar { 0.3362958941321421   } 
   weight { 0.997788532483697   } 
   weightvar { 0.09730500240132511   } 
   kinetic_energy { 15.40546541820734   } 
   kinetic_energyvar { 207.201375210217   } 
   potential_energy { -31.11976828460036   } 
   potential_energyvar { 331.9985691805446   } 
   nonlocal_energy { -0.189038627733099   } 
   nonlocal_energyvar { 95.76109218815857   } 
   autocorr_energy { } 
} 

block { 
   label dmc
   totweight 2176000
   nautocorr 0
   total_energy { -15.90375590038283   } 
   total_energyvar { 0.3777202419969298   } 
   weight { 0.997984067883812   } 
   weightvar { 0.0976038398440438   } 
   kinetic_energy { 15.36021509063221   } 
   kinetic_energyvar { 206.5046856395158   } 
   potential_energy { -31.08572705390739   } 
   potential_energyvar { 347.987868713985   } 
   nonlocal_energy { -0.1782439371076557   } 
   nonlocal_energyvar { 111.7855534180665   } 
   autocorr_energy { } 
} 

block { 
   label dmc
   totweight 2176000
   nautocorr 0
   total_energy { -15.9031978233278   } 
   total_energyvar { 0.341433641555891   } 
   weight { 0.9980622383787875   } 
   weightvar { 0.09691843540648735   } 
   kinetic_energy { 15.37545920714736   } 
   kinetic_energyvar { 206.2390546281369   } 
   potential_energy { -31.10558880411342   } 
   potential_energyvar { 336.5313064045227   } 
   nonlocal_energy { -0.1730682263617399   } 
   nonlocal_energyvar { 100.4175085880544   } 
   autocorr_energy { } 
} 

block { 
   label dmc
   totweight 2176000
   nautocorr 0
   total_energy { -15.90314379649569   } 
   total_energyvar { 0.4468070663254592   } 
   weight { 0.9971682974525089   } 
   weightvar { 0.09788625531578816   } 
   kinetic_energy { 15.36764610052936   } 
   kinetic_energyvar { 205.9768126367613   } 
   potential_energy { -31.09677459455271   } 
   potential_energyvar { 364.8147828717475   } 
   nonlocal_energy { -0.1740153024723494   } 
   nonlocal_energyvar { 128.6443654785928   } 
   autocorr_energy { } 
} 

block { 
   label dmc
   totweight 2176000
   nautocorr 0
   total_energy { -15.90230173966413   } 
   total_energyvar { 0.3528681197100826   } 
   weight { 0.9974386153967978   } 
   weightvar { 0.09774676421533778   } 
   kinetic_energy { 15.37493548260742   } 
   kinetic_energyvar { 206.2643935430665   } 
   potential_energy { -31.0969721671311   } 
   potential_energyvar { 340.7938302878042   } 
   nonlocal_energy { -0.1802650551404564   } 
   nonlocal_energyvar { 104.8919053168711   } 
   autocorr_energy { } 
} 

block { 
   label dmc
   totweight 2176000
   nautocorr 0
   total_energy { -15.90124720590962   } 
   total_energyvar { 0.3756069220596302   } 
   weight { 0.9964839053973515   } 
   weightvar { 0.0984229172091577   } 
   kinetic_energy { 15.36487542766243   } 
   kinetic_energyvar { 206.125928654808   } 
   potential_energy { -31.08475168128374   } 
   potential_energyvar { 344.4160673469102   } 
   nonlocal_energy { -0.1813709522883052   } 
   nonlocal_energyvar { 108.9500041159066   } 
   autocorr_energy { } 
} 

block { 
   label dmc
   totweight 2176000
   nautocorr 0
   total_energy { -15.90257624676906   } 
   total_energyvar { 0.3395723552856167   } 
   weight { 0.9962975936054733   } 
   weightvar { 0.09898909972707941   } 
   kinetic_energy { 15.36919499219943   } 
   kinetic_energyvar { 205.9045431925169   } 
   potential_energy { -31.08864625947428   } 
   potential_energyvar { 334.0736360556232   } 
   nonlocal_energy { -0.1831249794942043   } 
   nonlocal_energyvar { 98.74644767642629   } 
   autocorr_energy { } 
} 

block { 
   label dmc
   totweight 2176000
   nautocorr 0
   total_energy { -15.90358646241821   } 
   total_energyvar { 0.3449299865358242   } 
   weight { 0.9969480577260897   } 
   weightvar { 0.09980399376066476   } 
   kinetic_energy { 15.41702168108312   } 
   kinetic_energyvar { 206.3477115254605   } 
   potential_energy { -31.14792145452628   } 
   potential_energyvar { 337.3332125844741   } 
   nonlocal_energy { -0.1726866889750429   } 
   nonlocal_energyvar { 100.9495174263224   } 
   autocorr_energy { } 
} 

block { 
   label dmc
   totweight 2176000
   nautocorr 0
   total_energy { -15.90132746082809   } 
   total_energyvar { 0.3567803710382108   } 
   weight { 0.9965736140261133   } 
   weightvar { 0.09840898522686625   } 
   kinetic_energy { 15.31976973907503   } 
   kinetic_energyvar { 205.7450809974095   } 
   potential_energy { -31.04537830328659   } 
   potential_energyvar { 342.4604563143567   } 
   nonlocal_energy { -0.17571889661652   } 
   nonlocal_energyvar { 106.8878155521609   } 
   autocorr_energy { } 
} 

block { 
   label dmc
   totweight 2176000
   nautocorr 0
   total_energy { -15.90358552166984   } 
   total_energyvar { 0.3361117271181502   } 
   weight { 0.9968124885099469   } 
   weightvar { 0.09765242774735457   } 
   kinetic_energy { 15.38295929398281   } 
   kinetic_energyvar { 206.9320930546473   } 
   potential_energy { -31.11183638353967   } 
   potential_energyvar { 336.0304080376465   } 
   nonlocal_energy { -0.1747084321129763   } 
   nonlocal_energyvar { 99.33740239312728   } 
   autocorr_energy { } 
} 

block { 
   label dmc
   totweight 2176000
   nautocorr 0
   total_energy { -15.90108202186451   } 
   total_energyvar { 0.3460767914142576   } 
   weight { 0.9967313801725806   } 
   weightvar { 0.09701768486672306   } 
   kinetic_energy { 15.33808751154779   } 
   kinetic_energyvar { 205.941182227418   } 
   potential_energy { -31.06275311719756   } 
   potential_energyvar { 337.416583878579   } 
   nonlocal_energy { -0.1764164162147387   } 
   nonlocal_energyvar { 101.6270515549979   } 
   autocorr_energy { } 
} 

block { 
   label dmc
   totweight 2176000
   nautocorr 0
   total_energy { -15.90032427717593   } 
   total_energyvar { 0.3385262927016162   } 
   weight { 0.9950506259943928   } 
   weightvar { 0.09809443964106121   } 
   kinetic_energy { 15.40950899249904   } 
   kinetic_energyvar { 206.1798789649889   } 
   potential_energy { -31.12367937466536   } 
   potential_energyvar { 329.2328886056803   } 
   nonlocal_energy { -0.186153895009607   } 
   nonlocal_energyvar { 93.84625503745232   } 
   autocorr_energy { } 
} 

block { 
   label dmc
   totweight 2176000
   nautocorr 0
   total_energy { -15.8994483813196   } 
   total_energyvar { 0.3488223243984028   } 
   weight { 0.9941800191457848   } 
   weightvar { 0.09776429368548492   } 
   kinetic_energy { 15.33991562664816   } 
   kinetic_energyvar { 206.36996849152   } 
   potential_energy { -31.06808529950774   } 
   potential_energyvar { 341.0562369115457   } 
   nonlocal_energy { -0.1712787084600289   } 
   nonlocal_energyvar { 104.5595132062704   } 
   autocorr_energy { } 
} 

block { 
   label dmc
   totweight 2176000
   nautocorr 0
   total_energy { -15.90369478622661   } 
   total_energyvar { 0.3354775315810899   } 
   weight { 0.9956351786389188   } 
   weightvar { 0.09770126245103754   } 
   kinetic_energy { 15.38213300206948   } 
   kinetic_energyvar { 206.664105863532   } 
   potential_energy { -31.10532997173526   } 
   potential_energyvar { 333.0500833403183   } 
   nonlocal_energy { -0.1804978165608336   } 
   nonlocal_energyvar { 96.97966413302152   } 
   autocorr_energy { } 
} 

block { 
   label dmc
   totweight 2176000
   nautocorr 0
   total_energy { -15.90299784492874   } 
   total_energyvar { 0.3468783371299097   } 
   weight { 0.9970737899923843   } 
   weightvar { 0.09800943002188249   } 
   kinetic_energy { 15.38351654640027   } 
   kinetic_energyvar { 206.2447353179159   } 
   potential_energy { -31.1157460799377   } 
   potential_energyvar { 338.9804278482126   } 
   nonlocal_energy { -0.1707683113913213   } 
   nonlocal_energyvar { 102.4706103201265   } 
   autocorr_energy { } 
} 

block { 
   label dmc
   totweight 2176000
   nautocorr 0
   total_energy { -15.90232445686024   } 
   total_energyvar { 0.3523086432026782   } 
   weight { 0.9964644441508453   } 
   weightvar { 0.09845629790218638   } 
   kinetic_energy { 15.35371779346851   } 
   kinetic_energyvar { 206.111780451048   } 
   potential_energy { -31.08847581739755   } 
   potential_energyvar { 343.1976097271221   } 
   nonlocal_energy { -0.167566432931199   } 
   nonlocal_energyvar { 106.5217494009113   } 
   autocorr_energy { } 
} 

block { 
   label dmc
   totweight 2176000
   nautocorr 0
   total_energy { -15.90182736884872   } 
   total_energyvar { 0.3541092311995666   } 
   weight { 0.9961416019890537   } 
   weightvar { 0.09830139721642123   } 
   kinetic_energy { 15.42799708371783   } 
   kinetic_energyvar { 207.0113117412664   } 
   potential_energy { -31.16192825288868   } 
   potential_energyvar { 339.6378351128652   } 
   nonlocal_energy { -0.1678961996778683   } 
   nonlocal_energyvar { 101.7511781465224   } 
   autocorr_energy { } 
} 

block { 
   label dmc
   totweight 2176000
   nautocorr 0
   total_energy { -15.90286897517804   } 
   total_energyvar { 0.3846936612815404   } 
   weight { 0.9962855340252   } 
   weightvar { 0.09899259388355287   } 
   kinetic_energy { 15.37820459430865   } 
   kinetic_energyvar { 206.8439475160226   } 
   potential_energy { -31.09517953780538   } 
   potential_energyvar { 351.1297681741256   } 
   nonlocal_energy { -0.1858940316813104   } 
   nonlocal_energyvar { 114.95425980446   } 
   autocorr_energy { } 
} 

block { 
   label dmc
   totweight 2176000
   nautocorr 0
   total_energy { -15.90211818119503   } 
   total_energyvar { 0.3357578667383641   } 
   weight { 0.9972791229654024   } 
   weightvar { 0.0986874091359457   } 
   kinetic_energy { 15.33963745830652   } 
   kinetic_energyvar { 207.2601034763109   } 
   potential_energy { -31.06462864559476   } 
   potential_energyvar { 336.4954513949828   } 
   nonlocal_energy { -0.1771269939067816   } 
   nonlocal_energyvar { 99.1496179217372   } 
   autocorr_energy { } 
} 

block { 
   label dmc
   totweight 2176000
   nautocorr 0
   total_energy { -15.90158374090958   } 
   total_energyvar { 0.3652282854838858   } 
   weight { 0.9958063543840532   } 
   weightvar { 0.09879295620794322   } 
   kinetic_energy { 15.395795973928   } 
   kinetic_energyvar { 206.306953028235   } 
   potential_energy { -31.12362219837227   } 
   potential_energyvar { 349.7145889321391   } 
   nonlocal_energy { -0.1737575164653071   } 
   nonlocal_energyvar { 112.9438990157514   } 
   autocorr_energy { } 
} 

block { 
   label dmc
   totweight 2176000
   nautocorr 0
   total_energy { -15.90082418506391   } 
   total_energyvar { 0.3470062247888497   } 
   weight { 0.9964003240530575   } 
   weightvar { 0.09782954740547201   } 
   kinetic_energy { 15.38133107411621   } 
   kinetic_energyvar { 207.0191764183015   } 
   potential_energy { -31.1098881665916   } 
   potential_energyvar { 344.3404698118142   } 
   nonlocal_energy { -0.1722670925885325   } 
   nonlocal_energyvar { 107.0371131292051   } 
   autocorr_energy { } 
} 

block { 
   label dmc
   totweight 2176000
   nautocorr 0
   total_energy { -15.90044196614149   } 
   total_energyvar { 0.3434215112184433   } 
   weight { 0.9948695770219259   } 
   weightvar { 0.09822431989153102   } 
   kinetic_energy { 15.37923005524275   } 
   kinetic_energyvar { 206.6476943000183   } 
   potential_energy { -31.10269887586157   } 
   potential_energyvar { 344.4060737627286   } 
   nonlocal_energy { -0.1769731455226769   } 
   nonlocal_energyvar { 107.5518660652116   } 
   autocorr_energy { } 
} 

block { 
   label dmc
   totweight 2176000
   nautocorr 0
   total_energy { -15.90345800005415   } 
   total_energyvar { 0.343003113022452   } 
   weight { 0.9960893797373394   } 
   weightvar { 0.09721102387582532   } 
   kinetic_energy { 15.36089559975524   } 
   kinetic_energyvar { 206.4267402612151   } 
   potential_energy { -31.09062290683276   } 
   potential_energyvar { 338.8711133115588   } 
   nonlocal_energy { -0.1737306929766315   } 
   nonlocal_energyvar { 102.80598475911   } 
   autocorr_energy { } 
} 

block { 
   label dmc
   totweight 2176000
   nautocorr 0
   total_energy { -15.90298353802645   } 
   total_energyvar { 0.3969252091951332   } 
   weight { 0.9967043785425002   } 
   weightvar { 0.09727860991890741   } 
   kinetic_energy { 15.38961156088741   } 
   kinetic_energyvar { 206.8111869231606   } 
   potential_energy { -31.11487704665007   } 
   potential_energyvar { 348.2924745249097   } 
   nonlocal_energy { -0.1777180522637943   } 
   nonlocal_energyvar { 111.7584131318374   } 
   autocorr_energy { } 
} 

block { 
   label dmc
   totweight 2176000
   nautocorr 0
   total_energy { -15.90366400043756   } 
   total_energyvar { 0.3888403290995172   } 
   weight { 0.9972623747485807   } 
   weightvar { 0.09792686871810896   } 
   kinetic_energy { 15.34615908588828   } 
   kinetic_energyvar { 206.2085699399462   } 
   potential_energy { -31.06094172820903   } 
   potential_energyvar { 350.154760279474   } 
   nonlocal_energy { -0.1888813581168128   } 
   nonlocal_energyvar { 114.9144296022902   } 
   autocorr_energy { } 
} 

block { 
   label dmc
   totweight 2176000
   nautocorr 0
   total_energy { -15.90216000502868   } 
   total_energyvar { 0.3530718961325205   } 
   weight { 0.9971939646250877   } 
   weightvar { 0.09829215862916053   } 
   kinetic_energy { 15.38183234505088   } 
   kinetic_energyvar { 207.0268094270816   } 
   potential_energy { -31.11429903803947   } 
   potential_energyvar { 343.8585092540027   } 
   nonlocal_energy { -0.1696933120400912   } 
   nonlocal_energyvar { 106.0692400115661   } 
   autocorr_energy { } 
} 

block { 
   label dmc
   totweight 2176000
   nautocorr 0
   total_energy { -15.89921978538833   } 
   total_energyvar { 0.3501941504193736   } 
   weight { 0.9953827604865493   } 
   weightvar { 0.09815119101134104   } 
   kinetic_energy { 15.38189922950388   } 
   kinetic_energyvar { 207.0311078596738   } 
   potential_energy { -31.09883028050419   } 
   potential_energyvar { 336.1757240069301   } 
   nonlocal_energy { -0.1822887343880323   } 
   nonlocal_energyvar { 99.60281205437099   } 
   autocorr_energy { } 
} 

block { 
   label dmc
   totweight 2176000
   nautocorr 0
   total_energy { -15.90186122016156   } 
   total_energyvar { 0.3746827067421319   } 
   weight { 0.9949421231539612   } 
   weightvar { 0.09853552890630492   } 
   kinetic_energy { 15.36662937585382   } 
   kinetic_energyvar { 206.5681652954879   } 
   potential_energy { -31.09366269833801   } 
   potential_energyvar { 350.1168748109084   } 
   nonlocal_energy { -0.1748278976773639   } 
   nonlocal_energyvar { 113.5941304664152   } 
   autocorr_energy { } 
} 

block { 
   label dmc
   totweight 2176000
   nautocorr 0
   total_energy { -15.9035690715035   } 
   total_energyvar { 0.3488274148952652   } 
   weight { 0.9970333489187692   } 
   weightvar { 0.09918358297514095   } 
   kinetic_energy { 15.3690684425896   } 
   kinetic_energyvar { 206.2518625032501   } 
   potential_energy { -31.09099001542452   } 
   potential_energyvar { 338.6528582045404   } 
   nonlocal_energy { -0.1816474986685914   } 
   nonlocal_energyvar { 102.4900461238674   } 
   autocorr_energy { } 
} 

block { 
   label dmc
   totweight 2176000
   nautocorr 0
   total_energy { -15.90304995714367   } 
   total_energyvar { 0.3396003382172714   } 
   weight { 0.9969541867615646   } 
   weightvar { 0.09891080511117326   } 
   kinetic_energy { 15.35001294266121   } 
   kinetic_energyvar { 206.2258504978426   } 
   potential_energy { -31.09073063436272   } 
   potential_energyvar { 333.9964237656511   } 
   nonlocal_energy { -0.1623322654421444   } 
   nonlocal_energyvar { 97.19937972240196   } 
   autocorr_energy { } 
} 

block { 
   label dmc
   totweight 2176000
   nautocorr 0
   total_energy { -15.90210511031479   } 
   total_energyvar { 0.3539664308139705   } 
   weight { 0.99662004713716   } 
   weightvar { 0.09803830103614175   } 
   kinetic_energy { 15.3790974388268   } 
   kinetic_energyvar { 206.5597086669075   } 
   potential_energy { -31.09700476461094   } 
   potential_energyvar { 335.3679505677445   } 
   nonlocal_energy { -0.1841977845306539   } 
   nonlocal_energyvar { 99.99011043319092   } 
   autocorr_energy { } 
} 

block { 
   label dmc
   totweight 2176000
   nautocorr 0
   total_energy { -15.90218961431404   } 
   total_energyvar { 0.3421730365071632   } 
   weight { 0.9969115805334912   } 
   weightvar { 0.09818752093604921   } 
   kinetic_energy { 15.37916101436829   } 
   kinetic_energyvar { 205.9783735216213   } 
   potential_energy { -31.10241168091565   } 
   potential_energyvar { 332.8266850287528   } 
   nonlocal_energy { -0.1789389477666828   } 
   nonlocal_energyvar { 97.69430919904858   } 
   autocorr_energy { } 
} 

block { 
   label dmc
   totweight 2176000
   nautocorr 0
   total_energy { -15.90297059676836   } 
   total_energyvar { 0.3367431690289987   } 
   weight { 0.9969602519611863   } 
   weightvar { 0.098510768994075   } 
   kinetic_energy { 15.38662856446447   } 
   kinetic_energyvar { 206.4747467912068   } 
   potential_energy { -31.1073504362859   } 
   potential_energyvar { 333.4112558092812   } 
   nonlocal_energy { -0.1822487249469268   } 
   nonlocal_energyvar { 97.32580429452301   } 
   autocorr_energy { } 
} 

block { 
   label dmc
   totweight 2176000
   nautocorr 0
   total_energy { -15.90217452801407   } 
   total_energyvar { 0.3467768869874183   } 
   weight { 0.9967518166143382   } 
   weightvar { 0.09979768309528322   } 
   kinetic_energy { 15.3857182257923   } 
   kinetic_energyvar { 207.2026643843656   } 
   potential_energy { -31.09922203873561   } 
   potential_energyvar { 335.5000982575852   } 
   nonlocal_energy { -0.1886707150707637   } 
   nonlocal_energyvar { 99.39847387323117   } 
   autocorr_energy { } 
} 

block { 
   label dmc
   totweight 2176000
   nautocorr 0
   total_energy { -15.89788436625945   } 
   total_energyvar { 0.3707627723849127   } 
   weight { 0.9951339386961603   } 
   weightvar { 0.09844244698081442   } 
   kinetic_energy { 15.39596314624326   } 
   kinetic_energyvar { 206.8699624175138   } 
   potential_energy { -31.11956909579948   } 
   potential_energyvar { 351.2587958735455   } 
   nonlocal_energy { -0.1742784167032342   } 
   nonlocal_energyvar { 114.1565592757926   } 
   autocorr_energy { } 
} 

block { 
   label dmc
   totweight 2176000
   nautocorr 0
   total_energy { -15.90603417845614   } 
   total_energyvar { 0.3951389786875373   } 
   weight { 0.9958740869840463   } 
   weightvar { 0.09831284391603129   } 
   kinetic_energy { 15.36953147259593   } 
   kinetic_energyvar { 205.288576031101   } 
   potential_energy { -31.09277364253706   } 
   potential_energyvar { 348.6814222219804   } 
   nonlocal_energy { -0.1827920085150165   } 
   nonlocal_energyvar { 113.8694981198921   } 
   autocorr_energy { } 
} 

block { 
   label dmc
   totweight 2176000
   nautocorr 0
   total_energy { -15.90094718139109   } 
   total_energyvar { 0.3582468028304656   } 
   weight { 0.9968371453963041   } 
   weightvar { 0.09897649895683332   } 
   kinetic_energy { 15.39912718643281   } 
   kinetic_energyvar { 206.8489847338992   } 
   potential_energy { -31.13293030855901   } 
   potential_energyvar { 349.6143269579836   } 
   nonlocal_energy { -0.167144059264888   } 
   nonlocal_energyvar { 112.185176399753   } 
   autocorr_energy { } 
} 

block { 
   label dmc
   totweight 2176000
   nautocorr 0
   total_energy { -15.901468527409   } 
   total_energyvar { 0.3873526938314998   } 
   weight { 0.9955241374173381   } 
   weightvar { 0.09852183033802153   } 
   kinetic_energy { 15.37376135169742   } 
   kinetic_energyvar { 206.9348422942711   } 
   potential_energy { -31.1089179555534   } 
   potential_energyvar { 349.5563931701221   } 
   nonlocal_energy { -0.1663119235530123   } 
   nonlocal_energyvar { 112.144209674998   } 
   autocorr_energy { } 
} 

block { 
   label dmc
   totweight 2176000
   nautocorr 0
   total_energy { -15.90187726562189   } 
   total_energyvar { 0.3389558482309632   } 
   weight { 0.9957965719574073   } 
   weightvar { 0.09799765115926594   } 
   kinetic_energy { 15.40231008647324   } 
   kinetic_energyvar { 207.1485749197666   } 
   potential_energy { -31.13388019682881   } 
   potential_energyvar { 341.0800463100617   } 
   nonlocal_energy { -0.1703071552663087   } 
   nonlocal_energyvar { 103.6069161752308   } 
   autocorr_energy { } 
} 

block { 
   label dmc
   totweight 2176000
   nautocorr 0
   total_energy { -15.8995645082068   } 
   total_energyvar { 0.4245215440993892   } 
   weight { 0.995045698438079   } 
   weightvar { 0.09811587942991437   } 
   kinetic_energy { 15.38267001292693   } 
   kinetic_energyvar { 206.1375443374945   } 
   potential_energy { -31.09567706186455   } 
   potential_energyvar { 360.8218194695257   } 
   nonlocal_energy { -0.1865574592691875   } 
   nonlocal_energyvar { 125.0937050601362   } 
   autocorr_energy { } 
} 

block { 
   label dmc
   totweight 2176000
   nautocorr 0
   total_energy { -15.90120691677551   } 
   total_energyvar { 0.3383346941748933   } 
   weight { 0.9950016315379083   } 
   weightvar { 0.09812714304111718   } 
   kinetic_energy { 15.39573001912398   } 
   kinetic_energyvar { 206.8950856639387   } 
   potential_energy { -31.11246646724506   } 
   potential_energyvar { 335.570395738768   } 
   nonlocal_energy { -0.1844704686544182   } 
   nonlocal_energyvar { 99.58400739567864   } 
   autocorr_energy { } 
} 

block { 
   label dmc
   totweight 2176000
   nautocorr 0
   total_energy { -15.89937589114547   } 
   total_energyvar { 0.3359973513488044   } 
   weight { 0.9948151982375262   } 
   weightvar { 0.09882977288931302   } 
   kinetic_energy { 15.40815191984438   } 
   kinetic_energyvar { 206.5529943577571   } 
   potential_energy { -31.11901290594606   } 
   potential_energyvar { 329.2979717522803   } 
   nonlocal_energy { -0.1885149050437869   } 
   nonlocal_energyvar { 93.56503497425049   } 
   autocorr_energy { } 
} 

block { 
   label dmc
   totweight 2176000
   nautocorr 0
   total_energy { -15.89881224933817   } 
   total_energyvar { 0.3615825293439884   } 
   weight { 0.9942115768048059   } 
   weightvar { 0.09826304237346521   } 
   kinetic_energy { 15.38367139892868   } 
   kinetic_energyvar { 206.934068904119   } 
   potential_energy { -31.09683557242871   } 
   potential_energyvar { 343.7246762432904   } 
   nonlocal_energy { -0.1856480758381377   } 
   nonlocal_energyvar { 107.2902805658355   } 
   autocorr_energy { } 
} 

block { 
   label dmc
   totweight 2176000
   nautocorr 0
   total_energy { -15.8999255686501   } 
   total_energyvar { 0.3416722593699512   } 
   weight { 0.9937554613102616   } 
   weightvar { 0.09868753334169403   } 
   kinetic_energy { 15.42010224979276   } 
   kinetic_energyvar { 206.3540214009456   } 
   potential_energy { -31.15191619768947   } 
   potential_energyvar { 337.9053048383468   } 
   nonlocal_energy { -0.1681116207533977   } 
   nonlocal_energyvar { 101.3898159959297   } 
   autocorr_energy { } 
} 

block { 
   label dmc
   totweight 2176000
   nautocorr 0
   total_energy { -15.90211583476631   } 
   total_energyvar { 0.3600783433456229   } 
   weight { 0.9947352848062048   } 
   weightvar { 0.09985775317083542   } 
   kinetic_energy { 15.33222575671831   } 
   kinetic_energyvar { 206.3284070316861   } 
   potential_energy { -31.07076338540354   } 
   potential_energyvar { 343.168648964843   } 
   nonlocal_energy { -0.1635782060810651   } 
   nonlocal_energyvar { 106.4999215573235   } 
   autocorr_energy { } 
} 

block { 
   label dmc
   totweight 2176000
   nautocorr 0
   total_energy { -15.90131204830973   } 
   total_energyvar { 0.3540687244105261   } 
   weight { 0.9952440570089414   } 
   weightvar { 0.09901987117232673   } 
   kinetic_energy { 15.35238300888718   } 
   kinetic_energyvar { 206.4897701891823   } 
   potential_energy { -31.08317666444802   } 
   potential_energyvar { 344.7686362045471   } 
   nonlocal_energy { -0.1705183927488924   } 
   nonlocal_energyvar { 108.061603543751   } 
   autocorr_energy { } 
} 

block { 
   label dmc
   totweight 2176000
   nautocorr 0
   total_energy { -15.90144504313684   } 
   total_energyvar { 0.3722307391514429   } 
   weight { 0.9959161235780349   } 
   weightvar { 0.09846198452347674   } 
   kinetic_energy { 15.39531430492466   } 
   kinetic_energyvar { 206.6034698979678   } 
   potential_energy { -31.12287643391078   } 
   potential_energyvar { 350.1727746526893   } 
   nonlocal_energy { -0.1738829141507129   } 
   nonlocal_energyvar { 113.1144408089262   } 
   autocorr_energy { } 
} 

block { 
   label dmc
   totweight 2176000
   nautocorr 0
   total_energy { -15.90398740479668   } 
   total_energyvar { 0.344480549417214   } 
   weight { 0.9964348465963164   } 
   weightvar { 0.09750986440042364   } 
   kinetic_energy { 15.38210289483494   } 
   kinetic_energyvar { 205.8304371009189   } 
   potential_energy { -31.1108880489267   } 
   potential_energyvar { 335.5419028070367   } 
   nonlocal_energy { -0.1752022507049287   } 
   nonlocal_energyvar { 99.7124513667677   } 
   autocorr_energy { } 
} 

block { 
   label dmc
   totweight 2176000
   nautocorr 0
   total_energy { -15.90077580842539   } 
   total_energyvar { 0.3357718507609265   } 
   weight { 0.9964609918292734   } 
   weightvar { 0.09699126946344941   } 
   kinetic_energy { 15.33720133402026   } 
   kinetic_energyvar { 205.5430596014403   } 
   potential_energy { -31.06484609698078   } 
   potential_energyvar { 329.6072308250422   } 
   nonlocal_energy { -0.1731310454648699   } 
   nonlocal_energyvar { 94.5801983150662   } 
   autocorr_energy { } 
} 

block { 
   label dmc
   totweight 2176000
   nautocorr 0
   total_energy { -15.90025954863874   } 
   total_energyvar { 0.3403843737765614   } 
   weight { 0.9955462323800504   } 
   weightvar { 0.09722562162611016   } 
   kinetic_energy { 15.38484492979402   } 
   kinetic_energyvar { 206.6415344905212   } 
   potential_energy { -31.10837905584522   } 
   potential_energyvar { 333.6015722697953   } 
   nonlocal_energy { -0.1767254225875324   } 
   nonlocal_energyvar { 97.41421555555419   } 
   autocorr_energy { } 
} 

block { 
   label dmc
   totweight 2176000
   nautocorr 0
   total_energy { -15.90097759085555   } 
   total_energyvar { 0.3545690283955472   } 
   weight { 0.9949732475512311   } 
   weightvar { 0.09730853463312897   } 
   kinetic_energy { 15.36630732118243   } 
   kinetic_energyvar { 206.0820956495677   } 
   potential_energy { -31.10063963630132   } 
   potential_energyvar { 343.4025599348992   } 
   nonlocal_energy { -0.1666452757366594   } 
   nonlocal_energyvar { 106.3774073914339   } 
   autocorr_energy { } 
} 

block { 
   label dmc
   totweight 2176000
   nautocorr 0
   total_energy { -15.90367565846641   } 
   total_energyvar { 0.3388254532790486   } 
   weight { 0.9955898628576423   } 
   weightvar { 0.09705880201438809   } 
   kinetic_energy { 15.39000602630358   } 
   kinetic_energyvar { 206.8540284190904   } 
   potential_energy { -31.10624159363635   } 
   potential_energyvar { 333.2742807787358   } 
   nonlocal_energy { -0.1874400911336401   } 
   nonlocal_energyvar { 97.39866117018585   } 
   autocorr_energy { } 
} 

block { 
   label dmc
   totweight 2176000
   nautocorr 0
   total_energy { -15.90378270138416   } 
   total_energyvar { 0.3649196858873086   } 
   weight { 0.9980207357944889   } 
   weightvar { 0.09745586630594012   } 
   kinetic_energy { 15.37999492495643   } 
   kinetic_energyvar { 207.3083784072066   } 
   potential_energy { -31.10902819190321   } 
   potential_energyvar { 347.7659791009679   } 
   nonlocal_energy { -0.174749434437389   } 
   nonlocal_energyvar { 110.7290597747414   } 
   autocorr_energy { } 
} 

block { 
   label dmc
   totweight 2176000
   nautocorr 0
   total_energy { -15.90281454562143   } 
   total_energyvar { 0.3360618356989993   } 
   weight { 0.9972017624673354   } 
   weightvar { 0.09740404245473809   } 
   kinetic_energy { 15.31111590126143   } 
   kinetic_energyvar { 205.6350336389254   } 
   potential_energy { -31.02791042299525   } 
   potential_energyvar { 332.7282505385567   } 
   nonlocal_energy { -0.1860200238875985   } 
   nonlocal_energyvar { 98.18805838023357   } 
   autocorr_energy { } 
} 

block { 
   label dmc
   totweight 2176000
   nautocorr 0
   total_energy { -15.90405357028843   } 
   total_energyvar { 0.3573945723817949   } 
   weight { 0.9980504702082591   } 
   weightvar { 0.09881544498943344   } 
   kinetic_energy { 15.39533643406013   } 
   kinetic_energyvar { 206.2967979341929   } 
   potential_energy { -31.13397371589452   } 
   potential_energyvar { 347.770959877255   } 
   nonlocal_energy { -0.1654162884540336   } 
   nonlocal_energyvar { 111.1249838189654   } 
   autocorr_energy { } 
} 

block { 
   label dmc
   totweight 2176000
   nautocorr 0
   total_energy { -15.90210382370424   } 
   total_energyvar { 0.358425161922041   } 
   weight { 0.9974879170888601   } 
   weightvar { 0.09846545736927792   } 
   kinetic_energy { 15.39399148835352   } 
   kinetic_energyvar { 206.1150766815407   } 
   potential_energy { -31.11633839701409   } 
   potential_energyvar { 342.696277795315   } 
   nonlocal_energy { -0.1797569150436724   } 
   nonlocal_energyvar { 106.9263430993787   } 
   autocorr_energy { } 
} 

block { 
   label dmc
   totweight 2176000
   nautocorr 0
   total_energy { -15.90102787489328   } 
   total_energyvar { 0.3349719576758733   } 
   weight { 0.9961959080741636   } 
   weightvar { 0.09876732653640842   } 
   kinetic_energy { 15.39819857390466   } 
   kinetic_energyvar { 206.4370144062078   } 
   potential_energy { -31.10676642536838   } 
   potential_energyvar { 329.4558501919323   } 
   nonlocal_energy { -0.192460023429558   } 
   nonlocal_energyvar { 94.06550117475861   } 
   autocorr_energy { } 
} 

block { 
   label dmc
   totweight 2176000
   nautocorr 0
   total_energy { -15.90003889611701   } 
   total_energyvar { 0.3496791339548834   } 
   weight { 0.9950478763991485   } 
   weightvar { 0.09882217954369639   } 
   kinetic_energy { 15.34687200716824   } 
   kinetic_energyvar { 207.3994810905757   } 
   potential_energy { -31.07684967665116   } 
   potential_energyvar { 343.100299359812   } 
   nonlocal_energy { -0.1700612266340876   } 
   nonlocal_energyvar { 105.6953538288457   } 
   autocorr_energy { } 
} 

block { 
   label dmc
   totweight 2176000
   nautocorr 0
   total_energy { -15.90248776477129   } 
   total_energyvar { 0.3431604860619242   } 
   weight { 0.9955087094874711   } 
   weightvar { 0.09970265396241977   } 
   kinetic_energy { 15.40265887258093   } 
   kinetic_energyvar { 207.1956670852712   } 
   potential_energy { -31.13539097945958   } 
   potential_energyvar { 338.3048478120266   } 
   nonlocal_energy { -0.1697556578926256   } 
   nonlocal_energyvar { 100.7982207154461   } 
   autocorr_energy { } 
} 

block { 
   label dmc
   totweight 2176000
   nautocorr 0
   total_energy { -15.90168107802105   } 
   total_energyvar { 0.3409211610642349   } 
   weight { 0.9959480911792018   } 
   weightvar { 0.09855346838752092   } 
   kinetic_energy { 15.39335808886426   } 
   kinetic_energyvar { 207.2653018344308   } 
   potential_energy { -31.11747190608647   } 
   potential_energyvar { 338.7647140129666   } 
   nonlocal_energy { -0.1775672607988389   } 
   nonlocal_energyvar { 101.3893109551169   } 
   autocorr_energy { } 
} 

block { 
   label dmc
   totweight 2176000
   nautocorr 0
   total_energy { -15.90078840674693   } 
   total_energyvar { 0.3367517809256249   } 
   weight { 0.9953834541038822   } 
   weightvar { 0.09856507756967352   } 
   kinetic_energy { 15.36749617572922   } 
   kinetic_energyvar { 207.0632693380825   } 
   potential_energy { -31.08755100301067   } 
   potential_energyvar { 330.6084159606022   } 
   nonlocal_energy { -0.1807335794654744   } 
   nonlocal_energyvar { 94.19481008173253   } 
   autocorr_energy { } 
} 

block { 
   label dmc
   totweight 2176000
   nautocorr 0
   total_energy { -15.90008151983618   } 
   total_energyvar { 0.3314664217060733   } 
   weight { 0.995447429905313   } 
   weightvar { 0.09756098189712221   } 
   kinetic_energy { 15.36384666536078   } 
   kinetic_energyvar { 206.7838057382608   } 
   potential_energy { -31.07146504341809   } 
   potential_energyvar { 324.5468325392687   } 
   nonlocal_energy { -0.1924631417788643   } 
   nonlocal_energyvar { 89.28365347308035   } 
   autocorr_energy { } 
} 

block { 
   label dmc
   totweight 2176000
   nautocorr 0
   total_energy { -15.89904495535311   } 
   total_energyvar { 0.3429793763490032   } 
   weight { 0.9942798772912705   } 
   weightvar { 0.09792852312427025   } 
   kinetic_energy { 15.39046029544308   } 
   kinetic_energyvar { 206.9750757141462   } 
   potential_energy { -31.1020444153131   } 
   potential_energyvar { 333.8325559171843   } 
   nonlocal_energy { -0.1874608354830906   } 
   nonlocal_energyvar { 97.88460292206828   } 
   autocorr_energy { } 
} 

block { 
   label dmc
   totweight 2176000
   nautocorr 0
   total_energy { -15.90393755666494   } 
   total_energyvar { 0.3495785092194191   } 
   weight { 0.9949083278302421   } 
   weightvar { 0.09772152344587758   } 
   kinetic_energy { 15.37883548765124   } 
   kinetic_energyvar { 206.5414189461145   } 
   potential_energy { -31.10380990215814   } 
   potential_energyvar { 337.7249236376133   } 
   nonlocal_energy { -0.1789631421580342   } 
   nonlocal_energyvar { 101.0893764975215   } 
   autocorr_energy { } 
} 

block { 
   label dmc
   totweight 2176000
   nautocorr 0
   total_energy { -15.9047494780372   } 
   total_energyvar { 0.3501312729668873   } 
   weight { 0.9977777641987987   } 
   weightvar { 0.09827445413723701   } 
   kinetic_energy { 15.3617792953111   } 
   kinetic_energyvar { 206.7894263230955   } 
   potential_energy { -31.09824621706611   } 
   potential_energyvar { 341.1367265558166   } 
   nonlocal_energy { -0.1682825562821912   } 
   nonlocal_energyvar { 104.0712760202062   } 
   autocorr_energy { } 
} 

block { 
   label dmc
   totweight 2176000
   nautocorr 0
   total_energy { -15.90175918070544   } 
   total_energyvar { 0.3382319310404001   } 
   weight { 0.9975534977226544   } 
   weightvar { 0.09980196094591695   } 
   kinetic_energy { 15.35289747625565   } 
   kinetic_energyvar { 206.3429523366235   } 
   potential_energy { -31.08646648416894   } 
   potential_energyvar { 335.0983677269843   } 
   nonlocal_energy { -0.1681901727921519   } 
   nonlocal_energyvar { 98.6749315210031   } 
   autocorr_energy { } 
} 

block { 
   label dmc
   totweight 2176000
   nautocorr 0
   total_energy { -15.90099767114923   } 
   total_energyvar { 0.3486140187987309   } 
   weight { 0.9965046374120603   } 
   weightvar { 0.09966776175750697   } 
   kinetic_energy { 15.36263262137624   } 
   kinetic_energyvar { 206.0742551731098   } 
   potential_energy { -31.07532780680841   } 
   potential_energyvar { 332.9763026993134   } 
   nonlocal_energy { -0.1883024857170521   } 
   nonlocal_energyvar { 97.55898333290807   } 
   autocorr_energy { } 
} 

block { 
   label dmc
   totweight 2176000
   nautocorr 0
   total_energy { -15.89874070348795   } 
   total_energyvar { 0.3378930065178337   } 
   weight { 0.9947107085143007   } 
   weightvar { 0.09822182067053251   } 
   kinetic_energy { 15.36998206264779   } 
   kinetic_energyvar { 206.3482866006664   } 
   potential_energy { -31.07041817295107   } 
   potential_energyvar { 332.778914220369   } 
   nonlocal_energy { -0.1983045931846719   } 
   nonlocal_energyvar { 98.35405733336917   } 
   autocorr_energy { } 
} 

block { 
   label dmc
   totweight 2176000
   nautocorr 0
   total_energy { -15.90275331714544   } 
   total_energyvar { 0.3761685411913416   } 
   weight { 0.9951682587129707   } 
   weightvar { 0.0986746608137041   } 
   kinetic_energy { 15.38541965734517   } 
   kinetic_energyvar { 206.5786539863009   } 
   potential_energy { -31.11470663855643   } 
   potential_energyvar { 345.9050597194043   } 
   nonlocal_energy { -0.1734663359341848   } 
   nonlocal_energyvar { 109.3453096135864   } 
   autocorr_energy { } 
} 

block { 
   label dmc
   totweight 2176000
   nautocorr 0
   total_energy { -15.90334369893364   } 
   total_energyvar { 0.3494113591314666   } 
   weight { 0.9963860286947813   } 
   weightvar { 0.09924363711376075   } 
   kinetic_energy { 15.44782161510603   } 
   kinetic_energyvar { 207.4471343762191   } 
   potential_energy { -31.18430960736456   } 
   potential_energyvar { 338.7688778344203   } 
   nonlocal_energy { -0.1668557066751081   } 
   nonlocal_energyvar { 100.7587884499597   } 
   autocorr_energy { } 
} 

block { 
   label dmc
   totweight 2176000
   nautocorr 0
   total_energy { -15.90184208230165   } 
   total_energyvar { 0.3372611716740089   } 
   weight { 0.9966368803161553   } 
   weightvar { 0.09927852975043568   } 
   kinetic_energy { 15.4508589524958   } 
   kinetic_energyvar { 206.7433478819804   } 
   potential_energy { -31.17346194510805   } 
   potential_energyvar { 331.9124591669897   } 
   nonlocal_energy { -0.179239089689402   } 
   nonlocal_energyvar { 95.58678608980746   } 
   autocorr_energy { } 
} 

block { 
   label dmc
   totweight 2176000
   nautocorr 0
   total_energy { -15.90165480020592   } 
   total_energyvar { 0.3637138562715639   } 
   weight { 0.9958800779738952   } 
   weightvar { 0.0972721280340986   } 
   kinetic_energy { 15.37461660287173   } 
   kinetic_energyvar { 206.4408869661658   } 
   potential_energy { -31.1179124039401   } 
   potential_energyvar { 350.0716566646199   } 
   nonlocal_energy { -0.1583589991375426   } 
   nonlocal_energyvar { 112.952463987497   } 
   autocorr_energy { } 
} 

block { 
   label dmc
   totweight 2176000
   nautocorr 0
   total_energy { -15.90295943435213   } 
   total_energyvar { 0.347798062511928   } 
   weight { 0.9964745273490569   } 
   weightvar { 0.09800031024173245   } 
   kinetic_energy { 15.41189515722318   } 
   kinetic_energyvar { 207.048288717039   } 
   potential_energy { -31.13754408449413   } 
   potential_energyvar { 340.1926425579107   } 
   nonlocal_energy { -0.1773105070811878   } 
   nonlocal_energyvar { 102.7026076357644   } 
   autocorr_energy { } 
} 

block { 
   label dmc
   totweight 2176000
   nautocorr 0
   total_energy { -15.90231589252863   } 
   total_energyvar { 0.3392732702129571   } 
   weight { 0.9973048912881363   } 
   weightvar { 0.09699757838630345   } 
   kinetic_energy { 15.39581274643659   } 
   kinetic_energyvar { 205.5545611022974   } 
   potential_energy { -31.11520887322727   } 
   potential_energyvar { 329.9564918559554   } 
   nonlocal_energy { -0.1829197657379417   } 
   nonlocal_energyvar { 95.01254118706657   } 
   autocorr_energy { } 
} 

block { 
   label dmc
   totweight 2176000
   nautocorr 0
   total_energy { -15.90221145831178   } 
   total_energyvar { 0.5535480503544598   } 
   weight { 0.9960802693455446   } 
   weightvar { 0.097181191742114   } 
   kinetic_energy { 15.35268488235852   } 
   kinetic_energyvar { 206.1872472954486   } 
   potential_energy { -31.06137978141376   } 
   potential_energyvar { 377.9804194903915   } 
   nonlocal_energy { -0.1935165592565326   } 
   nonlocal_energyvar { 142.9210953261572   } 
   autocorr_energy { } 
} 

block { 
   label dmc
   totweight 2176000
   nautocorr 0
   total_energy { -15.90228002555692   } 
   total_energyvar { 0.3323268711544786   } 
   weight { 0.996667626081665   } 
   weightvar { 0.09716159516533515   } 
   kinetic_energy { 15.31278750068426   } 
   kinetic_energyvar { 205.6551919587145   } 
   potential_energy { -31.02802372749148   } 
   potential_energyvar { 333.3100193886862   } 
   nonlocal_energy { -0.187043798749703   } 
   nonlocal_energyvar { 98.85086192207422   } 
   autocorr_energy { } 
} 

block { 
   label dmc
   totweight 2176000
   nautocorr 0
   total_energy { -15.90056982947057   } 
   total_energyvar { 0.338334430964059   } 
   weight { 0.9960362121628932   } 
   weightvar { 0.09907930399897125   } 
   kinetic_energy { 15.38963776706225   } 
   kinetic_energyvar { 206.7574976292059   } 
   potential_energy { -31.10497268887406   } 
   potential_energyvar { 335.7343352002134   } 
   nonlocal_energy { -0.1852349076587591   } 
   nonlocal_energyvar { 99.58625217600033   } 
   autocorr_energy { } 
} 

block { 
   label dmc
   totweight 2176000
   nautocorr 0
   total_energy { -15.90030302530826   } 
   total_energyvar { 0.3464964563130068   } 
   weight { 0.9954273796856443   } 
   weightvar { 0.09864403542643664   } 
   kinetic_energy { 15.41760823414484   } 
   kinetic_energyvar { 207.0338554893904   } 
   potential_energy { -31.12999288743169   } 
   potential_energyvar { 338.5980847313315   } 
   nonlocal_energy { -0.1879183720214102   } 
   nonlocal_energyvar { 102.383840835645   } 
   autocorr_energy { } 
} 

block { 
   label dmc
   totweight 2176000
   nautocorr 0
   total_energy { -15.90352541249015   } 
   total_energyvar { 0.355909920117055   } 
   weight { 0.9961671650530362   } 
   weightvar { 0.0982979205548839   } 
   kinetic_energy { 15.42980006477872   } 
   kinetic_energyvar { 207.4792839026238   } 
   potential_energy { -31.16868843818076   } 
   potential_energyvar { 345.8631883679885   } 
   nonlocal_energy { -0.1646370390881008   } 
   nonlocal_energyvar { 107.3128075740879   } 
   autocorr_energy { } 
} 

block { 
   label dmc
   totweight 2176000
   nautocorr 0
   total_energy { -15.89857115120369   } 
   total_energyvar { 0.3617448102197768   } 
   weight { 0.9952329156396907   } 
   weightvar { 0.09660713105352632   } 
   kinetic_energy { 15.38099600932727   } 
   kinetic_energyvar { 206.9441363640368   } 
   potential_energy { -31.09464178527026   } 
   potential_energyvar { 338.5127643797616   } 
   nonlocal_energy { -0.1849253752606981   } 
   nonlocal_energyvar { 102.2050934171554   } 
   autocorr_energy { } 
} 

block { 
   label dmc
   totweight 2176000
   nautocorr 0
   total_energy { -15.89958791621373   } 
   total_energyvar { 0.3577286434049355   } 
   weight { 0.9939749385806494   } 
   weightvar { 0.09685125302202231   } 
   kinetic_energy { 15.39273620318569   } 
   kinetic_energyvar { 205.9009909938762   } 
   potential_energy { -31.11238609318395   } 
   potential_energyvar { 340.3278499341562   } 
   nonlocal_energy { -0.1799380262154666   } 
   nonlocal_energyvar { 104.5140652180923   } 
   autocorr_energy { } 
} 

block { 
   label dmc
   totweight 2176000
   nautocorr 0
   total_energy { -15.90206251023905   } 
   total_energyvar { 0.3452729243789049   } 
   weight { 0.9946944678227344   } 
   weightvar { 0.09699688163457586   } 
   kinetic_energy { 15.43347047841137   } 
   kinetic_energyvar { 206.8996461076519   } 
   potential_energy { -31.15126404266925   } 
   potential_energyvar { 336.906108163643   } 
   nonlocal_energy { -0.1842689459811674   } 
   nonlocal_energyvar { 100.5473201318905   } 
   autocorr_energy { } 
} 

block { 
   label dmc
   totweight 2176000
   nautocorr 0
   total_energy { -15.90227695323116   } 
   total_energyvar { 0.3464330801605029   } 
   weight { 0.9951977744724778   } 
   weightvar { 0.09786982029585765   } 
   kinetic_energy { 15.29005097760227   } 
   kinetic_energyvar { 205.7401808068538   } 
   potential_energy { -31.0113392583136   } 
   potential_energyvar { 341.1055275308803   } 
   nonlocal_energy { -0.1809886725198281   } 
   nonlocal_energyvar { 106.0242562574625   } 
   autocorr_energy { } 
} 

