#-------------------------------------------------
#DMC run: timestep 0.004
#-------------------------------------------------


init { 
   label dmc
}
block { 
   label dmc
   totweight 4352000
   nautocorr 0
   total_energy { -15.89177191320198   } 
   total_energyvar { 0.330285297960176   } 
   weight { 1.05270323583069   } 
   weightvar { 0.01969572860275178   } 
   kinetic_energy { 13.72179992366383   } 
   kinetic_energyvar { 201.8749216167782   } 
   potential_energy { -29.44789017444273   } 
   potential_energyvar { 313.5300256234972   } 
   nonlocal_energy { -0.1656816624230821   } 
   nonlocal_energyvar { 85.89206047609163   } 
   autocorr_energy { } 
} 

block { 
   label dmc
   totweight 4352000
   nautocorr 0
   total_energy { -15.89748019663191   } 
   total_energyvar { 0.3638302825207945   } 
   weight { 1.061218177580548   } 
   weightvar { 0.0568992041042722   } 
   kinetic_energy { 15.34232199711858   } 
   kinetic_energyvar { 207.1992776509463   } 
   potential_energy { -31.07205792418583   } 
   potential_energyvar { 346.5713153132365   } 
   nonlocal_energy { -0.1677442695646573   } 
   nonlocal_energyvar { 108.9254486274013   } 
   autocorr_energy { } 
} 

block { 
   label dmc
   totweight 4352000
   nautocorr 0
   total_energy { -15.89998152872025   } 
   total_energyvar { 0.3462375709039133   } 
   weight { 1.022255235314356   } 
   weightvar { 0.07580915249329102   } 
   kinetic_energy { 15.39500932682135   } 
   kinetic_energyvar { 206.9686620560122   } 
   potential_energy { -31.12423318746097   } 
   potential_energyvar { 339.6204247748744   } 
   nonlocal_energy { -0.1707576680806323   } 
   nonlocal_energyvar { 102.3027965734259   } 
   autocorr_energy { } 
} 

block { 
   label dmc
   totweight 4352000
   nautocorr 0
   total_energy { -15.90125853923123   } 
   total_energyvar { 0.3364821458942754   } 
   weight { 1.009493917624964   } 
   weightvar { 0.08462404650003981   } 
   kinetic_energy { 15.41659953814707   } 
   kinetic_energyvar { 206.6852218187214   } 
   potential_energy { -31.13535000971295   } 
   potential_energyvar { 332.1928006236607   } 
   nonlocal_energy { -0.1825080676653503   } 
   nonlocal_energyvar { 96.29734492243838   } 
   autocorr_energy { } 
} 

block { 
   label dmc
   totweight 4352000
   nautocorr 0
   total_energy { -15.90513276253673   } 
   total_energyvar { 0.364334586365928   } 
   weight { 1.004865687728714   } 
   weightvar { 0.08976070916902676   } 
   kinetic_energy { 15.36305842510463   } 
   kinetic_energyvar { 206.1469037884758   } 
   potential_energy { -31.08983052783601   } 
   potential_energyvar { 345.1035851087919   } 
   nonlocal_energy { -0.1783606598053552   } 
   nonlocal_energyvar { 109.2786850073612   } 
   autocorr_energy { } 
} 

block { 
   label dmc
   totweight 4352000
   nautocorr 0
   total_energy { -15.90278023357411   } 
   total_energyvar { 0.3470139567323065   } 
   weight { 1.002883708193318   } 
   weightvar { 0.09383563307947788   } 
   kinetic_energy { 15.40627103096173   } 
   kinetic_energyvar { 206.250283456097   } 
   potential_energy { -31.13188610040154   } 
   potential_energyvar { 337.2099833571332   } 
   nonlocal_energy { -0.1771651641343045   } 
   nonlocal_energyvar { 101.2482754023785   } 
   autocorr_energy { } 
} 

block { 
   label dmc
   totweight 4352000
   nautocorr 0
   total_energy { -15.90161632775939   } 
   total_energyvar { 0.3409100416799932   } 
   weight { 0.9990162347004461   } 
   weightvar { 0.0946636038082984   } 
   kinetic_energy { 15.42400970794941   } 
   kinetic_energyvar { 207.0025097034282   } 
   potential_energy { -31.15093363172375   } 
   potential_energyvar { 333.1891196426289   } 
   nonlocal_energy { -0.1746924039850472   } 
   nonlocal_energyvar { 96.5778735382316   } 
   autocorr_energy { } 
} 

block { 
   label dmc
   totweight 4352000
   nautocorr 0
   total_energy { -15.90437022062438   } 
   total_energyvar { 0.3897316147696632   } 
   weight { 0.9980731265569998   } 
   weightvar { 0.09582619855355622   } 
   kinetic_energy { 15.38770459302566   } 
   kinetic_energyvar { 207.2252759812376   } 
   potential_energy { -31.11485196501005   } 
   potential_energyvar { 348.9293784745116   } 
   nonlocal_energy { -0.1772228486399866   } 
   nonlocal_energyvar { 112.1203028737091   } 
   autocorr_energy { } 
} 

block { 
   label dmc
   totweight 4352000
   nautocorr 0
   total_energy { -15.90436313222451   } 
   total_energyvar { 0.3503989353559884   } 
   weight { 0.9977780794328779   } 
   weightvar { 0.09569619719276796   } 
   kinetic_energy { 15.38781588014663   } 
   kinetic_energyvar { 206.4367135992009   } 
   potential_energy { -31.11683360599689   } 
   potential_energyvar { 338.6730003204468   } 
   nonlocal_energy { -0.1753454063742508   } 
   nonlocal_energyvar { 102.4825640149983   } 
   autocorr_energy { } 
} 

block { 
   label dmc
   totweight 4352000
   nautocorr 0
   total_energy { -15.90440148567851   } 
   total_energyvar { 0.3507505378327068   } 
   weight { 0.9979834121334867   } 
   weightvar { 0.09710925570629965   } 
   kinetic_energy { 15.33116174668961   } 
   kinetic_energyvar { 206.3251137353255   } 
   potential_energy { -31.06558390412041   } 
   potential_energyvar { 340.113012330251   } 
   nonlocal_energy { -0.1699793282476988   } 
   nonlocal_energyvar { 103.9819493081908   } 
   autocorr_energy { } 
} 

block { 
   label dmc
   totweight 4352000
   nautocorr 0
   total_energy { -15.90236828571734   } 
   total_energyvar { 0.3713692440843714   } 
   weight { 0.9972877757607198   } 
   weightvar { 0.09782766276627293   } 
   kinetic_energy { 15.30347119780306   } 
   kinetic_energyvar { 205.9515863225889   } 
   potential_energy { -31.03499147886149   } 
   potential_energyvar { 349.9173513087296   } 
   nonlocal_energy { -0.1708480046588986   } 
   nonlocal_energyvar { 114.0517523574973   } 
   autocorr_energy { } 
} 

block { 
   label dmc
   totweight 4352000
   nautocorr 0
   total_energy { -15.90048788056113   } 
   total_energyvar { 0.3409443086758599   } 
   weight { 0.9946127720968185   } 
   weightvar { 0.09780013108751912   } 
   kinetic_energy { 15.35142603331833   } 
   kinetic_energyvar { 206.6986742815015   } 
   potential_energy { -31.07296827594911   } 
   potential_energyvar { 336.4006066516374   } 
   nonlocal_energy { -0.1789456379303556   } 
   nonlocal_energyvar { 100.1788597593493   } 
   autocorr_energy { } 
} 

block { 
   label dmc
   totweight 4352000
   nautocorr 0
   total_energy { -15.90018891801152   } 
   total_energyvar { 0.3943462605426485   } 
   weight { 0.9934688214332295   } 
   weightvar { 0.0981957248054985   } 
   kinetic_energy { 15.3452141018411   } 
   kinetic_energyvar { 205.994080304641   } 
   potential_energy { -31.06375101730742   } 
   potential_energyvar { 346.0157747526398   } 
   nonlocal_energy { -0.1816520025452047   } 
   nonlocal_energyvar { 110.6532717593565   } 
   autocorr_energy { } 
} 

block { 
   label dmc
   totweight 4352000
   nautocorr 0
   total_energy { -15.90157267599025   } 
   total_energyvar { 0.3481880175384281   } 
   weight { 0.9947014845043056   } 
   weightvar { 0.09815172681929941   } 
   kinetic_energy { 15.3365733267367   } 
   kinetic_energyvar { 205.666344478593   } 
   potential_energy { -31.0673939654663   } 
   potential_energyvar { 337.6772590558579   } 
   nonlocal_energy { -0.1707520372606535   } 
   nonlocal_energyvar { 102.3770520616798   } 
   autocorr_energy { } 
} 

block { 
   label dmc
   totweight 4352000
   nautocorr 0
   total_energy { -15.90381702860041   } 
   total_energyvar { 0.3611231284492329   } 
   weight { 0.9956935248221446   } 
   weightvar { 0.09830522164657331   } 
   kinetic_energy { 15.37707159479952   } 
   kinetic_energyvar { 205.8569678298543   } 
   potential_energy { -31.10826033516755   } 
   potential_energyvar { 341.6675426740339   } 
   nonlocal_energy { -0.1726282882323759   } 
   nonlocal_energyvar { 105.9544108343244   } 
   autocorr_energy { } 
} 

block { 
   label dmc
   totweight 4352000
   nautocorr 0
   total_energy { -15.9043568710681   } 
   total_energyvar { 0.3540682385265164   } 
   weight { 0.9972389684308236   } 
   weightvar { 0.09873705582216176   } 
   kinetic_energy { 15.39156153026508   } 
   kinetic_energyvar { 208.1959230975131   } 
   potential_energy { -31.11945233430262   } 
   potential_energyvar { 342.8057600839538   } 
   nonlocal_energy { -0.1764660670305467   } 
   nonlocal_energyvar { 104.6747082025973   } 
   autocorr_energy { } 
} 

block { 
   label dmc
   totweight 4352000
   nautocorr 0
   total_energy { -15.90288895955361   } 
   total_energyvar { 0.3562953729419643   } 
   weight { 0.9966426009976481   } 
   weightvar { 0.09747829634052847   } 
   kinetic_energy { 15.30505318241959   } 
   kinetic_energyvar { 205.6419596672276   } 
   potential_energy { -31.03043176853301   } 
   potential_energyvar { 341.1665149025484   } 
   nonlocal_energy { -0.177510373440191   } 
   nonlocal_energyvar { 106.2171685261882   } 
   autocorr_energy { } 
} 

block { 
   label dmc
   totweight 4352000
   nautocorr 0
   total_energy { -15.90396697189897   } 
   total_energyvar { 0.3463388597348445   } 
   weight { 0.9966775946752391   } 
   weightvar { 0.09756268200186013   } 
   kinetic_energy { 15.37577405773425   } 
   kinetic_energyvar { 206.4954537316467   } 
   potential_energy { -31.11332461241775   } 
   potential_energyvar { 340.974371307349   } 
   nonlocal_energy { -0.1664164172154602   } 
   nonlocal_energyvar { 104.3231981276531   } 
   autocorr_energy { } 
} 

block { 
   label dmc
   totweight 4352000
   nautocorr 0
   total_energy { -15.89964737518175   } 
   total_energyvar { 0.3386967056853152   } 
   weight { 0.9955146970779888   } 
   weightvar { 0.09677853231078246   } 
   kinetic_energy { 15.34180939475737   } 
   kinetic_energyvar { 206.684604783775   } 
   potential_energy { -31.06342988459404   } 
   potential_energyvar { 333.0255541425305   } 
   nonlocal_energy { -0.1780268853450808   } 
   nonlocal_energyvar { 96.92843171100395   } 
   autocorr_energy { } 
} 

block { 
   label dmc
   totweight 4352000
   nautocorr 0
   total_energy { -15.9041131501187   } 
   total_energyvar { 0.3431470292445614   } 
   weight { 0.9954615127704519   } 
   weightvar { 0.09704174452301231   } 
   kinetic_energy { 15.32838322509145   } 
   kinetic_energyvar { 206.1145496300589   } 
   potential_energy { -31.06965024134631   } 
   potential_energyvar { 336.3067663708708   } 
   nonlocal_energy { -0.1628461338638343   } 
   nonlocal_energyvar { 99.74798577332506   } 
   autocorr_energy { } 
} 

block { 
   label dmc
   totweight 4352000
   nautocorr 0
   total_energy { -15.90298445125304   } 
   total_energyvar { 0.3485041881335599   } 
   weight { 0.9966094548360908   } 
   weightvar { 0.09689265205320917   } 
   kinetic_energy { 15.36004070161377   } 
   kinetic_energyvar { 206.3273804293034   } 
   potential_energy { -31.09701831375166   } 
   potential_energyvar { 342.9667665520764   } 
   nonlocal_energy { -0.1660068391151543   } 
   nonlocal_energyvar { 106.2326771125882   } 
   autocorr_energy { } 
} 

block { 
   label dmc
   totweight 4352000
   nautocorr 0
   total_energy { -15.90037802419494   } 
   total_energyvar { 0.3541862788235464   } 
   weight { 0.9950883822518115   } 
   weightvar { 0.09674682715500689   } 
   kinetic_energy { 15.38823432939792   } 
   kinetic_energyvar { 206.287664517787   } 
   potential_energy { -31.11106184892522   } 
   potential_energyvar { 339.3844610323721   } 
   nonlocal_energy { -0.1775505046676432   } 
   nonlocal_energyvar { 103.6367415807179   } 
   autocorr_energy { } 
} 

block { 
   label dmc
   totweight 4352000
   nautocorr 0
   total_energy { -15.89910138174494   } 
   total_energyvar { 0.3385939284664977   } 
   weight { 0.9946284798450117   } 
   weightvar { 0.09726070253307839   } 
   kinetic_energy { 15.44164054238647   } 
   kinetic_energyvar { 207.2759737116491   } 
   potential_energy { -31.1690683651313   } 
   potential_energyvar { 335.904588788635   } 
   nonlocal_energy { -0.1716735590001059   } 
   nonlocal_energyvar { 98.65965621901884   } 
   autocorr_energy { } 
} 

block { 
   label dmc
   totweight 4352000
   nautocorr 0
   total_energy { -15.89951609733747   } 
   total_energyvar { 0.3460603122264189   } 
   weight { 0.9931217459841772   } 
   weightvar { 0.09788112237044133   } 
   kinetic_energy { 15.34918397565675   } 
   kinetic_energyvar { 206.3161060223057   } 
   potential_energy { -31.07983403537786   } 
   potential_energyvar { 336.8443404412449   } 
   nonlocal_energy { -0.1688660376163606   } 
   nonlocal_energyvar { 100.5346034713355   } 
   autocorr_energy { } 
} 

block { 
   label dmc
   totweight 4352000
   nautocorr 0
   total_energy { -15.90394358351635   } 
   total_energyvar { 0.3599080416268166   } 
   weight { 0.9951064882525553   } 
   weightvar { 0.09891201649056246   } 
   kinetic_energy { 15.39355893062585   } 
   kinetic_energyvar { 206.4659937485121   } 
   potential_energy { -31.12333057802481   } 
   potential_energyvar { 343.9181963806986   } 
   nonlocal_energy { -0.174171936117396   } 
   nonlocal_energyvar { 107.709168861242   } 
   autocorr_energy { } 
} 

block { 
   label dmc
   totweight 4352000
   nautocorr 0
   total_energy { -15.89918510715247   } 
   total_energyvar { 0.3651512645866695   } 
   weight { 0.9947197963222744   } 
   weightvar { 0.09790944810398633   } 
   kinetic_energy { 15.34506172360347   } 
   kinetic_energyvar { 206.6402533412872   } 
   potential_energy { -31.07458511090301   } 
   potential_energyvar { 349.8632283770507   } 
   nonlocal_energy { -0.1696617198529358   } 
   nonlocal_energyvar { 112.9414987925164   } 
   autocorr_energy { } 
} 

block { 
   label dmc
   totweight 4352000
   nautocorr 0
   total_energy { -15.90049514595655   } 
   total_energyvar { 0.3509665170978482   } 
   weight { 0.9943806992812131   } 
   weightvar { 0.0978862932489141   } 
   kinetic_energy { 15.38731338215638   } 
   kinetic_energyvar { 206.5213786903364   } 
   potential_energy { -31.11180768730411   } 
   potential_energyvar { 342.4382546351908   } 
   nonlocal_energy { -0.1760008408088258   } 
   nonlocal_energyvar { 106.1547176139365   } 
   autocorr_energy { } 
} 

block { 
   label dmc
   totweight 4352000
   nautocorr 0
   total_energy { -15.90135746511061   } 
   total_energyvar { 0.3575087871629826   } 
   weight { 0.9946217888287557   } 
   weightvar { 0.09826934324578922   } 
   kinetic_energy { 15.4153014420572   } 
   kinetic_energyvar { 206.848868319262   } 
   potential_energy { -31.14422618441309   } 
   potential_energyvar { 338.2573533182749   } 
   nonlocal_energy { -0.1724327227547229   } 
   nonlocal_energyvar { 101.3621646407271   } 
   autocorr_energy { } 
} 

block { 
   label dmc
   totweight 4352000
   nautocorr 0
   total_energy { -15.89839375957947   } 
   total_energyvar { 0.390356413459004   } 
   weight { 0.9936247810411493   } 
   weightvar { 0.09774659718220485   } 
   kinetic_energy { 15.35606086116891   } 
   kinetic_energyvar { 207.4825558566018   } 
   potential_energy { -31.07748053410074   } 
   potential_energyvar { 347.6306208014488   } 
   nonlocal_energy { -0.1769740866476297   } 
   nonlocal_energyvar { 110.6514431492398   } 
   autocorr_energy { } 
} 

block { 
   label dmc
   totweight 4352000
   nautocorr 0
   total_energy { -15.90095596907827   } 
   total_energyvar { 0.3531127446017343   } 
   weight { 0.9942609920469979   } 
   weightvar { 0.09757664007835554   } 
   kinetic_energy { 15.35726151669687   } 
   kinetic_energyvar { 206.2497416915694   } 
   potential_energy { -31.08193010156721   } 
   potential_energyvar { 341.4620360283209   } 
   nonlocal_energy { -0.1762873842079336   } 
   nonlocal_energyvar { 105.5091744702886   } 
   autocorr_energy { } 
} 

block { 
   label dmc
   totweight 4352000
   nautocorr 0
   total_energy { -15.90488486040958   } 
   total_energyvar { 0.3608638087517125   } 
   weight { 0.9964355347875804   } 
   weightvar { 0.09801625932281374   } 
   kinetic_energy { 15.36756725856302   } 
   kinetic_energyvar { 206.4561869020619   } 
   potential_energy { -31.09314228847977   } 
   potential_energyvar { 344.1840761950629   } 
   nonlocal_energy { -0.1793098304928344   } 
   nonlocal_energyvar { 107.8660447038584   } 
   autocorr_energy { } 
} 

block { 
   label dmc
   totweight 4352000
   nautocorr 0
   total_energy { -15.89918009067994   } 
   total_energyvar { 0.3494241183655981   } 
   weight { 0.9959787533545057   } 
   weightvar { 0.09750336783720714   } 
   kinetic_energy { 15.41400265550877   } 
   kinetic_energyvar { 207.0393315385977   } 
   potential_energy { -31.12933753110572   } 
   potential_energyvar { 336.2708364260617   } 
   nonlocal_energy { -0.18384521508299   } 
   nonlocal_energyvar { 99.91759142953765   } 
   autocorr_energy { } 
} 

block { 
   label dmc
   totweight 4352000
   nautocorr 0
   total_energy { -15.89943176737088   } 
   total_energyvar { 0.3451063478493324   } 
   weight { 0.994372637229137   } 
   weightvar { 0.0978859609241431   } 
   kinetic_energy { 15.3511617836029   } 
   kinetic_energyvar { 206.1760932858203   } 
   potential_energy { -31.08528812554543   } 
   potential_energyvar { 340.6239846636672   } 
   nonlocal_energy { -0.1653054254283511   } 
   nonlocal_energyvar { 104.225281173458   } 
   autocorr_energy { } 
} 

block { 
   label dmc
   totweight 4352000
   nautocorr 0
   total_energy { -15.89659269172728   } 
   total_energyvar { 0.3351935349279115   } 
   weight { 0.9933538801869416   } 
   weightvar { 0.09870512514528877   } 
   kinetic_energy { 15.37248209073716   } 
   kinetic_energyvar { 206.200536322612   } 
   potential_energy { -31.08159034860856   } 
   potential_energyvar { 330.1147365405336   } 
   nonlocal_energy { -0.1874844338558858   } 
   nonlocal_energyvar { 95.0121515666484   } 
   autocorr_energy { } 
} 

block { 
   label dmc
   totweight 4352000
   nautocorr 0
   total_energy { -15.90005130913251   } 
   total_energyvar { 0.457123060310157   } 
   weight { 0.9926569477307785   } 
   weightvar { 0.09923374484392469   } 
   kinetic_energy { 15.36224657719243   } 
   kinetic_energyvar { 205.7304609471957   } 
   potential_energy { -31.07955704096329   } 
   potential_energyvar { 357.5651563189402   } 
   nonlocal_energy { -0.1827408453616437   } 
   nonlocal_energyvar { 122.5547216199548   } 
   autocorr_energy { } 
} 

block { 
   label dmc
   totweight 4352000
   nautocorr 0
   total_energy { -15.89909389243813   } 
   total_energyvar { 0.3417641726496601   } 
   weight { 0.9936131139284878   } 
   weightvar { 0.09828596815947876   } 
   kinetic_energy { 15.36465108605142   } 
   kinetic_energyvar { 206.9677818176922   } 
   potential_energy { -31.09033847351397   } 
   potential_energyvar { 340.9422114642343   } 
   nonlocal_energy { -0.173406504975593   } 
   nonlocal_energyvar { 104.2610560361262   } 
   autocorr_energy { } 
} 

block { 
   label dmc
   totweight 4352000
   nautocorr 0
   total_energy { -15.9015073761272   } 
   total_energyvar { 0.3485454902705842   } 
   weight { 0.9947124469979034   } 
   weightvar { 0.09880346132695902   } 
   kinetic_energy { 15.33709731881341   } 
   kinetic_energyvar { 206.0687602373086   } 
   potential_energy { -31.05282478073183   } 
   potential_energyvar { 336.2170741489859   } 
   nonlocal_energy { -0.185779914208778   } 
   nonlocal_energyvar { 101.3751996730322   } 
   autocorr_energy { } 
} 

block { 
   label dmc
   totweight 4352000
   nautocorr 0
   total_energy { -15.89823134042764   } 
   total_energyvar { 0.390592170656532   } 
   weight { 0.994703076489033   } 
   weightvar { 0.0992225050280762   } 
   kinetic_energy { 15.41244327985209   } 
   kinetic_energyvar { 206.5511959201371   } 
   potential_energy { -31.13928257533773   } 
   potential_energyvar { 353.3251264341206   } 
   nonlocal_energy { -0.1713920449419987   } 
   nonlocal_energyvar { 116.3982230004219   } 
   autocorr_energy { } 
} 

block { 
   label dmc
   totweight 4352000
   nautocorr 0
   total_energy { -15.89954273495884   } 
   total_energyvar { 0.4010509908538414   } 
   weight { 0.9937314310010115   } 
   weightvar { 0.09825962325223132   } 
   kinetic_energy { 15.39192619031635   } 
   kinetic_energyvar { 206.6521964485057   } 
   potential_energy { -31.10781323983791   } 
   potential_energyvar { 350.9419638356525   } 
   nonlocal_energy { -0.183655685437278   } 
   nonlocal_energyvar { 114.8410586758646   } 
   autocorr_energy { } 
} 

block { 
   label dmc
   totweight 4352000
   nautocorr 0
   total_energy { -15.89978462873764   } 
   total_energyvar { 0.3532914290042333   } 
   weight { 0.9944305320220955   } 
   weightvar { 0.09828975003182044   } 
   kinetic_energy { 15.34650803537221   } 
   kinetic_energyvar { 206.0524072275071   } 
   potential_energy { -31.06665932211965   } 
   potential_energyvar { 337.3965095014855   } 
   nonlocal_energy { -0.1796333419902078   } 
   nonlocal_energyvar { 101.9709189370511   } 
   autocorr_energy { } 
} 

block { 
   label dmc
   totweight 4352000
   nautocorr 0
   total_energy { -15.90135155765858   } 
   total_energyvar { 0.3440959802831831   } 
   weight { 0.9948081152768458   } 
   weightvar { 0.09659145028635097   } 
   kinetic_energy { 15.37600865792371   } 
   kinetic_energyvar { 206.7956998918985   } 
   potential_energy { -31.09907719767372   } 
   potential_energyvar { 338.8340480840548   } 
   nonlocal_energy { -0.1782830179085861   } 
   nonlocal_energyvar { 102.3995202784332   } 
   autocorr_energy { } 
} 

block { 
   label dmc
   totweight 4352000
   nautocorr 0
   total_energy { -15.90110354505259   } 
   total_energyvar { 0.3520868713963092   } 
   weight { 0.9954542977512698   } 
   weightvar { 0.09701382772118186   } 
   kinetic_energy { 15.32443548423517   } 
   kinetic_energyvar { 206.4061043111095   } 
   potential_energy { -31.05794663756814   } 
   potential_energyvar { 342.241562516756   } 
   nonlocal_energy { -0.1675923917196195   } 
   nonlocal_energyvar { 105.6314919061602   } 
   autocorr_energy { } 
} 

block { 
   label dmc
   totweight 4352000
   nautocorr 0
   total_energy { -15.90275565093871   } 
   total_energyvar { 0.3405237125349084   } 
   weight { 0.9964013779037283   } 
   weightvar { 0.09756463590666753   } 
   kinetic_energy { 15.40889117281052   } 
   kinetic_energyvar { 206.9429755582894   } 
   potential_energy { -31.13907942551301   } 
   potential_energyvar { 334.5365024851333   } 
   nonlocal_energy { -0.1725673982362255   } 
   nonlocal_energyvar { 97.76787192286112   } 
   autocorr_energy { } 
} 

block { 
   label dmc
   totweight 4352000
   nautocorr 0
   total_energy { -15.90152415443261   } 
   total_energyvar { 0.3437055172756895   } 
   weight { 0.9969890300364616   } 
   weightvar { 0.09662166764541631   } 
   kinetic_energy { 15.39596011856706   } 
   kinetic_energyvar { 206.7781430509565   } 
   potential_energy { -31.11405050344685   } 
   potential_energyvar { 336.073602444814   } 
   nonlocal_energy { -0.1834337695528249   } 
   nonlocal_energyvar { 100.054867292061   } 
   autocorr_energy { } 
} 

block { 
   label dmc
   totweight 4352000
   nautocorr 0
   total_energy { -15.90160364644727   } 
   total_energyvar { 0.3602792930018733   } 
   weight { 0.9962657604695534   } 
   weightvar { 0.09527486743660823   } 
   kinetic_energy { 15.40079171540682   } 
   kinetic_energyvar { 206.7585632161749   } 
   potential_energy { -31.12642096752678   } 
   potential_energyvar { 341.4133297093042   } 
   nonlocal_energy { -0.1759743943273132   } 
   nonlocal_energyvar { 105.0463613935578   } 
   autocorr_energy { } 
} 

block { 
   label dmc
   totweight 4352000
   nautocorr 0
   total_energy { -15.8985500360323   } 
   total_energyvar { 0.3562735516046118   } 
   weight { 0.9957882157532524   } 
   weightvar { 0.09590701461638881   } 
   kinetic_energy { 15.43787692680388   } 
   kinetic_energyvar { 207.109943190879   } 
   potential_energy { -31.16767732739343   } 
   potential_energyvar { 342.8605878265281   } 
   nonlocal_energy { -0.1687496354427532   } 
   nonlocal_energyvar { 105.310411328469   } 
   autocorr_energy { } 
} 

block { 
   label dmc
   totweight 4352000
   nautocorr 0
   total_energy { -15.90014175701687   } 
   total_energyvar { 0.3608618247687365   } 
   weight { 0.9936562081079083   } 
   weightvar { 0.09740998967104435   } 
   kinetic_energy { 15.39595368305391   } 
   kinetic_energyvar { 207.2957162506216   } 
   potential_energy { -31.1181201943958   } 
   potential_energyvar { 340.6869294895214   } 
   nonlocal_energy { -0.1779752456749722   } 
   nonlocal_energyvar { 103.7097789824317   } 
   autocorr_energy { } 
} 

block { 
   label dmc
   totweight 4352000
   nautocorr 0
   total_energy { -15.90242129414272   } 
   total_energyvar { 0.3641785917996096   } 
   weight { 0.9960530622806015   } 
   weightvar { 0.09720371865921403   } 
   kinetic_energy { 15.38697322734918   } 
   kinetic_energyvar { 206.1702812682495   } 
   potential_energy { -31.11393621385891   } 
   potential_energyvar { 345.9173054666796   } 
   nonlocal_energy { -0.1754583076329899   } 
   nonlocal_energyvar { 109.7714170593903   } 
   autocorr_energy { } 
} 

block { 
   label dmc
   totweight 4352000
   nautocorr 0
   total_energy { -15.89781959521202   } 
   total_energyvar { 0.3489616995383275   } 
   weight { 0.9948809584528118   } 
   weightvar { 0.09657075412129444   } 
   kinetic_energy { 15.41456893517954   } 
   kinetic_energyvar { 207.2291583855238   } 
   potential_energy { -31.13949417290271   } 
   potential_energyvar { 338.2804558078122   } 
   nonlocal_energy { -0.1728943574888425   } 
   nonlocal_energyvar { 101.4244885115194   } 
   autocorr_energy { } 
} 

block { 
   label dmc
   totweight 4352000
   nautocorr 0
   total_energy { -15.90089140397124   } 
   total_energyvar { 0.3430479794934252   } 
   weight { 0.9945206215356011   } 
   weightvar { 0.09705223826809962   } 
   kinetic_energy { 15.3635019763704   } 
   kinetic_energyvar { 206.2862601745496   } 
   potential_energy { -31.08483098340765   } 
   potential_energyvar { 335.3754498862828   } 
   nonlocal_energy { -0.1795623969339882   } 
   nonlocal_energyvar { 99.73492107765613   } 
   autocorr_energy { } 
} 

block { 
   label dmc
   totweight 4352000
   nautocorr 0
   total_energy { -15.90058738046794   } 
   total_energyvar { 0.345535803756566   } 
   weight { 0.9952520541364611   } 
   weightvar { 0.09849463852757701   } 
   kinetic_energy { 15.30549229590864   } 
   kinetic_energyvar { 205.9970568443057   } 
   potential_energy { -31.02696885972128   } 
   potential_energyvar { 335.7808497009856   } 
   nonlocal_energy { -0.1791108166553006   } 
   nonlocal_energyvar { 100.4243987658673   } 
   autocorr_energy { } 
} 

block { 
   label dmc
   totweight 4352000
   nautocorr 0
   total_energy { -15.904194351768   } 
   total_energyvar { 0.3616191693614198   } 
   weight { 0.9969382768030944   } 
   weightvar { 0.09856002409745952   } 
   kinetic_energy { 15.34504609377974   } 
   kinetic_energyvar { 207.2312421799509   } 
   potential_energy { -31.07889679526114   } 
   potential_energyvar { 342.5007000502262   } 
   nonlocal_energy { -0.170343650286601   } 
   nonlocal_energyvar { 105.2550075075201   } 
   autocorr_energy { } 
} 

block { 
   label dmc
   totweight 4352000
   nautocorr 0
   total_energy { -15.90227267948034   } 
   total_energyvar { 0.3499986592134717   } 
   weight { 0.9976111659533526   } 
   weightvar { 0.09814837679901109   } 
   kinetic_energy { 15.42832507199283   } 
   kinetic_energyvar { 206.9518682950188   } 
   potential_energy { -31.14702907671042   } 
   potential_energyvar { 335.0113903670727   } 
   nonlocal_energy { -0.1835686747627461   } 
   nonlocal_energyvar { 98.44133306606344   } 
   autocorr_energy { } 
} 

block { 
   label dmc
   totweight 4352000
   nautocorr 0
   total_energy { -15.90365087793353   } 
   total_energyvar { 0.3559419399532683   } 
   weight { 0.997685774600386   } 
   weightvar { 0.09724781409928863   } 
   kinetic_energy { 15.3898922286183   } 
   kinetic_energyvar { 206.8614190712411   } 
   potential_energy { -31.12374994247253   } 
   potential_energyvar { 341.9246662375562   } 
   nonlocal_energy { -0.1697931640793004   } 
   nonlocal_energyvar { 104.8954059893674   } 
   autocorr_energy { } 
} 

block { 
   label dmc
   totweight 4352000
   nautocorr 0
   total_energy { -15.90293409610983   } 
   total_energyvar { 0.3484326603048015   } 
   weight { 0.9977815954571537   } 
   weightvar { 0.09808386046672483   } 
   kinetic_energy { 15.40011598348429   } 
   kinetic_energyvar { 206.4786298165798   } 
   potential_energy { -31.12221724951717   } 
   potential_energyvar { 334.3986682109669   } 
   nonlocal_energy { -0.1808328300769513   } 
   nonlocal_energyvar { 98.71881941986894   } 
   autocorr_energy { } 
} 

block { 
   label dmc
   totweight 4352000
   nautocorr 0
   total_energy { -15.90004285908922   } 
   total_energyvar { 0.3582802643702249   } 
   weight { 0.9971755380365289   } 
   weightvar { 0.09805800400299178   } 
   kinetic_energy { 15.36705720642328   } 
   kinetic_energyvar { 206.5939228812646   } 
   potential_energy { -31.09799948721106   } 
   potential_energyvar { 345.196548778517   } 
   nonlocal_energy { -0.1691005783014341   } 
   nonlocal_energyvar { 108.7034435731355   } 
   autocorr_energy { } 
} 

block { 
   label dmc
   totweight 4352000
   nautocorr 0
   total_energy { -15.90080826064718   } 
   total_energyvar { 0.3804966233746466   } 
   weight { 0.9958703170524191   } 
   weightvar { 0.09874289244832835   } 
   kinetic_energy { 15.46191713141812   } 
   kinetic_energyvar { 207.3604153567756   } 
   potential_energy { -31.18900643068707   } 
   potential_energyvar { 348.374876934806   } 
   nonlocal_energy { -0.1737189613782328   } 
   nonlocal_energyvar { 110.7611080570962   } 
   autocorr_energy { } 
} 

block { 
   label dmc
   totweight 4352000
   nautocorr 0
   total_energy { -15.90372738138806   } 
   total_energyvar { 0.3444660074834373   } 
   weight { 0.9968984985793806   } 
   weightvar { 0.09883760605041328   } 
   kinetic_energy { 15.38454398331019   } 
   kinetic_energyvar { 206.0778683630827   } 
   potential_energy { -31.1087064173708   } 
   potential_energyvar { 338.1538183139597   } 
   nonlocal_energy { -0.17956494732745   } 
   nonlocal_energyvar { 102.6960083022692   } 
   autocorr_energy { } 
} 

block { 
   label dmc
   totweight 4352000
   nautocorr 0
   total_energy { -15.90378526496589   } 
   total_energyvar { 0.3391899295581771   } 
   weight { 0.9979262659470303   } 
   weightvar { 0.09871241037454913   } 
   kinetic_energy { 15.4185132645876   } 
   kinetic_energyvar { 206.6062015251806   } 
   potential_energy { -31.14508099940774   } 
   potential_energyvar { 333.8249863054174   } 
   nonlocal_energy { -0.1772175301457415   } 
   nonlocal_energyvar { 97.39675161009676   } 
   autocorr_energy { } 
} 

block { 
   label dmc
   totweight 4352000
   nautocorr 0
   total_energy { -15.90369141361011   } 
   total_energyvar { 0.3446986681414298   } 
   weight { 0.9978271235041508   } 
   weightvar { 0.09708501811229135   } 
   kinetic_energy { 15.4248470113585   } 
   kinetic_energyvar { 206.7182413832491   } 
   potential_energy { -31.15839165604417   } 
   potential_energyvar { 340.2213167861932   } 
   nonlocal_energy { -0.1701467689244378   } 
   nonlocal_energyvar { 103.1070952594825   } 
   autocorr_energy { } 
} 

block { 
   label dmc
   totweight 4352000
   nautocorr 0
   total_energy { -15.90254468611433   } 
   total_energyvar { 0.3558591303340607   } 
   weight { 0.9983532892331471   } 
   weightvar { 0.09707293368985527   } 
   kinetic_energy { 15.3845215911306   } 
   kinetic_energyvar { 206.6383398412254   } 
   potential_energy { -31.11126282969336   } 
   potential_energyvar { 338.8487022333777   } 
   nonlocal_energy { -0.1758034475515736   } 
   nonlocal_energyvar { 102.3373052692984   } 
   autocorr_energy { } 
} 

block { 
   label dmc
   totweight 4352000
   nautocorr 0
   total_energy { -15.90237846454637   } 
   total_energyvar { 0.3448574259621633   } 
   weight { 0.9976259764933322   } 
   weightvar { 0.09708495806190594   } 
   kinetic_energy { 15.37002604614611   } 
   kinetic_energyvar { 206.7728189592337   } 
   potential_energy { -31.09342899432823   } 
   potential_energyvar { 334.7650503942646   } 
   nonlocal_energy { -0.1789755163642545   } 
   nonlocal_energyvar { 98.28610596180195   } 
   autocorr_energy { } 
} 

block { 
   label dmc
   totweight 4352000
   nautocorr 0
   total_energy { -15.90439708163117   } 
   total_energyvar { 0.3590880546377042   } 
   weight { 0.9981583157354912   } 
   weightvar { 0.09712411430683308   } 
   kinetic_energy { 15.43369758254974   } 
   kinetic_energyvar { 206.7925619027016   } 
   potential_energy { -31.16819764877461   } 
   potential_energyvar { 345.7719362725277   } 
   nonlocal_energy { -0.1698970154062946   } 
   nonlocal_energyvar { 108.3353445880914   } 
   autocorr_energy { } 
} 

block { 
   label dmc
   totweight 4352000
   nautocorr 0
   total_energy { -15.90176900576704   } 
   total_energyvar { 0.3474330850159634   } 
   weight { 0.9972687615376706   } 
   weightvar { 0.09835285035701025   } 
   kinetic_energy { 15.39246794168628   } 
   kinetic_energyvar { 206.2005230573493   } 
   potential_energy { -31.12273617709572   } 
   potential_energyvar { 340.4117542654921   } 
   nonlocal_energy { -0.1715007703575938   } 
   nonlocal_energyvar { 104.2306560438608   } 
   autocorr_energy { } 
} 

block { 
   label dmc
   totweight 4352000
   nautocorr 0
   total_energy { -15.90198462430924   } 
   total_energyvar { 0.3473807525291457   } 
   weight { 0.9965310848326718   } 
   weightvar { 0.09709659217023796   } 
   kinetic_energy { 15.33772681394834   } 
   kinetic_energyvar { 206.4317033059992   } 
   potential_energy { -31.06734519236113   } 
   potential_energyvar { 336.8224184437366   } 
   nonlocal_energy { -0.1723662458964487   } 
   nonlocal_energyvar { 100.9204792219998   } 
   autocorr_energy { } 
} 

block { 
   label dmc
   totweight 4352000
   nautocorr 0
   total_energy { -15.9025770523606   } 
   total_energyvar { 0.3550174088009749   } 
   weight { 0.9966499887654728   } 
   weightvar { 0.09721617792544908   } 
   kinetic_energy { 15.3296492591235   } 
   kinetic_energyvar { 205.2256842216139   } 
   potential_energy { -31.06533801056488   } 
   potential_energyvar { 339.4312694577689   } 
   nonlocal_energy { -0.1668883009192214   } 
   nonlocal_energyvar { 104.1079949908747   } 
   autocorr_energy { } 
} 

block { 
   label dmc
   totweight 4352000
   nautocorr 0
   total_energy { -15.90022720447856   } 
   total_energyvar { 0.3531357776410293   } 
   weight { 0.9960916032519804   } 
   weightvar { 0.09642755900437637   } 
   kinetic_energy { 15.3664953530519   } 
   kinetic_energyvar { 205.8570848385331   } 
   potential_energy { -31.09528319580062   } 
   potential_energyvar { 342.4821735924074   } 
   nonlocal_energy { -0.171439361729847   } 
   nonlocal_energyvar { 106.4768566876146   } 
   autocorr_energy { } 
} 

block { 
   label dmc
   totweight 4352000
   nautocorr 0
   total_energy { -15.90187559937601   } 
   total_energyvar { 0.3490782408642266   } 
   weight { 0.9956357394594888   } 
   weightvar { 0.09662554702294858   } 
   kinetic_energy { 15.30643161340806   } 
   kinetic_energyvar { 206.0544307877444   } 
   potential_energy { -31.03823761997604   } 
   potential_energyvar { 337.8400086520433   } 
   nonlocal_energy { -0.1700695928080425   } 
   nonlocal_energyvar { 101.6899521798676   } 
   autocorr_energy { } 
} 

block { 
   label dmc
   totweight 4352000
   nautocorr 0
   total_energy { -15.89981367914469   } 
   total_energyvar { 0.341078756751057   } 
   weight { 0.9953887545374341   } 
   weightvar { 0.09671960491887861   } 
   kinetic_energy { 15.36287045310549   } 
   kinetic_energyvar { 205.6762898536158   } 
   potential_energy { -31.08032868398879   } 
   potential_energyvar { 333.6101176814351   } 
   nonlocal_energy { -0.1823554482613882   } 
   nonlocal_energyvar { 98.7736205341448   } 
   autocorr_energy { } 
} 

block { 
   label dmc
   totweight 4352000
   nautocorr 0
   total_energy { -15.90099365018085   } 
   total_energyvar { 0.3559493659856642   } 
   weight { 0.9956307370042752   } 
   weightvar { 0.09785373094156184   } 
   kinetic_energy { 15.41572464892901   } 
   kinetic_energyvar { 206.6119039900458   } 
   potential_energy { -31.13861558646339   } 
   potential_energyvar { 341.3284046860087   } 
   nonlocal_energy { -0.178102712646461   } 
   nonlocal_energyvar { 105.0965463887904   } 
   autocorr_energy { } 
} 

block { 
   label dmc
   totweight 4352000
   nautocorr 0
   total_energy { -15.90040280845205   } 
   total_energyvar { 0.3423203455971047   } 
   weight { 0.9953231095983575   } 
   weightvar { 0.09845869629777504   } 
   kinetic_energy { 15.37171034629865   } 
   kinetic_energyvar { 206.8901236936273   } 
   potential_energy { -31.0953026105991   } 
   potential_energyvar { 336.1222916834318   } 
   nonlocal_energy { -0.1768105441516099   } 
   nonlocal_energyvar { 99.61066373533488   } 
   autocorr_energy { } 
} 

block { 
   label dmc
   totweight 4352000
   nautocorr 0
   total_energy { -15.90273827761104   } 
   total_energyvar { 0.3479113407929986   } 
   weight { 0.9958645146515234   } 
   weightvar { 0.09711613377758045   } 
   kinetic_energy { 15.260476384712   } 
   kinetic_energyvar { 205.8930108747298   } 
   potential_energy { -30.98314784731935   } 
   potential_energyvar { 336.0042365655446   } 
   nonlocal_energy { -0.1800668150036921   } 
   nonlocal_energyvar { 101.1599868725556   } 
   autocorr_energy { } 
} 

block { 
   label dmc
   totweight 4352000
   nautocorr 0
   total_energy { -15.90210782429255   } 
   total_energyvar { 0.3595046244409852   } 
   weight { 0.9966084337407124   } 
   weightvar { 0.0973287777240175   } 
   kinetic_energy { 15.42455333670284   } 
   kinetic_energyvar { 206.7650884518074   } 
   potential_energy { -31.15201864227623   } 
   potential_energyvar { 345.1644214788909   } 
   nonlocal_energy { -0.1746425187191566   } 
   nonlocal_energyvar { 108.3633588514558   } 
   autocorr_energy { } 
} 

block { 
   label dmc
   totweight 4352000
   nautocorr 0
   total_energy { -15.90215376401865   } 
   total_energyvar { 0.3666554356539364   } 
   weight { 0.9968214711370244   } 
   weightvar { 0.09709613915505191   } 
   kinetic_energy { 15.37618899655196   } 
   kinetic_energyvar { 206.21752915779   } 
   potential_energy { -31.09314713442759   } 
   potential_energyvar { 343.3135135540322   } 
   nonlocal_energy { -0.1851956261430263   } 
   nonlocal_energyvar { 107.9498510689869   } 
   autocorr_energy { } 
} 

block { 
   label dmc
   totweight 4352000
   nautocorr 0
   total_energy { -15.90079396517156   } 
   total_energyvar { 0.3497418370379652   } 
   weight { 0.9962831400077292   } 
   weightvar { 0.09715626538075423   } 
   kinetic_energy { 15.36541640296542   } 
   kinetic_energyvar { 206.7142552747838   } 
   potential_energy { -31.09338696591827   } 
   potential_energyvar { 341.538100660038   } 
   nonlocal_energy { -0.1728234022187063   } 
   nonlocal_energyvar { 104.7582999854556   } 
   autocorr_energy { } 
} 

block { 
   label dmc
   totweight 4352000
   nautocorr 0
   total_energy { -15.90016212324687   } 
   total_energyvar { 0.3488422344357364   } 
   weight { 0.9949872859197997   } 
   weightvar { 0.09725636365397962   } 
   kinetic_energy { 15.40759348048106   } 
   kinetic_energyvar { 206.8175761646411   } 
   potential_energy { -31.1431160900166   } 
   potential_energyvar { 340.2602092535311   } 
   nonlocal_energy { -0.1646395137113202   } 
   nonlocal_energyvar { 103.1173518080309   } 
   autocorr_energy { } 
} 

block { 
   label dmc
   totweight 4352000
   nautocorr 0
   total_energy { -15.90030917345396   } 
   total_energyvar { 0.3435066747120178   } 
   weight { 0.994823157313974   } 
   weightvar { 0.09754711272976119   } 
   kinetic_energy { 15.37788010994638   } 
   kinetic_energyvar { 206.2829738784358   } 
   potential_energy { -31.0962040648901   } 
   potential_energyvar { 338.5723331203737   } 
   nonlocal_energy { -0.1819852185102455   } 
   nonlocal_energyvar { 102.8359031110727   } 
   autocorr_energy { } 
} 

block { 
   label dmc
   totweight 4352000
   nautocorr 0
   total_energy { -15.9030720499011   } 
   total_energyvar { 0.3814976507984003   } 
   weight { 0.9963165854594963   } 
   weightvar { 0.09728425310124647   } 
   kinetic_energy { 15.34439630278292   } 
   kinetic_energyvar { 206.1971662555627   } 
   potential_energy { -31.06815348095834   } 
   potential_energyvar { 348.7117626418632   } 
   nonlocal_energy { -0.1793148717256763   } 
   nonlocal_energyvar { 112.9125174625682   } 
   autocorr_energy { } 
} 

block { 
   label dmc
   totweight 4352000
   nautocorr 0
   total_energy { -15.90484671699308   } 
   total_energyvar { 0.4829640713748593   } 
   weight { 0.9975235953143753   } 
   weightvar { 0.09847846433631238   } 
   kinetic_energy { 15.41731809431539   } 
   kinetic_energyvar { 206.7813739073591   } 
   potential_energy { -31.15192260292866   } 
   potential_energyvar { 371.9367137903747   } 
   nonlocal_energy { -0.1702422083798054   } 
   nonlocal_energyvar { 134.7155868872751   } 
   autocorr_energy { } 
} 

block { 
   label dmc
   totweight 4352000
   nautocorr 0
   total_energy { -15.90346480373237   } 
   total_energyvar { 0.3653038577897615   } 
   weight { 0.9986500572127608   } 
   weightvar { 0.09776413000795137   } 
   kinetic_energy { 15.39662053173269   } 
   kinetic_energyvar { 206.3918455324047   } 
   potential_energy { -31.12692869024178   } 
   potential_energyvar { 346.9851618441252   } 
   nonlocal_energy { -0.1731566452232927   } 
   nonlocal_energyvar { 110.3608975059595   } 
   autocorr_energy { } 
} 

block { 
   label dmc
   totweight 4352000
   nautocorr 0
   total_energy { -15.89829448008253   } 
   total_energyvar { 0.4690620691875868   } 
   weight { 0.996433029977538   } 
   weightvar { 0.09859634319689047   } 
   kinetic_energy { 15.431121412393   } 
   kinetic_energyvar { 206.8148681210545   } 
   potential_energy { -31.16363535081487   } 
   potential_energyvar { 368.4165870008368   } 
   nonlocal_energy { -0.1657805416606614   } 
   nonlocal_energyvar { 131.0514469666521   } 
   autocorr_energy { } 
} 

block { 
   label dmc
   totweight 4352000
   nautocorr 0
   total_energy { -15.90012432458449   } 
   total_energyvar { 0.3311717819294873   } 
   weight { 0.994580995648825   } 
   weightvar { 0.09780504027917167   } 
   kinetic_energy { 15.33785499015828   } 
   kinetic_energyvar { 206.3036751179444   } 
   potential_energy { -31.05179524946087   } 
   potential_energyvar { 325.9300076885415   } 
   nonlocal_energy { -0.1861840652819006   } 
   nonlocal_energyvar { 91.06392428523782   } 
   autocorr_energy { } 
} 

block { 
   label dmc
   totweight 4352000
   nautocorr 0
   total_energy { -15.89764912902153   } 
   total_energyvar { 0.3464969181333167   } 
   weight { 0.9942530254645257   } 
   weightvar { 0.09686639186963267   } 
   kinetic_energy { 15.45946514292635   } 
   kinetic_energyvar { 207.0350296885623   } 
   potential_energy { -31.17483077772848   } 
   potential_energyvar { 337.0981187604027   } 
   nonlocal_energy { -0.1822834942193953   } 
   nonlocal_energyvar { 100.5867278356787   } 
   autocorr_energy { } 
} 

block { 
   label dmc
   totweight 4352000
   nautocorr 0
   total_energy { -15.90045338581681   } 
   total_energyvar { 0.3507967185387767   } 
   weight { 0.9932154296035018   } 
   weightvar { 0.09757267198157103   } 
   kinetic_energy { 15.38826335230967   } 
   kinetic_energyvar { 206.1425299736573   } 
   potential_energy { -31.11567774512128   } 
   potential_energyvar { 339.6299704761887   } 
   nonlocal_energy { -0.1730389930052088   } 
   nonlocal_energyvar { 103.7561343478736   } 
   autocorr_energy { } 
} 

block { 
   label dmc
   totweight 4352000
   nautocorr 0
   total_energy { -15.89868055889595   } 
   total_energyvar { 0.3770576042232693   } 
   weight { 0.9944505036540902   } 
   weightvar { 0.09646362334196718   } 
   kinetic_energy { 15.33488058178744   } 
   kinetic_energyvar { 205.9436530850127   } 
   potential_energy { -31.05496277373988   } 
   potential_energyvar { 344.3848547409689   } 
   nonlocal_energy { -0.1785983669435234   } 
   nonlocal_energyvar { 109.1517207202594   } 
   autocorr_energy { } 
} 

block { 
   label dmc
   totweight 4352000
   nautocorr 0
   total_energy { -15.89904465493682   } 
   total_energyvar { 0.3399231748016082   } 
   weight { 0.9938761868818585   } 
   weightvar { 0.0986311617237627   } 
   kinetic_energy { 15.35686137325188   } 
   kinetic_energyvar { 206.1438992262954   } 
   potential_energy { -31.07958597143547   } 
   potential_energyvar { 333.0048817062894   } 
   nonlocal_energy { -0.1763200567532286   } 
   nonlocal_energyvar { 97.36359110799708   } 
   autocorr_energy { } 
} 

block { 
   label dmc
   totweight 4352000
   nautocorr 0
   total_energy { -15.90143768123573   } 
   total_energyvar { 0.3384250071029449   } 
   weight { 0.9944814925322837   } 
   weightvar { 0.09917172928620346   } 
   kinetic_energy { 15.32749210108026   } 
   kinetic_energyvar { 206.5184805145006   } 
   potential_energy { -31.05103523405039   } 
   potential_energyvar { 332.2763566617213   } 
   nonlocal_energy { -0.1778945482656023   } 
   nonlocal_energyvar { 96.1444002072287   } 
   autocorr_energy { } 
} 

block { 
   label dmc
   totweight 4352000
   nautocorr 0
   total_energy { -15.90100814369807   } 
   total_energyvar { 0.3533512924010956   } 
   weight { 0.995861778929482   } 
   weightvar { 0.09840857180799367   } 
   kinetic_energy { 15.35345527062458   } 
   kinetic_energyvar { 206.4002280916372   } 
   potential_energy { -31.07822489052499   } 
   potential_energyvar { 338.2283931892227   } 
   nonlocal_energy { -0.1762385237976611   } 
   nonlocal_energyvar { 102.3789839376491   } 
   autocorr_energy { } 
} 

block { 
   label dmc
   totweight 4352000
   nautocorr 0
   total_energy { -15.90376576789126   } 
   total_energyvar { 0.3503777605005664   } 
   weight { 0.9964965558108939   } 
   weightvar { 0.09821487856968805   } 
   kinetic_energy { 15.44101412245149   } 
   kinetic_energyvar { 207.0853963563203   } 
   potential_energy { -31.16419451630003   } 
   potential_energyvar { 336.6440682073805   } 
   nonlocal_energy { -0.1805853740427195   } 
   nonlocal_energyvar { 100.1160892287165   } 
   autocorr_energy { } 
} 

block { 
   label dmc
   totweight 4352000
   nautocorr 0
   total_energy { -15.90294856924024   } 
   total_energyvar { 0.3609840682799182   } 
   weight { 0.9974513282525447   } 
   weightvar { 0.09842147817796923   } 
   kinetic_energy { 15.36276973315734   } 
   kinetic_energyvar { 206.5775175580492   } 
   potential_energy { -31.09177685927469   } 
   potential_energyvar { 340.4023900767596   } 
   nonlocal_energy { -0.17394144312289   } 
   nonlocal_energyvar { 104.2528002264882   } 
   autocorr_energy { } 
} 

block { 
   label dmc
   totweight 4352000
   nautocorr 0
   total_energy { -15.90158858522824   } 
   total_energyvar { 0.354215089039091   } 
   weight { 0.9974070168123824   } 
   weightvar { 0.09877305729276724   } 
   kinetic_energy { 15.40453240245371   } 
   kinetic_energyvar { 206.5592914466951   } 
   potential_energy { -31.11730880812511   } 
   potential_energyvar { 340.8546095854472   } 
   nonlocal_energy { -0.1888121795568283   } 
   nonlocal_energyvar { 105.135047122367   } 
   autocorr_energy { } 
} 

block { 
   label dmc
   totweight 4352000
   nautocorr 0
   total_energy { -15.90219852297912   } 
   total_energyvar { 0.3503433495652479   } 
   weight { 0.9967019882484613   } 
   weightvar { 0.09753608354988703   } 
   kinetic_energy { 15.4123370278085   } 
   kinetic_energyvar { 206.7118435305433   } 
   potential_energy { -31.13414361400085   } 
   potential_energyvar { 341.006534129733   } 
   nonlocal_energy { -0.1803919367867708   } 
   nonlocal_energyvar { 104.49727622766   } 
   autocorr_energy { } 
} 

block { 
   label dmc
   totweight 4352000
   nautocorr 0
   total_energy { -15.89897329500355   } 
   total_energyvar { 0.3486700173087904   } 
   weight { 0.9955575282051783   } 
   weightvar { 0.09710302591206592   } 
   kinetic_energy { 15.3857920685068   } 
   kinetic_energyvar { 206.573135140512   } 
   potential_energy { -31.10061212971499   } 
   potential_energyvar { 337.8500152384282   } 
   nonlocal_energy { -0.1841532337953578   } 
   nonlocal_energyvar { 102.2292202273843   } 
   autocorr_energy { } 
} 

block { 
   label dmc
   totweight 4352000
   nautocorr 0
   total_energy { -15.90373020430827   } 
   total_energyvar { 0.3590280200659652   } 
   weight { 0.9968425023883211   } 
   weightvar { 0.09778270261655785   } 
   kinetic_energy { 15.41695189705595   } 
   kinetic_energyvar { 207.3772480530922   } 
   potential_energy { -31.14584077720316   } 
   potential_energyvar { 342.2675635656796   } 
   nonlocal_energy { -0.174841324161061   } 
   nonlocal_energyvar { 104.8002069703717   } 
   autocorr_energy { } 
} 

block { 
   label dmc
   totweight 4352000
   nautocorr 0
   total_energy { -15.90275903627852   } 
   total_energyvar { 0.3494457443693646   } 
   weight { 0.9969141584253249   } 
   weightvar { 0.09763458746410042   } 
   kinetic_energy { 15.33076177398738   } 
   kinetic_energyvar { 206.0006188629316   } 
   potential_energy { -31.05470563029071   } 
   potential_energyvar { 335.0054454385308   } 
   nonlocal_energy { -0.1788151799751829   } 
   nonlocal_energyvar { 99.76651967214586   } 
   autocorr_energy { } 
} 

