#-------------------------------------------------
#DMC run: timestep 0.0065
#-------------------------------------------------


init { 
   label dmc
}
block { 
   label dmc
   totweight 2680832
   nautocorr 0
   total_energy { -15.89155593725173   } 
   total_energyvar { 0.3312837218790171   } 
   weight { 1.05032275152944   } 
   weightvar { 0.01950203288424105   } 
   kinetic_energy { 13.72953628144034   } 
   kinetic_energyvar { 200.9141984628521   } 
   potential_energy { -29.46534876505271   } 
   potential_energyvar { 320.6111547572962   } 
   nonlocal_energy { -0.1557434536393575   } 
   nonlocal_energyvar { 93.10659937162926   } 
   autocorr_energy { } 
} 

block { 
   label dmc
   totweight 2680832
   nautocorr 0
   total_energy { -15.90095727900297   } 
   total_energyvar { 0.3520196916064346   } 
   weight { 1.057916576545564   } 
   weightvar { 0.05723584680615286   } 
   kinetic_energy { 15.26125641788159   } 
   kinetic_energyvar { 206.1373628248228   } 
   potential_energy { -30.97382410305053   } 
   potential_energyvar { 340.1018829240928   } 
   nonlocal_energy { -0.1883895938340259   } 
   nonlocal_energyvar { 104.9097843259768   } 
   autocorr_energy { } 
} 

block { 
   label dmc
   totweight 2680832
   nautocorr 0
   total_energy { -15.90513128104184   } 
   total_energyvar { 0.350172643094526   } 
   weight { 1.025184144800348   } 
   weightvar { 0.0770435229528935   } 
   kinetic_energy { 15.29423751589815   } 
   kinetic_energyvar { 205.9287605059319   } 
   potential_energy { -31.04188273346569   } 
   potential_energyvar { 345.5905867713577   } 
   nonlocal_energy { -0.1574860634742946   } 
   nonlocal_energyvar { 108.5257041248248   } 
   autocorr_energy { } 
} 

block { 
   label dmc
   totweight 2680832
   nautocorr 0
   total_energy { -15.90209831097399   } 
   total_energyvar { 0.3364363622668213   } 
   weight { 1.009604948794536   } 
   weightvar { 0.08547467390389643   } 
   kinetic_energy { 15.34290306702332   } 
   kinetic_energyvar { 206.2950290847688   } 
   potential_energy { -31.05885439974226   } 
   potential_energyvar { 331.2448034903124   } 
   nonlocal_energy { -0.186146978255052   } 
   nonlocal_energyvar { 96.09970427754047   } 
   autocorr_energy { } 
} 

block { 
   label dmc
   totweight 2680832
   nautocorr 0
   total_energy { -15.90244842048779   } 
   total_energyvar { 0.4598722191357068   } 
   weight { 1.002543000495572   } 
   weightvar { 0.09119766713429248   } 
   kinetic_energy { 15.35365835507902   } 
   kinetic_energyvar { 206.2908406416288   } 
   potential_energy { -31.08662583909386   } 
   potential_energyvar { 365.1600143551662   } 
   nonlocal_energy { -0.1694809364729413   } 
   nonlocal_energyvar { 128.3524287221353   } 
   autocorr_energy { } 
} 

block { 
   label dmc
   totweight 2680832
   nautocorr 0
   total_energy { -15.90456690848161   } 
   total_energyvar { 0.3874683697222787   } 
   weight { 1.000815547008316   } 
   weightvar { 0.09433871096326128   } 
   kinetic_energy { 15.34864780244172   } 
   kinetic_energyvar { 206.33120570412   } 
   potential_energy { -31.07834703732731   } 
   potential_energyvar { 347.5234328320007   } 
   nonlocal_energy { -0.1748676735960251   } 
   nonlocal_energyvar { 111.4337191614199   } 
   autocorr_energy { } 
} 

block { 
   label dmc
   totweight 2680832
   nautocorr 0
   total_energy { -15.89910614989891   } 
   total_energyvar { 0.335198624876052   } 
   weight { 0.9974747832111739   } 
   weightvar { 0.09512512181487791   } 
   kinetic_energy { 15.34222681374275   } 
   kinetic_energyvar { 206.4891808410124   } 
   potential_energy { -31.07386021990528   } 
   potential_energyvar { 335.5616482752866   } 
   nonlocal_energy { -0.1674727437363767   } 
   nonlocal_energyvar { 98.72789195648078   } 
   autocorr_energy { } 
} 

block { 
   label dmc
   totweight 2680832
   nautocorr 0
   total_energy { -15.9027394765995   } 
   total_energyvar { 0.3581588866061397   } 
   weight { 0.995644449538611   } 
   weightvar { 0.09771303014178946   } 
   kinetic_energy { 15.40587136329493   } 
   kinetic_energyvar { 206.3588807395817   } 
   potential_energy { -31.12883286132568   } 
   potential_energyvar { 340.4996959210243   } 
   nonlocal_energy { -0.1797779785687547   } 
   nonlocal_energyvar { 104.2983085423049   } 
   autocorr_energy { } 
} 

block { 
   label dmc
   totweight 2680832
   nautocorr 0
   total_energy { -15.9000789742223   } 
   total_energyvar { 0.3825199882595423   } 
   weight { 0.9950718610498623   } 
   weightvar { 0.09735805152759044   } 
   kinetic_energy { 15.41801329198036   } 
   kinetic_energyvar { 206.4653511519315   } 
   potential_energy { -31.13797226553546   } 
   potential_energyvar { 347.0916330308145   } 
   nonlocal_energy { -0.1801200006672029   } 
   nonlocal_energyvar { 110.9285254835301   } 
   autocorr_energy { } 
} 

block { 
   label dmc
   totweight 2680832
   nautocorr 0
   total_energy { -15.90220739615163   } 
   total_energyvar { 0.3532328312316309   } 
   weight { 0.994976399624916   } 
   weightvar { 0.09900130131179004   } 
   kinetic_energy { 15.30825834526979   } 
   kinetic_energyvar { 206.3116399498788   } 
   potential_energy { -31.05757188933444   } 
   potential_energyvar { 345.0497271226845   } 
   nonlocal_energy { -0.1528938520869869   } 
   nonlocal_energyvar { 107.8869206230295   } 
   autocorr_energy { } 
} 

block { 
   label dmc
   totweight 2680832
   nautocorr 0
   total_energy { -15.90025355555435   } 
   total_energyvar { 0.3618631242579097   } 
   weight { 0.9950359613101298   } 
   weightvar { 0.09911141293405255   } 
   kinetic_energy { 15.39956816903101   } 
   kinetic_energyvar { 206.0685729237231   } 
   potential_energy { -31.13619155783476   } 
   potential_energyvar { 346.5617411945997   } 
   nonlocal_energy { -0.1636301667505893   } 
   nonlocal_energyvar { 110.027667780907   } 
   autocorr_energy { } 
} 

block { 
   label dmc
   totweight 2680832
   nautocorr 0
   total_energy { -15.90036144525224   } 
   total_energyvar { 0.334158741271081   } 
   weight { 0.9947657462387615   } 
   weightvar { 0.09911086670999372   } 
   kinetic_energy { 15.40474243908789   } 
   kinetic_energyvar { 206.6898079477417   } 
   potential_energy { -31.11820802743162   } 
   potential_energyvar { 326.9112380012984   } 
   nonlocal_energy { -0.1868958569085128   } 
   nonlocal_energyvar { 91.3811979820843   } 
   autocorr_energy { } 
} 

block { 
   label dmc
   totweight 2680832
   nautocorr 0
   total_energy { -15.90223336620702   } 
   total_energyvar { 0.336901360403949   } 
   weight { 0.9955646883388491   } 
   weightvar { 0.09894286782963005   } 
   kinetic_energy { 15.41730524271112   } 
   kinetic_energyvar { 206.6297379562117   } 
   potential_energy { -31.13352909325253   } 
   potential_energyvar { 332.2572391013859   } 
   nonlocal_energy { -0.1860095156656133   } 
   nonlocal_energyvar { 96.25999267377637   } 
   autocorr_energy { } 
} 

block { 
   label dmc
   totweight 2680832
   nautocorr 0
   total_energy { -15.9000391527064   } 
   total_energyvar { 0.3430490305592395   } 
   weight { 0.9953863426744622   } 
   weightvar { 0.09878209272753645   } 
   kinetic_energy { 15.33327742055449   } 
   kinetic_energyvar { 206.2027556307005   } 
   potential_energy { -31.05662642386885   } 
   potential_energyvar { 335.4651692444139   } 
   nonlocal_energy { -0.1766901493920516   } 
   nonlocal_energyvar { 99.51319002517013   } 
   autocorr_energy { } 
} 

block { 
   label dmc
   totweight 2680832
   nautocorr 0
   total_energy { -15.90240858735423   } 
   total_energyvar { 0.3422495958138231   } 
   weight { 0.9954593109957436   } 
   weightvar { 0.0979991371472359   } 
   kinetic_energy { 15.38464156464798   } 
   kinetic_energyvar { 207.0877101232663   } 
   potential_energy { -31.1057493748482   } 
   potential_energyvar { 334.2971833772805   } 
   nonlocal_energy { -0.1813007771540038   } 
   nonlocal_energyvar { 97.74145222520271   } 
   autocorr_energy { } 
} 

block { 
   label dmc
   totweight 2680832
   nautocorr 0
   total_energy { -15.90362584985786   } 
   total_energyvar { 0.3515278523753924   } 
   weight { 0.9968215764227848   } 
   weightvar { 0.09853779741790544   } 
   kinetic_energy { 15.37410289907414   } 
   kinetic_energyvar { 205.9536884275657   } 
   potential_energy { -31.11002934249181   } 
   potential_energyvar { 341.3662722329706   } 
   nonlocal_energy { -0.1676994064401796   } 
   nonlocal_energyvar { 105.0230430933529   } 
   autocorr_energy { } 
} 

block { 
   label dmc
   totweight 2680832
   nautocorr 0
   total_energy { -15.90419412303017   } 
   total_energyvar { 0.3577972522890264   } 
   weight { 0.9976521881137691   } 
   weightvar { 0.09986101524815995   } 
   kinetic_energy { 15.34689043588276   } 
   kinetic_energyvar { 206.4962277876208   } 
   potential_energy { -31.07129313055385   } 
   potential_energyvar { 342.9582832014128   } 
   nonlocal_energy { -0.1797914283590726   } 
   nonlocal_energyvar { 106.866574382789   } 
   autocorr_energy { } 
} 

block { 
   label dmc
   totweight 2680832
   nautocorr 0
   total_energy { -15.90241462147799   } 
   total_energyvar { 0.3683167824469717   } 
   weight { 0.9972849886650089   } 
   weightvar { 0.09974330079219598   } 
   kinetic_energy { 15.33900313989638   } 
   kinetic_energyvar { 205.9219538942586   } 
   potential_energy { -31.06909611467946   } 
   potential_energyvar { 344.6713137248068   } 
   nonlocal_energy { -0.1723216466949151   } 
   nonlocal_energyvar { 108.9084355291186   } 
   autocorr_energy { } 
} 

block { 
   label dmc
   totweight 2680832
   nautocorr 0
   total_energy { -15.9016689968877   } 
   total_energyvar { 0.360305228893804   } 
   weight { 0.9964482534886577   } 
   weightvar { 0.09836393994800277   } 
   kinetic_energy { 15.36913976318708   } 
   kinetic_energyvar { 206.3476941508837   } 
   potential_energy { -31.08582780540388   } 
   potential_energyvar { 339.6094486693181   } 
   nonlocal_energy { -0.1849809546709061   } 
   nonlocal_energyvar { 104.1332493153768   } 
   autocorr_energy { } 
} 

block { 
   label dmc
   totweight 2680832
   nautocorr 0
   total_energy { -15.90085123766822   } 
   total_energyvar { 0.3509214794191767   } 
   weight { 0.9956239054743039   } 
   weightvar { 0.09808907998632628   } 
   kinetic_energy { 15.34525916992326   } 
   kinetic_energyvar { 206.0117469154949   } 
   potential_energy { -31.06997354736403   } 
   potential_energyvar { 337.6555516112014   } 
   nonlocal_energy { -0.1761368602274356   } 
   nonlocal_energyvar { 102.0690394573307   } 
   autocorr_energy { } 
} 

block { 
   label dmc
   totweight 2680832
   nautocorr 0
   total_energy { -15.90353885165643   } 
   total_energyvar { 0.36177692142655   } 
   weight { 0.9964549244003341   } 
   weightvar { 0.09625845016878251   } 
   kinetic_energy { 15.40080124246517   } 
   kinetic_energyvar { 206.4335900621166   } 
   potential_energy { -31.12493231596555   } 
   potential_energyvar { 345.1512013063443   } 
   nonlocal_energy { -0.1794077781560538   } 
   nonlocal_energyvar { 108.9364022485122   } 
   autocorr_energy { } 
} 

block { 
   label dmc
   totweight 2680832
   nautocorr 0
   total_energy { -15.89908621676101   } 
   total_energyvar { 0.3456207040277654   } 
   weight { 0.9956451673530602   } 
   weightvar { 0.09569741719054943   } 
   kinetic_energy { 15.30281326318575   } 
   kinetic_energyvar { 205.5051230807734   } 
   potential_energy { -31.00225439201297   } 
   potential_energyvar { 333.0447734269288   } 
   nonlocal_energy { -0.1996450879337786   } 
   nonlocal_energyvar { 99.31656932522564   } 
   autocorr_energy { } 
} 

block { 
   label dmc
   totweight 2680832
   nautocorr 0
   total_energy { -15.8999262729154   } 
   total_energyvar { 0.3509779601775016   } 
   weight { 0.9946546863558711   } 
   weightvar { 0.09741850778876743   } 
   kinetic_energy { 15.32265622873194   } 
   kinetic_energyvar { 206.5860251435348   } 
   potential_energy { -31.05127193160514   } 
   potential_energyvar { 342.281599702867   } 
   nonlocal_energy { -0.1713105700422063   } 
   nonlocal_energyvar { 105.7608805194831   } 
   autocorr_energy { } 
} 

block { 
   label dmc
   totweight 2680832
   nautocorr 0
   total_energy { -15.9019355543547   } 
   total_energyvar { 0.3345260979770943   } 
   weight { 0.9953787669663955   } 
   weightvar { 0.09727356337729026   } 
   kinetic_energy { 15.32237393465505   } 
   kinetic_energyvar { 206.1443868213442   } 
   potential_energy { -31.04023328168865   } 
   potential_energyvar { 332.5524706686801   } 
   nonlocal_energy { -0.184076207321105   } 
   nonlocal_energyvar { 97.18865710717213   } 
   autocorr_energy { } 
} 

block { 
   label dmc
   totweight 2680832
   nautocorr 0
   total_energy { -15.90189684933041   } 
   total_energyvar { 0.3473857085915948   } 
   weight { 0.9959338747734405   } 
   weightvar { 0.09686581393152147   } 
   kinetic_energy { 15.36856948887901   } 
   kinetic_energyvar { 206.7650830087973   } 
   potential_energy { -31.09403560174647   } 
   potential_energyvar { 339.3453616209015   } 
   nonlocal_energy { -0.1764307364629563   } 
   nonlocal_energyvar { 102.8787903854338   } 
   autocorr_energy { } 
} 

block { 
   label dmc
   totweight 2680832
   nautocorr 0
   total_energy { -15.90278046954792   } 
   total_energyvar { 0.3521266547380159   } 
   weight { 0.9962479706727557   } 
   weightvar { 0.09941114984721452   } 
   kinetic_energy { 15.43704643085122   } 
   kinetic_energyvar { 207.1551734445057   } 
   potential_energy { -31.16232596591681   } 
   potential_energyvar { 339.7188325200585   } 
   nonlocal_energy { -0.1775009344823222   } 
   nonlocal_energyvar { 102.58718826495   } 
   autocorr_energy { } 
} 

block { 
   label dmc
   totweight 2680832
   nautocorr 0
   total_energy { -15.90221676335927   } 
   total_energyvar { 0.3529599162565715   } 
   weight { 0.996919805973248   } 
   weightvar { 0.09925392436708014   } 
   kinetic_energy { 15.37987395365979   } 
   kinetic_energyvar { 206.9903852196048   } 
   potential_energy { -31.10724910482815   } 
   potential_energyvar { 343.0345197231586   } 
   nonlocal_energy { -0.1748416121909135   } 
   nonlocal_energyvar { 105.9508402458406   } 
   autocorr_energy { } 
} 

block { 
   label dmc
   totweight 2680832
   nautocorr 0
   total_energy { -15.90054693721504   } 
   total_energyvar { 0.3704164592837299   } 
   weight { 0.9958748009499844   } 
   weightvar { 0.09906824667488802   } 
   kinetic_energy { 15.39267740957193   } 
   kinetic_energyvar { 206.5469002714474   } 
   potential_energy { -31.12206261251237   } 
   potential_energyvar { 346.5383721100163   } 
   nonlocal_energy { -0.1711617342745998   } 
   nonlocal_energyvar { 109.7851195185546   } 
   autocorr_energy { } 
} 

block { 
   label dmc
   totweight 2680832
   nautocorr 0
   total_energy { -15.9009646151661   } 
   total_energyvar { 0.3398966191935094   } 
   weight { 0.9948501089928402   } 
   weightvar { 0.09829346885153839   } 
   kinetic_energy { 15.40439127023632   } 
   kinetic_energyvar { 206.9293475653451   } 
   potential_energy { -31.12128955614566   } 
   potential_energyvar { 335.3833274580677   } 
   nonlocal_energy { -0.1840663292567616   } 
   nonlocal_energyvar { 99.00426202266945   } 
   autocorr_energy { } 
} 

block { 
   label dmc
   totweight 2680832
   nautocorr 0
   total_energy { -15.90152982552947   } 
   total_energyvar { 0.3628681235781537   } 
   weight { 0.9957243334424456   } 
   weightvar { 0.09784603900241244   } 
   kinetic_energy { 15.3685087053056   } 
   kinetic_energyvar { 206.7873039388849   } 
   potential_energy { -31.09621325122692   } 
   potential_energyvar { 341.388523405947   } 
   nonlocal_energy { -0.1738252796081549   } 
   nonlocal_energyvar { 104.7367555017897   } 
   autocorr_energy { } 
} 

block { 
   label dmc
   totweight 2680832
   nautocorr 0
   total_energy { -15.90274894888821   } 
   total_energyvar { 0.3912177589134796   } 
   weight { 0.9963424877786982   } 
   weightvar { 0.09883511515747846   } 
   kinetic_energy { 15.45494683640131   } 
   kinetic_energyvar { 207.5846706689165   } 
   potential_energy { -31.18284910117601   } 
   potential_energyvar { 355.5284610278374   } 
   nonlocal_energy { -0.174846684113512   } 
   nonlocal_energyvar { 117.8798438514319   } 
   autocorr_energy { } 
} 

block { 
   label dmc
   totweight 2680832
   nautocorr 0
   total_energy { -15.90037014437697   } 
   total_energyvar { 0.3485197957172776   } 
   weight { 0.9961518120638757   } 
   weightvar { 0.0988714764610947   } 
   kinetic_energy { 15.43357695805902   } 
   kinetic_energyvar { 206.7001111800142   } 
   potential_energy { -31.1615695340015   } 
   potential_energyvar { 342.3707374847388   } 
   nonlocal_energy { -0.1723775684344923   } 
   nonlocal_energyvar { 105.4223968397926   } 
   autocorr_energy { } 
} 

block { 
   label dmc
   totweight 2680832
   nautocorr 0
   total_energy { -15.90107425036931   } 
   total_energyvar { 0.3429082232196063   } 
   weight { 0.995231214481918   } 
   weightvar { 0.09850593886762112   } 
   kinetic_energy { 15.34819039258478   } 
   kinetic_energyvar { 206.454530971467   } 
   potential_energy { -31.08082659025442   } 
   potential_energyvar { 333.5897073920691   } 
   nonlocal_energy { -0.1684380526996664   } 
   nonlocal_energyvar { 97.02305604055678   } 
   autocorr_energy { } 
} 

block { 
   label dmc
   totweight 2680832
   nautocorr 0
   total_energy { -15.89994021506943   } 
   total_energyvar { 0.3686405295405801   } 
   weight { 0.9950467218318551   } 
   weightvar { 0.09886739372930636   } 
   kinetic_energy { 15.31316714630818   } 
   kinetic_energyvar { 205.7922280969003   } 
   potential_energy { -31.02171276448976   } 
   potential_energyvar { 341.430509301003   } 
   nonlocal_energy { -0.1913945968878477   } 
   nonlocal_energyvar { 107.2620408783822   } 
   autocorr_energy { } 
} 

block { 
   label dmc
   totweight 2680832
   nautocorr 0
   total_energy { -15.89994896577168   } 
   total_energyvar { 0.3521263780945041   } 
   weight { 0.9949064357336059   } 
   weightvar { 0.09901281201519412   } 
   kinetic_energy { 15.37802430980427   } 
   kinetic_energyvar { 206.7499311040336   } 
   potential_energy { -31.10204216262535   } 
   potential_energyvar { 339.8338993111326   } 
   nonlocal_energy { -0.1759311129505942   } 
   nonlocal_energyvar { 103.3131425756051   } 
   autocorr_energy { } 
} 

block { 
   label dmc
   totweight 2680832
   nautocorr 0
   total_energy { -15.90051464397962   } 
   total_energyvar { 0.3481561641452078   } 
   weight { 0.9946281291351963   } 
   weightvar { 0.09846097676995284   } 
   kinetic_energy { 15.35048560264607   } 
   kinetic_energyvar { 206.1999393832311   } 
   potential_energy { -31.0686643991012   } 
   potential_energyvar { 340.8416271302652   } 
   nonlocal_energy { -0.1823358475244871   } 
   nonlocal_energyvar { 105.4702173898893   } 
   autocorr_energy { } 
} 

block { 
   label dmc
   totweight 2680832
   nautocorr 0
   total_energy { -15.90144852446075   } 
   total_energyvar { 0.3411148820827396   } 
   weight { 0.995335819495167   } 
   weightvar { 0.09880289998317975   } 
   kinetic_energy { 15.39960669091361   } 
   kinetic_energyvar { 206.3022731120747   } 
   potential_energy { -31.12197089549021   } 
   potential_energyvar { 339.777721456193   } 
   nonlocal_energy { -0.179084319884143   } 
   nonlocal_energyvar { 103.4763053695028   } 
   autocorr_energy { } 
} 

block { 
   label dmc
   totweight 2680832
   nautocorr 0
   total_energy { -15.90203320131077   } 
   total_energyvar { 0.414047286582343   } 
   weight { 0.9958606138593447   } 
   weightvar { 0.09883132523125668   } 
   kinetic_energy { 15.3156246282757   } 
   kinetic_energyvar { 205.8338025010246   } 
   potential_energy { -31.03276055340893   } 
   potential_energyvar { 355.0903171709975   } 
   nonlocal_energy { -0.1848972761775455   } 
   nonlocal_energyvar { 119.798182791526   } 
   autocorr_energy { } 
} 

block { 
   label dmc
   totweight 2680832
   nautocorr 0
   total_energy { -15.90114774573234   } 
   total_energyvar { 0.3538065905539066   } 
   weight { 0.9966684551803796   } 
   weightvar { 0.0989569422015847   } 
   kinetic_energy { 15.37193350594015   } 
   kinetic_energyvar { 205.8635720302908   } 
   potential_energy { -31.08905944999479   } 
   potential_energyvar { 336.4929362565076   } 
   nonlocal_energy { -0.1840218016776952   } 
   nonlocal_energyvar { 101.394601918502   } 
   autocorr_energy { } 
} 

block { 
   label dmc
   totweight 2680832
   nautocorr 0
   total_energy { -15.9024548995605   } 
   total_energyvar { 0.3946331830204575   } 
   weight { 0.9961588720840353   } 
   weightvar { 0.09788805273962577   } 
   kinetic_energy { 15.38406532861474   } 
   kinetic_energyvar { 206.7074131594373   } 
   potential_energy { -31.11596580941977   } 
   potential_energyvar { 351.0760292823712   } 
   nonlocal_energy { -0.1705544187554615   } 
   nonlocal_energyvar { 114.0444736775945   } 
   autocorr_energy { } 
} 

block { 
   label dmc
   totweight 2680832
   nautocorr 0
   total_energy { -15.90402595243189   } 
   total_energyvar { 0.3406741394871245   } 
   weight { 0.9974825081371582   } 
   weightvar { 0.0989288006094553   } 
   kinetic_energy { 15.3939381901818   } 
   kinetic_energyvar { 206.5175110663135   } 
   potential_energy { -31.12006738476579   } 
   potential_energyvar { 336.352304593248   } 
   nonlocal_energy { -0.1778967578479031   } 
   nonlocal_energyvar { 100.7378241349706   } 
   autocorr_energy { } 
} 

block { 
   label dmc
   totweight 2680832
   nautocorr 0
   total_energy { -15.90412746861402   } 
   total_energyvar { 0.3476062564555927   } 
   weight { 0.9981202389585515   } 
   weightvar { 0.09843338545835184   } 
   kinetic_energy { 15.37768237394235   } 
   kinetic_energyvar { 205.950459728314   } 
   potential_energy { -31.09050872013236   } 
   potential_energyvar { 337.9839949023653   } 
   nonlocal_energy { -0.1913011224240239   } 
   nonlocal_energyvar { 102.8829206545026   } 
   autocorr_energy { } 
} 

block { 
   label dmc
   totweight 2680832
   nautocorr 0
   total_energy { -15.90399201945042   } 
   total_energyvar { 0.3355352959671886   } 
   weight { 0.9983071794021527   } 
   weightvar { 0.09664176791363442   } 
   kinetic_energy { 15.45087110608968   } 
   kinetic_energyvar { 206.8124571102464   } 
   potential_energy { -31.17601073970517   } 
   potential_energyvar { 332.2292372588534   } 
   nonlocal_energy { -0.1788523858349432   } 
   nonlocal_energyvar { 95.6595171141645   } 
   autocorr_energy { } 
} 

block { 
   label dmc
   totweight 2680832
   nautocorr 0
   total_energy { -15.90254356008006   } 
   total_energyvar { 0.3374702331018354   } 
   weight { 0.9977679229613973   } 
   weightvar { 0.09653691661439098   } 
   kinetic_energy { 15.37546415813258   } 
   kinetic_energyvar { 206.706780516467   } 
   potential_energy { -31.08770582171621   } 
   potential_energyvar { 331.8951292446295   } 
   nonlocal_energy { -0.1903018964964259   } 
   nonlocal_energyvar { 96.2974810077001   } 
   autocorr_energy { } 
} 

block { 
   label dmc
   totweight 2680832
   nautocorr 0
   total_energy { -15.90042257117334   } 
   total_energyvar { 0.3673728102673062   } 
   weight { 0.9968259780543267   } 
   weightvar { 0.09630746841022866   } 
   kinetic_energy { 15.39816989089364   } 
   kinetic_energyvar { 206.7467995946991   } 
   potential_energy { -31.13217909023764   } 
   potential_energyvar { 347.3273408277355   } 
   nonlocal_energy { -0.1664133718293318   } 
   nonlocal_energyvar { 109.987597111578   } 
   autocorr_energy { } 
} 

block { 
   label dmc
   totweight 2680832
   nautocorr 0
   total_energy { -15.90087994994136   } 
   total_energyvar { 0.3589705646618786   } 
   weight { 0.995552065265747   } 
   weightvar { 0.0965540594320147   } 
   kinetic_energy { 15.36007097592064   } 
   kinetic_energyvar { 206.3883510926794   } 
   potential_energy { -31.08297762773726   } 
   potential_energyvar { 345.2877633623157   } 
   nonlocal_energy { -0.1779732981247479   } 
   nonlocal_energyvar { 109.1224743186474   } 
   autocorr_energy { } 
} 

block { 
   label dmc
   totweight 2680832
   nautocorr 0
   total_energy { -15.9027290488181   } 
   total_energyvar { 0.3562981721155338   } 
   weight { 0.9957028696150445   } 
   weightvar { 0.0977156617484024   } 
   kinetic_energy { 15.37958049493728   } 
   kinetic_energyvar { 206.6159432726651   } 
   potential_energy { -31.10792394074445   } 
   potential_energyvar { 339.4441698772142   } 
   nonlocal_energy { -0.1743856030109251   } 
   nonlocal_energyvar { 102.8830799570633   } 
   autocorr_energy { } 
} 

block { 
   label dmc
   totweight 2680832
   nautocorr 0
   total_energy { -15.90071413836476   } 
   total_energyvar { 0.3378944685382022   } 
   weight { 0.9960479626278599   } 
   weightvar { 0.09883583873754799   } 
   kinetic_energy { 15.44316270974719   } 
   kinetic_energyvar { 206.6622090520738   } 
   potential_energy { -31.16760513113181   } 
   potential_energyvar { 334.9565997867849   } 
   nonlocal_energy { -0.1762717169801402   } 
   nonlocal_energyvar { 98.33169178013034   } 
   autocorr_energy { } 
} 

block { 
   label dmc
   totweight 2680832
   nautocorr 0
   total_energy { -15.90062322464221   } 
   total_energyvar { 0.3736098184285358   } 
   weight { 0.9952304918218646   } 
   weightvar { 0.09823880896882443   } 
   kinetic_energy { 15.45159839733618   } 
   kinetic_energyvar { 207.181833585843   } 
   potential_energy { -31.1818189755857   } 
   potential_energyvar { 351.8277726822673   } 
   nonlocal_energy { -0.1704026463926878   } 
   nonlocal_energyvar { 114.2067520304136   } 
   autocorr_energy { } 
} 

block { 
   label dmc
   totweight 2680832
   nautocorr 0
   total_energy { -15.89987558805404   } 
   total_energyvar { 0.4776805465561856   } 
   weight { 0.9946538859083672   } 
   weightvar { 0.09875079444568104   } 
   kinetic_energy { 15.36157893421137   } 
   kinetic_energyvar { 207.3358359239903   } 
   potential_energy { -31.09349248496064   } 
   potential_energyvar { 370.7849826867819   } 
   nonlocal_energy { -0.1679620373047772   } 
   nonlocal_energyvar { 133.3426203206969   } 
   autocorr_energy { } 
} 

block { 
   label dmc
   totweight 2680832
   nautocorr 0
   total_energy { -15.90429285643232   } 
   total_energyvar { 0.3504583774793743   } 
   weight { 0.9961168580259361   } 
   weightvar { 0.09912221280808725   } 
   kinetic_energy { 15.41102856537237   } 
   kinetic_energyvar { 207.6009789809366   } 
   potential_energy { -31.1405842702171   } 
   potential_energyvar { 343.4544336565816   } 
   nonlocal_energy { -0.1747371515875817   } 
   nonlocal_energyvar { 105.8067322150144   } 
   autocorr_energy { } 
} 

block { 
   label dmc
   totweight 2680832
   nautocorr 0
   total_energy { -15.90334153013038   } 
   total_energyvar { 0.4145578243586597   } 
   weight { 0.997424834197537   } 
   weightvar { 0.09646084722297071   } 
   kinetic_energy { 15.37879129993568   } 
   kinetic_energyvar { 206.8526252728284   } 
   potential_energy { -31.10827108075242   } 
   potential_energyvar { 353.2884883090433   } 
   nonlocal_energy { -0.1738617493136478   } 
   nonlocal_energyvar { 116.6138391394532   } 
   autocorr_energy { } 
} 

block { 
   label dmc
   totweight 2680832
   nautocorr 0
   total_energy { -15.90510421873112   } 
   total_energyvar { 0.3425014844910821   } 
   weight { 0.9976850273291402   } 
   weightvar { 0.09784939119248531   } 
   kinetic_energy { 15.37902845163908   } 
   kinetic_energyvar { 205.8721082111879   } 
   potential_energy { -31.10224525613389   } 
   potential_energyvar { 331.6460975957412   } 
   nonlocal_energy { -0.1818874142363027   } 
   nonlocal_energyvar { 96.45195539383639   } 
   autocorr_energy { } 
} 

block { 
   label dmc
   totweight 2680832
   nautocorr 0
   total_energy { -15.9026806962938   } 
   total_energyvar { 0.3382003667421106   } 
   weight { 0.9987616721141471   } 
   weightvar { 0.09740440822009644   } 
   kinetic_energy { 15.32658279416332   } 
   kinetic_energyvar { 205.871269802658   } 
   potential_energy { -31.05267867621301   } 
   potential_energyvar { 335.6921825653248   } 
   nonlocal_energy { -0.1765848142441184   } 
   nonlocal_energyvar { 100.5528829553897   } 
   autocorr_energy { } 
} 

block { 
   label dmc
   totweight 2680832
   nautocorr 0
   total_energy { -15.90170572049004   } 
   total_energyvar { 0.3596765187735069   } 
   weight { 0.9965583582409602   } 
   weightvar { 0.0972399831837638   } 
   kinetic_energy { 15.36692653949573   } 
   kinetic_energyvar { 206.3441272953496   } 
   potential_energy { -31.0944136284147   } 
   potential_energyvar { 342.7507914212047   } 
   nonlocal_energy { -0.1742186315710695   } 
   nonlocal_energyvar { 106.4483798030819   } 
   autocorr_energy { } 
} 

block { 
   label dmc
   totweight 2680832
   nautocorr 0
   total_energy { -15.90307672464271   } 
   total_energyvar { 0.3545011314641874   } 
   weight { 0.9969307091023254   } 
   weightvar { 0.09766453201784667   } 
   kinetic_energy { 15.37692975724617   } 
   kinetic_energyvar { 206.3117586144503   } 
   potential_energy { -31.11734692175872   } 
   potential_energyvar { 346.6305207493836   } 
   nonlocal_energy { -0.1626595601301532   } 
   nonlocal_energyvar { 109.5724643659352   } 
   autocorr_energy { } 
} 

block { 
   label dmc
   totweight 2680832
   nautocorr 0
   total_energy { -15.90225810658162   } 
   total_energyvar { 0.3978309127568634   } 
   weight { 0.9969616947349688   } 
   weightvar { 0.0982073901853462   } 
   kinetic_energy { 15.33649344375882   } 
   kinetic_energyvar { 205.7915004950244   } 
   potential_energy { -31.07125963217892   } 
   potential_energyvar { 352.1149779415299   } 
   nonlocal_energy { -0.1674919181615125   } 
   nonlocal_energyvar { 116.259083799662   } 
   autocorr_energy { } 
} 

block { 
   label dmc
   totweight 2680832
   nautocorr 0
   total_energy { -15.90319350120549   } 
   total_energyvar { 0.3909537103824279   } 
   weight { 0.9970705432365703   } 
   weightvar { 0.09793420404731817   } 
   kinetic_energy { 15.30762109143709   } 
   kinetic_energyvar { 206.0665616324676   } 
   potential_energy { -31.02978024011114   } 
   potential_energyvar { 346.8087621805388   } 
   nonlocal_energy { -0.1810343525314444   } 
   nonlocal_energyvar { 111.2847681983218   } 
   autocorr_energy { } 
} 

block { 
   label dmc
   totweight 2680832
   nautocorr 0
   total_energy { -15.90179872683749   } 
   total_energyvar { 0.3438857215095041   } 
   weight { 0.9969458842221169   } 
   weightvar { 0.09816587832558966   } 
   kinetic_energy { 15.35965744151945   } 
   kinetic_energyvar { 206.2814732472963   } 
   potential_energy { -31.09707961120912   } 
   potential_energyvar { 340.024443626472   } 
   nonlocal_energy { -0.1643765571478209   } 
   nonlocal_energyvar { 103.5975720998543   } 
   autocorr_energy { } 
} 

block { 
   label dmc
   totweight 2680832
   nautocorr 0
   total_energy { -15.9027788685205   } 
   total_energyvar { 0.3949673827178219   } 
   weight { 0.9969583773700943   } 
   weightvar { 0.09827619601011492   } 
   kinetic_energy { 15.35740159454456   } 
   kinetic_energyvar { 206.4106012109133   } 
   potential_energy { -31.07326606137853   } 
   potential_energyvar { 344.3229096526924   } 
   nonlocal_energy { -0.1869144016865366   } 
   nonlocal_energyvar { 108.9215092566248   } 
   autocorr_energy { } 
} 

block { 
   label dmc
   totweight 2680832
   nautocorr 0
   total_energy { -15.90134580589532   } 
   total_energyvar { 0.351112034487064   } 
   weight { 0.9965538926347582   } 
   weightvar { 0.09673217053071698   } 
   kinetic_energy { 15.37048469776538   } 
   kinetic_energyvar { 205.7182658040381   } 
   potential_energy { -31.09461097353789   } 
   potential_energyvar { 335.9815181593282   } 
   nonlocal_energy { -0.1772195301228159   } 
   nonlocal_energyvar { 100.5866578263764   } 
   autocorr_energy { } 
} 

block { 
   label dmc
   totweight 2680832
   nautocorr 0
   total_energy { -15.90176708565596   } 
   total_energyvar { 0.3360879774803298   } 
   weight { 0.9956755375821542   } 
   weightvar { 0.09796035189878942   } 
   kinetic_energy { 15.40175134745954   } 
   kinetic_energyvar { 206.9040768762738   } 
   potential_energy { -31.12003557112764   } 
   potential_energyvar { 334.5656461473395   } 
   nonlocal_energy { -0.183482861987861   } 
   nonlocal_energyvar { 98.25623653438049   } 
   autocorr_energy { } 
} 

block { 
   label dmc
   totweight 2680832
   nautocorr 0
   total_energy { -15.90408779080274   } 
   total_energyvar { 0.3526757763299926   } 
   weight { 0.9971636970903438   } 
   weightvar { 0.09801910921004833   } 
   kinetic_energy { 15.43741035845813   } 
   kinetic_energyvar { 206.9195660144981   } 
   potential_energy { -31.16076682196465   } 
   potential_energyvar { 341.0254878932835   } 
   nonlocal_energy { -0.1807313272962207   } 
   nonlocal_energyvar { 104.1544108621551   } 
   autocorr_energy { } 
} 

block { 
   label dmc
   totweight 2680832
   nautocorr 0
   total_energy { -15.90388796964068   } 
   total_energyvar { 0.3905873161513017   } 
   weight { 0.9978975908156466   } 
   weightvar { 0.0969252235361267   } 
   kinetic_energy { 15.36281322420765   } 
   kinetic_energyvar { 205.9956498565238   } 
   potential_energy { -31.08745409714358   } 
   potential_energyvar { 349.0834185515342   } 
   nonlocal_energy { -0.1792470967047493   } 
   nonlocal_energyvar { 113.8167589017178   } 
   autocorr_energy { } 
} 

block { 
   label dmc
   totweight 2680832
   nautocorr 0
   total_energy { -15.8998214569997   } 
   total_energyvar { 0.334498338637948   } 
   weight { 0.9963983148497951   } 
   weightvar { 0.09724086199809824   } 
   kinetic_energy { 15.35047390881584   } 
   kinetic_energyvar { 206.2658209307444   } 
   potential_energy { -31.07302277629771   } 
   potential_energyvar { 330.7365812551207   } 
   nonlocal_energy { -0.1772725895178351   } 
   nonlocal_energyvar { 94.80361596190549   } 
   autocorr_energy { } 
} 

block { 
   label dmc
   totweight 2680832
   nautocorr 0
   total_energy { -15.90393384602421   } 
   total_energyvar { 0.3503725450569125   } 
   weight { 0.9961742639448035   } 
   weightvar { 0.09704758799631127   } 
   kinetic_energy { 15.28955384678717   } 
   kinetic_energyvar { 206.3806990940903   } 
   potential_energy { -31.01013466457275   } 
   potential_energyvar { 337.0615494456416   } 
   nonlocal_energy { -0.1833530282386326   } 
   nonlocal_energyvar { 101.6709089663639   } 
   autocorr_energy { } 
} 

block { 
   label dmc
   totweight 2680832
   nautocorr 0
   total_energy { -15.90371120322689   } 
   total_energyvar { 0.3346373333325329   } 
   weight { 0.9977152067495145   } 
   weightvar { 0.09906758001620551   } 
   kinetic_energy { 15.39600273404529   } 
   kinetic_energyvar { 206.330733460629   } 
   potential_energy { -31.10838313199032   } 
   potential_energyvar { 329.8896446085654   } 
   nonlocal_energy { -0.1913308052818641   } 
   nonlocal_energyvar { 94.53002882057032   } 
   autocorr_energy { } 
} 

block { 
   label dmc
   totweight 2680832
   nautocorr 0
   total_energy { -15.90413831491084   } 
   total_energyvar { 0.337330917352091   } 
   weight { 0.9980682300374958   } 
   weightvar { 0.09693947067288716   } 
   kinetic_energy { 15.43931500592639   } 
   kinetic_energyvar { 206.3925894425275   } 
   potential_energy { -31.16485523625393   } 
   potential_energyvar { 332.0223647244246   } 
   nonlocal_energy { -0.1785980845833048   } 
   nonlocal_energyvar { 95.87584766567501   } 
   autocorr_energy { } 
} 

block { 
   label dmc
   totweight 2680832
   nautocorr 0
   total_energy { -15.90060892482566   } 
   total_energyvar { 0.3639228602741105   } 
   weight { 0.9970824379633049   } 
   weightvar { 0.0968586399542247   } 
   kinetic_energy { 15.35124891144718   } 
   kinetic_energyvar { 206.1777289135567   } 
   potential_energy { -31.07475775062353   } 
   potential_energyvar { 343.8285813375419   } 
   nonlocal_energy { -0.1771000856493059   } 
   nonlocal_energyvar { 108.41281034022   } 
   autocorr_energy { } 
} 

block { 
   label dmc
   totweight 2680832
   nautocorr 0
   total_energy { -15.90256789587278   } 
   total_energyvar { 0.3718606742256071   } 
   weight { 0.9963722363854255   } 
   weightvar { 0.09708539323493375   } 
   kinetic_energy { 15.3969277676822   } 
   kinetic_energyvar { 206.6791685365794   } 
   potential_energy { -31.12180560812392   } 
   potential_energyvar { 340.9735078066034   } 
   nonlocal_energy { -0.1776900554310701   } 
   nonlocal_energyvar { 104.6342382188938   } 
   autocorr_energy { } 
} 

block { 
   label dmc
   totweight 2680832
   nautocorr 0
   total_energy { -15.90117320360719   } 
   total_energyvar { 0.3746398813379978   } 
   weight { 0.9962810799667245   } 
   weightvar { 0.09722868462956884   } 
   kinetic_energy { 15.36908114479964   } 
   kinetic_energyvar { 205.9138247462526   } 
   potential_energy { -31.09839138306052   } 
   potential_energyvar { 351.4053816514034   } 
   nonlocal_energy { -0.1718629653463078   } 
   nonlocal_energyvar { 115.3193058047207   } 
   autocorr_energy { } 
} 

block { 
   label dmc
   totweight 2680832
   nautocorr 0
   total_energy { -15.90066091274491   } 
   total_energyvar { 0.3385720685375167   } 
   weight { 0.995141783347098   } 
   weightvar { 0.09743601243864529   } 
   kinetic_energy { 15.40948588515825   } 
   kinetic_energyvar { 207.2680495225937   } 
   potential_energy { -31.14562321476243   } 
   potential_energyvar { 338.1733730366969   } 
   nonlocal_energy { -0.1645235831407207   } 
   nonlocal_energyvar { 100.5782709611573   } 
   autocorr_energy { } 
} 

block { 
   label dmc
   totweight 2680832
   nautocorr 0
   total_energy { -15.8989425647297   } 
   total_energyvar { 0.339567891272372   } 
   weight { 0.9944795322732036   } 
   weightvar { 0.09803808630286076   } 
   kinetic_energy { 15.35041889662076   } 
   kinetic_energyvar { 206.2446667421295   } 
   potential_energy { -31.07049485801393   } 
   potential_energyvar { 334.5812566882743   } 
   nonlocal_energy { -0.1788666033365409   } 
   nonlocal_energyvar { 98.73647041326136   } 
   autocorr_energy { } 
} 

block { 
   label dmc
   totweight 2680832
   nautocorr 0
   total_energy { -15.89892004831882   } 
   total_energyvar { 0.3859177190728946   } 
   weight { 0.9933820526158477   } 
   weightvar { 0.09846869829906713   } 
   kinetic_energy { 15.30924884581354   } 
   kinetic_energyvar { 206.4455377352565   } 
   potential_energy { -31.03298969194963   } 
   potential_energyvar { 348.2701640399924   } 
   nonlocal_energy { -0.1751792021827368   } 
   nonlocal_energyvar { 112.2970682960636   } 
   autocorr_energy { } 
} 

block { 
   label dmc
   totweight 2680832
   nautocorr 0
   total_energy { -15.90335913716233   } 
   total_energyvar { 0.3610046454228913   } 
   weight { 0.9947868655011931   } 
   weightvar { 0.09825520014400874   } 
   kinetic_energy { 15.37749674488251   } 
   kinetic_energyvar { 207.1047771316632   } 
   potential_energy { -31.10569863114645   } 
   potential_energyvar { 342.4434891458632   } 
   nonlocal_energy { -0.1751572508983887   } 
   nonlocal_energyvar { 105.3187544944029   } 
   autocorr_energy { } 
} 

block { 
   label dmc
   totweight 2680832
   nautocorr 0
   total_energy { -15.90314570986827   } 
   total_energyvar { 0.3438422813847581   } 
   weight { 0.9973462688187009   } 
   weightvar { 0.09893064104582537   } 
   kinetic_energy { 15.3736577256582   } 
   kinetic_energyvar { 206.5747256109527   } 
   potential_energy { -31.08697032254378   } 
   potential_energyvar { 337.0054502911885   } 
   nonlocal_energy { -0.1898331129826889   } 
   nonlocal_energyvar { 101.5339199674993   } 
   autocorr_energy { } 
} 

block { 
   label dmc
   totweight 2680832
   nautocorr 0
   total_energy { -15.9007104708607   } 
   total_energyvar { 0.3666820684476613   } 
   weight { 0.9958842294447129   } 
   weightvar { 0.09811408559531422   } 
   kinetic_energy { 15.41241193992182   } 
   kinetic_energyvar { 207.1174928431151   } 
   potential_energy { -31.12717713422636   } 
   potential_energyvar { 348.4302778891112   } 
   nonlocal_energy { -0.1859452765561687   } 
   nonlocal_energyvar { 111.6573375741623   } 
   autocorr_energy { } 
} 

block { 
   label dmc
   totweight 2680832
   nautocorr 0
   total_energy { -15.90121389352261   } 
   total_energyvar { 0.3381058422044881   } 
   weight { 0.9958782655556517   } 
   weightvar { 0.09713865462357781   } 
   kinetic_energy { 15.31219914433628   } 
   kinetic_energyvar { 206.6249975346044   } 
   potential_energy { -31.04617240580363   } 
   potential_energyvar { 337.1565466934202   } 
   nonlocal_energy { -0.1672406320552555   } 
   nonlocal_energyvar { 100.4443484240528   } 
   autocorr_energy { } 
} 

block { 
   label dmc
   totweight 2680832
   nautocorr 0
   total_energy { -15.90228478185612   } 
   total_energyvar { 0.3402505256759186   } 
   weight { 0.9955877390696725   } 
   weightvar { 0.09721961274929682   } 
   kinetic_energy { 15.3621063378609   } 
   kinetic_energyvar { 206.6628866705943   } 
   potential_energy { -31.08990591490992   } 
   potential_energyvar { 334.430370332502   } 
   nonlocal_energy { -0.174485204807094   } 
   nonlocal_energyvar { 98.03230689775528   } 
   autocorr_energy { } 
} 

block { 
   label dmc
   totweight 2680832
   nautocorr 0
   total_energy { -15.90245451528595   } 
   total_energyvar { 0.3536029000128588   } 
   weight { 0.9961335615190827   } 
   weightvar { 0.09902289803807225   } 
   kinetic_energy { 15.38103853651796   } 
   kinetic_energyvar { 206.8953849647249   } 
   potential_energy { -31.10944433375467   } 
   potential_energyvar { 342.0189707849652   } 
   nonlocal_energy { -0.1740487180492414   } 
   nonlocal_energyvar { 104.9361847457045   } 
   autocorr_energy { } 
} 

block { 
   label dmc
   totweight 2680832
   nautocorr 0
   total_energy { -15.90353755034198   } 
   total_energyvar { 0.3397757748499154   } 
   weight { 0.9969313684521098   } 
   weightvar { 0.09927556783048401   } 
   kinetic_energy { 15.36977696536368   } 
   kinetic_energyvar { 206.2315291311301   } 
   potential_energy { -31.09074844459422   } 
   potential_energyvar { 334.5858315077298   } 
   nonlocal_energy { -0.1825660711114416   } 
   nonlocal_energyvar { 99.02313591904316   } 
   autocorr_energy { } 
} 

block { 
   label dmc
   totweight 2680832
   nautocorr 0
   total_energy { -15.9031422780863   } 
   total_energyvar { 0.3483788029393385   } 
   weight { 0.9972505143079676   } 
   weightvar { 0.09809697405636268   } 
   kinetic_energy { 15.35975994423351   } 
   kinetic_energyvar { 206.2506816020833   } 
   potential_energy { -31.07958250910307   } 
   potential_energyvar { 337.3164254809452   } 
   nonlocal_energy { -0.1833197132167388   } 
   nonlocal_energyvar { 101.865662010453   } 
   autocorr_energy { } 
} 

block { 
   label dmc
   totweight 2680832
   nautocorr 0
   total_energy { -15.90208381115026   } 
   total_energyvar { 0.3480723526435847   } 
   weight { 0.997142907370801   } 
   weightvar { 0.09793602001893069   } 
   kinetic_energy { 15.33511118837281   } 
   kinetic_energyvar { 206.5582936012183   } 
   potential_energy { -31.06147997084882   } 
   potential_energyvar { 338.0368580931188   } 
   nonlocal_energy { -0.1757150286742521   } 
   nonlocal_energyvar { 101.7952561835581   } 
   autocorr_energy { } 
} 

block { 
   label dmc
   totweight 2680832
   nautocorr 0
   total_energy { -15.90027971353717   } 
   total_energyvar { 0.3423187992191488   } 
   weight { 0.9953300596053848   } 
   weightvar { 0.09851728157606686   } 
   kinetic_energy { 15.36794386582959   } 
   kinetic_energyvar { 206.271767288289   } 
   potential_energy { -31.09008873415873   } 
   potential_energyvar { 334.184254932378   } 
   nonlocal_energy { -0.1781348452080368   } 
   nonlocal_energyvar { 98.71994772925503   } 
   autocorr_energy { } 
} 

block { 
   label dmc
   totweight 2680832
   nautocorr 0
   total_energy { -15.89949749349524   } 
   total_energyvar { 0.3379013025958771   } 
   weight { 0.9948779418545184   } 
   weightvar { 0.09811077408707164   } 
   kinetic_energy { 15.3125531683292   } 
   kinetic_energyvar { 206.2825712824866   } 
   potential_energy { -31.02552062787069   } 
   potential_energyvar { 334.0081279441574   } 
   nonlocal_energy { -0.1865300339537448   } 
   nonlocal_energyvar { 98.67782558146635   } 
   autocorr_energy { } 
} 

block { 
   label dmc
   totweight 2680832
   nautocorr 0
   total_energy { -15.8997894528028   } 
   total_energyvar { 0.3493075337266052   } 
   weight { 0.9940130371763275   } 
   weightvar { 0.09868196110667013   } 
   kinetic_energy { 15.38373926631245   } 
   kinetic_energyvar { 206.9163555945926   } 
   potential_energy { -31.10111206414659   } 
   potential_energyvar { 341.0779712386578   } 
   nonlocal_energy { -0.1824166549686589   } 
   nonlocal_energyvar { 104.6139703517991   } 
   autocorr_energy { } 
} 

block { 
   label dmc
   totweight 2680832
   nautocorr 0
   total_energy { -15.90267624149169   } 
   total_energyvar { 0.351750479687113   } 
   weight { 0.9955952103373048   } 
   weightvar { 0.09790830799027407   } 
   kinetic_energy { 15.33290608855974   } 
   kinetic_energyvar { 206.3544879019259   } 
   potential_energy { -31.06760143731717   } 
   potential_energyvar { 344.2077527026938   } 
   nonlocal_energy { -0.1679808927342582   } 
   nonlocal_energyvar { 107.8412784005393   } 
   autocorr_energy { } 
} 

block { 
   label dmc
   totweight 2680832
   nautocorr 0
   total_energy { -15.89959876748074   } 
   total_energyvar { 0.3372812841601688   } 
   weight { 0.9950744129074575   } 
   weightvar { 0.09767075208937559   } 
   kinetic_energy { 15.30404650925988   } 
   kinetic_energyvar { 206.2705632179571   } 
   potential_energy { -31.04289864007538   } 
   potential_energyvar { 334.6838742434965   } 
   nonlocal_energy { -0.1607466366652372   } 
   nonlocal_energyvar { 98.05405944526716   } 
   autocorr_energy { } 
} 

block { 
   label dmc
   totweight 2680832
   nautocorr 0
   total_energy { -15.90221067685629   } 
   total_energyvar { 0.3604538859488996   } 
   weight { 0.9952971198634062   } 
   weightvar { 0.09818526838017706   } 
   kinetic_energy { 15.37273135115156   } 
   kinetic_energyvar { 206.9068471029408   } 
   potential_energy { -31.09768227231543   } 
   potential_energyvar { 342.5272715639539   } 
   nonlocal_energy { -0.1772597556924052   } 
   nonlocal_energyvar { 106.2479607292116   } 
   autocorr_energy { } 
} 

block { 
   label dmc
   totweight 2680832
   nautocorr 0
   total_energy { -15.90014558036397   } 
   total_energyvar { 0.3359568024648352   } 
   weight { 0.9952573578076463   } 
   weightvar { 0.09839632747608405   } 
   kinetic_energy { 15.29482430556476   } 
   kinetic_energyvar { 205.6016226526001   } 
   potential_energy { -31.00747037540892   } 
   potential_energyvar { 329.6629379084715   } 
   nonlocal_energy { -0.1874995105198109   } 
   nonlocal_energyvar { 95.12233126057797   } 
   autocorr_energy { } 
} 

block { 
   label dmc
   totweight 2680832
   nautocorr 0
   total_energy { -15.90079561763432   } 
   total_energyvar { 0.355470255107884   } 
   weight { 0.9947524889736524   } 
   weightvar { 0.09746211486980791   } 
   kinetic_energy { 15.36947572174856   } 
   kinetic_energyvar { 206.8680875214822   } 
   potential_energy { -31.08991855657984   } 
   potential_energyvar { 339.4181325411245   } 
   nonlocal_energy { -0.1803527828030535   } 
   nonlocal_energyvar { 103.091118436247   } 
   autocorr_energy { } 
} 

block { 
   label dmc
   totweight 2680832
   nautocorr 0
   total_energy { -15.90162735248097   } 
   total_energyvar { 0.3369387711748452   } 
   weight { 0.9957939151876871   } 
   weightvar { 0.09739890564039135   } 
   kinetic_energy { 15.36376149571658   } 
   kinetic_energyvar { 206.1139451526119   } 
   potential_energy { -31.07663480580486   } 
   potential_energyvar { 332.8765680620312   } 
   nonlocal_energy { -0.1887540423926873   } 
   nonlocal_energyvar { 97.76569201635176   } 
   autocorr_energy { } 
} 

block { 
   label dmc
   totweight 2680832
   nautocorr 0
   total_energy { -15.90196878610861   } 
   total_energyvar { 0.3350862953278684   } 
   weight { 0.9958939901110245   } 
   weightvar { 0.09754012863158372   } 
   kinetic_energy { 15.41979660177846   } 
   kinetic_energyvar { 206.2317888705409   } 
   potential_energy { -31.13682887867771   } 
   potential_energyvar { 330.6993244603544   } 
   nonlocal_energy { -0.1849365092093579   } 
   nonlocal_energyvar { 95.43783124614463   } 
   autocorr_energy { } 
} 

block { 
   label dmc
   totweight 2680832
   nautocorr 0
   total_energy { -15.90349244240496   } 
   total_energyvar { 0.4409358034423657   } 
   weight { 0.9966543789132205   } 
   weightvar { 0.09838032738661992   } 
   kinetic_energy { 15.36462133673232   } 
   kinetic_energyvar { 206.4676414456803   } 
   potential_energy { -31.10164850480978   } 
   potential_energyvar { 365.9353612238888   } 
   nonlocal_energy { -0.1664652743274986   } 
   nonlocal_energyvar { 128.7611369364287   } 
   autocorr_energy { } 
} 

block { 
   label dmc
   totweight 2680832
   nautocorr 0
   total_energy { -15.90388916792025   } 
   total_energyvar { 0.3548971028789492   } 
   weight { 0.997461312707439   } 
   weightvar { 0.0971769232976822   } 
   kinetic_energy { 15.43061005024066   } 
   kinetic_energyvar { 207.0464163894785   } 
   potential_energy { -31.16192799798745   } 
   potential_energyvar { 340.8674558077035   } 
   nonlocal_energy { -0.1725712201734674   } 
   nonlocal_energyvar { 103.685476399741   } 
   autocorr_energy { } 
} 

block { 
   label dmc
   totweight 2680832
   nautocorr 0
   total_energy { -15.90232167731803   } 
   total_energyvar { 0.342444754518947   } 
   weight { 0.9968951273539016   } 
   weightvar { 0.09830726038446327   } 
   kinetic_energy { 15.32923373535259   } 
   kinetic_energyvar { 206.0376695607424   } 
   potential_energy { -31.05207194802608   } 
   potential_energyvar { 334.3759346405704   } 
   nonlocal_energy { -0.1794834646445511   } 
   nonlocal_energyvar { 98.75002328227563   } 
   autocorr_energy { } 
} 

block { 
   label dmc
   totweight 2680832
   nautocorr 0
   total_energy { -15.90271537070144   } 
   total_energyvar { 0.3449195926725077   } 
   weight { 0.9975056899995055   } 
   weightvar { 0.09912068888927134   } 
   kinetic_energy { 15.32010403673534   } 
   kinetic_energyvar { 206.5291107198465   } 
   potential_energy { -31.05468851448939   } 
   potential_energyvar { 338.8012179750759   } 
   nonlocal_energy { -0.1681308929474006   } 
   nonlocal_energyvar { 102.0543730178794   } 
   autocorr_energy { } 
} 

block { 
   label dmc
   totweight 2680832
   nautocorr 0
   total_energy { -15.90030594338411   } 
   total_energyvar { 0.3917100187877913   } 
   weight { 0.9959629535198937   } 
   weightvar { 0.09757780663289943   } 
   kinetic_energy { 15.38271705095323   } 
   kinetic_energyvar { 207.0682642215778   } 
   potential_energy { -31.11312329941119   } 
   potential_energyvar { 350.3373208788981   } 
   nonlocal_energy { -0.1698996949261506   } 
   nonlocal_energyvar { 113.0083649220042   } 
   autocorr_energy { } 
} 

block { 
   label dmc
   totweight 2680832
   nautocorr 0
   total_energy { -15.90143888171107   } 
   total_energyvar { 0.3820041024194688   } 
   weight { 0.9953004469895393   } 
   weightvar { 0.09914897541809956   } 
   kinetic_energy { 15.33046625277356   } 
   kinetic_energyvar { 205.5727003658418   } 
   potential_energy { -31.06386412278833   } 
   potential_energyvar { 350.1929492219481   } 
   nonlocal_energy { -0.1680410116963002   } 
   nonlocal_energyvar { 114.4227502208793   } 
   autocorr_energy { } 
} 

block { 
   label dmc
   totweight 2680832
   nautocorr 0
   total_energy { -15.90080428735248   } 
   total_energyvar { 0.3873007846037666   } 
   weight { 0.9949289591831436   } 
   weightvar { 0.09913034042643175   } 
   kinetic_energy { 15.40578888210246   } 
   kinetic_energyvar { 206.64287040909   } 
   potential_energy { -31.12040174784309   } 
   potential_energyvar { 342.1766951413817   } 
   nonlocal_energy { -0.1861914216118528   } 
   nonlocal_energyvar { 105.9643386703707   } 
   autocorr_energy { } 
} 

block { 
   label dmc
   totweight 2680832
   nautocorr 0
   total_energy { -15.90078357580454   } 
   total_energyvar { 0.3565479739343557   } 
   weight { 0.9952291063985363   } 
   weightvar { 0.09843364308209328   } 
   kinetic_energy { 15.39080779532297   } 
   kinetic_energyvar { 206.3277528455059   } 
   potential_energy { -31.11825401719291   } 
   potential_energyvar { 345.5145130817413   } 
   nonlocal_energy { -0.1733373539345937   } 
   nonlocal_energyvar { 109.0323287215349   } 
   autocorr_energy { } 
} 

block { 
   label dmc
   totweight 2680832
   nautocorr 0
   total_energy { -15.90217241804787   } 
   total_energyvar { 0.3593540878159007   } 
   weight { 0.9959142350943568   } 
   weightvar { 0.09789688477196881   } 
   kinetic_energy { 15.3743908912367   } 
   kinetic_energyvar { 207.2531590429202   } 
   potential_energy { -31.11125031053041   } 
   potential_energyvar { 347.77836932661   } 
   nonlocal_energy { -0.165312998754154   } 
   nonlocal_energyvar { 109.9528269467361   } 
   autocorr_energy { } 
} 

block { 
   label dmc
   totweight 2680832
   nautocorr 0
   total_energy { -15.9006627274363   } 
   total_energyvar { 0.3654950637838627   } 
   weight { 0.9959053452610198   } 
   weightvar { 0.09925239606292376   } 
   kinetic_energy { 15.38555096018158   } 
   kinetic_energyvar { 207.432993177244   } 
   potential_energy { -31.11004339680871   } 
   potential_energyvar { 344.7749760284669   } 
   nonlocal_energy { -0.1761702908091693   } 
   nonlocal_energyvar { 107.4917871492076   } 
   autocorr_energy { } 
} 

block { 
   label dmc
   totweight 2680832
   nautocorr 0
   total_energy { -15.90078852085609   } 
   total_energyvar { 0.343772352173295   } 
   weight { 0.995177510627311   } 
   weightvar { 0.09883254733810795   } 
   kinetic_energy { 15.36224849486144   } 
   kinetic_energyvar { 206.5075394314566   } 
   potential_energy { -31.09565007695771   } 
   potential_energyvar { 338.7510935087449   } 
   nonlocal_energy { -0.1673869387598197   } 
   nonlocal_energyvar { 101.5959302781334   } 
   autocorr_energy { } 
} 

block { 
   label dmc
   totweight 2680832
   nautocorr 0
   total_energy { -15.90520907613904   } 
   total_energyvar { 0.3777395630096644   } 
   weight { 0.9968183269664137   } 
   weightvar { 0.09970660970528442   } 
   kinetic_energy { 15.34011962551879   } 
   kinetic_energyvar { 205.6789056445275   } 
   potential_energy { -31.07651867184201   } 
   potential_energyvar { 346.8431773680683   } 
   nonlocal_energy { -0.1688100298158188   } 
   nonlocal_energyvar { 110.86846144049   } 
   autocorr_energy { } 
} 

block { 
   label dmc
   totweight 2680832
   nautocorr 0
   total_energy { -15.9016686926877   } 
   total_energyvar { 0.3833493142942189   } 
   weight { 0.997174081984788   } 
   weightvar { 0.09940217777546592   } 
   kinetic_energy { 15.3926925155779   } 
   kinetic_energyvar { 207.1634542486361   } 
   potential_energy { -31.11706213397712   } 
   potential_energyvar { 349.6067541978785   } 
   nonlocal_energy { -0.1772990742884775   } 
   nonlocal_energyvar { 112.5139081460401   } 
   autocorr_energy { } 
} 

block { 
   label dmc
   totweight 2680832
   nautocorr 0
   total_energy { -15.90236383756981   } 
   total_energyvar { 0.3634669004259359   } 
   weight { 0.9962472220091176   } 
   weightvar { 0.09823697890867666   } 
   kinetic_energy { 15.36763270816561   } 
   kinetic_energyvar { 206.9329902682784   } 
   potential_energy { -31.09254084962666   } 
   potential_energyvar { 345.8363438428519   } 
   nonlocal_energy { -0.1774556961087558   } 
   nonlocal_energyvar { 108.9826511725071   } 
   autocorr_energy { } 
} 

block { 
   label dmc
   totweight 2680832
   nautocorr 0
   total_energy { -15.9023595689668   } 
   total_energyvar { 0.3555535810856437   } 
   weight { 0.9971683339606981   } 
   weightvar { 0.09766588887731077   } 
   kinetic_energy { 15.41805929909926   } 
   kinetic_energyvar { 207.0122727859129   } 
   potential_energy { -31.14214584167181   } 
   potential_energyvar { 338.6123248851529   } 
   nonlocal_energy { -0.1782730263942532   } 
   nonlocal_energyvar { 101.7823097444918   } 
   autocorr_energy { } 
} 

block { 
   label dmc
   totweight 2680832
   nautocorr 0
   total_energy { -15.9040600327595   } 
   total_energyvar { 0.3498611983602339   } 
   weight { 0.996937921016588   } 
   weightvar { 0.09793070928281972   } 
   kinetic_energy { 15.36845551827648   } 
   kinetic_energyvar { 206.0522712632643   } 
   potential_energy { -31.0960144488747   } 
   potential_energyvar { 339.5321061861964   } 
   nonlocal_energy { -0.1765011021612712   } 
   nonlocal_energyvar { 103.9396618328241   } 
   autocorr_energy { } 
} 

block { 
   label dmc
   totweight 2680832
   nautocorr 0
   total_energy { -15.90252134103064   } 
   total_energyvar { 0.344938548792568   } 
   weight { 0.9973927698403749   } 
   weightvar { 0.09859010460028074   } 
   kinetic_energy { 15.35692755576013   } 
   kinetic_energyvar { 206.3880466046777   } 
   potential_energy { -31.0873010613753   } 
   potential_energyvar { 337.9112143935064   } 
   nonlocal_energy { -0.1721478354154672   } 
   nonlocal_energyvar { 102.1173752179023   } 
   autocorr_energy { } 
} 

block { 
   label dmc
   totweight 2680832
   nautocorr 0
   total_energy { -15.90283938136544   } 
   total_energyvar { 0.3388970418303904   } 
   weight { 0.9966375043976343   } 
   weightvar { 0.09892309543367625   } 
   kinetic_energy { 15.34985262624662   } 
   kinetic_energyvar { 205.6850026003317   } 
   potential_energy { -31.07393134785429   } 
   potential_energyvar { 334.0718168395708   } 
   nonlocal_energy { -0.1787606597577792   } 
   nonlocal_energyvar { 99.05065226464743   } 
   autocorr_energy { } 
} 

block { 
   label dmc
   totweight 2680832
   nautocorr 0
   total_energy { -15.90272613980556   } 
   total_energyvar { 0.3451863816603675   } 
   weight { 0.9976367476938778   } 
   weightvar { 0.09886797755434465   } 
   kinetic_energy { 15.35824821931042   } 
   kinetic_energyvar { 206.0875964994594   } 
   potential_energy { -31.07863507371496   } 
   potential_energyvar { 333.9640114859435   } 
   nonlocal_energy { -0.1823392854010144   } 
   nonlocal_energyvar { 98.32978866705959   } 
   autocorr_energy { } 
} 

block { 
   label dmc
   totweight 2680832
   nautocorr 0
   total_energy { -15.90077617140383   } 
   total_energyvar { 0.3483230047761866   } 
   weight { 0.9964066029513324   } 
   weightvar { 0.09840601542983983   } 
   kinetic_energy { 15.37018646311657   } 
   kinetic_energyvar { 205.4910877169473   } 
   potential_energy { -31.09459372017407   } 
   potential_energyvar { 336.8108633845055   } 
   nonlocal_energy { -0.1763689143463334   } 
   nonlocal_energyvar { 101.7719234177743   } 
   autocorr_energy { } 
} 

block { 
   label dmc
   totweight 2680832
   nautocorr 0
   total_energy { -15.90093103854346   } 
   total_energyvar { 0.3630354167561713   } 
   weight { 0.9948053571433476   } 
   weightvar { 0.09744642079266541   } 
   kinetic_energy { 15.41021503143365   } 
   kinetic_energyvar { 206.7963669940509   } 
   potential_energy { -31.1409122975618   } 
   potential_energyvar { 347.9656136997905   } 
   nonlocal_energy { -0.1702337724153069   } 
   nonlocal_energyvar { 110.9442895435042   } 
   autocorr_energy { } 
} 

block { 
   label dmc
   totweight 2680832
   nautocorr 0
   total_energy { -15.89931677610445   } 
   total_energyvar { 0.3973746529890073   } 
   weight { 0.9942783060099226   } 
   weightvar { 0.0973405422209437   } 
   kinetic_energy { 15.37413774553908   } 
   kinetic_energyvar { 206.0755835628342   } 
   potential_energy { -31.09027518789019   } 
   potential_energyvar { 350.2605222222411   } 
   nonlocal_energy { -0.183179333753352   } 
   nonlocal_energyvar { 114.6979055322238   } 
   autocorr_energy { } 
} 

block { 
   label dmc
   totweight 2680832
   nautocorr 0
   total_energy { -15.90112401879999   } 
   total_energyvar { 0.3816387008857231   } 
   weight { 0.9950395816518763   } 
   weightvar { 0.09835802381919043   } 
   kinetic_energy { 15.37694026890448   } 
   kinetic_energyvar { 207.1195126488522   } 
   potential_energy { -31.10439741973839   } 
   potential_energyvar { 356.4363013437199   } 
   nonlocal_energy { -0.1736668679660813   } 
   nonlocal_energyvar { 119.0546873770267   } 
   autocorr_energy { } 
} 

block { 
   label dmc
   totweight 2680832
   nautocorr 0
   total_energy { -15.90230234828418   } 
   total_energyvar { 0.3647991708728007   } 
   weight { 0.9959031381597264   } 
   weightvar { 0.09940416793245334   } 
   kinetic_energy { 15.40905152663245   } 
   kinetic_energyvar { 206.7802750616141   } 
   potential_energy { -31.13468291967649   } 
   potential_energyvar { 343.1513899305809   } 
   nonlocal_energy { -0.176670955240142   } 
   nonlocal_energyvar { 106.3426738885119   } 
   autocorr_energy { } 
} 

block { 
   label dmc
   totweight 2680832
   nautocorr 0
   total_energy { -15.89953404484973   } 
   total_energyvar { 0.3695769762705016   } 
   weight { 0.9951061789942373   } 
   weightvar { 0.09854341640289371   } 
   kinetic_energy { 15.37751750286455   } 
   kinetic_energyvar { 206.6277509310338   } 
   potential_energy { -31.09256697556435   } 
   potential_energyvar { 340.5384962350059   } 
   nonlocal_energy { -0.184484572149932   } 
   nonlocal_energyvar { 104.5057787761229   } 
   autocorr_energy { } 
} 

block { 
   label dmc
   totweight 2680832
   nautocorr 0
   total_energy { -15.90304275360632   } 
   total_energyvar { 0.3475462043490714   } 
   weight { 0.9954800467043595   } 
   weightvar { 0.09794376574234927   } 
   kinetic_energy { 15.36799854646535   } 
   kinetic_energyvar { 207.019119858062   } 
   potential_energy { -31.09358403205715   } 
   potential_energyvar { 337.9810206865358   } 
   nonlocal_energy { -0.1774572680145167   } 
   nonlocal_energyvar { 101.3064039125206   } 
   autocorr_energy { } 
} 

block { 
   label dmc
   totweight 2680832
   nautocorr 0
   total_energy { -15.90093786247157   } 
   total_energyvar { 0.3444206801258305   } 
   weight { 0.9958646991652748   } 
   weightvar { 0.09886886484370858   } 
   kinetic_energy { 15.39778627902795   } 
   kinetic_energyvar { 206.8259414187397   } 
   potential_energy { -31.1305971244461   } 
   potential_energyvar { 340.5912088686321   } 
   nonlocal_energy { -0.1681270170534329   } 
   nonlocal_energyvar { 103.5465247377516   } 
   autocorr_energy { } 
} 

block { 
   label dmc
   totweight 2680832
   nautocorr 0
   total_energy { -15.90292339693674   } 
   total_energyvar { 0.3445895134410462   } 
   weight { 0.9958496532433411   } 
   weightvar { 0.09867330819335859   } 
   kinetic_energy { 15.34161969159776   } 
   kinetic_energyvar { 205.7951183618145   } 
   potential_energy { -31.07418955847993   } 
   potential_energyvar { 337.1873552160709   } 
   nonlocal_energy { -0.1703535300545745   } 
   nonlocal_energyvar { 101.1484834441013   } 
   autocorr_energy { } 
} 

block { 
   label dmc
   totweight 2680832
   nautocorr 0
   total_energy { -15.90190119030446   } 
   total_energyvar { 0.3461709031258001   } 
   weight { 0.9962292942750318   } 
   weightvar { 0.09849153045514519   } 
   kinetic_energy { 15.46674277056218   } 
   kinetic_energyvar { 206.9969726257899   } 
   potential_energy { -31.18212749146157   } 
   potential_energyvar { 334.6514814098293   } 
   nonlocal_energy { -0.186516469405062   } 
   nonlocal_energyvar { 98.35208814514114   } 
   autocorr_energy { } 
} 

block { 
   label dmc
   totweight 2680832
   nautocorr 0
   total_energy { -15.90089193806255   } 
   total_energyvar { 0.3557569873514246   } 
   weight { 0.9957463939868859   } 
   weightvar { 0.09821846687926242   } 
   kinetic_energy { 15.37583539685106   } 
   kinetic_energyvar { 206.1300773210473   } 
   potential_energy { -31.10469168664319   } 
   potential_energyvar { 347.0425581212626   } 
   nonlocal_energy { -0.1720356482704168   } 
   nonlocal_energyvar { 110.9388504666306   } 
   autocorr_energy { } 
} 

block { 
   label dmc
   totweight 2680832
   nautocorr 0
   total_energy { -15.90586412282605   } 
   total_energyvar { 0.3773399422776158   } 
   weight { 0.9975732669743027   } 
   weightvar { 0.0993648708810828   } 
   kinetic_energy { 15.38514860582967   } 
   kinetic_energyvar { 207.0289587579171   } 
   potential_energy { -31.11840211455653   } 
   potential_energyvar { 348.068595961575   } 
   nonlocal_energy { -0.172610614099182   } 
   nonlocal_energyvar { 110.6493119298077   } 
   autocorr_energy { } 
} 

block { 
   label dmc
   totweight 2680832
   nautocorr 0
   total_energy { -15.90223227756416   } 
   total_energyvar { 0.3507939529076232   } 
   weight { 0.9979946439441078   } 
   weightvar { 0.09814949398767901   } 
   kinetic_energy { 15.40518728468558   } 
   kinetic_energyvar { 207.0595176591723   } 
   potential_energy { -31.13803672128319   } 
   potential_energyvar { 342.5978427268305   } 
   nonlocal_energy { -0.1693828409665529   } 
   nonlocal_energyvar { 105.0802566965919   } 
   autocorr_energy { } 
} 

block { 
   label dmc
   totweight 2680832
   nautocorr 0
   total_energy { -15.90085509122842   } 
   total_energyvar { 0.3439956220717278   } 
   weight { 0.9958377144193512   } 
   weightvar { 0.09877827951636657   } 
   kinetic_energy { 15.40696860049895   } 
   kinetic_energyvar { 207.1943658014079   } 
   potential_energy { -31.15185436603656   } 
   potential_energyvar { 343.8327952752812   } 
   nonlocal_energy { -0.1559693256908087   } 
   nonlocal_energyvar { 105.8540589593234   } 
   autocorr_energy { } 
} 

block { 
   label dmc
   totweight 2680832
   nautocorr 0
   total_energy { -15.90290980136003   } 
   total_energyvar { 0.3407080495794208   } 
   weight { 0.9962012926659631   } 
   weightvar { 0.09983923957148043   } 
   kinetic_energy { 15.4070241411306   } 
   kinetic_energyvar { 206.5463858213301   } 
   potential_energy { -31.13306159735059   } 
   potential_energyvar { 337.5283365050506   } 
   nonlocal_energy { -0.1768723451400378   } 
   nonlocal_energyvar { 101.1899223959702   } 
   autocorr_energy { } 
} 

block { 
   label dmc
   totweight 2680832
   nautocorr 0
   total_energy { -15.90201664255734   } 
   total_energyvar { 0.3436835741375852   } 
   weight { 0.9964009890209985   } 
   weightvar { 0.09960144340448632   } 
   kinetic_energy { 15.33833247182679   } 
   kinetic_energyvar { 207.0609873168339   } 
   potential_energy { -31.05309090558485   } 
   potential_energyvar { 335.2260354911118   } 
   nonlocal_energy { -0.1872582087992927   } 
   nonlocal_energyvar { 98.94564814365783   } 
   autocorr_energy { } 
} 

block { 
   label dmc
   totweight 2680832
   nautocorr 0
   total_energy { -15.90408179836999   } 
   total_energyvar { 0.3422727054301551   } 
   weight { 0.9969551358713252   } 
   weightvar { 0.1002957496862738   } 
   kinetic_energy { 15.40521783636071   } 
   kinetic_energyvar { 206.9075951150778   } 
   potential_energy { -31.13814962005721   } 
   potential_energyvar { 339.0456462896307   } 
   nonlocal_energy { -0.1711500146734942   } 
   nonlocal_energyvar { 101.7438084774112   } 
   autocorr_energy { } 
} 

block { 
   label dmc
   totweight 2680832
   nautocorr 0
   total_energy { -15.90353650477248   } 
   total_energyvar { 0.3764110224165798   } 
   weight { 0.9977704597844473   } 
   weightvar { 0.09813694738422693   } 
   kinetic_energy { 15.38958351550442   } 
   kinetic_energyvar { 206.9683944465436   } 
   potential_energy { -31.11575328461044   } 
   potential_energyvar { 347.7085097729987   } 
   nonlocal_energy { -0.1773667356664627   } 
   nonlocal_energyvar { 110.9950180671516   } 
   autocorr_energy { } 
} 

block { 
   label dmc
   totweight 2680832
   nautocorr 0
   total_energy { -15.90310298420577   } 
   total_energyvar { 0.3443494973564442   } 
   weight { 0.9983738111440782   } 
   weightvar { 0.09795913926044722   } 
   kinetic_energy { 15.32379699050958   } 
   kinetic_energyvar { 206.0543585139289   } 
   potential_energy { -31.04891820246547   } 
   potential_energyvar { 337.1899254414009   } 
   nonlocal_energy { -0.1779817722498722   } 
   nonlocal_energyvar { 101.9773433939805   } 
   autocorr_energy { } 
} 

block { 
   label dmc
   totweight 2680832
   nautocorr 0
   total_energy { -15.90431061274022   } 
   total_energyvar { 0.3502211003620893   } 
   weight { 0.9975293264230252   } 
   weightvar { 0.09775758745943192   } 
   kinetic_energy { 15.34954382463002   } 
   kinetic_energyvar { 206.0977855781007   } 
   potential_energy { -31.08961423515885   } 
   potential_energyvar { 343.1192886059885   } 
   nonlocal_energy { -0.1642402022113914   } 
   nonlocal_energyvar { 106.4386669670988   } 
   autocorr_energy { } 
} 

block { 
   label dmc
   totweight 2680832
   nautocorr 0
   total_energy { -15.90276945435413   } 
   total_energyvar { 0.3353115231257381   } 
   weight { 0.9980828868151206   } 
   weightvar { 0.09731320786353781   } 
   kinetic_energy { 15.37004577004618   } 
   kinetic_energyvar { 206.3494542743917   } 
   potential_energy { -31.09494251424034   } 
   potential_energyvar { 329.5273090738601   } 
   nonlocal_energy { -0.1778727101599643   } 
   nonlocal_energyvar { 93.6829728835354   } 
   autocorr_energy { } 
} 

block { 
   label dmc
   totweight 2680832
   nautocorr 0
   total_energy { -15.90275054307642   } 
   total_energyvar { 0.3487552855598259   } 
   weight { 0.997068832704781   } 
   weightvar { 0.09781097551311221   } 
   kinetic_energy { 15.296770779976   } 
   kinetic_energyvar { 206.159865080582   } 
   potential_energy { -31.02699186344445   } 
   potential_energyvar { 338.4492756231871   } 
   nonlocal_energy { -0.172529459607974   } 
   nonlocal_energyvar { 102.2217646555538   } 
   autocorr_energy { } 
} 

block { 
   label dmc
   totweight 2680832
   nautocorr 0
   total_energy { -15.90170377559573   } 
   total_energyvar { 0.3429011168268006   } 
   weight { 0.9966894611995184   } 
   weightvar { 0.09785405913557664   } 
   kinetic_energy { 15.36635274409603   } 
   kinetic_energyvar { 206.1944488521644   } 
   potential_energy { -31.08462044429795   } 
   potential_energyvar { 333.7902902472204   } 
   nonlocal_energy { -0.1834360753938121   } 
   nonlocal_energyvar { 98.42786094428364   } 
   autocorr_energy { } 
} 

block { 
   label dmc
   totweight 2680832
   nautocorr 0
   total_energy { -15.9026148194251   } 
   total_energyvar { 0.3460779555763319   } 
   weight { 0.996053370689438   } 
   weightvar { 0.09880395300752401   } 
   kinetic_energy { 15.41404436949199   } 
   kinetic_energyvar { 206.506233381544   } 
   potential_energy { -31.14079796798638   } 
   potential_energyvar { 337.3679059443185   } 
   nonlocal_energy { -0.1758612209307071   } 
   nonlocal_energyvar { 100.591964935338   } 
   autocorr_energy { } 
} 

block { 
   label dmc
   totweight 2680832
   nautocorr 0
   total_energy { -15.90384641168917   } 
   total_energyvar { 0.3337331103363746   } 
   weight { 0.9970192514652738   } 
   weightvar { 0.09858398896745434   } 
   kinetic_energy { 15.3903924774563   } 
   kinetic_energyvar { 206.4548352822437   } 
   potential_energy { -31.11140047279166   } 
   potential_energyvar { 329.3344306993333   } 
   nonlocal_energy { -0.1828384163538073   } 
   nonlocal_energyvar { 93.87451581073238   } 
   autocorr_energy { } 
} 

block { 
   label dmc
   totweight 2680832
   nautocorr 0
   total_energy { -15.90269314664383   } 
   total_energyvar { 0.3418976288063964   } 
   weight { 0.9973366202163333   } 
   weightvar { 0.09734029555785625   } 
   kinetic_energy { 15.39711871946371   } 
   kinetic_energyvar { 207.0216072215862   } 
   potential_energy { -31.12470328472741   } 
   potential_energyvar { 336.6793733616348   } 
   nonlocal_energy { -0.1751085813801254   } 
   nonlocal_energyvar { 99.82576214322535   } 
   autocorr_energy { } 
} 

block { 
   label dmc
   totweight 2680832
   nautocorr 0
   total_energy { -15.90051957909984   } 
   total_energyvar { 0.3400919252619345   } 
   weight { 0.9963830027671067   } 
   weightvar { 0.09642395579241964   } 
   kinetic_energy { 15.32935964679037   } 
   kinetic_energyvar { 207.1131628795858   } 
   potential_energy { -31.06601523619628   } 
   potential_energyvar { 338.3766858422014   } 
   nonlocal_energy { -0.163863989693937   } 
   nonlocal_energyvar { 100.8110893206663   } 
   autocorr_energy { } 
} 

block { 
   label dmc
   totweight 2680832
   nautocorr 0
   total_energy { -15.90130034920486   } 
   total_energyvar { 0.3588936340192348   } 
   weight { 0.9955308813970773   } 
   weightvar { 0.09720240062547285   } 
   kinetic_energy { 15.39184653287031   } 
   kinetic_energyvar { 206.7583022252831   } 
   potential_energy { -31.11420282351616   } 
   potential_energyvar { 339.1241044278701   } 
   nonlocal_energy { -0.1789440585590127   } 
   nonlocal_energyvar { 102.998793955631   } 
   autocorr_energy { } 
} 

block { 
   label dmc
   totweight 2680832
   nautocorr 0
   total_energy { -15.90087728893847   } 
   total_energyvar { 0.3441467341191197   } 
   weight { 0.9954287832524509   } 
   weightvar { 0.0977304151040944   } 
   kinetic_energy { 15.3544977167732   } 
   kinetic_energyvar { 206.7408339891949   } 
   potential_energy { -31.08819580489913   } 
   potential_energyvar { 340.392332855579   } 
   nonlocal_energy { -0.1671792008125354   } 
   nonlocal_energyvar { 103.2009044006602   } 
   autocorr_energy { } 
} 

block { 
   label dmc
   totweight 2680832
   nautocorr 0
   total_energy { -15.90039214464917   } 
   total_energyvar { 0.3548376445144575   } 
   weight { 0.9955631440640056   } 
   weightvar { 0.09622009371512094   } 
   kinetic_energy { 15.45178563842533   } 
   kinetic_energyvar { 207.2167875636487   } 
   potential_energy { -31.16297457499246   } 
   potential_energyvar { 338.3906419301029   } 
   nonlocal_energy { -0.1892032080820406   } 
   nonlocal_energyvar { 101.5280722518605   } 
   autocorr_energy { } 
} 

block { 
   label dmc
   totweight 2680832
   nautocorr 0
   total_energy { -15.90035889367233   } 
   total_energyvar { 0.3609992140588622   } 
   weight { 0.9944576234086917   } 
   weightvar { 0.09839841929793239   } 
   kinetic_energy { 15.37453197271802   } 
   kinetic_energyvar { 206.3886351772209   } 
   potential_energy { -31.09508402571842   } 
   potential_energyvar { 342.1650018100317   } 
   nonlocal_energy { -0.1798068406719284   } 
   nonlocal_energyvar { 105.8536601667531   } 
   autocorr_energy { } 
} 

block { 
   label dmc
   totweight 2680832
   nautocorr 0
   total_energy { -15.90289258418924   } 
   total_energyvar { 0.3740907970446777   } 
   weight { 0.9959646012829385   } 
   weightvar { 0.09812696968322088   } 
   kinetic_energy { 15.36979199247325   } 
   kinetic_energyvar { 206.1880703605217   } 
   potential_energy { -31.08854313634528   } 
   potential_energyvar { 342.3666600944561   } 
   nonlocal_energy { -0.1841414403172086   } 
   nonlocal_energyvar { 106.776344093895   } 
   autocorr_energy { } 
} 

block { 
   label dmc
   totweight 2680832
   nautocorr 0
   total_energy { -15.90242717103593   } 
   total_energyvar { 0.3375099033577416   } 
   weight { 0.9959263259707397   } 
   weightvar { 0.09772211558393348   } 
   kinetic_energy { 15.38080726737283   } 
   kinetic_energyvar { 206.4446858441493   } 
   potential_energy { -31.09440303432714   } 
   potential_energyvar { 332.9977656439538   } 
   nonlocal_energy { -0.1888314040816201   } 
   nonlocal_energyvar { 97.85354471284275   } 
   autocorr_energy { } 
} 

block { 
   label dmc
   totweight 2680832
   nautocorr 0
   total_energy { -15.9008922083616   } 
   total_energyvar { 0.362590229646189   } 
   weight { 0.9958686648325609   } 
   weightvar { 0.09563860362063388   } 
   kinetic_energy { 15.30289455575704   } 
   kinetic_energyvar { 206.6042070343789   } 
   potential_energy { -31.03751723102536   } 
   potential_energyvar { 343.752155106233   } 
   nonlocal_energy { -0.16626953309328   } 
   nonlocal_energyvar { 106.9304810784507   } 
   autocorr_energy { } 
} 

block { 
   label dmc
   totweight 2680832
   nautocorr 0
   total_energy { -15.90271478637985   } 
   total_energyvar { 0.3732447250719669   } 
   weight { 0.9958547875719227   } 
   weightvar { 0.09685165187967502   } 
   kinetic_energy { 15.38098783367103   } 
   kinetic_energyvar { 206.6028225378413   } 
   potential_energy { -31.12110995849241   } 
   potential_energyvar { 347.1551320495075   } 
   nonlocal_energy { -0.1625926615584728   } 
   nonlocal_energyvar { 110.0755933636439   } 
   autocorr_energy { } 
} 

block { 
   label dmc
   totweight 2680832
   nautocorr 0
   total_energy { -15.90181638173214   } 
   total_energyvar { 0.3495593162999257   } 
   weight { 0.9963011025574805   } 
   weightvar { 0.09857653274634254   } 
   kinetic_energy { 15.40800799849505   } 
   kinetic_energyvar { 206.9444803350343   } 
   potential_energy { -31.12960411563726   } 
   potential_energyvar { 335.1441499769647   } 
   nonlocal_energy { -0.1802202645899404   } 
   nonlocal_energyvar { 98.52618841823858   } 
   autocorr_energy { } 
} 

block { 
   label dmc
   totweight 2680832
   nautocorr 0
   total_energy { -15.90611098381839   } 
   total_energyvar { 0.3448319107874062   } 
   weight { 0.9976016601593499   } 
   weightvar { 0.09792025356017228   } 
   kinetic_energy { 15.39252695600483   } 
   kinetic_energyvar { 206.8213992349354   } 
   potential_energy { -31.1133882949048   } 
   potential_energyvar { 331.4378061194344   } 
   nonlocal_energy { -0.185249644918414   } 
   nonlocal_energyvar { 95.58811366063293   } 
   autocorr_energy { } 
} 

block { 
   label dmc
   totweight 2680832
   nautocorr 0
   total_energy { -15.90318311877791   } 
   total_energyvar { 0.3400075890273538   } 
   weight { 0.9980390827460961   } 
   weightvar { 0.09757373007945093   } 
   kinetic_energy { 15.37594259152956   } 
   kinetic_energyvar { 206.3713701513117   } 
   potential_energy { -31.10095047731661   } 
   potential_energyvar { 335.1735012847126   } 
   nonlocal_energy { -0.1781752329908606   } 
   nonlocal_energyvar { 99.05857431304905   } 
   autocorr_energy { } 
} 

block { 
   label dmc
   totweight 2680832
   nautocorr 0
   total_energy { -15.90302894840814   } 
   total_energyvar { 0.3417798858654322   } 
   weight { 0.9984096707572421   } 
   weightvar { 0.09794347815979036   } 
   kinetic_energy { 15.30293979122272   } 
   kinetic_energyvar { 205.6881868660462   } 
   potential_energy { -31.03534276667521   } 
   potential_energyvar { 337.3860435245329   } 
   nonlocal_energy { -0.1706259729556499   } 
   nonlocal_energyvar { 101.8882784831974   } 
   autocorr_energy { } 
} 

block { 
   label dmc
   totweight 2680832
   nautocorr 0
   total_energy { -15.90463718737825   } 
   total_energyvar { 0.3420669824436691   } 
   weight { 0.9977960337375908   } 
   weightvar { 0.09819383314316744   } 
   kinetic_energy { 15.33960656604389   } 
   kinetic_energyvar { 206.1463404408229   } 
   potential_energy { -31.06722982724211   } 
   potential_energyvar { 337.5827592365475   } 
   nonlocal_energy { -0.1770139261800392   } 
   nonlocal_energyvar { 101.7338002423024   } 
   autocorr_energy { } 
} 

block { 
   label dmc
   totweight 2680832
   nautocorr 0
   total_energy { -15.9018408712032   } 
   total_energyvar { 0.3516069423838829   } 
   weight { 0.9973601480338041   } 
   weightvar { 0.09668099951244472   } 
   kinetic_energy { 15.40563939608846   } 
   kinetic_energyvar { 206.3756217133678   } 
   potential_energy { -31.12987715278083   } 
   potential_energyvar { 341.6397059228649   } 
   nonlocal_energy { -0.1776031145108285   } 
   nonlocal_energyvar { 105.4889735524015   } 
   autocorr_energy { } 
} 

block { 
   label dmc
   totweight 2680832
   nautocorr 0
   total_energy { -15.90101674981356   } 
   total_energyvar { 0.3478592573874735   } 
   weight { 0.9958738528446499   } 
   weightvar { 0.09668238135192654   } 
   kinetic_energy { 15.45036923197125   } 
   kinetic_energyvar { 207.1821037584898   } 
   potential_energy { -31.18168760196792   } 
   potential_energyvar { 340.6948252149289   } 
   nonlocal_energy { -0.1696983798168814   } 
   nonlocal_energyvar { 102.8566421966259   } 
   autocorr_energy { } 
} 

