#-------------------------------------------------
#DMC run: timestep 0.003
#-------------------------------------------------


init { 
   label dmc
}
block { 
   label dmc
   totweight 5796864
   nautocorr 0
   total_energy { -15.89210644467148   } 
   total_energyvar { 0.3513177200365256   } 
   weight { 1.051918630639777   } 
   weightvar { 0.01981957547754752   } 
   kinetic_energy { 13.63640916725936   } 
   kinetic_energyvar { 199.9004400303066   } 
   potential_energy { -29.37963824013318   } 
   potential_energyvar { 321.3192556338789   } 
   nonlocal_energy { -0.1488773717976686   } 
   nonlocal_energyvar { 94.95827859587216   } 
   autocorr_energy { } 
} 

block { 
   label dmc
   totweight 5796864
   nautocorr 0
   total_energy { -15.90108720244404   } 
   total_energyvar { 0.3590141321512172   } 
   weight { 1.060857757221334   } 
   weightvar { 0.05715588035471542   } 
   kinetic_energy { 15.30473179805606   } 
   kinetic_energyvar { 206.2025575877472   } 
   potential_energy { -31.03243989347107   } 
   potential_energyvar { 339.7855151288452   } 
   nonlocal_energy { -0.1733791070290342   } 
   nonlocal_energyvar { 103.7560767276083   } 
   autocorr_energy { } 
} 

block { 
   label dmc
   totweight 5796864
   nautocorr 0
   total_energy { -15.90229606404552   } 
   total_energyvar { 0.3704847510040132   } 
   weight { 1.024437196369262   } 
   weightvar { 0.07634180213976066   } 
   kinetic_energy { 15.31920156639002   } 
   kinetic_energyvar { 205.9689554298187   } 
   potential_energy { -31.05543786287536   } 
   potential_energyvar { 347.0942805626249   } 
   nonlocal_energy { -0.1660597675601717   } 
   nonlocal_energyvar { 110.9675143827529   } 
   autocorr_energy { } 
} 

block { 
   label dmc
   totweight 5796864
   nautocorr 0
   total_energy { -15.89963958289341   } 
   total_energyvar { 0.3499564106299979   } 
   weight { 1.008168471363455   } 
   weightvar { 0.08616417805820414   } 
   kinetic_energy { 15.39023513081058   } 
   kinetic_energyvar { 206.9627082788853   } 
   potential_energy { -31.11051248100815   } 
   potential_energyvar { 338.5193215352975   } 
   nonlocal_energy { -0.179362232695841   } 
   nonlocal_energyvar { 102.0057800003347   } 
   autocorr_energy { } 
} 

block { 
   label dmc
   totweight 5796864
   nautocorr 0
   total_energy { -15.89897929024866   } 
   total_energyvar { 0.3489108310575842   } 
   weight { 1.001221044950683   } 
   weightvar { 0.0927184609601607   } 
   kinetic_energy { 15.36473145550238   } 
   kinetic_energyvar { 207.0233354095183   } 
   potential_energy { -31.08839552383116   } 
   potential_energyvar { 336.9835460536389   } 
   nonlocal_energy { -0.1753152219198861   } 
   nonlocal_energyvar { 100.4828983586377   } 
   autocorr_energy { } 
} 

block { 
   label dmc
   totweight 5796864
   nautocorr 0
   total_energy { -15.90007345575223   } 
   total_energyvar { 0.3407894520833736   } 
   weight { 0.9980857270168163   } 
   weightvar { 0.09528570515771828   } 
   kinetic_energy { 15.39158104421922   } 
   kinetic_energyvar { 206.7165609610847   } 
   potential_energy { -31.10824029127029   } 
   potential_energyvar { 336.304750836888   } 
   nonlocal_energy { -0.1834142087011597   } 
   nonlocal_energyvar { 100.3409880146123   } 
   autocorr_energy { } 
} 

block { 
   label dmc
   totweight 5796864
   nautocorr 0
   total_energy { -15.90177052698449   } 
   total_energyvar { 0.4114939051893349   } 
   weight { 0.9978610705151675   } 
   weightvar { 0.0951066314083287   } 
   kinetic_energy { 15.3966049643929   } 
   kinetic_energyvar { 206.8280552282187   } 
   potential_energy { -31.13981281777518   } 
   potential_energyvar { 356.4298889502907   } 
   nonlocal_energy { -0.1585626736022166   } 
   nonlocal_energyvar { 118.9384776793014   } 
   autocorr_energy { } 
} 

block { 
   label dmc
   totweight 5796864
   nautocorr 0
   total_energy { -15.90178488357701   } 
   total_energyvar { 0.3667976369177209   } 
   weight { 0.9977507522287397   } 
   weightvar { 0.09672145570072431   } 
   kinetic_energy { 15.33510543222317   } 
   kinetic_energyvar { 206.2502026763123   } 
   potential_energy { -31.07328250739006   } 
   potential_energyvar { 343.244145361354   } 
   nonlocal_energy { -0.1636078084101116   } 
   nonlocal_energyvar { 106.7813227324458   } 
   autocorr_energy { } 
} 

block { 
   label dmc
   totweight 5796864
   nautocorr 0
   total_energy { -15.9033322706294   } 
   total_energyvar { 0.3466184765114924   } 
   weight { 0.9978127209215647   } 
   weightvar { 0.09676920532847705   } 
   kinetic_energy { 15.33008862755663   } 
   kinetic_energyvar { 205.1345020353917   } 
   potential_energy { -31.05706185659596   } 
   potential_energyvar { 338.7402602636525   } 
   nonlocal_energy { -0.1763590415900617   } 
   nonlocal_energyvar { 104.2902579642263   } 
   autocorr_energy { } 
} 

block { 
   label dmc
   totweight 5796864
   nautocorr 0
   total_energy { -15.89991289853458   } 
   total_energyvar { 0.3422576542139166   } 
   weight { 0.997045067616056   } 
   weightvar { 0.09685468304217741   } 
   kinetic_energy { 15.29914413822785   } 
   kinetic_energyvar { 206.0173340459361   } 
   potential_energy { -31.02491368543794   } 
   potential_energyvar { 334.9660935595659   } 
   nonlocal_energy { -0.1741433513244939   } 
   nonlocal_energyvar { 99.30076617983283   } 
   autocorr_energy { } 
} 

block { 
   label dmc
   totweight 5796864
   nautocorr 0
   total_energy { -15.90267714016993   } 
   total_energyvar { 0.3540584237561069   } 
   weight { 0.9966466069827155   } 
   weightvar { 0.09628255131710653   } 
   kinetic_energy { 15.39227432019095   } 
   kinetic_energyvar { 206.5481184644059   } 
   potential_energy { -31.12545139960318   } 
   potential_energyvar { 339.9894093340037   } 
   nonlocal_energy { -0.1695000607577014   } 
   nonlocal_energyvar { 103.2077577542749   } 
   autocorr_energy { } 
} 

block { 
   label dmc
   totweight 5796864
   nautocorr 0
   total_energy { -15.90176621020838   } 
   total_energyvar { 0.3412445143334715   } 
   weight { 0.9974558796905633   } 
   weightvar { 0.09697471178715944   } 
   kinetic_energy { 15.38958514919721   } 
   kinetic_energyvar { 206.2493727222796   } 
   potential_energy { -31.11565252145899   } 
   potential_energyvar { 334.0111759045979   } 
   nonlocal_energy { -0.1756988379465933   } 
   nonlocal_energyvar { 98.13428328443206   } 
   autocorr_energy { } 
} 

block { 
   label dmc
   totweight 5796864
   nautocorr 0
   total_energy { -15.90135643259285   } 
   total_energyvar { 0.4157268775741096   } 
   weight { 0.9963940200436309   } 
   weightvar { 0.09745782085366324   } 
   kinetic_energy { 15.38710363773633   } 
   kinetic_energyvar { 206.5184356963391   } 
   potential_energy { -31.11625572060395   } 
   potential_energyvar { 356.2522892642432   } 
   nonlocal_energy { -0.1722043497252284   } 
   nonlocal_energyvar { 119.810465435313   } 
   autocorr_energy { } 
} 

block { 
   label dmc
   totweight 5796864
   nautocorr 0
   total_energy { -15.90049606187496   } 
   total_energyvar { 0.3670565068557042   } 
   weight { 0.9962530010593531   } 
   weightvar { 0.0978004275547507   } 
   kinetic_energy { 15.34689545074758   } 
   kinetic_energyvar { 206.6152082014802   } 
   potential_energy { -31.07048603448794   } 
   potential_energyvar { 344.626073437936   } 
   nonlocal_energy { -0.1769054781346067   } 
   nonlocal_energyvar { 108.3482049667136   } 
   autocorr_energy { } 
} 

block { 
   label dmc
   totweight 5796864
   nautocorr 0
   total_energy { -15.90274237713288   } 
   total_energyvar { 0.3721793103594459   } 
   weight { 0.9968808686063283   } 
   weightvar { 0.09739748024109207   } 
   kinetic_energy { 15.36067575728293   } 
   kinetic_energyvar { 206.7905474649118   } 
   potential_energy { -31.0863147272373   } 
   potential_energyvar { 342.3695453405312   } 
   nonlocal_energy { -0.1771034071785184   } 
   nonlocal_energyvar { 106.005441259357   } 
   autocorr_energy { } 
} 

block { 
   label dmc
   totweight 5796864
   nautocorr 0
   total_energy { -15.90128856761557   } 
   total_energyvar { 0.354350722070354   } 
   weight { 0.9966674182576513   } 
   weightvar { 0.09664207177486131   } 
   kinetic_energy { 15.41048597389992   } 
   kinetic_energyvar { 206.8815108262926   } 
   potential_energy { -31.13519359770295   } 
   potential_energyvar { 340.3162612419242   } 
   nonlocal_energy { -0.1765809438125351   } 
   nonlocal_energyvar { 103.9429182983167   } 
   autocorr_energy { } 
} 

block { 
   label dmc
   totweight 5796864
   nautocorr 0
   total_energy { -15.90382066904753   } 
   total_energyvar { 0.3559782055040452   } 
   weight { 0.9968005157765463   } 
   weightvar { 0.09742490351301646   } 
   kinetic_energy { 15.36851675334118   } 
   kinetic_energyvar { 206.4732062128135   } 
   potential_energy { -31.09584363620014   } 
   potential_energyvar { 340.4028206414928   } 
   nonlocal_energy { -0.176493786188571   } 
   nonlocal_energyvar { 104.3654997021857   } 
   autocorr_energy { } 
} 

block { 
   label dmc
   totweight 5796864
   nautocorr 0
   total_energy { -15.90336120927454   } 
   total_energyvar { 0.356152411025622   } 
   weight { 0.9981546595898451   } 
   weightvar { 0.09795540666248934   } 
   kinetic_energy { 15.38339147173466   } 
   kinetic_energyvar { 206.4962438445885   } 
   potential_energy { -31.11214943022986   } 
   potential_energyvar { 339.7559000660505   } 
   nonlocal_energy { -0.1746032507793455   } 
   nonlocal_energyvar { 103.5396846729313   } 
   autocorr_energy { } 
} 

block { 
   label dmc
   totweight 5796864
   nautocorr 0
   total_energy { -15.90449320540236   } 
   total_energyvar { 0.3829923239058733   } 
   weight { 0.9991949536308299   } 
   weightvar { 0.09802691781066418   } 
   kinetic_energy { 15.3974419903252   } 
   kinetic_energyvar { 206.7558592380311   } 
   potential_energy { -31.12266036491092   } 
   potential_energyvar { 348.2830035229022   } 
   nonlocal_energy { -0.1792748308166417   } 
   nonlocal_energyvar { 111.9007670763869   } 
   autocorr_energy { } 
} 

block { 
   label dmc
   totweight 5796864
   nautocorr 0
   total_energy { -15.90200748544704   } 
   total_energyvar { 0.350187418682708   } 
   weight { 0.9980747918417198   } 
   weightvar { 0.09852934024216602   } 
   kinetic_energy { 15.36350537734506   } 
   kinetic_energyvar { 206.1729818579936   } 
   potential_energy { -31.09161813421838   } 
   potential_energyvar { 336.2496878129538   } 
   nonlocal_energy { -0.1738947285737221   } 
   nonlocal_energyvar { 100.422162461804   } 
   autocorr_energy { } 
} 

block { 
   label dmc
   totweight 5796864
   nautocorr 0
   total_energy { -15.90199156022322   } 
   total_energyvar { 0.3631864482825063   } 
   weight { 0.9965299845907185   } 
   weightvar { 0.09784714430831663   } 
   kinetic_energy { 15.34920551330257   } 
   kinetic_energyvar { 206.1566182255102   } 
   potential_energy { -31.07594042973067   } 
   potential_energyvar { 343.2963882106364   } 
   nonlocal_energy { -0.175256643795122   } 
   nonlocal_energyvar { 107.2983858946375   } 
   autocorr_energy { } 
} 

block { 
   label dmc
   totweight 5796864
   nautocorr 0
   total_energy { -15.9008229576473   } 
   total_energyvar { 0.362193011441106   } 
   weight { 0.9963004701316632   } 
   weightvar { 0.09697352051650128   } 
   kinetic_energy { 15.39177104723114   } 
   kinetic_energyvar { 207.3865242466212   } 
   potential_energy { -31.12119935335863   } 
   potential_energyvar { 344.511688880246   } 
   nonlocal_energy { -0.1713946515198102   } 
   nonlocal_energyvar { 106.9150077092023   } 
   autocorr_energy { } 
} 

block { 
   label dmc
   totweight 5796864
   nautocorr 0
   total_energy { -15.90297844216363   } 
   total_energyvar { 0.3455436112484804   } 
   weight { 0.9962316296508827   } 
   weightvar { 0.09714290884069826   } 
   kinetic_energy { 15.37123059021419   } 
   kinetic_energyvar { 206.5910392908539   } 
   potential_energy { -31.09389258030188   } 
   potential_energyvar { 335.1320909009111   } 
   nonlocal_energy { -0.1803164520759531   } 
   nonlocal_energyvar { 98.99687274753769   } 
   autocorr_energy { } 
} 

block { 
   label dmc
   totweight 5796864
   nautocorr 0
   total_energy { -15.90371748095626   } 
   total_energyvar { 0.3398256290864434   } 
   weight { 0.9976907256396577   } 
   weightvar { 0.09748232690016213   } 
   kinetic_energy { 15.33540336192759   } 
   kinetic_energyvar { 205.9343592353282   } 
   potential_energy { -31.05566172061488   } 
   potential_energyvar { 331.7293703307827   } 
   nonlocal_energy { -0.1834591222689793   } 
   nonlocal_energyvar { 96.81164403236451   } 
   autocorr_energy { } 
} 

block { 
   label dmc
   totweight 5796864
   nautocorr 0
   total_energy { -15.90336444520723   } 
   total_energyvar { 0.3494558761621281   } 
   weight { 0.9980052151380971   } 
   weightvar { 0.09780242974762011   } 
   kinetic_energy { 15.35713898803707   } 
   kinetic_energyvar { 206.6136327456942   } 
   potential_energy { -31.09566802203089   } 
   potential_energyvar { 340.4761057374885   } 
   nonlocal_energy { -0.1648354112134127   } 
   nonlocal_energyvar { 103.4971461353608   } 
   autocorr_energy { } 
} 

block { 
   label dmc
   totweight 5796864
   nautocorr 0
   total_energy { -15.9001028863829   } 
   total_energyvar { 0.3622430644485772   } 
   weight { 0.9964791229515295   } 
   weightvar { 0.09800077890482309   } 
   kinetic_energy { 15.42725609092171   } 
   kinetic_energyvar { 206.8081043519198   } 
   potential_energy { -31.15234434952882   } 
   potential_energyvar { 344.6416600971287   } 
   nonlocal_energy { -0.1750146277758007   } 
   nonlocal_energyvar { 107.9147365146879   } 
   autocorr_energy { } 
} 

block { 
   label dmc
   totweight 5796864
   nautocorr 0
   total_energy { -15.89968557922081   } 
   total_energyvar { 0.362987067075977   } 
   weight { 0.9949197113951554   } 
   weightvar { 0.0967317253850221   } 
   kinetic_energy { 15.37538181388968   } 
   kinetic_energyvar { 206.4254152101259   } 
   potential_energy { -31.10532163361498   } 
   potential_energyvar { 343.7536122719766   } 
   nonlocal_energy { -0.169745759495506   } 
   nonlocal_energyvar { 107.4759798224737   } 
   autocorr_energy { } 
} 

block { 
   label dmc
   totweight 5796864
   nautocorr 0
   total_energy { -15.90074283834567   } 
   total_energyvar { 0.3526943249710324   } 
   weight { 0.9946976175829711   } 
   weightvar { 0.09588229382461028   } 
   kinetic_energy { 15.3972095521275   } 
   kinetic_energyvar { 206.9980097931114   } 
   potential_energy { -31.12310070162335   } 
   potential_energyvar { 342.165189652323   } 
   nonlocal_energy { -0.1748516888498146   } 
   nonlocal_energyvar { 105.3637904916838   } 
   autocorr_energy { } 
} 

block { 
   label dmc
   totweight 5796864
   nautocorr 0
   total_energy { -15.90187085987958   } 
   total_energyvar { 0.3779842708591249   } 
   weight { 0.9950186883313987   } 
   weightvar { 0.09773304056936771   } 
   kinetic_energy { 15.45864557646148   } 
   kinetic_energyvar { 206.7962710449054   } 
   potential_energy { -31.18762935120595   } 
   potential_energyvar { 348.2995209583861   } 
   nonlocal_energy { -0.1728870851351197   } 
   nonlocal_energyvar { 111.2515743036509   } 
   autocorr_energy { } 
} 

block { 
   label dmc
   totweight 5796864
   nautocorr 0
   total_energy { -15.9021304452787   } 
   total_energyvar { 0.5965277614595093   } 
   weight { 0.9966562298766376   } 
   weightvar { 0.09959674858129001   } 
   kinetic_energy { 15.38829803611597   } 
   kinetic_energyvar { 206.5783780420075   } 
   potential_energy { -31.10912020181869   } 
   potential_energyvar { 388.5387356454494   } 
   nonlocal_energy { -0.1813082795759806   } 
   nonlocal_energyvar { 152.5268357883768   } 
   autocorr_energy { } 
} 

block { 
   label dmc
   totweight 5796864
   nautocorr 0
   total_energy { -15.90131748194386   } 
   total_energyvar { 0.4587659091693034   } 
   weight { 0.9961194507232676   } 
   weightvar { 0.09918737893213346   } 
   kinetic_energy { 15.38854933227453   } 
   kinetic_energyvar { 206.6550615662593   } 
   potential_energy { -31.10855383374564   } 
   potential_energyvar { 363.445330691495   } 
   nonlocal_energy { -0.1813129804727409   } 
   nonlocal_energyvar { 127.2456225591463   } 
   autocorr_energy { } 
} 

block { 
   label dmc
   totweight 5796864
   nautocorr 0
   total_energy { -15.90500150254459   } 
   total_energyvar { 0.3753387099972803   } 
   weight { 0.9970975655150678   } 
   weightvar { 0.09810532938738364   } 
   kinetic_energy { 15.34530805216813   } 
   kinetic_energyvar { 205.8442724877648   } 
   potential_energy { -31.069888409666   } 
   potential_energyvar { 343.2902224070881   } 
   nonlocal_energy { -0.1804211450467133   } 
   nonlocal_energyvar { 108.0996425970934   } 
   autocorr_energy { } 
} 

block { 
   label dmc
   totweight 5796864
   nautocorr 0
   total_energy { -15.90281510852435   } 
   total_energyvar { 0.3587203354756831   } 
   weight { 0.9980791687065288   } 
   weightvar { 0.09719564073602475   } 
   kinetic_energy { 15.35651481620334   } 
   kinetic_energyvar { 206.2954418782445   } 
   potential_energy { -31.08474411963306   } 
   potential_energyvar { 339.6413736710859   } 
   nonlocal_energy { -0.1745858050946204   } 
   nonlocal_energyvar { 103.6629355465396   } 
   autocorr_energy { } 
} 

block { 
   label dmc
   totweight 5796864
   nautocorr 0
   total_energy { -15.90028622032304   } 
   total_energyvar { 0.3485136372496053   } 
   weight { 0.9966397912791017   } 
   weightvar { 0.09738405174349692   } 
   kinetic_energy { 15.36411616193766   } 
   kinetic_energyvar { 206.2092028814842   } 
   potential_energy { -31.09435609100563   } 
   potential_energyvar { 338.2665897351607   } 
   nonlocal_energy { -0.170046291255068   } 
   nonlocal_energyvar { 102.2819649284408   } 
   autocorr_energy { } 
} 

block { 
   label dmc
   totweight 5796864
   nautocorr 0
   total_energy { -15.90191938587882   } 
   total_energyvar { 0.3587620948095205   } 
   weight { 0.9962757373808739   } 
   weightvar { 0.09848463885499049   } 
   kinetic_energy { 15.37153636600384   } 
   kinetic_energyvar { 206.9842330185421   } 
   potential_energy { -31.10609018786155   } 
   potential_energyvar { 346.7276605847189   } 
   nonlocal_energy { -0.1673655640211061   } 
   nonlocal_energyvar { 109.3757185334938   } 
   autocorr_energy { } 
} 

block { 
   label dmc
   totweight 5796864
   nautocorr 0
   total_energy { -15.90004661179777   } 
   total_energyvar { 0.3491068014146827   } 
   weight { 0.9951121879007417   } 
   weightvar { 0.09825781658782125   } 
   kinetic_energy { 15.37039234828103   } 
   kinetic_energyvar { 206.3349113639059   } 
   potential_energy { -31.08990605249406   } 
   potential_energyvar { 337.914897914116   } 
   nonlocal_energy { -0.1805329075847371   } 
   nonlocal_energyvar { 102.0284246300847   } 
   autocorr_energy { } 
} 

block { 
   label dmc
   totweight 5796864
   nautocorr 0
   total_energy { -15.90230866383683   } 
   total_energyvar { 0.3424307300966389   } 
   weight { 0.9954930149950121   } 
   weightvar { 0.09818596892156496   } 
   kinetic_energy { 15.32541832387265   } 
   kinetic_energyvar { 205.4388172449733   } 
   potential_energy { -31.0503146514577   } 
   potential_energyvar { 336.2688560558022   } 
   nonlocal_energy { -0.1774123362517887   } 
   nonlocal_energyvar { 101.5078416504597   } 
   autocorr_energy { } 
} 

block { 
   label dmc
   totweight 5796864
   nautocorr 0
   total_energy { -15.90347509046496   } 
   total_energyvar { 0.3404961162419228   } 
   weight { 0.9966943484285725   } 
   weightvar { 0.09956544843250591   } 
   kinetic_energy { 15.43797275962283   } 
   kinetic_energyvar { 206.1946909960907   } 
   potential_energy { -31.16312179655091   } 
   potential_energyvar { 335.9602574118417   } 
   nonlocal_energy { -0.1783260535368737   } 
   nonlocal_energyvar { 100.2121271239764   } 
   autocorr_energy { } 
} 

block { 
   label dmc
   totweight 5796864
   nautocorr 0
   total_energy { -15.90173000337748   } 
   total_energyvar { 0.3457166315815061   } 
   weight { 0.9968380362446684   } 
   weightvar { 0.09816128386219129   } 
   kinetic_energy { 15.33086131210862   } 
   kinetic_energyvar { 206.2917183596228   } 
   potential_energy { -31.05454546212503   } 
   potential_energyvar { 335.4141830399611   } 
   nonlocal_energy { -0.1780458533610677   } 
   nonlocal_energyvar { 99.75600097647764   } 
   autocorr_energy { } 
} 

block { 
   label dmc
   totweight 5796864
   nautocorr 0
   total_energy { -15.90220260509936   } 
   total_energyvar { 0.3525827313893152   } 
   weight { 0.9965438739030837   } 
   weightvar { 0.09778249299424915   } 
   kinetic_energy { 15.38930801924547   } 
   kinetic_energyvar { 206.8116961913084   } 
   potential_energy { -31.11747332875074   } 
   potential_energyvar { 339.903778986045   } 
   nonlocal_energy { -0.1740372955940924   } 
   nonlocal_energyvar { 103.1755044540817   } 
   autocorr_energy { } 
} 

block { 
   label dmc
   totweight 5796864
   nautocorr 0
   total_energy { -15.90350927362205   } 
   total_energyvar { 0.3433352600007004   } 
   weight { 0.9978017949922452   } 
   weightvar { 0.0965983759928917   } 
   kinetic_energy { 15.33577336754305   } 
   kinetic_energyvar { 206.5161721103135   } 
   potential_energy { -31.06193438523767   } 
   potential_energyvar { 334.3215070267639   } 
   nonlocal_energy { -0.1773482559274206   } 
   nonlocal_energyvar { 98.5486567282498   } 
   autocorr_energy { } 
} 

block { 
   label dmc
   totweight 5796864
   nautocorr 0
   total_energy { -15.90372584765237   } 
   total_energyvar { 0.347139581033675   } 
   weight { 0.9976036439776182   } 
   weightvar { 0.09644218772588541   } 
   kinetic_energy { 15.31790411636556   } 
   kinetic_energyvar { 205.8095814617253   } 
   potential_energy { -31.03738446606345   } 
   potential_energyvar { 336.3700429848112   } 
   nonlocal_energy { -0.1842454979544784   } 
   nonlocal_energyvar { 101.3721965764439   } 
   autocorr_energy { } 
} 

block { 
   label dmc
   totweight 5796864
   nautocorr 0
   total_energy { -15.9043056994981   } 
   total_energyvar { 0.3540666875296569   } 
   weight { 0.9980811132665162   } 
   weightvar { 0.09677081481631793   } 
   kinetic_energy { 15.39939584924535   } 
   kinetic_energyvar { 206.2454936179005   } 
   potential_energy { -31.12797655453368   } 
   potential_energyvar { 340.3705070913447   } 
   nonlocal_energy { -0.1757249942097642   } 
   nonlocal_energyvar { 104.1861235184576   } 
   autocorr_energy { } 
} 

block { 
   label dmc
   totweight 5796864
   nautocorr 0
   total_energy { -15.90116331158798   } 
   total_energyvar { 0.3493775898155123   } 
   weight { 0.9974210583206696   } 
   weightvar { 0.09695501132281358   } 
   kinetic_energy { 15.38550141275181   } 
   kinetic_energyvar { 206.5608667257678   } 
   potential_energy { -31.10448194781236   } 
   potential_energyvar { 337.95913944316   } 
   nonlocal_energy { -0.1821827765274381   } 
   nonlocal_energyvar { 102.1356715889197   } 
   autocorr_energy { } 
} 

block { 
   label dmc
   totweight 5796864
   nautocorr 0
   total_energy { -15.90229773041201   } 
   total_energyvar { 0.3543797175246607   } 
   weight { 0.9966183353832796   } 
   weightvar { 0.09651291120219635   } 
   kinetic_energy { 15.40819032927271   } 
   kinetic_energyvar { 206.5876062355106   } 
   potential_energy { -31.13044993023308   } 
   potential_energyvar { 338.5258688862409   } 
   nonlocal_energy { -0.1800381294516424   } 
   nonlocal_energyvar { 102.3586341252087   } 
   autocorr_energy { } 
} 

block { 
   label dmc
   totweight 5796864
   nautocorr 0
   total_energy { -15.90300536590541   } 
   total_energyvar { 0.3469603762793993   } 
   weight { 0.9966099968130678   } 
   weightvar { 0.09598759426959118   } 
   kinetic_energy { 15.3895523144139   } 
   kinetic_energyvar { 206.7612990121118   } 
   potential_energy { -31.11791570649825   } 
   potential_energyvar { 339.0879636793912   } 
   nonlocal_energy { -0.1746419738210631   } 
   nonlocal_energyvar { 102.2582150606798   } 
   autocorr_energy { } 
} 

block { 
   label dmc
   totweight 5796864
   nautocorr 0
   total_energy { -15.90362064880608   } 
   total_energyvar { 0.355074976907149   } 
   weight { 0.9972492798920571   } 
   weightvar { 0.09599499439185108   } 
   kinetic_energy { 15.36422082939382   } 
   kinetic_energyvar { 206.3807072582219   } 
   potential_energy { -31.09312688624302   } 
   potential_energyvar { 338.2440568563909   } 
   nonlocal_energy { -0.1747145919568767   } 
   nonlocal_energyvar { 102.1988926934371   } 
   autocorr_energy { } 
} 

block { 
   label dmc
   totweight 5796864
   nautocorr 0
   total_energy { -15.90247169433285   } 
   total_energyvar { 0.3594884611142302   } 
   weight { 0.9971194521529606   } 
   weightvar { 0.09592297208934704   } 
   kinetic_energy { 15.32511511029568   } 
   kinetic_energyvar { 206.3004685211422   } 
   potential_energy { -31.04814384875151   } 
   potential_energyvar { 337.3059461513659   } 
   nonlocal_energy { -0.1794429558770222   } 
   nonlocal_energyvar { 101.6964940150488   } 
   autocorr_energy { } 
} 

block { 
   label dmc
   totweight 5796864
   nautocorr 0
   total_energy { -15.90241897844533   } 
   total_energyvar { 0.3558724848945074   } 
   weight { 0.997093268735866   } 
   weightvar { 0.0966761325538079   } 
   kinetic_energy { 15.40568593069284   } 
   kinetic_energyvar { 208.0503172095187   } 
   potential_energy { -31.13316463651969   } 
   potential_energyvar { 343.6741634633481   } 
   nonlocal_energy { -0.1749402726184778   } 
   nonlocal_energyvar { 105.6134720467777   } 
   autocorr_energy { } 
} 

block { 
   label dmc
   totweight 5796864
   nautocorr 0
   total_energy { -15.90309774694309   } 
   total_energyvar { 0.3442974780199436   } 
   weight { 0.9967061786588075   } 
   weightvar { 0.09692257150792863   } 
   kinetic_energy { 15.35528686437527   } 
   kinetic_energyvar { 206.435966624391   } 
   potential_energy { -31.08454763417435   } 
   potential_energyvar { 337.7070449433042   } 
   nonlocal_energy { -0.1738369771440141   } 
   nonlocal_energyvar { 101.765295317241   } 
   autocorr_energy { } 
} 

block { 
   label dmc
   totweight 5796864
   nautocorr 0
   total_energy { -15.90183992193237   } 
   total_energyvar { 0.3517862660816389   } 
   weight { 0.9971108245637602   } 
   weightvar { 0.09764249246092302   } 
   kinetic_energy { 15.32314604092596   } 
   kinetic_energyvar { 206.0141315460895   } 
   potential_energy { -31.05432352668773   } 
   potential_energyvar { 338.8681224168778   } 
   nonlocal_energy { -0.1706624361706009   } 
   nonlocal_energyvar { 102.7809191983973   } 
   autocorr_energy { } 
} 

block { 
   label dmc
   totweight 5796864
   nautocorr 0
   total_energy { -15.90424162463957   } 
   total_energyvar { 0.3370916497969434   } 
   weight { 0.9970920636971095   } 
   weightvar { 0.09873347722664455   } 
   kinetic_energy { 15.35846423174639   } 
   kinetic_energyvar { 206.1618578554005   } 
   potential_energy { -31.08936026943124   } 
   potential_energyvar { 333.5663628473013   } 
   nonlocal_energy { -0.1733455869547278   } 
   nonlocal_energyvar { 97.51794639997661   } 
   autocorr_energy { } 
} 

block { 
   label dmc
   totweight 5796864
   nautocorr 0
   total_energy { -15.90363554649187   } 
   total_energyvar { 0.360273040557587   } 
   weight { 0.9978371381233007   } 
   weightvar { 0.09711999142586385   } 
   kinetic_energy { 15.35748020914665   } 
   kinetic_energyvar { 206.6413976911786   } 
   potential_energy { -31.08846737201099   } 
   potential_energyvar { 338.9565777568715   } 
   nonlocal_energy { -0.172648383627532   } 
   nonlocal_energyvar { 102.5477795252438   } 
   autocorr_energy { } 
} 

block { 
   label dmc
   totweight 5796864
   nautocorr 0
   total_energy { -15.90250217957692   } 
   total_energyvar { 0.3569029706106776   } 
   weight { 0.9971656222714621   } 
   weightvar { 0.09775178490432632   } 
   kinetic_energy { 15.44693482692552   } 
   kinetic_energyvar { 207.1581816426811   } 
   potential_energy { -31.17245494888195   } 
   potential_energyvar { 343.6448537954731   } 
   nonlocal_energy { -0.1769820576204808   } 
   nonlocal_energyvar { 106.3874885645871   } 
   autocorr_energy { } 
} 

block { 
   label dmc
   totweight 5796864
   nautocorr 0
   total_energy { -15.90499387947911   } 
   total_energyvar { 0.357977831974751   } 
   weight { 0.9980056329803179   } 
   weightvar { 0.09875161367381412   } 
   kinetic_energy { 15.35073771446609   } 
   kinetic_energyvar { 206.0549521988079   } 
   potential_energy { -31.08189922110182   } 
   potential_energyvar { 343.9815624570951   } 
   nonlocal_energy { -0.1738323728433895   } 
   nonlocal_energyvar { 107.951750162422   } 
   autocorr_energy { } 
} 

block { 
   label dmc
   totweight 5796864
   nautocorr 0
   total_energy { -15.90418899212369   } 
   total_energyvar { 0.3538209403796205   } 
   weight { 0.9980433005179792   } 
   weightvar { 0.09721245764497757   } 
   kinetic_energy { 15.36886102701391   } 
   kinetic_energyvar { 205.9696843133821   } 
   potential_energy { -31.09982043386058   } 
   potential_energyvar { 339.310797483005   } 
   nonlocal_energy { -0.1732295852770245   } 
   nonlocal_energyvar { 103.8258867419714   } 
   autocorr_energy { } 
} 

block { 
   label dmc
   totweight 5796864
   nautocorr 0
   total_energy { -15.90259646303184   } 
   total_energyvar { 0.3451287031495475   } 
   weight { 0.9976876356496176   } 
   weightvar { 0.09721651276900641   } 
   kinetic_energy { 15.33589504094193   } 
   kinetic_energyvar { 205.794757742154   } 
   potential_energy { -31.05846566350836   } 
   potential_energyvar { 336.2450926464364   } 
   nonlocal_energy { -0.1800258404654007   } 
   nonlocal_energyvar { 101.1849229955332   } 
   autocorr_energy { } 
} 

block { 
   label dmc
   totweight 5796864
   nautocorr 0
   total_energy { -15.90234932049267   } 
   total_energyvar { 0.3642948980324668   } 
   weight { 0.9968527987064687   } 
   weightvar { 0.09702639537328357   } 
   kinetic_energy { 15.33230103003425   } 
   kinetic_energyvar { 206.5678432287082   } 
   potential_energy { -31.0678304211234   } 
   potential_energyvar { 346.1898109502014   } 
   nonlocal_energy { -0.1668199294035189   } 
   nonlocal_energyvar { 109.4233424789072   } 
   autocorr_energy { } 
} 

block { 
   label dmc
   totweight 5796864
   nautocorr 0
   total_energy { -15.9010170886254   } 
   total_energyvar { 0.3485076541528941   } 
   weight { 0.9958519526689006   } 
   weightvar { 0.09812822321728951   } 
   kinetic_energy { 15.37571699523372   } 
   kinetic_energyvar { 207.084350881023   } 
   potential_energy { -31.10342042989719   } 
   potential_energyvar { 338.7578264916962   } 
   nonlocal_energy { -0.1733136539619278   } 
   nonlocal_energyvar { 101.7947663971286   } 
   autocorr_energy { } 
} 

block { 
   label dmc
   totweight 5796864
   nautocorr 0
   total_energy { -15.89987826647865   } 
   total_energyvar { 0.3440754060153224   } 
   weight { 0.9950092247898262   } 
   weightvar { 0.09746966525100394   } 
   kinetic_energy { 15.42546232803538   } 
   kinetic_energyvar { 206.9412401399903   } 
   potential_energy { -31.15565629612315   } 
   potential_energyvar { 340.4554048252323   } 
   nonlocal_energy { -0.1696842983908748   } 
   nonlocal_energyvar { 103.0352832528121   } 
   autocorr_energy { } 
} 

block { 
   label dmc
   totweight 5796864
   nautocorr 0
   total_energy { -15.90254031476291   } 
   total_energyvar { 0.3660812405816113   } 
   weight { 0.9953290648178015   } 
   weightvar { 0.09698625892104969   } 
   kinetic_energy { 15.37532830001578   } 
   kinetic_energyvar { 206.7628939662545   } 
   potential_energy { -31.09574189745807   } 
   potential_energyvar { 342.3914510897196   } 
   nonlocal_energy { -0.1821267173206222   } 
   nonlocal_energyvar { 106.4830795303236   } 
   autocorr_energy { } 
} 

block { 
   label dmc
   totweight 5796864
   nautocorr 0
   total_energy { -15.90312112183005   } 
   total_energyvar { 0.3347376999283073   } 
   weight { 0.9964276545230603   } 
   weightvar { 0.09667403081312435   } 
   kinetic_energy { 15.3293971633852   } 
   kinetic_energyvar { 206.5357857737175   } 
   potential_energy { -31.05078754383459   } 
   potential_energyvar { 331.2746510023466   } 
   nonlocal_energy { -0.1817307413806499   } 
   nonlocal_energyvar { 95.55666692030411   } 
   autocorr_energy { } 
} 

block { 
   label dmc
   totweight 5796864
   nautocorr 0
   total_energy { -15.90366073250404   } 
   total_energyvar { 0.3574324179652197   } 
   weight { 0.9973584760891735   } 
   weightvar { 0.09684743669664067   } 
   kinetic_energy { 15.37994269952097   } 
   kinetic_energyvar { 206.3752334032003   } 
   potential_energy { -31.1102194798472   } 
   potential_energyvar { 341.7457485745624   } 
   nonlocal_energy { -0.1733839521778109   } 
   nonlocal_energyvar { 105.4008065001476   } 
   autocorr_energy { } 
} 

block { 
   label dmc
   totweight 5796864
   nautocorr 0
   total_energy { -15.90144621717185   } 
   total_energyvar { 0.3640845377695074   } 
   weight { 0.9966109466016173   } 
   weightvar { 0.09748359756962076   } 
   kinetic_energy { 15.39217140614615   } 
   kinetic_energyvar { 206.4194224582316   } 
   potential_energy { -31.1184745722346   } 
   potential_energyvar { 342.7636287391285   } 
   nonlocal_energy { -0.1751430510834049   } 
   nonlocal_energyvar { 106.5724560445663   } 
   autocorr_energy { } 
} 

block { 
   label dmc
   totweight 5796864
   nautocorr 0
   total_energy { -15.90178605214783   } 
   total_energyvar { 0.3398128584609908   } 
   weight { 0.9960494411703282   } 
   weightvar { 0.09769747700118341   } 
   kinetic_energy { 15.38846453687909   } 
   kinetic_energyvar { 206.4812031903797   } 
   potential_energy { -31.12005704552294   } 
   potential_energyvar { 335.7008605409995   } 
   nonlocal_energy { -0.1701935435039734   } 
   nonlocal_energyvar { 99.27784248636998   } 
   autocorr_energy { } 
} 

block { 
   label dmc
   totweight 5796864
   nautocorr 0
   total_energy { -15.90091949328247   } 
   total_energyvar { 0.386309020332852   } 
   weight { 0.9949499090442246   } 
   weightvar { 0.09726793220762485   } 
   kinetic_energy { 15.32009465123208   } 
   kinetic_energyvar { 205.7604581528104   } 
   potential_energy { -31.04933694949542   } 
   potential_energyvar { 347.5860797289619   } 
   nonlocal_energy { -0.1716771950191328   } 
   nonlocal_energyvar { 112.0718576706335   } 
   autocorr_energy { } 
} 

block { 
   label dmc
   totweight 5796864
   nautocorr 0
   total_energy { -15.90413071665225   } 
   total_energyvar { 0.3536456317991803   } 
   weight { 0.9963467153613036   } 
   weightvar { 0.09770009765866286   } 
   kinetic_energy { 15.32024484023608   } 
   kinetic_energyvar { 206.6584147988882   } 
   potential_energy { -31.04646549024292   } 
   potential_energyvar { 340.0263662760909   } 
   nonlocal_energy { -0.1779100666454035   } 
   nonlocal_energyvar { 104.0328544479141   } 
   autocorr_energy { } 
} 

block { 
   label dmc
   totweight 5796864
   nautocorr 0
   total_energy { -15.90160927439566   } 
   total_energyvar { 0.3381188481292922   } 
   weight { 0.9969948232740422   } 
   weightvar { 0.09734346818009919   } 
   kinetic_energy { 15.39998914857592   } 
   kinetic_energyvar { 206.7787878891751   } 
   potential_energy { -31.11693638308508   } 
   potential_energyvar { 330.910660304417   } 
   nonlocal_energy { -0.1846620398864906   } 
   nonlocal_energyvar { 95.08619663250248   } 
   autocorr_energy { } 
} 

block { 
   label dmc
   totweight 5796864
   nautocorr 0
   total_energy { -15.90436515878764   } 
   total_energyvar { 0.3487563537225458   } 
   weight { 0.9966372216113614   } 
   weightvar { 0.09750275453329367   } 
   kinetic_energy { 15.42415865120052   } 
   kinetic_energyvar { 206.9377685980035   } 
   potential_energy { -31.15113299212738   } 
   potential_energyvar { 338.8359198575027   } 
   nonlocal_energy { -0.1773908178607781   } 
   nonlocal_energyvar { 101.9038922800838   } 
   autocorr_energy { } 
} 

block { 
   label dmc
   totweight 5796864
   nautocorr 0
   total_energy { -15.9000822313396   } 
   total_energyvar { 0.3377119329032832   } 
   weight { 0.9964924457531286   } 
   weightvar { 0.09774991695991977   } 
   kinetic_energy { 15.39934438098224   } 
   kinetic_energyvar { 207.1912997109507   } 
   potential_energy { -31.1123513105463   } 
   potential_energyvar { 334.9610977814517   } 
   nonlocal_energy { -0.1870753017755362   } 
   nonlocal_energyvar { 98.66390014442547   } 
   autocorr_energy { } 
} 

block { 
   label dmc
   totweight 5796864
   nautocorr 0
   total_energy { -15.90070322538303   } 
   total_energyvar { 0.3447335168423127   } 
   weight { 0.9954939445394536   } 
   weightvar { 0.09890734655608531   } 
   kinetic_energy { 15.38135882376332   } 
   kinetic_energyvar { 206.4589678063377   } 
   potential_energy { -31.09971993322799   } 
   potential_energyvar { 334.0711074449043   } 
   nonlocal_energy { -0.1823421159183608   } 
   nonlocal_energyvar { 98.28551112015603   } 
   autocorr_energy { } 
} 

block { 
   label dmc
   totweight 5796864
   nautocorr 0
   total_energy { -15.90241102512029   } 
   total_energyvar { 0.3497864095551944   } 
   weight { 0.9950252383606154   } 
   weightvar { 0.09909953619723059   } 
   kinetic_energy { 15.39163080306844   } 
   kinetic_energyvar { 207.2900286267929   } 
   potential_energy { -31.11437123558799   } 
   potential_energyvar { 339.1859393315405   } 
   nonlocal_energy { -0.1796705926007479   } 
   nonlocal_energyvar { 102.436857898304   } 
   autocorr_energy { } 
} 

block { 
   label dmc
   totweight 5796864
   nautocorr 0
   total_energy { -15.90096760772067   } 
   total_energyvar { 0.353632003666515   } 
   weight { 0.9959940286829552   } 
   weightvar { 0.09861294068473184   } 
   kinetic_energy { 15.39151711866593   } 
   kinetic_energyvar { 206.5556717324103   } 
   potential_energy { -31.11652009562949   } 
   potential_energyvar { 339.6887541459145   } 
   nonlocal_energy { -0.1759646307571148   } 
   nonlocal_energyvar { 103.5977889229691   } 
   autocorr_energy { } 
} 

block { 
   label dmc
   totweight 5796864
   nautocorr 0
   total_energy { -15.90073103069554   } 
   total_energyvar { 0.3526759108265476   } 
   weight { 0.9949885782498605   } 
   weightvar { 0.09929867769628825   } 
   kinetic_energy { 15.32209893149167   } 
   kinetic_energyvar { 205.8457334544771   } 
   potential_energy { -31.03556710325184   } 
   potential_energyvar { 335.9287622820981   } 
   nonlocal_energy { -0.1872628589353685   } 
   nonlocal_energyvar { 100.8947254747729   } 
   autocorr_energy { } 
} 

block { 
   label dmc
   totweight 5796864
   nautocorr 0
   total_energy { -15.90147176982444   } 
   total_energyvar { 0.3440454220207311   } 
   weight { 0.995063698500384   } 
   weightvar { 0.09944582137167778   } 
   kinetic_energy { 15.29734789381344   } 
   kinetic_energyvar { 206.0640193293231   } 
   potential_energy { -31.03335969802495   } 
   potential_energyvar { 337.9653955183842   } 
   nonlocal_energy { -0.165459965612933   } 
   nonlocal_energyvar { 102.0690007808155   } 
   autocorr_energy { } 
} 

block { 
   label dmc
   totweight 5796864
   nautocorr 0
   total_energy { -15.90290419706857   } 
   total_energyvar { 0.35314666884143   } 
   weight { 0.9964222430755413   } 
   weightvar { 0.09929948764474325   } 
   kinetic_energy { 15.3824165455243   } 
   kinetic_energyvar { 206.5027995629924   } 
   potential_energy { -31.11134929230707   } 
   potential_energyvar { 340.7138509374732   } 
   nonlocal_energy { -0.1739714502857997   } 
   nonlocal_energyvar { 104.3997670973777   } 
   autocorr_energy { } 
} 

