#-------------------------------------------------
#DMC run: timestep 0.0015
#-------------------------------------------------


init { 
   label dmc
}
block { 
   label dmc
   totweight 11611136
   nautocorr 0
   total_energy { -15.88813051351657   } 
   total_energyvar { 0.3493122479949173   } 
   weight { 1.052272495361299   } 
   weightvar { 0.01978860336463194   } 
   kinetic_energy { 13.64642389898172   } 
   kinetic_energyvar { 200.3450592959411   } 
   potential_energy { -29.38618934583454   } 
   potential_energyvar { 321.7567811170724   } 
   nonlocal_energy { -0.1483650666637463   } 
   nonlocal_energyvar { 94.93319155325365   } 
   autocorr_energy { } 
} 

block { 
   label dmc
   totweight 11611136
   nautocorr 0
   total_energy { -15.89932178423814   } 
   total_energyvar { 0.3530090193695004   } 
   weight { 1.06232405873055   } 
   weightvar { 0.05736151561478701   } 
   kinetic_energy { 15.335962450353   } 
   kinetic_energyvar { 207.0446182128222   } 
   potential_energy { -31.06472727695877   } 
   potential_energyvar { 339.9526234282225   } 
   nonlocal_energy { -0.1705569576323657   } 
   nonlocal_energyvar { 102.7784047924007   } 
   autocorr_energy { } 
} 

block { 
   label dmc
   totweight 11611136
   nautocorr 0
   total_energy { -15.89906601261108   } 
   total_energyvar { 0.3690213099224301   } 
   weight { 1.025055538816932   } 
   weightvar { 0.07702202576534699   } 
   kinetic_energy { 15.35356585985335   } 
   kinetic_energyvar { 206.8614361724457   } 
   potential_energy { -31.08683205466585   } 
   potential_energyvar { 345.8204629484318   } 
   nonlocal_energy { -0.1657998177985783   } 
   nonlocal_energyvar { 108.5498461445811   } 
   autocorr_energy { } 
} 

block { 
   label dmc
   totweight 11611136
   nautocorr 0
   total_energy { -15.89877289083184   } 
   total_energyvar { 0.3400945887000573   } 
   weight { 1.009493271848786   } 
   weightvar { 0.08628888866232154   } 
   kinetic_energy { 15.25307642908442   } 
   kinetic_energyvar { 205.9336046757428   } 
   potential_energy { -30.97638576517382   } 
   potential_energyvar { 332.3571748206099   } 
   nonlocal_energy { -0.1754635547424414   } 
   nonlocal_energyvar { 97.27573823196983   } 
   autocorr_energy { } 
} 

block { 
   label dmc
   totweight 11611136
   nautocorr 0
   total_energy { -15.9037290028658   } 
   total_energyvar { 0.3752300040632118   } 
   weight { 1.004702648070888   } 
   weightvar { 0.0914044678288268   } 
   kinetic_energy { 15.30292490103049   } 
   kinetic_energyvar { 206.7871572320419   } 
   potential_energy { -31.04054685458291   } 
   potential_energyvar { 347.2433424309135   } 
   nonlocal_energy { -0.1661070493133806   } 
   nonlocal_energyvar { 110.221204767688   } 
   autocorr_energy { } 
} 

block { 
   label dmc
   totweight 11611136
   nautocorr 0
   total_energy { -15.902469206641   } 
   total_energyvar { 0.3543809997840485   } 
   weight { 1.003454608299564   } 
   weightvar { 0.09424826502466835   } 
   kinetic_energy { 15.43581379076586   } 
   kinetic_energyvar { 207.2667895629807   } 
   potential_energy { -31.16916928049487   } 
   potential_energyvar { 343.0636911994349   } 
   nonlocal_energy { -0.1691137169119994   } 
   nonlocal_energyvar { 105.293407942378   } 
   autocorr_energy { } 
} 

block { 
   label dmc
   totweight 11611136
   nautocorr 0
   total_energy { -15.90197249801563   } 
   total_energyvar { 0.3429879133403948   } 
   weight { 1.000088908406977   } 
   weightvar { 0.09536566189596624   } 
   kinetic_energy { 15.34110920250697   } 
   kinetic_energyvar { 205.9757596482915   } 
   potential_energy { -31.07565401481207   } 
   potential_energyvar { 336.5555280539759   } 
   nonlocal_energy { -0.167427685710541   } 
   nonlocal_energyvar { 100.5896505037228   } 
   autocorr_energy { } 
} 

block { 
   label dmc
   totweight 11611136
   nautocorr 0
   total_energy { -15.90116416401565   } 
   total_energyvar { 0.3574005280454552   } 
   weight { 0.9979778358214771   } 
   weightvar { 0.09624783375372403   } 
   kinetic_energy { 15.37358307116545   } 
   kinetic_energyvar { 206.3228837680867   } 
   potential_energy { -31.10356870922631   } 
   potential_energyvar { 339.6338705512538   } 
   nonlocal_energy { -0.1711785259547911   } 
   nonlocal_energyvar { 103.4170474652411   } 
   autocorr_energy { } 
} 

block { 
   label dmc
   totweight 11611136
   nautocorr 0
   total_energy { -15.89963976264171   } 
   total_energyvar { 0.3541600603889428   } 
   weight { 0.9966989518545715   } 
   weightvar { 0.09718710772701314   } 
   kinetic_energy { 15.34949473250523   } 
   kinetic_energyvar { 205.8574215753336   } 
   potential_energy { -31.06714386100662   } 
   potential_energyvar { 338.737006403749   } 
   nonlocal_energy { -0.1819906341403269   } 
   nonlocal_energyvar { 103.7685622192632   } 
   autocorr_energy { } 
} 

block { 
   label dmc
   totweight 11611136
   nautocorr 0
   total_energy { -15.90290309745353   } 
   total_energyvar { 0.3459096413546845   } 
   weight { 0.9965899677504679   } 
   weightvar { 0.09693929072552608   } 
   kinetic_energy { 15.45112014705502   } 
   kinetic_energyvar { 207.1618239410948   } 
   potential_energy { -31.17745309926084   } 
   potential_energyvar { 337.8860472296634   } 
   nonlocal_energy { -0.1765701452477018   } 
   nonlocal_energyvar { 100.9781794025607   } 
   autocorr_energy { } 
} 

block { 
   label dmc
   totweight 11611136
   nautocorr 0
   total_energy { -15.90073447916719   } 
   total_energyvar { 0.37771726712894   } 
   weight { 0.9971215949842329   } 
   weightvar { 0.09794616883083233   } 
   kinetic_energy { 15.31710883167608   } 
   kinetic_energyvar { 206.5949101742602   } 
   potential_energy { -31.04694071979537   } 
   potential_energyvar { 345.5797053329565   } 
   nonlocal_energy { -0.1709025910479   } 
   nonlocal_energyvar { 109.3558493571099   } 
   autocorr_energy { } 
} 

block { 
   label dmc
   totweight 11611136
   nautocorr 0
   total_energy { -15.90111921265051   } 
   total_energyvar { 0.361075737632543   } 
   weight { 0.9960751311500681   } 
   weightvar { 0.09827014951802475   } 
   kinetic_energy { 15.35622782701234   } 
   kinetic_energyvar { 205.9270076330831   } 
   potential_energy { -31.08261033392878   } 
   potential_energyvar { 341.4332474541636   } 
   nonlocal_energy { -0.174736705734072   } 
   nonlocal_energyvar { 105.8146083471509   } 
   autocorr_energy { } 
} 

block { 
   label dmc
   totweight 11611136
   nautocorr 0
   total_energy { -15.90222828739925   } 
   total_energyvar { 0.3458571689412959   } 
   weight { 0.9962164309169608   } 
   weightvar { 0.09816303481309946   } 
   kinetic_energy { 15.38458921135644   } 
   kinetic_energyvar { 206.7691466776238   } 
   potential_energy { -31.11172661057455   } 
   potential_energyvar { 337.7114890952616   } 
   nonlocal_energy { -0.1750908881811543   } 
   nonlocal_energyvar { 101.185171257272   } 
   autocorr_energy { } 
} 

block { 
   label dmc
   totweight 11611136
   nautocorr 0
   total_energy { -15.90382816036696   } 
   total_energyvar { 0.3462663473346397   } 
   weight { 0.9978791296356355   } 
   weightvar { 0.09786552535220876   } 
   kinetic_energy { 15.41648512533603   } 
   kinetic_energyvar { 206.0611288448843   } 
   potential_energy { -31.13911186531822   } 
   potential_energyvar { 335.9295359291542   } 
   nonlocal_energy { -0.1812014203847727   } 
   nonlocal_energyvar { 100.469672517397   } 
   autocorr_energy { } 
} 

block { 
   label dmc
   totweight 11611136
   nautocorr 0
   total_energy { -15.9050601472297   } 
   total_energyvar { 0.369430156772714   } 
   weight { 0.9983437227505719   } 
   weightvar { 0.09802791516294979   } 
   kinetic_energy { 15.41997553937115   } 
   kinetic_energyvar { 207.103591024315   } 
   potential_energy { -31.15913172304119   } 
   potential_energyvar { 345.4958228832427   } 
   nonlocal_energy { -0.1659039635596549   } 
   nonlocal_energyvar { 108.1086764049072   } 
   autocorr_energy { } 
} 

block { 
   label dmc
   totweight 11611136
   nautocorr 0
   total_energy { -15.90147572016459   } 
   total_energyvar { 0.362469064866473   } 
   weight { 0.9976979897133555   } 
   weightvar { 0.0971292032401926   } 
   kinetic_energy { 15.39069179691003   } 
   kinetic_energyvar { 207.3052228329767   } 
   potential_energy { -31.11899700603728   } 
   potential_energyvar { 343.7032651138904   } 
   nonlocal_energy { -0.1731705110373432   } 
   nonlocal_energyvar { 106.4906693939686   } 
   autocorr_energy { } 
} 

block { 
   label dmc
   totweight 11611136
   nautocorr 0
   total_energy { -15.90395028154493   } 
   total_energyvar { 0.3534869043939208   } 
   weight { 0.9976489291611756   } 
   weightvar { 0.09687496636356924   } 
   kinetic_energy { 15.34359069526472   } 
   kinetic_energyvar { 206.7547958719938   } 
   potential_energy { -31.07995598676523   } 
   potential_energyvar { 340.387883402729   } 
   nonlocal_energy { -0.1675849900444098   } 
   nonlocal_energyvar { 103.7734135059436   } 
   autocorr_energy { } 
} 

block { 
   label dmc
   totweight 11611136
   nautocorr 0
   total_energy { -15.89908851862583   } 
   total_energyvar { 0.3732479099822889   } 
   weight { 0.9955352104837318   } 
   weightvar { 0.09728122364608449   } 
   kinetic_energy { 15.3568009426052   } 
   kinetic_energyvar { 206.0602150075638   } 
   potential_energy { -31.07537390244841   } 
   potential_energyvar { 342.8433987127836   } 
   nonlocal_energy { -0.180515558782615   } 
   nonlocal_energyvar { 107.4055573241852   } 
   autocorr_energy { } 
} 

block { 
   label dmc
   totweight 11611136
   nautocorr 0
   total_energy { -15.89929497193202   } 
   total_energyvar { 0.3840430496273894   } 
   weight { 0.994057740490877   } 
   weightvar { 0.09799851620122106   } 
   kinetic_energy { 15.33936716153129   } 
   kinetic_energyvar { 206.6103463849704   } 
   potential_energy { -31.06395603185868   } 
   potential_energyvar { 346.2077887133103   } 
   nonlocal_energy { -0.1747061016046179   } 
   nonlocal_energyvar { 110.0172242165397   } 
   autocorr_energy { } 
} 

block { 
   label dmc
   totweight 11611136
   nautocorr 0
   total_energy { -15.90294946376215   } 
   total_energyvar { 0.3670364921258693   } 
   weight { 0.9958521416544469   } 
   weightvar { 0.09943163487962417   } 
   kinetic_energy { 15.37874489815672   } 
   kinetic_energyvar { 206.1039842027693   } 
   potential_energy { -31.11234930700076   } 
   potential_energyvar { 342.6667475285428   } 
   nonlocal_energy { -0.1693450549181118   } 
   nonlocal_energyvar { 106.4654861389721   } 
   autocorr_energy { } 
} 

block { 
   label dmc
   totweight 11611136
   nautocorr 0
   total_energy { -15.90249622556787   } 
   total_energyvar { 0.3462176688314506   } 
   weight { 0.9957319332736192   } 
   weightvar { 0.09936029248937402   } 
   kinetic_energy { 15.41024515461675   } 
   kinetic_energyvar { 207.5170655402383   } 
   potential_energy { -31.13999555585859   } 
   potential_energyvar { 340.8222209804525   } 
   nonlocal_energy { -0.1727458243260347   } 
   nonlocal_energyvar { 103.2198642770498   } 
   autocorr_energy { } 
} 

block { 
   label dmc
   totweight 11611136
   nautocorr 0
   total_energy { -15.90067713364249   } 
   total_energyvar { 0.3527160167438192   } 
   weight { 0.9964876197381626   } 
   weightvar { 0.09873326141204038   } 
   kinetic_energy { 15.36982346514844   } 
   kinetic_energyvar { 206.8073139144209   } 
   potential_energy { -31.08895223619263   } 
   potential_energyvar { 339.5346766884272   } 
   nonlocal_energy { -0.1815483625982902   } 
   nonlocal_energyvar { 103.3294760910629   } 
   autocorr_energy { } 
} 

block { 
   label dmc
   totweight 11611136
   nautocorr 0
   total_energy { -15.90066019354673   } 
   total_energyvar { 0.3759523648348022   } 
   weight { 0.9956468677477162   } 
   weightvar { 0.09773812716886983   } 
   kinetic_energy { 15.38091501068553   } 
   kinetic_energyvar { 206.2393950127124   } 
   potential_energy { -31.10615471001513   } 
   potential_energyvar { 344.0084571733533   } 
   nonlocal_energy { -0.1754204942171232   } 
   nonlocal_energyvar { 108.1714211745288   } 
   autocorr_energy { } 
} 

block { 
   label dmc
   totweight 11611136
   nautocorr 0
   total_energy { -15.90038602194161   } 
   total_energyvar { 0.3752059964911729   } 
   weight { 0.9951792069908572   } 
   weightvar { 0.0976408609063243   } 
   kinetic_energy { 15.40652013777203   } 
   kinetic_energyvar { 206.3556010510247   } 
   potential_energy { -31.1340041262494   } 
   potential_energyvar { 342.2479569545138   } 
   nonlocal_energy { -0.1729020334642345   } 
   nonlocal_energyvar { 106.1948100047881   } 
   autocorr_energy { } 
} 

block { 
   label dmc
   totweight 11611136
   nautocorr 0
   total_energy { -15.90307395759639   } 
   total_energyvar { 0.3719653771586998   } 
   weight { 0.9963668177134096   } 
   weightvar { 0.09759415197893713   } 
   kinetic_energy { 15.32922273145857   } 
   kinetic_energyvar { 206.7347597469203   } 
   potential_energy { -31.06356052021581   } 
   potential_energyvar { 344.4371740898167   } 
   nonlocal_energy { -0.1687361688391469   } 
   nonlocal_energyvar { 107.9648157797483   } 
   autocorr_energy { } 
} 

block { 
   label dmc
   totweight 11611136
   nautocorr 0
   total_energy { -15.89927441849565   } 
   total_energyvar { 0.3685202333475822   } 
   weight { 0.9954504514169278   } 
   weightvar { 0.09637683987929539   } 
   kinetic_energy { 15.32657919042965   } 
   kinetic_energyvar { 206.030480400632   } 
   potential_energy { -31.06129399330212   } 
   potential_energyvar { 346.6258894072829   } 
   nonlocal_energy { -0.1645596156231758   } 
   nonlocal_energyvar { 110.4544813275169   } 
   autocorr_energy { } 
} 

block { 
   label dmc
   totweight 11611136
   nautocorr 0
   total_energy { -15.90078340100206   } 
   total_energyvar { 0.3681910182599369   } 
   weight { 0.9951865373802283   } 
   weightvar { 0.09604536579754958   } 
   kinetic_energy { 15.31193502350103   } 
   kinetic_energyvar { 205.8036647430907   } 
   potential_energy { -31.03270787812644   } 
   potential_energyvar { 340.0505151617737   } 
   nonlocal_energy { -0.1800105463766398   } 
   nonlocal_energyvar { 105.081153149517   } 
   autocorr_energy { } 
} 

block { 
   label dmc
   totweight 11611136
   nautocorr 0
   total_energy { -15.89946178429824   } 
   total_energyvar { 0.3560531253751777   } 
   weight { 0.9945326446654421   } 
   weightvar { 0.09704707887002251   } 
   kinetic_energy { 15.36126939728081   } 
   kinetic_energyvar { 206.3994384426199   } 
   potential_energy { -31.08872710820392   } 
   potential_energyvar { 340.6937589141046   } 
   nonlocal_energy { -0.1720040733751315   } 
   nonlocal_energyvar { 104.6478361278257   } 
   autocorr_energy { } 
} 

block { 
   label dmc
   totweight 11611136
   nautocorr 0
   total_energy { -15.90135539720928   } 
   total_energyvar { 0.3648174453144822   } 
   weight { 0.9950073491671643   } 
   weightvar { 0.09844734042980056   } 
   kinetic_energy { 15.41157097054249   } 
   kinetic_energyvar { 207.213707760896   } 
   potential_energy { -31.14518104706773   } 
   potential_energyvar { 344.6867350954901   } 
   nonlocal_energy { -0.1677453206840398   } 
   nonlocal_energyvar { 107.1915538119838   } 
   autocorr_energy { } 
} 

block { 
   label dmc
   totweight 11611136
   nautocorr 0
   total_energy { -15.90254403438751   } 
   total_energyvar { 0.3491379236544384   } 
   weight { 0.9965436107769347   } 
   weightvar { 0.09784234850969518   } 
   kinetic_energy { 15.41049702213091   } 
   kinetic_energyvar { 207.12073192615   } 
   potential_energy { -31.1417348989534   } 
   potential_energyvar { 340.0245344573696   } 
   nonlocal_energy { -0.1713061575650167   } 
   nonlocal_energyvar { 102.8189207236654   } 
   autocorr_energy { } 
} 

block { 
   label dmc
   totweight 11611136
   nautocorr 0
   total_energy { -15.90339147133779   } 
   total_energyvar { 0.3571731495109057   } 
   weight { 0.9969529898995766   } 
   weightvar { 0.09713765453364803   } 
   kinetic_energy { 15.39378577488374   } 
   kinetic_energyvar { 205.9059992216202   } 
   potential_energy { -31.12345434459885   } 
   potential_energyvar { 342.4920925926733   } 
   nonlocal_energy { -0.1737229016226725   } 
   nonlocal_energyvar { 106.7753283455021   } 
   autocorr_energy { } 
} 

block { 
   label dmc
   totweight 11611136
   nautocorr 0
   total_energy { -15.90416456394904   } 
   total_energyvar { 0.3624973237504419   } 
   weight { 0.9983904609817298   } 
   weightvar { 0.09886368400947548   } 
   kinetic_energy { 15.41404142451559   } 
   kinetic_energyvar { 207.2298037537345   } 
   potential_energy { -31.14631555187061   } 
   potential_energyvar { 341.9146596989517   } 
   nonlocal_energy { -0.1718904365940173   } 
   nonlocal_energyvar { 104.7473205424821   } 
   autocorr_energy { } 
} 

block { 
   label dmc
   totweight 11611136
   nautocorr 0
   total_energy { -15.90295091739523   } 
   total_energyvar { 0.3498326412816037   } 
   weight { 0.9979636479787944   } 
   weightvar { 0.09793522962886904   } 
   kinetic_energy { 15.31595774966148   } 
   kinetic_energyvar { 206.3929587261659   } 
   potential_energy { -31.04650656162938   } 
   potential_energyvar { 336.6386183544371   } 
   nonlocal_energy { -0.1724021054273293   } 
   nonlocal_energyvar { 100.7758867053698   } 
   autocorr_energy { } 
} 

block { 
   label dmc
   totweight 11611136
   nautocorr 0
   total_energy { -15.90024244355729   } 
   total_energyvar { 0.3718163421773177   } 
   weight { 0.9962655241432321   } 
   weightvar { 0.09806493329721512   } 
   kinetic_energy { 15.33356127393867   } 
   kinetic_energyvar { 206.0900515478205   } 
   potential_energy { -31.05601610760767   } 
   potential_energyvar { 343.6357390358546   } 
   nonlocal_energy { -0.1777876098882738   } 
   nonlocal_energyvar { 108.0875653082935   } 
   autocorr_energy { } 
} 

block { 
   label dmc
   totweight 11611136
   nautocorr 0
   total_energy { -15.90251590803889   } 
   total_energyvar { 0.3500076670885908   } 
   weight { 0.9964928764991199   } 
   weightvar { 0.0990570171893278   } 
   kinetic_energy { 15.40143322329107   } 
   kinetic_energyvar { 205.9904876614649   } 
   potential_energy { -31.13491473219186   } 
   potential_energyvar { 340.1063790106677   } 
   nonlocal_energy { -0.1690343991380882   } 
   nonlocal_energyvar { 103.8983652653238   } 
   autocorr_energy { } 
} 

block { 
   label dmc
   totweight 11611136
   nautocorr 0
   total_energy { -15.90270392246101   } 
   total_energyvar { 0.3489167295742025   } 
   weight { 0.9968608680274873   } 
   weightvar { 0.09882815151538787   } 
   kinetic_energy { 15.31765328131379   } 
   kinetic_energyvar { 206.4144157798128   } 
   potential_energy { -31.05511476558997   } 
   potential_energyvar { 338.1916312272679   } 
   nonlocal_energy { -0.1652424381848321   } 
   nonlocal_energyvar { 101.8297467479179   } 
   autocorr_energy { } 
} 

block { 
   label dmc
   totweight 11611136
   nautocorr 0
   total_energy { -15.90251349217697   } 
   total_energyvar { 0.3586427527465071   } 
   weight { 0.9970763501199205   } 
   weightvar { 0.0975546523361915   } 
   kinetic_energy { 15.29795429394204   } 
   kinetic_energyvar { 205.6640592553275   } 
   potential_energy { -31.01609574252438   } 
   potential_energyvar { 336.235905014795   } 
   nonlocal_energy { -0.1843720435946263   } 
   nonlocal_energyvar { 101.7590564269575   } 
   autocorr_energy { } 
} 

block { 
   label dmc
   totweight 11611136
   nautocorr 0
   total_energy { -15.90212116377175   } 
   total_energyvar { 0.3619647965841274   } 
   weight { 0.9968492400363669   } 
   weightvar { 0.09775426643866951   } 
   kinetic_energy { 15.41062450524812   } 
   kinetic_energyvar { 207.0972272736781   } 
   potential_energy { -31.1436491263892   } 
   potential_energyvar { 341.3665288514222   } 
   nonlocal_energy { -0.1690965426306664   } 
   nonlocal_energyvar { 104.1669393607839   } 
   autocorr_energy { } 
} 

block { 
   label dmc
   totweight 11611136
   nautocorr 0
   total_energy { -15.90086363854791   } 
   total_energyvar { 0.3581059993969211   } 
   weight { 0.9958457831182799   } 
   weightvar { 0.09713049053374102   } 
   kinetic_energy { 15.33668381900356   } 
   kinetic_energyvar { 206.2684509418995   } 
   potential_energy { -31.06293126040339   } 
   potential_energyvar { 340.443815212582   } 
   nonlocal_energy { -0.1746161971480812   } 
   nonlocal_energyvar { 104.7600423374186   } 
   autocorr_energy { } 
} 

block { 
   label dmc
   totweight 11611136
   nautocorr 0
   total_energy { -15.90153781577936   } 
   total_energyvar { 0.3760624108790083   } 
   weight { 0.9964197500146066   } 
   weightvar { 0.09592786714680912   } 
   kinetic_energy { 15.345172305637   } 
   kinetic_energyvar { 206.5977236367097   } 
   potential_energy { -31.07357513617486   } 
   potential_energyvar { 345.7299723388138   } 
   nonlocal_energy { -0.1731349852415055   } 
   nonlocal_energyvar { 109.3395043601254   } 
   autocorr_energy { } 
} 

block { 
   label dmc
   totweight 11611136
   nautocorr 0
   total_energy { -15.89941282594983   } 
   total_energyvar { 0.3599635818605679   } 
   weight { 0.9950700925330943   } 
   weightvar { 0.09587561554884466   } 
   kinetic_energy { 15.32733170552045   } 
   kinetic_energyvar { 206.3683346280299   } 
   potential_energy { -31.05724134324342   } 
   potential_energyvar { 342.796339974008   } 
   nonlocal_energy { -0.1695031882268562   } 
   nonlocal_energyvar { 106.4301942111797   } 
   autocorr_energy { } 
} 

