#-------------------------------------------------
#DMC run: timestep 0.0001
#-------------------------------------------------


init { 
   label dmc
}
block { 
   label dmc
   totweight 174080000
   nautocorr 0
   total_energy { -15.88895535225363   } 
   total_energyvar { 0.3412762458625554   } 
   weight { 1.051662339431998   } 
   weightvar { 0.01961225891104001   } 
   kinetic_energy { 13.64324904595266   } 
   kinetic_energyvar { 200.1310947525216   } 
   potential_energy { -29.37742712866118   } 
   potential_energyvar { 317.813649212331   } 
   nonlocal_energy { -0.1547772695451154   } 
   nonlocal_energyvar { 91.58815579512311   } 
   autocorr_energy { } 
} 

block { 
   label dmc
   totweight 174080000
   nautocorr 0
   total_energy { -15.90075381487643   } 
   total_energyvar { 0.3712514074212724   } 
   weight { 1.063056438312819   } 
   weightvar { 0.05721290504804701   } 
   kinetic_energy { 15.28227461162128   } 
   kinetic_energyvar { 205.5147233541807   } 
   potential_energy { -31.01506275213159   } 
   potential_energyvar { 342.9286892355125   } 
   nonlocal_energy { -0.1679656743661142   } 
   nonlocal_energyvar { 107.3273529938231   } 
   autocorr_energy { } 
} 

