Currently Loaded Modulefiles:
  1) modules/3.2.11.4
  2) altd/2.0
  3) darshan/3.2.1
  4) craype-network-aries
  5) intel/19.0.3.199
  6) craype/2.6.2
  7) udreg/2.3.2-7.0.1.1_3.52__g8175d3d.ari
  8) ugni/6.0.14.0-7.0.1.1_7.54__ge78e5b0.ari
  9) pmi/5.0.14
 10) dmapp/7.1.1-7.0.1.1_4.64__g38cf134.ari
 11) gni-headers/5.0.12.0-7.0.1.1_6.43__g3b1768f.ari
 12) xpmem/2.2.20-7.0.1.1_4.23__g0475745.ari
 13) job/2.2.4-7.0.1.1_3.50__g36b56f4.ari
 14) dvs/2.12_2.2.167-7.0.1.1_17.6__ge473d3a2
 15) alps/6.6.58-7.0.1.1_6.22__g437d88db.ari
 16) rca/2.2.20-7.0.1.1_4.65__g8e3fb5b.ari
 17) atp/2.1.3
 18) PrgEnv-intel/6.0.5
 19) craype-haswell
 20) cray-mpich/7.7.10
 21) craype-hugepages2M
 22) cray-hdf5/1.10.5.2
Rank =    0  Free Memory = 91689 MB
Rank =    1  Free Memory = 92807 MB
Rank =    2  Free Memory = 91274 MB
Rank =    3  Free Memory = 92049 MB
Rank =    4  Free Memory = 93104 MB
Rank =    5  Free Memory = 92480 MB
Rank =    6  Free Memory = 92364 MB
Rank =    7  Free Memory = 92500 MB
Rank =    8  Free Memory = 92758 MB
Rank =    9  Free Memory = 92870 MB
Rank =   10  Free Memory = 92451 MB
Rank =   11  Free Memory = 92387 MB
Rank =   12  Free Memory = 93017 MB
Rank =   13  Free Memory = 93164 MB
Rank =   14  Free Memory = 92451 MB
Rank =   15  Free Memory = 92305 MB
WARNING Exceeding Max Walkers per MPI rank : 1633. Ceiling is applied
WARNING Exceeding Max Walkers per MPI rank : 1633. Ceiling is applied
WARNING Exceeding Max Walkers per MPI rank : 1633. Ceiling is applied
WARNING Exceeding Max Walkers per MPI rank : 1633. Ceiling is applied
WARNING Exceeding Max Walkers per MPI rank : 1633. Ceiling is applied
WARNING Exceeding Max Walkers per MPI rank : 1633. Ceiling is applied
WARNING Exceeding Max Walkers per MPI rank : 1633. Ceiling is applied
WARNING Exceeding Max Walkers per MPI rank : 1633. Ceiling is applied
WARNING Exceeding Max Walkers per MPI rank : 1633. Ceiling is applied
WARNING Exceeding Max Walkers per MPI rank : 1633. Ceiling is applied
WARNING Exceeding Max Walkers per MPI rank : 1633. Ceiling is applied
WARNING Exceeding Max Walkers per MPI rank : 1633. Ceiling is applied
WARNING Exceeding Max Walkers per MPI rank : 1633. Ceiling is applied
WARNING Exceeding Max Walkers per MPI rank : 1633. Ceiling is applied
WARNING Exceeding Max Walkers per MPI rank : 1633. Ceiling is applied
WARNING Exceeding Max Walkers per MPI rank : 1633. Ceiling is applied
WARNING Exceeding Max Walkers per MPI rank : 1633. Ceiling is applied
WARNING Exceeding Max Walkers per MPI rank : 1633. Ceiling is applied
WARNING Exceeding Max Walkers per MPI rank : 1633. Ceiling is applied
WARNING Exceeding Max Walkers per MPI rank : 1633. Ceiling is applied
WARNING Exceeding Max Walkers per MPI rank : 1633. Ceiling is applied
WARNING Exceeding Max Walkers per MPI rank : 1633. Ceiling is applied
WARNING Exceeding Max Walkers per MPI rank : 1633. Ceiling is applied
WARNING Exceeding Max Walkers per MPI rank : 1633. Ceiling is applied
WARNING Exceeding Max Walkers per MPI rank : 1633. Ceiling is applied
WARNING Exceeding Max Walkers per MPI rank : 1633. Ceiling is applied
WARNING Exceeding Max Walkers per MPI rank : 1633. Ceiling is applied
WARNING Exceeding Max Walkers per MPI rank : 1633. Ceiling is applied
WARNING Exceeding Max Walkers per MPI rank : 1633. Ceiling is applied
WARNING Exceeding Max Walkers per MPI rank : 1633. Ceiling is applied
WARNING Exceeding Max Walkers per MPI rank : 1633. Ceiling is applied
WARNING Exceeding Max Walkers per MPI rank : 1633. Ceiling is applied
WARNING Exceeding Max Walkers per MPI rank : 1633. Ceiling is applied
WARNING Exceeding Max Walkers per MPI rank : 1633. Ceiling is applied
WARNING Exceeding Max Walkers per MPI rank : 1633. Ceiling is applied
WARNING Exceeding Max Walkers per MPI rank : 1633. Ceiling is applied
WARNING Exceeding Max Walkers per MPI rank : 1633. Ceiling is applied
WARNING Exceeding Max Walkers per MPI rank : 1633. Ceiling is applied
WARNING Exceeding Max Walkers per MPI rank : 1633. Ceiling is applied
WARNING Exceeding Max Walkers per MPI rank : 1633. Ceiling is applied
WARNING Exceeding Max Walkers per MPI rank : 1633. Ceiling is applied
WARNING Exceeding Max Walkers per MPI rank : 1633. Ceiling is applied
WARNING Exceeding Max Walkers per MPI rank : 1633. Ceiling is applied
WARNING Exceeding Max Walkers per MPI rank : 1633. Ceiling is applied
WARNING Exceeding Max Walkers per MPI rank : 1633. Ceiling is applied
WARNING Exceeding Max Walkers per MPI rank : 1633. Ceiling is applied
WARNING Exceeding Max Walkers per MPI rank : 1633. Ceiling is applied
WARNING Exceeding Max Walkers per MPI rank : 1633. Ceiling is applied
WARNING Exceeding Max Walkers per MPI rank : 1633. Ceiling is applied
WARNING Exceeding Max Walkers per MPI rank : 1633. Ceiling is applied
WARNING Exceeding Max Walkers per MPI rank : 1633. Ceiling is applied
WARNING Exceeding Max Walkers per MPI rank : 1633. Ceiling is applied
WARNING Exceeding Max Walkers per MPI rank : 1633. Ceiling is applied
WARNING Exceeding Max Walkers per MPI rank : 1633. Ceiling is applied
WARNING Exceeding Max Walkers per MPI rank : 1633. Ceiling is applied
WARNING Exceeding Max Walkers per MPI rank : 1633. Ceiling is applied
WARNING Exceeding Max Walkers per MPI rank : 1633. Ceiling is applied
WARNING Exceeding Max Walkers per MPI rank : 1633. Ceiling is applied
WARNING Exceeding Max Walkers per MPI rank : 1633. Ceiling is applied
WARNING Exceeding Max Walkers per MPI rank : 1633. Ceiling is applied
WARNING Exceeding Max Walkers per MPI rank : 1633. Ceiling is applied
WARNING Exceeding Max Walkers per MPI rank : 1633. Ceiling is applied
WARNING Exceeding Max Walkers per MPI rank : 1633. Ceiling is applied
WARNING Exceeding Max Walkers per MPI rank : 1633. Ceiling is applied
WARNING Exceeding Max Walkers per MPI rank : 1633. Ceiling is applied
WARNING Exceeding Max Walkers per MPI rank : 1633. Ceiling is applied
WARNING Exceeding Max Walkers per MPI rank : 1633. Ceiling is applied
WARNING Exceeding Max Walkers per MPI rank : 1633. Ceiling is applied
WARNING Exceeding Max Walkers per MPI rank : 1633. Ceiling is applied
WARNING Exceeding Max Walkers per MPI rank : 1633. Ceiling is applied
WARNING Exceeding Max Walkers per MPI rank : 1633. Ceiling is applied
WARNING Exceeding Max Walkers per MPI rank : 1633. Ceiling is applied
WARNING Exceeding Max Walkers per MPI rank : 1633. Ceiling is applied
WARNING Exceeding Max Walkers per MPI rank : 1633. Ceiling is applied
WARNING Exceeding Max Walkers per MPI rank : 1633. Ceiling is applied
WARNING Exceeding Max Walkers per MPI rank : 1633. Ceiling is applied
WARNING Exceeding Max Walkers per MPI rank : 1633. Ceiling is applied
WARNING Exceeding Max Walkers per MPI rank : 1633. Ceiling is applied
WARNING Exceeding Max Walkers per MPI rank : 1633. Ceiling is applied
WARNING Exceeding Max Walkers per MPI rank : 1633. Ceiling is applied
WARNING Exceeding Max Walkers per MPI rank : 1633. Ceiling is applied
WARNING Exceeding Max Walkers per MPI rank : 1633. Ceiling is applied
WARNING Exceeding Max Walkers per MPI rank : 1633. Ceiling is applied
WARNING Exceeding Max Walkers per MPI rank : 1633. Ceiling is applied
WARNING Exceeding Max Walkers per MPI rank : 1633. Ceiling is applied
WARNING Exceeding Max Walkers per MPI rank : 1633. Ceiling is applied
WARNING Exceeding Max Walkers per MPI rank : 1633. Ceiling is applied
WARNING Exceeding Max Walkers per MPI rank : 1633. Ceiling is applied
WARNING Exceeding Max Walkers per MPI rank : 1633. Ceiling is applied
WARNING Exceeding Max Walkers per MPI rank : 1633. Ceiling is applied
WARNING Exceeding Max Walkers per MPI rank : 1633. Ceiling is applied
WARNING Exceeding Max Walkers per MPI rank : 1633. Ceiling is applied
WARNING Exceeding Max Walkers per MPI rank : 1633. Ceiling is applied
WARNING Exceeding Max Walkers per MPI rank : 1633. Ceiling is applied
WARNING Exceeding Max Walkers per MPI rank : 1633. Ceiling is applied
WARNING Exceeding Max Walkers per MPI rank : 1633. Ceiling is applied
WARNING Exceeding Max Walkers per MPI rank : 1633. Ceiling is applied
WARNING Exceeding Max Walkers per MPI rank : 1633. Ceiling is applied
WARNING Exceeding Max Walkers per MPI rank : 1633. Ceiling is applied
WARNING Exceeding Max Walkers per MPI rank : 1633. Ceiling is applied
WARNING Exceeding Max Walkers per MPI rank : 1633. Ceiling is applied
WARNING Exceeding Max Walkers per MPI rank : 1633. Ceiling is applied
WARNING Exceeding Max Walkers per MPI rank : 1633. Ceiling is applied
WARNING Exceeding Max Walkers per MPI rank : 1633. Ceiling is applied
WARNING Exceeding Max Walkers per MPI rank : 1633. Ceiling is applied
WARNING Exceeding Max Walkers per MPI rank : 1633. Ceiling is applied
WARNING Exceeding Max Walkers per MPI rank : 1633. Ceiling is applied
WARNING Exceeding Max Walkers per MPI rank : 1633. Ceiling is applied
WARNING Exceeding Max Walkers per MPI rank : 1633. Ceiling is applied
WARNING Exceeding Max Walkers per MPI rank : 1633. Ceiling is applied
WARNING Exceeding Max Walkers per MPI rank : 1633. Ceiling is applied
WARNING Exceeding Max Walkers per MPI rank : 1633. Ceiling is applied
WARNING Exceeding Max Walkers per MPI rank : 1633. Ceiling is applied
WARNING Exceeding Max Walkers per MPI rank : 1633. Ceiling is applied
WARNING Exceeding Max Walkers per MPI rank : 1633. Ceiling is applied
WARNING Exceeding Max Walkers per MPI rank : 1633. Ceiling is applied
WARNING Exceeding Max Walkers per MPI rank : 1633. Ceiling is applied
WARNING Exceeding Max Walkers per MPI rank : 1633. Ceiling is applied
WARNING Exceeding Max Walkers per MPI rank : 1633. Ceiling is applied
WARNING Exceeding Max Walkers per MPI rank : 1633. Ceiling is applied
WARNING Exceeding Max Walkers per MPI rank : 1633. Ceiling is applied
WARNING Exceeding Max Walkers per MPI rank : 1633. Ceiling is applied
WARNING Exceeding Max Walkers per MPI rank : 1633. Ceiling is applied
WARNING Exceeding Max Walkers per MPI rank : 1633. Ceiling is applied
WARNING Exceeding Max Walkers per MPI rank : 1633. Ceiling is applied
WARNING Exceeding Max Walkers per MPI rank : 1633. Ceiling is applied
WARNING Exceeding Max Walkers per MPI rank : 1633. Ceiling is applied
WARNING Exceeding Max Walkers per MPI rank : 1633. Ceiling is applied
WARNING Exceeding Max Walkers per MPI rank : 1633. Ceiling is applied
WARNING Exceeding Max Walkers per MPI rank : 1633. Ceiling is applied
WARNING Exceeding Max Walkers per MPI rank : 1633. Ceiling is applied
WARNING Exceeding Max Walkers per MPI rank : 1633. Ceiling is applied
WARNING Exceeding Max Walkers per MPI rank : 1633. Ceiling is applied
WARNING Exceeding Max Walkers per MPI rank : 1633. Ceiling is applied
WARNING Exceeding Max Walkers per MPI rank : 1633. Ceiling is applied
WARNING Exceeding Max Walkers per MPI rank : 1633. Ceiling is applied
WARNING Exceeding Max Walkers per MPI rank : 1633. Ceiling is applied
WARNING Exceeding Max Walkers per MPI rank : 1633. Ceiling is applied
WARNING Exceeding Max Walkers per MPI rank : 1633. Ceiling is applied
WARNING Exceeding Max Walkers per MPI rank : 1633. Ceiling is applied
WARNING Exceeding Max Walkers per MPI rank : 1633. Ceiling is applied
WARNING Exceeding Max Walkers per MPI rank : 1633. Ceiling is applied
WARNING Exceeding Max Walkers per MPI rank : 1633. Ceiling is applied
WARNING Exceeding Max Walkers per MPI rank : 1633. Ceiling is applied
WARNING Exceeding Max Walkers per MPI rank : 1633. Ceiling is applied
WARNING Exceeding Max Walkers per MPI rank : 1633. Ceiling is applied
WARNING Exceeding Max Walkers per MPI rank : 1633. Ceiling is applied
WARNING Exceeding Max Walkers per MPI rank : 1633. Ceiling is applied
WARNING Exceeding Max Walkers per MPI rank : 1633. Ceiling is applied
WARNING Exceeding Max Walkers per MPI rank : 1633. Ceiling is applied
WARNING Exceeding Max Walkers per MPI rank : 1633. Ceiling is applied
WARNING Exceeding Max Walkers per MPI rank : 1633. Ceiling is applied
WARNING Exceeding Max Walkers per MPI rank : 1633. Ceiling is applied
WARNING Exceeding Max Walkers per MPI rank : 1633. Ceiling is applied
WARNING Exceeding Max Walkers per MPI rank : 1633. Ceiling is applied
WARNING Exceeding Max Walkers per MPI rank : 1633. Ceiling is applied
WARNING Exceeding Max Walkers per MPI rank : 1633. Ceiling is applied
WARNING Exceeding Max Walkers per MPI rank : 1633. Ceiling is applied
WARNING Exceeding Max Walkers per MPI rank : 1633. Ceiling is applied
WARNING Exceeding Max Walkers per MPI rank : 1633. Ceiling is applied
WARNING Exceeding Max Walkers per MPI rank : 1633. Ceiling is applied
WARNING Exceeding Max Walkers per MPI rank : 1633. Ceiling is applied
WARNING Exceeding Max Walkers per MPI rank : 1633. Ceiling is applied
WARNING Exceeding Max Walkers per MPI rank : 1633. Ceiling is applied
WARNING Exceeding Max Walkers per MPI rank : 1633. Ceiling is applied
WARNING Exceeding Max Walkers per MPI rank : 1633. Ceiling is applied
WARNING Exceeding Max Walkers per MPI rank : 1633. Ceiling is applied
WARNING Exceeding Max Walkers per MPI rank : 1633. Ceiling is applied
WARNING Exceeding Max Walkers per MPI rank : 1633. Ceiling is applied
WARNING Exceeding Max Walkers per MPI rank : 1633. Ceiling is applied
WARNING Exceeding Max Walkers per MPI rank : 1633. Ceiling is applied
WARNING Exceeding Max Walkers per MPI rank : 1633. Ceiling is applied
WARNING Exceeding Max Walkers per MPI rank : 1633. Ceiling is applied
WARNING Exceeding Max Walkers per MPI rank : 1633. Ceiling is applied
WARNING Exceeding Max Walkers per MPI rank : 1633. Ceiling is applied
WARNING Exceeding Max Walkers per MPI rank : 1633. Ceiling is applied
WARNING Exceeding Max Walkers per MPI rank : 1633. Ceiling is applied
WARNING Exceeding Max Walkers per MPI rank : 1633. Ceiling is applied
WARNING Exceeding Max Walkers per MPI rank : 1633. Ceiling is applied
WARNING Exceeding Max Walkers per MPI rank : 1633. Ceiling is applied
WARNING Exceeding Max Walkers per MPI rank : 1633. Ceiling is applied
WARNING Exceeding Max Walkers per MPI rank : 1633. Ceiling is applied
WARNING Exceeding Max Walkers per MPI rank : 1633. Ceiling is applied
WARNING Exceeding Max Walkers per MPI rank : 1633. Ceiling is applied
WARNING Exceeding Max Walkers per MPI rank : 1633. Ceiling is applied
WARNING Exceeding Max Walkers per MPI rank : 1633. Ceiling is applied
WARNING Exceeding Max Walkers per MPI rank : 1633. Ceiling is applied
WARNING Exceeding Max Walkers per MPI rank : 1633. Ceiling is applied
WARNING Exceeding Max Walkers per MPI rank : 1633. Ceiling is applied
WARNING Exceeding Max Walkers per MPI rank : 1633. Ceiling is applied
WARNING Exceeding Max Walkers per MPI rank : 1633. Ceiling is applied
WARNING Exceeding Max Walkers per MPI rank : 1633. Ceiling is applied
WARNING Exceeding Max Walkers per MPI rank : 1633. Ceiling is applied
WARNING Exceeding Max Walkers per MPI rank : 1633. Ceiling is applied
WARNING Exceeding Max Walkers per MPI rank : 1633. Ceiling is applied
WARNING Exceeding Max Walkers per MPI rank : 1633. Ceiling is applied
WARNING Exceeding Max Walkers per MPI rank : 1633. Ceiling is applied
WARNING Exceeding Max Walkers per MPI rank : 1633. Ceiling is applied
WARNING Exceeding Max Walkers per MPI rank : 1633. Ceiling is applied
WARNING Exceeding Max Walkers per MPI rank : 1633. Ceiling is applied
WARNING Exceeding Max Walkers per MPI rank : 1633. Ceiling is applied
WARNING Exceeding Max Walkers per MPI rank : 1633. Ceiling is applied
WARNING Exceeding Max Walkers per MPI rank : 1633. Ceiling is applied
WARNING Exceeding Max Walkers per MPI rank : 1633. Ceiling is applied
WARNING Exceeding Max Walkers per MPI rank : 1633. Ceiling is applied
WARNING Exceeding Max Walkers per MPI rank : 1633. Ceiling is applied
WARNING Exceeding Max Walkers per MPI rank : 1633. Ceiling is applied
WARNING Exceeding Max Walkers per MPI rank : 1633. Ceiling is applied
WARNING Exceeding Max Walkers per MPI rank : 1633. Ceiling is applied
WARNING Exceeding Max Walkers per MPI rank : 1633. Ceiling is applied
WARNING Exceeding Max Walkers per MPI rank : 1633. Ceiling is applied
WARNING Exceeding Max Walkers per MPI rank : 1633. Ceiling is applied
WARNING Exceeding Max Walkers per MPI rank : 1633. Ceiling is applied
WARNING Exceeding Max Walkers per MPI rank : 1633. Ceiling is applied
WARNING Exceeding Max Walkers per MPI rank : 1633. Ceiling is applied
WARNING Exceeding Max Walkers per MPI rank : 1633. Ceiling is applied
WARNING Exceeding Max Walkers per MPI rank : 1633. Ceiling is applied
WARNING Exceeding Max Walkers per MPI rank : 1633. Ceiling is applied
WARNING Exceeding Max Walkers per MPI rank : 1633. Ceiling is applied
WARNING Exceeding Max Walkers per MPI rank : 1633. Ceiling is applied
WARNING Exceeding Max Walkers per MPI rank : 1633. Ceiling is applied
WARNING Exceeding Max Walkers per MPI rank : 1633. Ceiling is applied
WARNING Exceeding Max Walkers per MPI rank : 1633. Ceiling is applied
WARNING Exceeding Max Walkers per MPI rank : 1633. Ceiling is applied
WARNING Exceeding Max Walkers per MPI rank : 1633. Ceiling is applied
WARNING Exceeding Max Walkers per MPI rank : 1633. Ceiling is applied
WARNING Exceeding Max Walkers per MPI rank : 1633. Ceiling is applied
WARNING Exceeding Max Walkers per MPI rank : 1633. Ceiling is applied
WARNING Exceeding Max Walkers per MPI rank : 1633. Ceiling is applied
WARNING Exceeding Max Walkers per MPI rank : 1633. Ceiling is applied
WARNING Exceeding Max Walkers per MPI rank : 1633. Ceiling is applied
WARNING Exceeding Max Walkers per MPI rank : 1633. Ceiling is applied
WARNING Exceeding Max Walkers per MPI rank : 1633. Ceiling is applied
WARNING Exceeding Max Walkers per MPI rank : 1633. Ceiling is applied
WARNING Exceeding Max Walkers per MPI rank : 1633. Ceiling is applied
WARNING Exceeding Max Walkers per MPI rank : 1633. Ceiling is applied
WARNING Exceeding Max Walkers per MPI rank : 1633. Ceiling is applied
WARNING Exceeding Max Walkers per MPI rank : 1633. Ceiling is applied
WARNING Exceeding Max Walkers per MPI rank : 1633. Ceiling is applied
WARNING Exceeding Max Walkers per MPI rank : 1633. Ceiling is applied
WARNING Exceeding Max Walkers per MPI rank : 1633. Ceiling is applied
WARNING Exceeding Max Walkers per MPI rank : 1633. Ceiling is applied
WARNING Exceeding Max Walkers per MPI rank : 1633. Ceiling is applied
WARNING Exceeding Max Walkers per MPI rank : 1633. Ceiling is applied
WARNING Exceeding Max Walkers per MPI rank : 1633. Ceiling is applied
WARNING Exceeding Max Walkers per MPI rank : 1633. Ceiling is applied
WARNING Exceeding Max Walkers per MPI rank : 1633. Ceiling is applied
WARNING Exceeding Max Walkers per MPI rank : 1633. Ceiling is applied
WARNING Exceeding Max Walkers per MPI rank : 1633. Ceiling is applied
WARNING Exceeding Max Walkers per MPI rank : 1633. Ceiling is applied
WARNING Exceeding Max Walkers per MPI rank : 1633. Ceiling is applied
WARNING Exceeding Max Walkers per MPI rank : 1633. Ceiling is applied
WARNING Exceeding Max Walkers per MPI rank : 1633. Ceiling is applied
WARNING Exceeding Max Walkers per MPI rank : 1633. Ceiling is applied
WARNING Exceeding Max Walkers per MPI rank : 1633. Ceiling is applied
WARNING Exceeding Max Walkers per MPI rank : 1633. Ceiling is applied
WARNING Exceeding Max Walkers per MPI rank : 1633. Ceiling is applied
WARNING Exceeding Max Walkers per MPI rank : 1633. Ceiling is applied
WARNING Exceeding Max Walkers per MPI rank : 1633. Ceiling is applied
WARNING Exceeding Max Walkers per MPI rank : 1633. Ceiling is applied
WARNING Exceeding Max Walkers per MPI rank : 1633. Ceiling is applied
WARNING Exceeding Max Walkers per MPI rank : 1633. Ceiling is applied
WARNING Exceeding Max Walkers per MPI rank : 1633. Ceiling is applied
WARNING Exceeding Max Walkers per MPI rank : 1633. Ceiling is applied
WARNING Exceeding Max Walkers per MPI rank : 1633. Ceiling is applied
WARNING Exceeding Max Walkers per MPI rank : 1633. Ceiling is applied
WARNING Exceeding Max Walkers per MPI rank : 1633. Ceiling is applied
WARNING Exceeding Max Walkers per MPI rank : 1633. Ceiling is applied
WARNING Exceeding Max Walkers per MPI rank : 1633. Ceiling is applied
WARNING Exceeding Max Walkers per MPI rank : 1633. Ceiling is applied
WARNING Exceeding Max Walkers per MPI rank : 1633. Ceiling is applied
WARNING Exceeding Max Walkers per MPI rank : 1633. Ceiling is applied
WARNING Exceeding Max Walkers per MPI rank : 1633. Ceiling is applied
WARNING Exceeding Max Walkers per MPI rank : 1633. Ceiling is applied
WARNING Exceeding Max Walkers per MPI rank : 1633. Ceiling is applied
WARNING Exceeding Max Walkers per MPI rank : 1633. Ceiling is applied
WARNING Exceeding Max Walkers per MPI rank : 1633. Ceiling is applied
WARNING Exceeding Max Walkers per MPI rank : 1633. Ceiling is applied
WARNING Exceeding Max Walkers per MPI rank : 1633. Ceiling is applied
WARNING Exceeding Max Walkers per MPI rank : 1633. Ceiling is applied
WARNING Exceeding Max Walkers per MPI rank : 1633. Ceiling is applied
WARNING Exceeding Max Walkers per MPI rank : 1633. Ceiling is applied
WARNING Exceeding Max Walkers per MPI rank : 1633. Ceiling is applied
WARNING Exceeding Max Walkers per MPI rank : 1633. Ceiling is applied
WARNING Exceeding Max Walkers per MPI rank : 1633. Ceiling is applied
WARNING Exceeding Max Walkers per MPI rank : 1633. Ceiling is applied
WARNING Exceeding Max Walkers per MPI rank : 1633. Ceiling is applied
WARNING Exceeding Max Walkers per MPI rank : 1633. Ceiling is applied
WARNING Exceeding Max Walkers per MPI rank : 1633. Ceiling is applied
WARNING Exceeding Max Walkers per MPI rank : 1633. Ceiling is applied
WARNING Exceeding Max Walkers per MPI rank : 1633. Ceiling is applied
WARNING Exceeding Max Walkers per MPI rank : 1633. Ceiling is applied
WARNING Exceeding Max Walkers per MPI rank : 1633. Ceiling is applied
WARNING Exceeding Max Walkers per MPI rank : 1633. Ceiling is applied
WARNING Exceeding Max Walkers per MPI rank : 1633. Ceiling is applied
WARNING Exceeding Max Walkers per MPI rank : 1633. Ceiling is applied
WARNING Exceeding Max Walkers per MPI rank : 1633. Ceiling is applied
WARNING Exceeding Max Walkers per MPI rank : 1633. Ceiling is applied
WARNING Exceeding Max Walkers per MPI rank : 1633. Ceiling is applied
WARNING Exceeding Max Walkers per MPI rank : 1633. Ceiling is applied
WARNING Exceeding Max Walkers per MPI rank : 1633. Ceiling is applied
WARNING Exceeding Max Walkers per MPI rank : 1633. Ceiling is applied
WARNING Exceeding Max Walkers per MPI rank : 1633. Ceiling is applied
WARNING Exceeding Max Walkers per MPI rank : 1633. Ceiling is applied
WARNING Exceeding Max Walkers per MPI rank : 1633. Ceiling is applied
WARNING Exceeding Max Walkers per MPI rank : 1633. Ceiling is applied
WARNING Exceeding Max Walkers per MPI rank : 1633. Ceiling is applied
WARNING Exceeding Max Walkers per MPI rank : 1633. Ceiling is applied
WARNING Exceeding Max Walkers per MPI rank : 1633. Ceiling is applied
WARNING Exceeding Max Walkers per MPI rank : 1633. Ceiling is applied
WARNING Exceeding Max Walkers per MPI rank : 1633. Ceiling is applied
WARNING Exceeding Max Walkers per MPI rank : 1633. Ceiling is applied
WARNING Exceeding Max Walkers per MPI rank : 1633. Ceiling is applied
WARNING Exceeding Max Walkers per MPI rank : 1633. Ceiling is applied
WARNING Exceeding Max Walkers per MPI rank : 1633. Ceiling is applied
WARNING Exceeding Max Walkers per MPI rank : 1633. Ceiling is applied
WARNING Exceeding Max Walkers per MPI rank : 1633. Ceiling is applied
WARNING Exceeding Max Walkers per MPI rank : 1633. Ceiling is applied
WARNING Exceeding Max Walkers per MPI rank : 1633. Ceiling is applied
WARNING Exceeding Max Walkers per MPI rank : 1633. Ceiling is applied
WARNING Exceeding Max Walkers per MPI rank : 1633. Ceiling is applied
WARNING Exceeding Max Walkers per MPI rank : 1633. Ceiling is applied
WARNING Exceeding Max Walkers per MPI rank : 1633. Ceiling is applied
WARNING Exceeding Max Walkers per MPI rank : 1633. Ceiling is applied
WARNING Exceeding Max Walkers per MPI rank : 1633. Ceiling is applied
WARNING Exceeding Max Walkers per MPI rank : 1633. Ceiling is applied
WARNING Exceeding Max Walkers per MPI rank : 1633. Ceiling is applied
WARNING Exceeding Max Walkers per MPI rank : 1633. Ceiling is applied
WARNING Exceeding Max Walkers per MPI rank : 1633. Ceiling is applied
WARNING Exceeding Max Walkers per MPI rank : 1633. Ceiling is applied
WARNING Exceeding Max Walkers per MPI rank : 1633. Ceiling is applied
WARNING Exceeding Max Walkers per MPI rank : 1633. Ceiling is applied
WARNING Exceeding Max Walkers per MPI rank : 1633. Ceiling is applied
WARNING Exceeding Max Walkers per MPI rank : 1633. Ceiling is applied
WARNING Exceeding Max Walkers per MPI rank : 1633. Ceiling is applied
WARNING Exceeding Max Walkers per MPI rank : 1633. Ceiling is applied
WARNING Exceeding Max Walkers per MPI rank : 1633. Ceiling is applied
WARNING Exceeding Max Walkers per MPI rank : 1633. Ceiling is applied
WARNING Exceeding Max Walkers per MPI rank : 1633. Ceiling is applied
WARNING Exceeding Max Walkers per MPI rank : 1633. Ceiling is applied
WARNING Exceeding Max Walkers per MPI rank : 1633. Ceiling is applied
WARNING Exceeding Max Walkers per MPI rank : 1633. Ceiling is applied
WARNING Exceeding Max Walkers per MPI rank : 1633. Ceiling is applied
WARNING Exceeding Max Walkers per MPI rank : 1633. Ceiling is applied
WARNING Exceeding Max Walkers per MPI rank : 1633. Ceiling is applied
WARNING Exceeding Max Walkers per MPI rank : 1633. Ceiling is applied
WARNING Exceeding Max Walkers per MPI rank : 1633. Ceiling is applied
WARNING Exceeding Max Walkers per MPI rank : 1633. Ceiling is applied
WARNING Exceeding Max Walkers per MPI rank : 1633. Ceiling is applied
WARNING Exceeding Max Walkers per MPI rank : 1633. Ceiling is applied
WARNING Exceeding Max Walkers per MPI rank : 1633. Ceiling is applied
WARNING Exceeding Max Walkers per MPI rank : 1633. Ceiling is applied
WARNING Exceeding Max Walkers per MPI rank : 1633. Ceiling is applied
WARNING Exceeding Max Walkers per MPI rank : 1633. Ceiling is applied
WARNING Exceeding Max Walkers per MPI rank : 1633. Ceiling is applied
WARNING Exceeding Max Walkers per MPI rank : 1633. Ceiling is applied
WARNING Exceeding Max Walkers per MPI rank : 1633. Ceiling is applied
WARNING Exceeding Max Walkers per MPI rank : 1633. Ceiling is applied
WARNING Exceeding Max Walkers per MPI rank : 1633. Ceiling is applied
WARNING Exceeding Max Walkers per MPI rank : 1633. Ceiling is applied
WARNING Exceeding Max Walkers per MPI rank : 1633. Ceiling is applied
WARNING Exceeding Max Walkers per MPI rank : 1633. Ceiling is applied
WARNING Exceeding Max Walkers per MPI rank : 1633. Ceiling is applied
WARNING Exceeding Max Walkers per MPI rank : 1633. Ceiling is applied
WARNING Exceeding Max Walkers per MPI rank : 1633. Ceiling is applied
WARNING Exceeding Max Walkers per MPI rank : 1633. Ceiling is applied
WARNING Exceeding Max Walkers per MPI rank : 1633. Ceiling is applied
WARNING Exceeding Max Walkers per MPI rank : 1633. Ceiling is applied
WARNING Exceeding Max Walkers per MPI rank : 1633. Ceiling is applied
WARNING Exceeding Max Walkers per MPI rank : 1633. Ceiling is applied
WARNING Exceeding Max Walkers per MPI rank : 1633. Ceiling is applied
WARNING Exceeding Max Walkers per MPI rank : 1633. Ceiling is applied
WARNING Exceeding Max Walkers per MPI rank : 1633. Ceiling is applied
WARNING Exceeding Max Walkers per MPI rank : 1633. Ceiling is applied
WARNING Exceeding Max Walkers per MPI rank : 1633. Ceiling is applied
WARNING Exceeding Max Walkers per MPI rank : 1633. Ceiling is applied
WARNING Exceeding Max Walkers per MPI rank : 1633. Ceiling is applied
WARNING Exceeding Max Walkers per MPI rank : 1633. Ceiling is applied
WARNING Exceeding Max Walkers per MPI rank : 1633. Ceiling is applied
WARNING Exceeding Max Walkers per MPI rank : 1633. Ceiling is applied
WARNING Exceeding Max Walkers per MPI rank : 1633. Ceiling is applied
WARNING Exceeding Max Walkers per MPI rank : 1633. Ceiling is applied
WARNING Exceeding Max Walkers per MPI rank : 1633. Ceiling is applied
WARNING Exceeding Max Walkers per MPI rank : 1633. Ceiling is applied
WARNING Exceeding Max Walkers per MPI rank : 1633. Ceiling is applied
WARNING Exceeding Max Walkers per MPI rank : 1633. Ceiling is applied
WARNING Exceeding Max Walkers per MPI rank : 1633. Ceiling is applied
WARNING Exceeding Max Walkers per MPI rank : 1633. Ceiling is applied
WARNING Exceeding Max Walkers per MPI rank : 1633. Ceiling is applied
WARNING Exceeding Max Walkers per MPI rank : 1633. Ceiling is applied
WARNING Exceeding Max Walkers per MPI rank : 1633. Ceiling is applied
WARNING Exceeding Max Walkers per MPI rank : 1633. Ceiling is applied
WARNING Exceeding Max Walkers per MPI rank : 1633. Ceiling is applied
WARNING Exceeding Max Walkers per MPI rank : 1633. Ceiling is applied
WARNING Exceeding Max Walkers per MPI rank : 1633. Ceiling is applied
WARNING Exceeding Max Walkers per MPI rank : 1633. Ceiling is applied
WARNING Exceeding Max Walkers per MPI rank : 1633. Ceiling is applied
WARNING Exceeding Max Walkers per MPI rank : 1633. Ceiling is applied
WARNING Exceeding Max Walkers per MPI rank : 1633. Ceiling is applied
WARNING Exceeding Max Walkers per MPI rank : 1633. Ceiling is applied
WARNING Exceeding Max Walkers per MPI rank : 1633. Ceiling is applied
WARNING Exceeding Max Walkers per MPI rank : 1633. Ceiling is applied
WARNING Exceeding Max Walkers per MPI rank : 1633. Ceiling is applied
WARNING Exceeding Max Walkers per MPI rank : 1633. Ceiling is applied
WARNING Exceeding Max Walkers per MPI rank : 1633. Ceiling is applied
WARNING Exceeding Max Walkers per MPI rank : 1633. Ceiling is applied
WARNING Exceeding Max Walkers per MPI rank : 1633. Ceiling is applied
WARNING Exceeding Max Walkers per MPI rank : 1633. Ceiling is applied
WARNING Exceeding Max Walkers per MPI rank : 1633. Ceiling is applied
WARNING Exceeding Max Walkers per MPI rank : 1633. Ceiling is applied
WARNING Exceeding Max Walkers per MPI rank : 1633. Ceiling is applied
WARNING Exceeding Max Walkers per MPI rank : 1633. Ceiling is applied
WARNING Exceeding Max Walkers per MPI rank : 1633. Ceiling is applied
WARNING Exceeding Max Walkers per MPI rank : 1633. Ceiling is applied
WARNING Exceeding Max Walkers per MPI rank : 1633. Ceiling is applied
WARNING Exceeding Max Walkers per MPI rank : 1633. Ceiling is applied
WARNING Exceeding Max Walkers per MPI rank : 1633. Ceiling is applied
WARNING Exceeding Max Walkers per MPI rank : 1633. Ceiling is applied
WARNING Exceeding Max Walkers per MPI rank : 1633. Ceiling is applied
WARNING Exceeding Max Walkers per MPI rank : 1633. Ceiling is applied
WARNING Exceeding Max Walkers per MPI rank : 1633. Ceiling is applied
WARNING Exceeding Max Walkers per MPI rank : 1633. Ceiling is applied
WARNING Exceeding Max Walkers per MPI rank : 1633. Ceiling is applied
WARNING Exceeding Max Walkers per MPI rank : 1633. Ceiling is applied
WARNING Exceeding Max Walkers per MPI rank : 1633. Ceiling is applied
WARNING Exceeding Max Walkers per MPI rank : 1633. Ceiling is applied
WARNING Exceeding Max Walkers per MPI rank : 1633. Ceiling is applied
WARNING Exceeding Max Walkers per MPI rank : 1633. Ceiling is applied
WARNING Exceeding Max Walkers per MPI rank : 1633. Ceiling is applied
WARNING Exceeding Max Walkers per MPI rank : 1633. Ceiling is applied
WARNING Exceeding Max Walkers per MPI rank : 1633. Ceiling is applied
WARNING Exceeding Max Walkers per MPI rank : 1633. Ceiling is applied
WARNING Exceeding Max Walkers per MPI rank : 1633. Ceiling is applied
WARNING Exceeding Max Walkers per MPI rank : 1633. Ceiling is applied
WARNING Exceeding Max Walkers per MPI rank : 1633. Ceiling is applied
WARNING Exceeding Max Walkers per MPI rank : 1633. Ceiling is applied
WARNING Exceeding Max Walkers per MPI rank : 1633. Ceiling is applied
WARNING Exceeding Max Walkers per MPI rank : 1633. Ceiling is applied
WARNING Exceeding Max Walkers per MPI rank : 1633. Ceiling is applied
WARNING Exceeding Max Walkers per MPI rank : 1633. Ceiling is applied
WARNING Exceeding Max Walkers per MPI rank : 1633. Ceiling is applied
WARNING Exceeding Max Walkers per MPI rank : 1633. Ceiling is applied
WARNING Exceeding Max Walkers per MPI rank : 1633. Ceiling is applied
WARNING Exceeding Max Walkers per MPI rank : 1633. Ceiling is applied
WARNING Exceeding Max Walkers per MPI rank : 1633. Ceiling is applied
WARNING Exceeding Max Walkers per MPI rank : 1633. Ceiling is applied
WARNING Exceeding Max Walkers per MPI rank : 1633. Ceiling is applied
WARNING Exceeding Max Walkers per MPI rank : 1633. Ceiling is applied
WARNING Exceeding Max Walkers per MPI rank : 1633. Ceiling is applied
WARNING Exceeding Max Walkers per MPI rank : 1633. Ceiling is applied
WARNING Exceeding Max Walkers per MPI rank : 1633. Ceiling is applied
WARNING Exceeding Max Walkers per MPI rank : 1633. Ceiling is applied
WARNING Exceeding Max Walkers per MPI rank : 1633. Ceiling is applied
WARNING Exceeding Max Walkers per MPI rank : 1633. Ceiling is applied
WARNING Exceeding Max Walkers per MPI rank : 1633. Ceiling is applied
WARNING Exceeding Max Walkers per MPI rank : 1633. Ceiling is applied
WARNING Exceeding Max Walkers per MPI rank : 1633. Ceiling is applied
WARNING Exceeding Max Walkers per MPI rank : 1633. Ceiling is applied
WARNING Exceeding Max Walkers per MPI rank : 1633. Ceiling is applied
WARNING Exceeding Max Walkers per MPI rank : 1633. Ceiling is applied
WARNING Exceeding Max Walkers per MPI rank : 1633. Ceiling is applied
WARNING Exceeding Max Walkers per MPI rank : 1633. Ceiling is applied
WARNING Exceeding Max Walkers per MPI rank : 1633. Ceiling is applied
WARNING Exceeding Max Walkers per MPI rank : 1633. Ceiling is applied
WARNING Exceeding Max Walkers per MPI rank : 1633. Ceiling is applied
WARNING Exceeding Max Walkers per MPI rank : 1633. Ceiling is applied
WARNING Exceeding Max Walkers per MPI rank : 1633. Ceiling is applied
WARNING Exceeding Max Walkers per MPI rank : 1633. Ceiling is applied
WARNING Exceeding Max Walkers per MPI rank : 1633. Ceiling is applied
WARNING Exceeding Max Walkers per MPI rank : 1633. Ceiling is applied
WARNING Exceeding Max Walkers per MPI rank : 1633. Ceiling is applied
WARNING Exceeding Max Walkers per MPI rank : 1633. Ceiling is applied
WARNING Exceeding Max Walkers per MPI rank : 1633. Ceiling is applied
WARNING Exceeding Max Walkers per MPI rank : 1633. Ceiling is applied
WARNING Exceeding Max Walkers per MPI rank : 1633. Ceiling is applied
WARNING Exceeding Max Walkers per MPI rank : 1633. Ceiling is applied
WARNING Exceeding Max Walkers per MPI rank : 1633. Ceiling is applied
WARNING Exceeding Max Walkers per MPI rank : 1633. Ceiling is applied
WARNING Exceeding Max Walkers per MPI rank : 1633. Ceiling is applied
WARNING Exceeding Max Walkers per MPI rank : 1633. Ceiling is applied
WARNING Exceeding Max Walkers per MPI rank : 1633. Ceiling is applied
WARNING Exceeding Max Walkers per MPI rank : 1633. Ceiling is applied
WARNING Exceeding Max Walkers per MPI rank : 1633. Ceiling is applied
WARNING Exceeding Max Walkers per MPI rank : 1633. Ceiling is applied
WARNING Exceeding Max Walkers per MPI rank : 1633. Ceiling is applied
WARNING Exceeding Max Walkers per MPI rank : 1633. Ceiling is applied
WARNING Exceeding Max Walkers per MPI rank : 1633. Ceiling is applied
WARNING Exceeding Max Walkers per MPI rank : 1633. Ceiling is applied
WARNING Exceeding Max Walkers per MPI rank : 1633. Ceiling is applied
WARNING Exceeding Max Walkers per MPI rank : 1633. Ceiling is applied
WARNING Exceeding Max Walkers per MPI rank : 1633. Ceiling is applied
WARNING Exceeding Max Walkers per MPI rank : 1633. Ceiling is applied
WARNING Exceeding Max Walkers per MPI rank : 1633. Ceiling is applied
WARNING Exceeding Max Walkers per MPI rank : 1633. Ceiling is applied
WARNING Exceeding Max Walkers per MPI rank : 1633. Ceiling is applied
WARNING Exceeding Max Walkers per MPI rank : 1633. Ceiling is applied
WARNING Exceeding Max Walkers per MPI rank : 1633. Ceiling is applied
WARNING Exceeding Max Walkers per MPI rank : 1633. Ceiling is applied
WARNING Exceeding Max Walkers per MPI rank : 1633. Ceiling is applied
WARNING Exceeding Max Walkers per MPI rank : 1633. Ceiling is applied
WARNING Exceeding Max Walkers per MPI rank : 1633. Ceiling is applied
WARNING Exceeding Max Walkers per MPI rank : 1633. Ceiling is applied
WARNING Exceeding Max Walkers per MPI rank : 1633. Ceiling is applied
WARNING Exceeding Max Walkers per MPI rank : 1633. Ceiling is applied
WARNING Exceeding Max Walkers per MPI rank : 1633. Ceiling is applied
WARNING Exceeding Max Walkers per MPI rank : 1633. Ceiling is applied
WARNING Exceeding Max Walkers per MPI rank : 1633. Ceiling is applied
WARNING Exceeding Max Walkers per MPI rank : 1633. Ceiling is applied
WARNING Exceeding Max Walkers per MPI rank : 1633. Ceiling is applied
WARNING Exceeding Max Walkers per MPI rank : 1633. Ceiling is applied
WARNING Exceeding Max Walkers per MPI rank : 1633. Ceiling is applied
WARNING Exceeding Max Walkers per MPI rank : 1633. Ceiling is applied
WARNING Exceeding Max Walkers per MPI rank : 1633. Ceiling is applied
WARNING Exceeding Max Walkers per MPI rank : 1633. Ceiling is applied
WARNING Exceeding Max Walkers per MPI rank : 1633. Ceiling is applied
WARNING Exceeding Max Walkers per MPI rank : 1633. Ceiling is applied
WARNING Exceeding Max Walkers per MPI rank : 1633. Ceiling is applied
WARNING Exceeding Max Walkers per MPI rank : 1633. Ceiling is applied
WARNING Exceeding Max Walkers per MPI rank : 1633. Ceiling is applied
WARNING Exceeding Max Walkers per MPI rank : 1633. Ceiling is applied
WARNING Exceeding Max Walkers per MPI rank : 1633. Ceiling is applied
WARNING Exceeding Max Walkers per MPI rank : 1633. Ceiling is applied
WARNING Exceeding Max Walkers per MPI rank : 1633. Ceiling is applied
WARNING Exceeding Max Walkers per MPI rank : 1633. Ceiling is applied
WARNING Exceeding Max Walkers per MPI rank : 1633. Ceiling is applied
WARNING Exceeding Max Walkers per MPI rank : 1633. Ceiling is applied
WARNING Exceeding Max Walkers per MPI rank : 1633. Ceiling is applied
WARNING Exceeding Max Walkers per MPI rank : 1633. Ceiling is applied
WARNING Exceeding Max Walkers per MPI rank : 1633. Ceiling is applied
WARNING Exceeding Max Walkers per MPI rank : 1633. Ceiling is applied
WARNING Exceeding Max Walkers per MPI rank : 1633. Ceiling is applied
WARNING Exceeding Max Walkers per MPI rank : 1633. Ceiling is applied
WARNING Exceeding Max Walkers per MPI rank : 1633. Ceiling is applied
WARNING Exceeding Max Walkers per MPI rank : 1633. Ceiling is applied
WARNING Exceeding Max Walkers per MPI rank : 1633. Ceiling is applied
WARNING Exceeding Max Walkers per MPI rank : 1633. Ceiling is applied
WARNING Exceeding Max Walkers per MPI rank : 1633. Ceiling is applied
WARNING Exceeding Max Walkers per MPI rank : 1633. Ceiling is applied
WARNING Exceeding Max Walkers per MPI rank : 1633. Ceiling is applied
WARNING Exceeding Max Walkers per MPI rank : 1633. Ceiling is applied
WARNING Exceeding Max Walkers per MPI rank : 1633. Ceiling is applied
WARNING Exceeding Max Walkers per MPI rank : 1633. Ceiling is applied
WARNING Exceeding Max Walkers per MPI rank : 1633. Ceiling is applied
WARNING Exceeding Max Walkers per MPI rank : 1633. Ceiling is applied
WARNING Exceeding Max Walkers per MPI rank : 1633. Ceiling is applied
WARNING Exceeding Max Walkers per MPI rank : 1633. Ceiling is applied
WARNING Exceeding Max Walkers per MPI rank : 1633. Ceiling is applied
WARNING Exceeding Max Walkers per MPI rank : 1633. Ceiling is applied
WARNING Exceeding Max Walkers per MPI rank : 1633. Ceiling is applied
WARNING Exceeding Max Walkers per MPI rank : 1633. Ceiling is applied
WARNING Exceeding Max Walkers per MPI rank : 1633. Ceiling is applied
WARNING Exceeding Max Walkers per MPI rank : 1633. Ceiling is applied
WARNING Exceeding Max Walkers per MPI rank : 1633. Ceiling is applied
WARNING Exceeding Max Walkers per MPI rank : 1633. Ceiling is applied
WARNING Exceeding Max Walkers per MPI rank : 1633. Ceiling is applied
WARNING Exceeding Max Walkers per MPI rank : 1633. Ceiling is applied
WARNING Exceeding Max Walkers per MPI rank : 1633. Ceiling is applied
WARNING Exceeding Max Walkers per MPI rank : 1633. Ceiling is applied
WARNING Exceeding Max Walkers per MPI rank : 1633. Ceiling is applied
WARNING Exceeding Max Walkers per MPI rank : 1633. Ceiling is applied
WARNING Exceeding Max Walkers per MPI rank : 1633. Ceiling is applied
WARNING Exceeding Max Walkers per MPI rank : 1633. Ceiling is applied
WARNING Exceeding Max Walkers per MPI rank : 1633. Ceiling is applied
WARNING Exceeding Max Walkers per MPI rank : 1633. Ceiling is applied
WARNING Exceeding Max Walkers per MPI rank : 1633. Ceiling is applied
WARNING Exceeding Max Walkers per MPI rank : 1633. Ceiling is applied
WARNING Exceeding Max Walkers per MPI rank : 1633. Ceiling is applied
WARNING Exceeding Max Walkers per MPI rank : 1633. Ceiling is applied
WARNING Exceeding Max Walkers per MPI rank : 1633. Ceiling is applied
WARNING Exceeding Max Walkers per MPI rank : 1633. Ceiling is applied
WARNING Exceeding Max Walkers per MPI rank : 1633. Ceiling is applied
WARNING Exceeding Max Walkers per MPI rank : 1633. Ceiling is applied
WARNING Exceeding Max Walkers per MPI rank : 1633. Ceiling is applied
WARNING Exceeding Max Walkers per MPI rank : 1633. Ceiling is applied
WARNING Exceeding Max Walkers per MPI rank : 1633. Ceiling is applied
WARNING Exceeding Max Walkers per MPI rank : 1633. Ceiling is applied
WARNING Exceeding Max Walkers per MPI rank : 1633. Ceiling is applied
WARNING Exceeding Max Walkers per MPI rank : 1633. Ceiling is applied
WARNING Exceeding Max Walkers per MPI rank : 1633. Ceiling is applied
WARNING Exceeding Max Walkers per MPI rank : 1633. Ceiling is applied
WARNING Exceeding Max Walkers per MPI rank : 1633. Ceiling is applied
WARNING Exceeding Max Walkers per MPI rank : 1633. Ceiling is applied
WARNING Exceeding Max Walkers per MPI rank : 1633. Ceiling is applied
WARNING Exceeding Max Walkers per MPI rank : 1633. Ceiling is applied
WARNING Exceeding Max Walkers per MPI rank : 1633. Ceiling is applied
WARNING Exceeding Max Walkers per MPI rank : 1633. Ceiling is applied
WARNING Exceeding Max Walkers per MPI rank : 1633. Ceiling is applied
WARNING Exceeding Max Walkers per MPI rank : 1633. Ceiling is applied
WARNING Exceeding Max Walkers per MPI rank : 1633. Ceiling is applied
WARNING Exceeding Max Walkers per MPI rank : 1633. Ceiling is applied
WARNING Exceeding Max Walkers per MPI rank : 1633. Ceiling is applied
WARNING Exceeding Max Walkers per MPI rank : 1633. Ceiling is applied
WARNING Exceeding Max Walkers per MPI rank : 1633. Ceiling is applied
WARNING Exceeding Max Walkers per MPI rank : 1633. Ceiling is applied
WARNING Exceeding Max Walkers per MPI rank : 1633. Ceiling is applied
WARNING Exceeding Max Walkers per MPI rank : 1633. Ceiling is applied
WARNING Exceeding Max Walkers per MPI rank : 1633. Ceiling is applied
WARNING Exceeding Max Walkers per MPI rank : 1633. Ceiling is applied
WARNING Exceeding Max Walkers per MPI rank : 1633. Ceiling is applied
WARNING Exceeding Max Walkers per MPI rank : 1633. Ceiling is applied
WARNING Exceeding Max Walkers per MPI rank : 1633. Ceiling is applied
WARNING Exceeding Max Walkers per MPI rank : 1633. Ceiling is applied
WARNING Exceeding Max Walkers per MPI rank : 1633. Ceiling is applied
WARNING Exceeding Max Walkers per MPI rank : 1633. Ceiling is applied
WARNING Exceeding Max Walkers per MPI rank : 1633. Ceiling is applied
WARNING Exceeding Max Walkers per MPI rank : 1633. Ceiling is applied
WARNING Exceeding Max Walkers per MPI rank : 1633. Ceiling is applied
WARNING Exceeding Max Walkers per MPI rank : 1633. Ceiling is applied
WARNING Exceeding Max Walkers per MPI rank : 1633. Ceiling is applied
WARNING Exceeding Max Walkers per MPI rank : 1633. Ceiling is applied
WARNING Exceeding Max Walkers per MPI rank : 1633. Ceiling is applied
WARNING Exceeding Max Walkers per MPI rank : 1633. Ceiling is applied
WARNING Exceeding Max Walkers per MPI rank : 1633. Ceiling is applied
WARNING Exceeding Max Walkers per MPI rank : 1633. Ceiling is applied
WARNING Exceeding Max Walkers per MPI rank : 1633. Ceiling is applied
WARNING Exceeding Max Walkers per MPI rank : 1633. Ceiling is applied
WARNING Exceeding Max Walkers per MPI rank : 1633. Ceiling is applied
WARNING Exceeding Max Walkers per MPI rank : 1633. Ceiling is applied
WARNING Exceeding Max Walkers per MPI rank : 1633. Ceiling is applied
WARNING Exceeding Max Walkers per MPI rank : 1633. Ceiling is applied
WARNING Exceeding Max Walkers per MPI rank : 1633. Ceiling is applied
WARNING Exceeding Max Walkers per MPI rank : 1633. Ceiling is applied
WARNING Exceeding Max Walkers per MPI rank : 1633. Ceiling is applied
WARNING Exceeding Max Walkers per MPI rank : 1633. Ceiling is applied
WARNING Exceeding Max Walkers per MPI rank : 1633. Ceiling is applied
WARNING Exceeding Max Walkers per MPI rank : 1633. Ceiling is applied
WARNING Exceeding Max Walkers per MPI rank : 1633. Ceiling is applied
WARNING Exceeding Max Walkers per MPI rank : 1633. Ceiling is applied
WARNING Exceeding Max Walkers per MPI rank : 1633. Ceiling is applied
WARNING Exceeding Max Walkers per MPI rank : 1633. Ceiling is applied
WARNING Exceeding Max Walkers per MPI rank : 1633. Ceiling is applied
WARNING Exceeding Max Walkers per MPI rank : 1633. Ceiling is applied
slurmstepd: error: *** STEP 45659947.0 ON nid02516 CANCELLED AT 2021-08-15T23:06:23 DUE TO TIME LIMIT ***
srun: Job step aborted: Waiting up to 32 seconds for job step to finish.
srun: got SIGCONT
srun: forcing job termination
