Currently Loaded Modulefiles:
  1) modules/3.2.11.4
  2) altd/2.0
  3) darshan/3.1.7
  4) craype-network-aries
  5) intel/19.0.3.199
  6) craype/2.6.2
  7) udreg/2.3.2-7.0.1.1_3.41__g8175d3d.ari
  8) ugni/6.0.14.0-7.0.1.1_7.43__ge78e5b0.ari
  9) pmi/5.0.14
 10) dmapp/7.1.1-7.0.1.1_4.56__g38cf134.ari
 11) gni-headers/5.0.12.0-7.0.1.1_6.33__g3b1768f.ari
 12) xpmem/2.2.20-7.0.1.1_4.16__g0475745.ari
 13) job/2.2.4-7.0.1.1_3.43__g36b56f4.ari
 14) dvs/2.12_2.2.164-7.0.1.1_13.3__g354a5276
 15) alps/6.6.58-7.0.1.1_6.13__g437d88db.ari
 16) rca/2.2.20-7.0.1.1_4.56__g8e3fb5b.ari
 17) atp/2.1.3
 18) PrgEnv-intel/6.0.5
 19) craype-haswell
 20) cray-mpich/7.7.10
 21) craype-hugepages2M
 22) cray-hdf5/1.10.5.2
Rank =    0  Free Memory = 92041 MB
Rank =    4  Free Memory = 92719 MB
Rank =    5  Free Memory = 92719 MB
Rank =    6  Free Memory = 92719 MB
Rank =    8  Free Memory = 92508 MB
Rank =    7  Free Memory = 92719 MB
Rank =    9  Free Memory = 92508 MB
Rank =   12  Free Memory = 92513 MB
Rank =   10  Free Memory = 92508 MB
Rank =   16  Free Memory = 92701 MB
Rank =   13  Free Memory = 92513 MB
Rank =   20  Free Memory = 92815 MB
Rank =   11  Free Memory = 92508 MB
Rank =   17  Free Memory = 92701 MB
Rank =   14  Free Memory = 92513 MB
Rank =   21  Free Memory = 92815 MB
Rank =   24  Free Memory = 92786 MB
Rank =   18  Free Memory = 92701 MB
Rank =   15  Free Memory = 92513 MB
Rank =   22  Free Memory = 92815 MB
Rank =   25  Free Memory = 92786 MB
Rank =   28  Free Memory = 92503 MB
Rank =   19  Free Memory = 92701 MB
Rank =   32  Free Memory = 92854 MB
Rank =   23  Free Memory = 92815 MB
Rank =   26  Free Memory = 92786 MB
Rank =   29  Free Memory = 92503 MB
Rank =   33  Free Memory = 92854 MB
Rank =   36  Free Memory = 92579 MB
Rank =   27  Free Memory = 92786 MB
Rank =   30  Free Memory = 92503 MB
Rank =   34  Free Memory = 92854 MB
Rank =   37  Free Memory = 92579 MB
Rank =   31  Free Memory = 92503 MB
Rank =   40  Free Memory = 92267 MB
Rank =   35  Free Memory = 92854 MB
Rank =   38  Free Memory = 92579 MB
Rank =   39  Free Memory = 92579 MB
Rank =   44  Free Memory = 92385 MB
Rank =   45  Free Memory = 92385 MB
Rank =   46  Free Memory = 92385 MB
Rank =   48  Free Memory = 92713 MB
Rank =   47  Free Memory = 92385 MB
Rank =   49  Free Memory = 92713 MB
Rank =   52  Free Memory = 92612 MB
Rank =   50  Free Memory = 92713 MB
Rank =   53  Free Memory = 92612 MB
Rank =   51  Free Memory = 92713 MB
Rank =   56  Free Memory = 92755 MB
Rank =   57  Free Memory = 92755 MB
Rank =   60  Free Memory = 92577 MB
Rank =   58  Free Memory = 92755 MB
Rank =   61  Free Memory = 92577 MB
Rank =   59  Free Memory = 92755 MB
Rank =   64  Free Memory = 92705 MB
Rank =   62  Free Memory = 92577 MB
Rank =   63  Free Memory = 92577 MB
Rank =   68  Free Memory = 92733 MB
Rank =   69  Free Memory = 92733 MB
Rank =   70  Free Memory = 92733 MB
Rank =   71  Free Memory = 92733 MB
Rank =   54  Free Memory = 92612 MB
Rank =   72  Free Memory = 92286 MB
Rank =   55  Free Memory = 92612 MB
Rank =   73  Free Memory = 92286 MB
Rank =   76  Free Memory = 92919 MB
Rank =   74  Free Memory = 92286 MB
Rank =   77  Free Memory = 92919 MB
Rank =   75  Free Memory = 92286 MB
Rank =   78  Free Memory = 92919 MB
Rank =   79  Free Memory = 92919 MB
Rank =   80  Free Memory = 92757 MB
Rank =   81  Free Memory = 92757 MB
Rank =   84  Free Memory = 92824 MB
Rank =   82  Free Memory = 92757 MB
Rank =   88  Free Memory = 92775 MB
Rank =   83  Free Memory = 92757 MB
Rank =   89  Free Memory = 92775 MB
Rank =   90  Free Memory = 92775 MB
Rank =   92  Free Memory = 92703 MB
Rank =   91  Free Memory = 92775 MB
Rank =   93  Free Memory = 92703 MB
Rank =   94  Free Memory = 92703 MB
Rank =   96  Free Memory = 92808 MB
Rank =   95  Free Memory = 92703 MB
Rank =   97  Free Memory = 92808 MB
Rank =   98  Free Memory = 92808 MB
Rank =  100  Free Memory = 92572 MB
Rank =   99  Free Memory = 92808 MB
Rank =  101  Free Memory = 92572 MB
Rank =  104  Free Memory = 92812 MB
Rank =  102  Free Memory = 92572 MB
Rank =  108  Free Memory = 92813 MB
Rank =  105  Free Memory = 92812 MB
Rank =  103  Free Memory = 92572 MB
Rank =  109  Free Memory = 92813 MB
Rank =  106  Free Memory = 92812 MB
Rank =  112  Free Memory = 92811 MB
Rank =  110  Free Memory = 92813 MB
Rank =  107  Free Memory = 92812 MB
Rank =  113  Free Memory = 92811 MB
Rank =  111  Free Memory = 92813 MB
Rank =  114  Free Memory = 92811 MB
Rank =  116  Free Memory = 92639 MB
Rank =  115  Free Memory = 92811 MB
Rank =  117  Free Memory = 92639 MB
Rank =  120  Free Memory = 92839 MB
Rank =  118  Free Memory = 92639 MB
Rank =  119  Free Memory = 92639 MB
Rank =  124  Free Memory = 92600 MB
Rank =  125  Free Memory = 92600 MB
Rank =  128  Free Memory = 92879 MB
Rank =  126  Free Memory = 92600 MB
Rank =  129  Free Memory = 92879 MB
Rank =  127  Free Memory = 92600 MB
Rank =  130  Free Memory = 92879 MB
Rank =  132  Free Memory = 92592 MB
Rank =  131  Free Memory = 92878 MB
Rank =  133  Free Memory = 92592 MB
Rank =  136  Free Memory = 92910 MB
Rank =  134  Free Memory = 92592 MB
Rank =  137  Free Memory = 92910 MB
Rank =  135  Free Memory = 92592 MB
Rank =  140  Free Memory = 92538 MB
Rank =  138  Free Memory = 92910 MB
Rank =  141  Free Memory = 92538 MB
Rank =  144  Free Memory = 92894 MB
Rank =  139  Free Memory = 92910 MB
Rank =  142  Free Memory = 92538 MB
Rank =  145  Free Memory = 92894 MB
Rank =  143  Free Memory = 92538 MB
Rank =  146  Free Memory = 92894 MB
Rank =  121  Free Memory = 92839 MB
Rank =  148  Free Memory = 92886 MB
Rank =  147  Free Memory = 92894 MB
Rank =  152  Free Memory = 92895 MB
Rank =  122  Free Memory = 92839 MB
Rank =  149  Free Memory = 92886 MB
Rank =  153  Free Memory = 92895 MB
Rank =  123  Free Memory = 92839 MB
Rank =  150  Free Memory = 92886 MB
Rank =  154  Free Memory = 92895 MB
Rank =  151  Free Memory = 92886 MB
Rank =  155  Free Memory = 92894 MB
Rank =  156  Free Memory = 92780 MB
Rank =  157  Free Memory = 92780 MB
Rank =  158  Free Memory = 92780 MB
Rank =  159  Free Memory = 92780 MB
Rank =  160  Free Memory = 92693 MB
Rank =  161  Free Memory = 92693 MB
Rank =  164  Free Memory = 92651 MB
Rank =  162  Free Memory = 92693 MB
Rank =  165  Free Memory = 92651 MB
Rank =  163  Free Memory = 92693 MB
Rank =  166  Free Memory = 92651 MB
Rank =  167  Free Memory = 92651 MB
Rank =  168  Free Memory = 92677 MB
Rank =  169  Free Memory = 92677 MB
Rank =  172  Free Memory = 92910 MB
Rank =  170  Free Memory = 92677 MB
Rank =  173  Free Memory = 92910 MB
Rank =  171  Free Memory = 92677 MB
Rank =  174  Free Memory = 92910 MB
Rank =  176  Free Memory = 92864 MB
Rank =  180  Free Memory = 92814 MB
Rank =  175  Free Memory = 92910 MB
Rank =  177  Free Memory = 92864 MB
Rank =  181  Free Memory = 92814 MB
Rank =  178  Free Memory = 92864 MB
Rank =  182  Free Memory = 92814 MB
Rank =  179  Free Memory = 92864 MB
Rank =  184  Free Memory = 92701 MB
Rank =    1  Free Memory = 92041 MB
Rank =  183  Free Memory = 92814 MB
Rank =  185  Free Memory = 92701 MB
Rank =    2  Free Memory = 92041 MB
Rank =  188  Free Memory = 92941 MB
Rank =  186  Free Memory = 92701 MB
Rank =    3  Free Memory = 92041 MB
Rank =  189  Free Memory = 92941 MB
Rank =  187  Free Memory = 92701 MB
Rank =  190  Free Memory = 92941 MB
Rank =  192  Free Memory = 92825 MB
Rank =  191  Free Memory = 92941 MB
Rank =  193  Free Memory = 92825 MB
Rank =  196  Free Memory = 93331 MB
Rank =  194  Free Memory = 92825 MB
Rank =  197  Free Memory = 93331 MB
Rank =  195  Free Memory = 92825 MB
Rank =  198  Free Memory = 93331 MB
Rank =  200  Free Memory = 92795 MB
Rank =  199  Free Memory = 93331 MB
Rank =  201  Free Memory = 92795 MB
Rank =  202  Free Memory = 92795 MB
Rank =  204  Free Memory = 92543 MB
Rank =  203  Free Memory = 92795 MB
Rank =  205  Free Memory = 92543 MB
Rank =  208  Free Memory = 92706 MB
Rank =  206  Free Memory = 92543 MB
Rank =  212  Free Memory = 92515 MB
Rank =  207  Free Memory = 92543 MB
Rank =  213  Free Memory = 92515 MB
Rank =  214  Free Memory = 92515 MB
Rank =  216  Free Memory = 92579 MB
Rank =  215  Free Memory = 92515 MB
Rank =  217  Free Memory = 92579 MB
Rank =  220  Free Memory = 92778 MB
Rank =  218  Free Memory = 92579 MB
Rank =  221  Free Memory = 92778 MB
Rank =  219  Free Memory = 92579 MB
Rank =  222  Free Memory = 92778 MB
Rank =  224  Free Memory = 92812 MB
Rank =  223  Free Memory = 92778 MB
Rank =  225  Free Memory = 92812 MB
Rank =  226  Free Memory = 92812 MB
Rank =  228  Free Memory = 92803 MB
Rank =  209  Free Memory = 92706 MB
Rank =  227  Free Memory = 92812 MB
Rank =  229  Free Memory = 92803 MB
Rank =  210  Free Memory = 92706 MB
Rank =  230  Free Memory = 92803 MB
Rank =  211  Free Memory = 92706 MB
Rank =  231  Free Memory = 92803 MB
Rank =  232  Free Memory = 92820 MB
Rank =  252  Free Memory = 92558 MB
Rank =  244  Free Memory = 92644 MB
Rank =  248  Free Memory = 92775 MB
Rank =  236  Free Memory = 92721 MB
Rank =  240  Free Memory = 92745 MB
Rank =   41  Free Memory = 92267 MB
Rank =  233  Free Memory = 92820 MB
Rank =  253  Free Memory = 92558 MB
Rank =  249  Free Memory = 92775 MB
Rank =  237  Free Memory = 92721 MB
Rank =  241  Free Memory = 92745 MB
Rank =   42  Free Memory = 92267 MB
Rank =  234  Free Memory = 92820 MB
Rank =  254  Free Memory = 92558 MB
Rank =  245  Free Memory = 92644 MB
Rank =  250  Free Memory = 92775 MB
Rank =  238  Free Memory = 92721 MB
Rank =  242  Free Memory = 92745 MB
Rank =   43  Free Memory = 92267 MB
Rank =  235  Free Memory = 92820 MB
Rank =  255  Free Memory = 92558 MB
Rank =  246  Free Memory = 92644 MB
Rank =  251  Free Memory = 92775 MB
Rank =  239  Free Memory = 92721 MB
Rank =  243  Free Memory = 92745 MB
Rank =  247  Free Memory = 92644 MB
Rank =   65  Free Memory = 92705 MB
Rank =   66  Free Memory = 92705 MB
Rank =   67  Free Memory = 92705 MB
Rank =   85  Free Memory = 92824 MB
Rank =   86  Free Memory = 92824 MB
Rank =   87  Free Memory = 92824 MB
ERROR CostFunction-> Number of Effective Walkers is too small! 
  Number of effective walkers (samples) / total number of samples = 6.2004e-05
  User specified threshold minwalkers = 0.5
  If this message appears frequently. You might have to be cautious. 
  Find info about parameter "minwalkers" in the user manual!
slurmstepd: error: *** STEP 38993100.0 ON nid05404 CANCELLED AT 2021-02-09T17:52:36 DUE TO TIME LIMIT ***
srun: Job step aborted: Waiting up to 32 seconds for job step to finish.
srun: got SIGCONT
srun: forcing job termination
